/root/.local/lib/python3.10/site-packages/setuptools/_distutils/dist.py:270: UserWarning: Unknown distribution option: 'tests_require'
  warnings.warn(msg)
running egg_info
writing ../../build/listener/listener.egg-info/PKG-INFO
writing dependency_links to ../../build/listener/listener.egg-info/dependency_links.txt
writing entry points to ../../build/listener/listener.egg-info/entry_points.txt
writing requirements to ../../build/listener/listener.egg-info/requires.txt
writing top-level names to ../../build/listener/listener.egg-info/top_level.txt
reading manifest file '../../build/listener/listener.egg-info/SOURCES.txt'
writing manifest file '../../build/listener/listener.egg-info/SOURCES.txt'
running build
running build_py
copying listener/__init__.py -> /root/ros2_ws/build/listener/build/lib/listener
copying listener/listener_node.py -> /root/ros2_ws/build/listener/build/lib/listener
running install
running install_lib
running install_data
copying resource/listener -> /root/ros2_ws/install/listener/share/ament_index/resource_index/packages
copying package.xml -> /root/ros2_ws/install/listener/share/listener
running install_egg_info
removing '/root/ros2_ws/install/listener/lib/python3.10/site-packages/listener-0.0.0-py3.10.egg-info' (and everything under it)
Copying ../../build/listener/listener.egg-info to /root/ros2_ws/install/listener/lib/python3.10/site-packages/listener-0.0.0-py3.10.egg-info
running install_scripts
Installing listener script to /root/ros2_ws/install/listener/lib/listener
writing list of installed files to '/root/ros2_ws/build/listener/install.log'
