[1.199s] Invoking command in '/root/ros2_ws/src/my_turtle_controller': PYTHONPATH=/root/ros2_ws/build/my_turtle_controller/prefix_override:/usr/lib/python3/dist-packages/colcon_core/task/python/colcon_distutils_commands:/root/ros2_ws/install/my_turtle_controller/lib/python3.10/site-packages:${PYTHONPATH} /usr/bin/python3 -W ignore:setup.py install is deprecated -W ignore:easy_install command is deprecated setup.py egg_info --egg-base ../../build/my_turtle_controller build --build-base /root/ros2_ws/build/my_turtle_controller/build install --record /root/ros2_ws/build/my_turtle_controller/install.log --single-version-externally-managed install_data
[1.332s] /root/.local/lib/python3.10/site-packages/setuptools/_distutils/dist.py:270: UserWarning: Unknown distribution option: 'tests_require'
[1.332s]   warnings.warn(msg)
[1.419s] running egg_info
[1.433s] writing ../../build/my_turtle_controller/my_turtle_controller.egg-info/PKG-INFO
[1.434s] writing dependency_links to ../../build/my_turtle_controller/my_turtle_controller.egg-info/dependency_links.txt
[1.434s] writing entry points to ../../build/my_turtle_controller/my_turtle_controller.egg-info/entry_points.txt
[1.434s] writing requirements to ../../build/my_turtle_controller/my_turtle_controller.egg-info/requires.txt
[1.434s] writing top-level names to ../../build/my_turtle_controller/my_turtle_controller.egg-info/top_level.txt
[1.464s] reading manifest file '../../build/my_turtle_controller/my_turtle_controller.egg-info/SOURCES.txt'
[1.466s] writing manifest file '../../build/my_turtle_controller/my_turtle_controller.egg-info/SOURCES.txt'
[1.466s] running build
[1.466s] running build_py
[1.467s] copying my_turtle_controller/__init__.py -> /root/ros2_ws/build/my_turtle_controller/build/lib/my_turtle_controller
[1.467s] copying my_turtle_controller/turtle_mover.py -> /root/ros2_ws/build/my_turtle_controller/build/lib/my_turtle_controller
[1.467s] copying my_turtle_controller/turtle_figure8.py -> /root/ros2_ws/build/my_turtle_controller/build/lib/my_turtle_controller
[1.468s] copying my_turtle_controller/turtle_pose_follower.py -> /root/ros2_ws/build/my_turtle_controller/build/lib/my_turtle_controller
[1.468s] running install
[1.472s] running install_lib
[1.487s] copying /root/ros2_ws/build/my_turtle_controller/build/lib/my_turtle_controller/turtle_pose_follower.py -> /root/ros2_ws/install/my_turtle_controller/lib/python3.10/site-packages/my_turtle_controller
[1.488s] byte-compiling /root/ros2_ws/install/my_turtle_controller/lib/python3.10/site-packages/my_turtle_controller/turtle_pose_follower.py to turtle_pose_follower.cpython-310.pyc
[1.489s] running install_data
[1.489s] copying resource/my_turtle_controller -> /root/ros2_ws/install/my_turtle_controller/share/ament_index/resource_index/packages
[1.489s] copying package.xml -> /root/ros2_ws/install/my_turtle_controller/share/my_turtle_controller
[1.489s] running install_egg_info
[1.505s] removing '/root/ros2_ws/install/my_turtle_controller/lib/python3.10/site-packages/my_turtle_controller-0.0.0-py3.10.egg-info' (and everything under it)
[1.505s] Copying ../../build/my_turtle_controller/my_turtle_controller.egg-info to /root/ros2_ws/install/my_turtle_controller/lib/python3.10/site-packages/my_turtle_controller-0.0.0-py3.10.egg-info
[1.507s] running install_scripts
[1.623s] Installing turtal_mover script to /root/ros2_ws/install/my_turtle_controller/lib/my_turtle_controller
[1.623s] Installing turtale_figure8 script to /root/ros2_ws/install/my_turtle_controller/lib/my_turtle_controller
[1.623s] Installing turtale_pose_follower script to /root/ros2_ws/install/my_turtle_controller/lib/my_turtle_controller
[1.624s] writing list of installed files to '/root/ros2_ws/build/my_turtle_controller/install.log'
[1.659s] Invoked command in '/root/ros2_ws/src/my_turtle_controller' returned '0': PYTHONPATH=/root/ros2_ws/build/my_turtle_controller/prefix_override:/usr/lib/python3/dist-packages/colcon_core/task/python/colcon_distutils_commands:/root/ros2_ws/install/my_turtle_controller/lib/python3.10/site-packages:${PYTHONPATH} /usr/bin/python3 -W ignore:setup.py install is deprecated -W ignore:easy_install command is deprecated setup.py egg_info --egg-base ../../build/my_turtle_controller build --build-base /root/ros2_ws/build/my_turtle_controller/build install --record /root/ros2_ws/build/my_turtle_controller/install.log --single-version-externally-managed install_data
