[0.297s] Invoking command in '/root/ros2_ws/build/my_action_interface': CMAKE_PREFIX_PATH=${CMAKE_PREFIX_PATH}:/root/ros2_ws/install/talker:/root/ros2_ws/install/my_turtle_controller:/root/ros2_ws/install/my_service_server:/root/ros2_ws/install/my_service_client:/root/ros2_ws/install/my_calculate_action:/root/ros2_ws/install/listener:/opt/ros/iron /usr/bin/cmake --build /root/ros2_ws/build/my_action_interface -- -j12 -l12
[1.019s] [  2%] Built target my_action_interface__rosidl_generator_type_description
[1.019s] [35m[1mConsolidate compiler generated dependencies of target my_action_interface__rosidl_generator_c[0m
[1.020s] [  2%] Built target ament_cmake_python_copy_my_action_interface
[1.020s] [  5%] Built target my_action_interface__cpp
[1.020s] [ 20%] Built target my_action_interface__rosidl_generator_c
[1.020s] [35m[1mConsolidate compiler generated dependencies of target my_action_interface__rosidl_typesupport_cpp[0m
[1.020s] [35m[1mConsolidate compiler generated dependencies of target my_action_interface__rosidl_typesupport_introspection_c[0m
[1.020s] [35m[1mConsolidate compiler generated dependencies of target my_action_interface__rosidl_typesupport_fastrtps_c[0m
[1.020s] [35m[1mConsolidate compiler generated dependencies of target my_action_interface__rosidl_typesupport_introspection_cpp[0m
[1.020s] [35m[1mConsolidate compiler generated dependencies of target my_action_interface__rosidl_typesupport_c[0m
[1.021s] [35m[1mConsolidate compiler generated dependencies of target my_action_interface__rosidl_typesupport_fastrtps_cpp[0m
[1.021s] [ 29%] Built target my_action_interface__rosidl_typesupport_introspection_c
[1.021s] [ 38%] Built target my_action_interface__rosidl_typesupport_introspection_cpp
[1.021s] [ 61%] Built target my_action_interface__rosidl_typesupport_c
[1.022s] [ 61%] Built target my_action_interface__rosidl_typesupport_cpp
[1.022s] [ 64%] Built target my_action_interface__rosidl_typesupport_fastrtps_c
[1.023s] [ 73%] Built target my_action_interface__rosidl_typesupport_fastrtps_cpp
[1.023s] [ 73%] Built target my_action_interface
[1.023s] [ 76%] Built target my_action_interface__py
[1.024s] [35m[1mConsolidate compiler generated dependencies of target my_action_interface__rosidl_generator_py[0m
[1.024s] [ 82%] Built target my_action_interface__rosidl_generator_py
[1.024s] [35m[1mConsolidate compiler generated dependencies of target my_action_interface__rosidl_typesupport_fastrtps_c__pyext[0m
[1.024s] [35m[1mConsolidate compiler generated dependencies of target my_action_interface__rosidl_typesupport_c__pyext[0m
[1.025s] [35m[1mConsolidate compiler generated dependencies of target my_action_interface__rosidl_typesupport_introspection_c__pyext[0m
[1.025s] [ 94%] [32m[1mLinking C shared library rosidl_generator_py/my_action_interface/my_action_interface_s__rosidl_typesupport_fastrtps_c.cpython-310-x86_64-linux-gnu.so[0m
[1.026s] [ 97%] Built target my_action_interface__rosidl_typesupport_introspection_c__pyext
[1.026s] [ 97%] Built target my_action_interface__rosidl_typesupport_c__pyext
[1.026s] running egg_info
[1.026s] writing my_action_interface.egg-info/PKG-INFO
[1.026s] writing dependency_links to my_action_interface.egg-info/dependency_links.txt
[1.026s] writing top-level names to my_action_interface.egg-info/top_level.txt
[1.026s] reading manifest file 'my_action_interface.egg-info/SOURCES.txt'
[1.026s] writing manifest file 'my_action_interface.egg-info/SOURCES.txt'
[1.027s] [100%] Built target my_action_interface__rosidl_typesupport_fastrtps_c__pyext
[1.027s] [100%] Built target ament_cmake_python_build_my_action_interface_egg
[1.031s] Invoked command in '/root/ros2_ws/build/my_action_interface' returned '0': CMAKE_PREFIX_PATH=${CMAKE_PREFIX_PATH}:/root/ros2_ws/install/talker:/root/ros2_ws/install/my_turtle_controller:/root/ros2_ws/install/my_service_server:/root/ros2_ws/install/my_service_client:/root/ros2_ws/install/my_calculate_action:/root/ros2_ws/install/listener:/opt/ros/iron /usr/bin/cmake --build /root/ros2_ws/build/my_action_interface -- -j12 -l12
[1.040s] Invoking command in '/root/ros2_ws/build/my_action_interface': CMAKE_PREFIX_PATH=${CMAKE_PREFIX_PATH}:/root/ros2_ws/install/talker:/root/ros2_ws/install/my_turtle_controller:/root/ros2_ws/install/my_service_server:/root/ros2_ws/install/my_service_client:/root/ros2_ws/install/my_calculate_action:/root/ros2_ws/install/listener:/opt/ros/iron /usr/bin/cmake --install /root/ros2_ws/build/my_action_interface
[1.055s] -- Install configuration: ""
[1.055s] -- Up-to-date: /root/ros2_ws/install/my_action_interface/share/ament_index/resource_index/rosidl_interfaces/my_action_interface
[1.055s] -- Up-to-date: /root/ros2_ws/install/my_action_interface/share/my_action_interface/action/SummCalculate.json
[1.055s] -- Up-to-date: /root/ros2_ws/install/my_action_interface/include/my_action_interface/my_action_interface
[1.055s] -- Up-to-date: /root/ros2_ws/install/my_action_interface/include/my_action_interface/my_action_interface/msg
[1.056s] -- Up-to-date: /root/ros2_ws/install/my_action_interface/include/my_action_interface/my_action_interface/msg/rosidl_generator_c__visibility_control.h
[1.056s] -- Up-to-date: /root/ros2_ws/install/my_action_interface/include/my_action_interface/my_action_interface/action
[1.056s] -- Up-to-date: /root/ros2_ws/install/my_action_interface/include/my_action_interface/my_action_interface/action/summ_calculate.h
[1.056s] -- Up-to-date: /root/ros2_ws/install/my_action_interface/include/my_action_interface/my_action_interface/action/detail
[1.056s] -- Up-to-date: /root/ros2_ws/install/my_action_interface/include/my_action_interface/my_action_interface/action/detail/summ_calculate__type_support.h
[1.056s] -- Up-to-date: /root/ros2_ws/install/my_action_interface/include/my_action_interface/my_action_interface/action/detail/summ_calculate__description.c
[1.057s] -- Up-to-date: /root/ros2_ws/install/my_action_interface/include/my_action_interface/my_action_interface/action/detail/summ_calculate__functions.c
[1.057s] -- Up-to-date: /root/ros2_ws/install/my_action_interface/include/my_action_interface/my_action_interface/action/detail/summ_calculate__type_support.c
[1.057s] -- Up-to-date: /root/ros2_ws/install/my_action_interface/include/my_action_interface/my_action_interface/action/detail/summ_calculate__functions.h
[1.057s] -- Up-to-date: /root/ros2_ws/install/my_action_interface/include/my_action_interface/my_action_interface/action/detail/summ_calculate__struct.h
[1.059s] -- Up-to-date: /root/ros2_ws/install/my_action_interface/share/my_action_interface/environment/library_path.sh
[1.060s] -- Up-to-date: /root/ros2_ws/install/my_action_interface/share/my_action_interface/environment/library_path.dsv
[1.060s] -- Up-to-date: /root/ros2_ws/install/my_action_interface/lib/libmy_action_interface__rosidl_generator_c.so
[1.060s] -- Up-to-date: /root/ros2_ws/install/my_action_interface/include/my_action_interface/my_action_interface
[1.060s] -- Up-to-date: /root/ros2_ws/install/my_action_interface/include/my_action_interface/my_action_interface/msg
[1.061s] -- Up-to-date: /root/ros2_ws/install/my_action_interface/include/my_action_interface/my_action_interface/msg/rosidl_typesupport_fastrtps_c__visibility_control.h
[1.061s] -- Up-to-date: /root/ros2_ws/install/my_action_interface/include/my_action_interface/my_action_interface/action
[1.061s] -- Up-to-date: /root/ros2_ws/install/my_action_interface/include/my_action_interface/my_action_interface/action/detail
[1.061s] -- Up-to-date: /root/ros2_ws/install/my_action_interface/include/my_action_interface/my_action_interface/action/detail/summ_calculate__rosidl_typesupport_fastrtps_c.h
[1.063s] -- Up-to-date: /root/ros2_ws/install/my_action_interface/lib/libmy_action_interface__rosidl_typesupport_fastrtps_c.so
[1.063s] -- Up-to-date: /root/ros2_ws/install/my_action_interface/include/my_action_interface/my_action_interface
[1.064s] -- Up-to-date: /root/ros2_ws/install/my_action_interface/include/my_action_interface/my_action_interface/msg
[1.066s] -- Up-to-date: /root/ros2_ws/install/my_action_interface/include/my_action_interface/my_action_interface/msg/rosidl_typesupport_introspection_c__visibility_control.h
[1.066s] -- Up-to-date: /root/ros2_ws/install/my_action_interface/include/my_action_interface/my_action_interface/action
[1.066s] -- Up-to-date: /root/ros2_ws/install/my_action_interface/include/my_action_interface/my_action_interface/action/detail
[1.066s] -- Up-to-date: /root/ros2_ws/install/my_action_interface/include/my_action_interface/my_action_interface/action/detail/summ_calculate__type_support.c
[1.066s] -- Up-to-date: /root/ros2_ws/install/my_action_interface/include/my_action_interface/my_action_interface/action/detail/summ_calculate__rosidl_typesupport_introspection_c.h
[1.066s] -- Up-to-date: /root/ros2_ws/install/my_action_interface/lib/libmy_action_interface__rosidl_typesupport_introspection_c.so
[1.067s] -- Up-to-date: /root/ros2_ws/install/my_action_interface/lib/libmy_action_interface__rosidl_typesupport_c.so
[1.067s] -- Up-to-date: /root/ros2_ws/install/my_action_interface/include/my_action_interface/my_action_interface
[1.067s] -- Up-to-date: /root/ros2_ws/install/my_action_interface/include/my_action_interface/my_action_interface/action
[1.067s] -- Up-to-date: /root/ros2_ws/install/my_action_interface/include/my_action_interface/my_action_interface/action/summ_calculate.hpp
[1.067s] -- Up-to-date: /root/ros2_ws/install/my_action_interface/include/my_action_interface/my_action_interface/action/detail
[1.067s] -- Up-to-date: /root/ros2_ws/install/my_action_interface/include/my_action_interface/my_action_interface/action/detail/summ_calculate__struct.hpp
[1.068s] -- Up-to-date: /root/ros2_ws/install/my_action_interface/include/my_action_interface/my_action_interface/action/detail/summ_calculate__builder.hpp
[1.072s] -- Up-to-date: /root/ros2_ws/install/my_action_interface/include/my_action_interface/my_action_interface/action/detail/summ_calculate__traits.hpp
[1.072s] -- Up-to-date: /root/ros2_ws/install/my_action_interface/include/my_action_interface/my_action_interface
[1.072s] -- Up-to-date: /root/ros2_ws/install/my_action_interface/include/my_action_interface/my_action_interface/msg
[1.072s] -- Up-to-date: /root/ros2_ws/install/my_action_interface/include/my_action_interface/my_action_interface/msg/rosidl_typesupport_fastrtps_cpp__visibility_control.h
[1.073s] -- Up-to-date: /root/ros2_ws/install/my_action_interface/include/my_action_interface/my_action_interface/action
[1.073s] -- Up-to-date: /root/ros2_ws/install/my_action_interface/include/my_action_interface/my_action_interface/action/detail
[1.073s] -- Up-to-date: /root/ros2_ws/install/my_action_interface/include/my_action_interface/my_action_interface/action/detail/dds_fastrtps
[1.073s] -- Up-to-date: /root/ros2_ws/install/my_action_interface/include/my_action_interface/my_action_interface/action/detail/summ_calculate__rosidl_typesupport_fastrtps_cpp.hpp
[1.073s] -- Up-to-date: /root/ros2_ws/install/my_action_interface/lib/libmy_action_interface__rosidl_typesupport_fastrtps_cpp.so
[1.073s] -- Up-to-date: /root/ros2_ws/install/my_action_interface/include/my_action_interface/my_action_interface
[1.073s] -- Up-to-date: /root/ros2_ws/install/my_action_interface/include/my_action_interface/my_action_interface/action
[1.073s] -- Up-to-date: /root/ros2_ws/install/my_action_interface/include/my_action_interface/my_action_interface/action/detail
[1.073s] -- Up-to-date: /root/ros2_ws/install/my_action_interface/include/my_action_interface/my_action_interface/action/detail/summ_calculate__type_support.cpp
[1.073s] -- Up-to-date: /root/ros2_ws/install/my_action_interface/include/my_action_interface/my_action_interface/action/detail/summ_calculate__rosidl_typesupport_introspection_cpp.hpp
[1.074s] -- Up-to-date: /root/ros2_ws/install/my_action_interface/lib/libmy_action_interface__rosidl_typesupport_introspection_cpp.so
[1.075s] -- Up-to-date: /root/ros2_ws/install/my_action_interface/lib/libmy_action_interface__rosidl_typesupport_cpp.so
[1.075s] -- Up-to-date: /root/ros2_ws/install/my_action_interface/share/my_action_interface/environment/pythonpath.sh
[1.075s] -- Up-to-date: /root/ros2_ws/install/my_action_interface/share/my_action_interface/environment/pythonpath.dsv
[1.075s] -- Up-to-date: /root/ros2_ws/install/my_action_interface/lib/python3.10/site-packages/my_action_interface-0.0.0-py3.10.egg-info
[1.075s] -- Installing: /root/ros2_ws/install/my_action_interface/lib/python3.10/site-packages/my_action_interface-0.0.0-py3.10.egg-info/SOURCES.txt
[1.075s] -- Installing: /root/ros2_ws/install/my_action_interface/lib/python3.10/site-packages/my_action_interface-0.0.0-py3.10.egg-info/top_level.txt
[1.075s] -- Installing: /root/ros2_ws/install/my_action_interface/lib/python3.10/site-packages/my_action_interface-0.0.0-py3.10.egg-info/PKG-INFO
[1.076s] -- Installing: /root/ros2_ws/install/my_action_interface/lib/python3.10/site-packages/my_action_interface-0.0.0-py3.10.egg-info/dependency_links.txt
[1.076s] -- Up-to-date: /root/ros2_ws/install/my_action_interface/lib/python3.10/site-packages/my_action_interface
[1.076s] -- Up-to-date: /root/ros2_ws/install/my_action_interface/lib/python3.10/site-packages/my_action_interface/__init__.py
[1.076s] -- Up-to-date: /root/ros2_ws/install/my_action_interface/lib/python3.10/site-packages/my_action_interface/my_action_interface_s__rosidl_typesupport_introspection_c.cpython-310-x86_64-linux-gnu.so
[1.076s] -- Up-to-date: /root/ros2_ws/install/my_action_interface/lib/python3.10/site-packages/my_action_interface/my_action_interface_s__rosidl_typesupport_c.cpython-310-x86_64-linux-gnu.so
[1.076s] -- Up-to-date: /root/ros2_ws/install/my_action_interface/lib/python3.10/site-packages/my_action_interface/_my_action_interface_s.ep.rosidl_typesupport_introspection_c.c
[1.076s] -- Up-to-date: /root/ros2_ws/install/my_action_interface/lib/python3.10/site-packages/my_action_interface/_my_action_interface_s.ep.rosidl_typesupport_fastrtps_c.c
[1.076s] -- Up-to-date: /root/ros2_ws/install/my_action_interface/lib/python3.10/site-packages/my_action_interface/action
[1.077s] -- Up-to-date: /root/ros2_ws/install/my_action_interface/lib/python3.10/site-packages/my_action_interface/action/__init__.py
[1.077s] -- Up-to-date: /root/ros2_ws/install/my_action_interface/lib/python3.10/site-packages/my_action_interface/action/_summ_calculate_s.c
[1.078s] -- Up-to-date: /root/ros2_ws/install/my_action_interface/lib/python3.10/site-packages/my_action_interface/action/_summ_calculate.py
[1.078s] -- Up-to-date: /root/ros2_ws/install/my_action_interface/lib/python3.10/site-packages/my_action_interface/libmy_action_interface__rosidl_generator_py.so
[1.078s] -- Installing: /root/ros2_ws/install/my_action_interface/lib/python3.10/site-packages/my_action_interface/my_action_interface_s__rosidl_typesupport_fastrtps_c.cpython-310-x86_64-linux-gnu.so
[1.078s] -- Up-to-date: /root/ros2_ws/install/my_action_interface/lib/python3.10/site-packages/my_action_interface/_my_action_interface_s.ep.rosidl_typesupport_c.c
[1.109s] Listing '/root/ros2_ws/install/my_action_interface/lib/python3.10/site-packages/my_action_interface'...
[1.109s] Listing '/root/ros2_ws/install/my_action_interface/lib/python3.10/site-packages/my_action_interface/action'...
[1.115s] -- Installing: /root/ros2_ws/install/my_action_interface/lib/python3.10/site-packages/my_action_interface/my_action_interface_s__rosidl_typesupport_fastrtps_c.cpython-310-x86_64-linux-gnu.so
[1.115s] -- Set runtime path of "/root/ros2_ws/install/my_action_interface/lib/python3.10/site-packages/my_action_interface/my_action_interface_s__rosidl_typesupport_fastrtps_c.cpython-310-x86_64-linux-gnu.so" to ""
[1.116s] -- Up-to-date: /root/ros2_ws/install/my_action_interface/lib/python3.10/site-packages/my_action_interface/my_action_interface_s__rosidl_typesupport_introspection_c.cpython-310-x86_64-linux-gnu.so
[1.117s] -- Up-to-date: /root/ros2_ws/install/my_action_interface/lib/python3.10/site-packages/my_action_interface/my_action_interface_s__rosidl_typesupport_c.cpython-310-x86_64-linux-gnu.so
[1.118s] -- Up-to-date: /root/ros2_ws/install/my_action_interface/lib/libmy_action_interface__rosidl_generator_py.so
[1.119s] -- Up-to-date: /root/ros2_ws/install/my_action_interface/share/my_action_interface/action/SummCalculate.idl
[1.119s] -- Up-to-date: /root/ros2_ws/install/my_action_interface/share/my_action_interface/action/SummCalculate.action
[1.119s] -- Up-to-date: /root/ros2_ws/install/my_action_interface/share/ament_index/resource_index/package_run_dependencies/my_action_interface
[1.119s] -- Up-to-date: /root/ros2_ws/install/my_action_interface/share/ament_index/resource_index/parent_prefix_path/my_action_interface
[1.119s] -- Up-to-date: /root/ros2_ws/install/my_action_interface/share/my_action_interface/environment/ament_prefix_path.sh
[1.120s] -- Up-to-date: /root/ros2_ws/install/my_action_interface/share/my_action_interface/environment/ament_prefix_path.dsv
[1.120s] -- Up-to-date: /root/ros2_ws/install/my_action_interface/share/my_action_interface/environment/path.sh
[1.120s] -- Up-to-date: /root/ros2_ws/install/my_action_interface/share/my_action_interface/environment/path.dsv
[1.120s] -- Up-to-date: /root/ros2_ws/install/my_action_interface/share/my_action_interface/local_setup.bash
[1.120s] -- Up-to-date: /root/ros2_ws/install/my_action_interface/share/my_action_interface/local_setup.sh
[1.120s] -- Up-to-date: /root/ros2_ws/install/my_action_interface/share/my_action_interface/local_setup.zsh
[1.120s] -- Up-to-date: /root/ros2_ws/install/my_action_interface/share/my_action_interface/local_setup.dsv
[1.120s] -- Installing: /root/ros2_ws/install/my_action_interface/share/my_action_interface/package.dsv
[1.121s] -- Up-to-date: /root/ros2_ws/install/my_action_interface/share/ament_index/resource_index/packages/my_action_interface
[1.122s] -- Up-to-date: /root/ros2_ws/install/my_action_interface/share/my_action_interface/cmake/export_my_action_interface__rosidl_generator_cExport.cmake
[1.123s] -- Up-to-date: /root/ros2_ws/install/my_action_interface/share/my_action_interface/cmake/export_my_action_interface__rosidl_generator_cExport-noconfig.cmake
[1.123s] -- Up-to-date: /root/ros2_ws/install/my_action_interface/share/my_action_interface/cmake/export_my_action_interface__rosidl_typesupport_fastrtps_cExport.cmake
[1.123s] -- Up-to-date: /root/ros2_ws/install/my_action_interface/share/my_action_interface/cmake/export_my_action_interface__rosidl_typesupport_fastrtps_cExport-noconfig.cmake
[1.124s] -- Up-to-date: /root/ros2_ws/install/my_action_interface/share/my_action_interface/cmake/my_action_interface__rosidl_typesupport_introspection_cExport.cmake
[1.124s] -- Up-to-date: /root/ros2_ws/install/my_action_interface/share/my_action_interface/cmake/my_action_interface__rosidl_typesupport_introspection_cExport-noconfig.cmake
[1.125s] -- Up-to-date: /root/ros2_ws/install/my_action_interface/share/my_action_interface/cmake/my_action_interface__rosidl_typesupport_cExport.cmake
[1.125s] -- Up-to-date: /root/ros2_ws/install/my_action_interface/share/my_action_interface/cmake/my_action_interface__rosidl_typesupport_cExport-noconfig.cmake
[1.126s] -- Up-to-date: /root/ros2_ws/install/my_action_interface/share/my_action_interface/cmake/export_my_action_interface__rosidl_generator_cppExport.cmake
[1.126s] -- Up-to-date: /root/ros2_ws/install/my_action_interface/share/my_action_interface/cmake/export_my_action_interface__rosidl_typesupport_fastrtps_cppExport.cmake
[1.126s] -- Up-to-date: /root/ros2_ws/install/my_action_interface/share/my_action_interface/cmake/export_my_action_interface__rosidl_typesupport_fastrtps_cppExport-noconfig.cmake
[1.127s] -- Up-to-date: /root/ros2_ws/install/my_action_interface/share/my_action_interface/cmake/my_action_interface__rosidl_typesupport_introspection_cppExport.cmake
[1.127s] -- Up-to-date: /root/ros2_ws/install/my_action_interface/share/my_action_interface/cmake/my_action_interface__rosidl_typesupport_introspection_cppExport-noconfig.cmake
[1.128s] -- Up-to-date: /root/ros2_ws/install/my_action_interface/share/my_action_interface/cmake/my_action_interface__rosidl_typesupport_cppExport.cmake
[1.129s] -- Up-to-date: /root/ros2_ws/install/my_action_interface/share/my_action_interface/cmake/my_action_interface__rosidl_typesupport_cppExport-noconfig.cmake
[1.129s] -- Up-to-date: /root/ros2_ws/install/my_action_interface/share/my_action_interface/cmake/export_my_action_interface__rosidl_generator_pyExport.cmake
[1.129s] -- Up-to-date: /root/ros2_ws/install/my_action_interface/share/my_action_interface/cmake/export_my_action_interface__rosidl_generator_pyExport-noconfig.cmake
[1.130s] -- Up-to-date: /root/ros2_ws/install/my_action_interface/share/my_action_interface/cmake/rosidl_cmake-extras.cmake
[1.130s] -- Up-to-date: /root/ros2_ws/install/my_action_interface/share/my_action_interface/cmake/ament_cmake_export_dependencies-extras.cmake
[1.131s] -- Up-to-date: /root/ros2_ws/install/my_action_interface/share/my_action_interface/cmake/ament_cmake_export_include_directories-extras.cmake
[1.131s] -- Up-to-date: /root/ros2_ws/install/my_action_interface/share/my_action_interface/cmake/ament_cmake_export_libraries-extras.cmake
[1.132s] -- Up-to-date: /root/ros2_ws/install/my_action_interface/share/my_action_interface/cmake/ament_cmake_export_targets-extras.cmake
[1.132s] -- Up-to-date: /root/ros2_ws/install/my_action_interface/share/my_action_interface/cmake/rosidl_cmake_export_typesupport_targets-extras.cmake
[1.132s] -- Up-to-date: /root/ros2_ws/install/my_action_interface/share/my_action_interface/cmake/rosidl_cmake_export_typesupport_libraries-extras.cmake
[1.132s] -- Up-to-date: /root/ros2_ws/install/my_action_interface/share/my_action_interface/cmake/my_action_interfaceConfig.cmake
[1.132s] -- Up-to-date: /root/ros2_ws/install/my_action_interface/share/my_action_interface/cmake/my_action_interfaceConfig-version.cmake
[1.133s] -- Up-to-date: /root/ros2_ws/install/my_action_interface/share/my_action_interface/package.xml
[1.137s] Invoked command in '/root/ros2_ws/build/my_action_interface' returned '0': CMAKE_PREFIX_PATH=${CMAKE_PREFIX_PATH}:/root/ros2_ws/install/talker:/root/ros2_ws/install/my_turtle_controller:/root/ros2_ws/install/my_service_server:/root/ros2_ws/install/my_service_client:/root/ros2_ws/install/my_calculate_action:/root/ros2_ws/install/listener:/opt/ros/iron /usr/bin/cmake --install /root/ros2_ws/build/my_action_interface
