[0.551s] Invoking command in '/root/ros2_ws/build/my_custom_interface': CMAKE_PREFIX_PATH=${CMAKE_PREFIX_PATH}:/root/ros2_ws/install/talker:/root/ros2_ws/install/my_turtle_controller:/root/ros2_ws/install/my_service_server:/root/ros2_ws/install/my_service_client:/root/ros2_ws/install/my_calculate_action:/root/ros2_ws/install/listener:/opt/ros/iron /usr/bin/cmake --build /root/ros2_ws/build/my_custom_interface -- -j12 -l12
[1.015s] [  2%] Built target my_custom_interface__rosidl_generator_type_description
[1.015s] [  2%] Built target ament_cmake_python_copy_my_custom_interface
[1.015s] [35m[1mConsolidate compiler generated dependencies of target my_custom_interface__rosidl_generator_c[0m
[1.015s] [  5%] Built target my_custom_interface__cpp
[1.015s] [ 20%] Built target my_custom_interface__rosidl_generator_c
[1.015s] [35m[1mConsolidate compiler generated dependencies of target my_custom_interface__rosidl_typesupport_c[0m
[1.015s] [35m[1mConsolidate compiler generated dependencies of target my_custom_interface__rosidl_typesupport_introspection_c[0m
[1.015s] [35m[1mConsolidate compiler generated dependencies of target my_custom_interface__rosidl_typesupport_fastrtps_c[0m
[1.015s] [35m[1mConsolidate compiler generated dependencies of target my_custom_interface__rosidl_typesupport_cpp[0m
[1.015s] [35m[1mConsolidate compiler generated dependencies of target my_custom_interface__rosidl_typesupport_introspection_cpp[0m
[1.015s] [35m[1mConsolidate compiler generated dependencies of target my_custom_interface__rosidl_typesupport_fastrtps_cpp[0m
[1.015s] [ 64%] Built target my_custom_interface__rosidl_typesupport_introspection_cpp
[1.015s] [ 64%] Built target my_custom_interface__rosidl_typesupport_fastrtps_c
[1.016s] [ 64%] Built target my_custom_interface__rosidl_typesupport_c
[1.016s] [ 64%] Built target my_custom_interface__rosidl_typesupport_fastrtps_cpp
[1.016s] [ 64%] Built target my_custom_interface__rosidl_typesupport_cpp
[1.016s] [ 73%] Built target my_custom_interface__rosidl_typesupport_introspection_c
[1.016s] [ 73%] Built target my_custom_interface
[1.016s] [ 76%] Built target my_custom_interface__py
[1.016s] [35m[1mConsolidate compiler generated dependencies of target my_custom_interface__rosidl_generator_py[0m
[1.016s] [ 82%] Built target my_custom_interface__rosidl_generator_py
[1.017s] [35m[1mConsolidate compiler generated dependencies of target my_custom_interface__rosidl_typesupport_fastrtps_c__pyext[0m
[1.017s] [35m[1mConsolidate compiler generated dependencies of target my_custom_interface__rosidl_typesupport_introspection_c__pyext[0m
[1.017s] [35m[1mConsolidate compiler generated dependencies of target my_custom_interface__rosidl_typesupport_c__pyext[0m
[1.017s] [100%] Built target my_custom_interface__rosidl_typesupport_introspection_c__pyext
[1.017s] [100%] Built target my_custom_interface__rosidl_typesupport_fastrtps_c__pyext
[1.017s] [100%] Built target my_custom_interface__rosidl_typesupport_c__pyext
[1.017s] running egg_info
[1.017s] writing my_custom_interface.egg-info/PKG-INFO
[1.017s] writing dependency_links to my_custom_interface.egg-info/dependency_links.txt
[1.018s] writing top-level names to my_custom_interface.egg-info/top_level.txt
[1.018s] reading manifest file 'my_custom_interface.egg-info/SOURCES.txt'
[1.018s] writing manifest file 'my_custom_interface.egg-info/SOURCES.txt'
[1.018s] [100%] Built target ament_cmake_python_build_my_custom_interface_egg
[1.031s] Invoked command in '/root/ros2_ws/build/my_custom_interface' returned '0': CMAKE_PREFIX_PATH=${CMAKE_PREFIX_PATH}:/root/ros2_ws/install/talker:/root/ros2_ws/install/my_turtle_controller:/root/ros2_ws/install/my_service_server:/root/ros2_ws/install/my_service_client:/root/ros2_ws/install/my_calculate_action:/root/ros2_ws/install/listener:/opt/ros/iron /usr/bin/cmake --build /root/ros2_ws/build/my_custom_interface -- -j12 -l12
[1.034s] Invoking command in '/root/ros2_ws/build/my_custom_interface': CMAKE_PREFIX_PATH=${CMAKE_PREFIX_PATH}:/root/ros2_ws/install/talker:/root/ros2_ws/install/my_turtle_controller:/root/ros2_ws/install/my_service_server:/root/ros2_ws/install/my_service_client:/root/ros2_ws/install/my_calculate_action:/root/ros2_ws/install/listener:/opt/ros/iron /usr/bin/cmake --install /root/ros2_ws/build/my_custom_interface
[1.065s] -- Install configuration: ""
[1.065s] -- Up-to-date: /root/ros2_ws/install/my_custom_interface/share/ament_index/resource_index/rosidl_interfaces/my_custom_interface
[1.065s] -- Up-to-date: /root/ros2_ws/install/my_custom_interface/share/my_custom_interface/msg/Numbers.json
[1.065s] -- Up-to-date: /root/ros2_ws/install/my_custom_interface/include/my_custom_interface/my_custom_interface
[1.066s] -- Up-to-date: /root/ros2_ws/install/my_custom_interface/include/my_custom_interface/my_custom_interface/msg
[1.066s] -- Up-to-date: /root/ros2_ws/install/my_custom_interface/include/my_custom_interface/my_custom_interface/msg/numbers.h
[1.066s] -- Up-to-date: /root/ros2_ws/install/my_custom_interface/include/my_custom_interface/my_custom_interface/msg/rosidl_generator_c__visibility_control.h
[1.066s] -- Up-to-date: /root/ros2_ws/install/my_custom_interface/include/my_custom_interface/my_custom_interface/msg/detail
[1.066s] -- Up-to-date: /root/ros2_ws/install/my_custom_interface/include/my_custom_interface/my_custom_interface/msg/detail/numbers__type_support.c
[1.066s] -- Up-to-date: /root/ros2_ws/install/my_custom_interface/include/my_custom_interface/my_custom_interface/msg/detail/numbers__type_support.h
[1.066s] -- Up-to-date: /root/ros2_ws/install/my_custom_interface/include/my_custom_interface/my_custom_interface/msg/detail/numbers__functions.c
[1.066s] -- Up-to-date: /root/ros2_ws/install/my_custom_interface/include/my_custom_interface/my_custom_interface/msg/detail/numbers__struct.h
[1.066s] -- Up-to-date: /root/ros2_ws/install/my_custom_interface/include/my_custom_interface/my_custom_interface/msg/detail/numbers__functions.h
[1.066s] -- Up-to-date: /root/ros2_ws/install/my_custom_interface/include/my_custom_interface/my_custom_interface/msg/detail/numbers__description.c
[1.067s] -- Up-to-date: /root/ros2_ws/install/my_custom_interface/share/my_custom_interface/environment/library_path.sh
[1.067s] -- Up-to-date: /root/ros2_ws/install/my_custom_interface/share/my_custom_interface/environment/library_path.dsv
[1.067s] -- Up-to-date: /root/ros2_ws/install/my_custom_interface/lib/libmy_custom_interface__rosidl_generator_c.so
[1.067s] -- Up-to-date: /root/ros2_ws/install/my_custom_interface/include/my_custom_interface/my_custom_interface
[1.067s] -- Up-to-date: /root/ros2_ws/install/my_custom_interface/include/my_custom_interface/my_custom_interface/msg
[1.067s] -- Up-to-date: /root/ros2_ws/install/my_custom_interface/include/my_custom_interface/my_custom_interface/msg/rosidl_typesupport_fastrtps_c__visibility_control.h
[1.067s] -- Up-to-date: /root/ros2_ws/install/my_custom_interface/include/my_custom_interface/my_custom_interface/msg/detail
[1.067s] -- Up-to-date: /root/ros2_ws/install/my_custom_interface/include/my_custom_interface/my_custom_interface/msg/detail/numbers__rosidl_typesupport_fastrtps_c.h
[1.067s] -- Up-to-date: /root/ros2_ws/install/my_custom_interface/lib/libmy_custom_interface__rosidl_typesupport_fastrtps_c.so
[1.067s] -- Up-to-date: /root/ros2_ws/install/my_custom_interface/include/my_custom_interface/my_custom_interface
[1.067s] -- Up-to-date: /root/ros2_ws/install/my_custom_interface/include/my_custom_interface/my_custom_interface/msg
[1.067s] -- Up-to-date: /root/ros2_ws/install/my_custom_interface/include/my_custom_interface/my_custom_interface/msg/detail
[1.068s] -- Up-to-date: /root/ros2_ws/install/my_custom_interface/include/my_custom_interface/my_custom_interface/msg/detail/numbers__type_support.c
[1.068s] -- Up-to-date: /root/ros2_ws/install/my_custom_interface/include/my_custom_interface/my_custom_interface/msg/detail/numbers__rosidl_typesupport_introspection_c.h
[1.068s] -- Up-to-date: /root/ros2_ws/install/my_custom_interface/include/my_custom_interface/my_custom_interface/msg/rosidl_typesupport_introspection_c__visibility_control.h
[1.068s] -- Up-to-date: /root/ros2_ws/install/my_custom_interface/lib/libmy_custom_interface__rosidl_typesupport_introspection_c.so
[1.068s] -- Up-to-date: /root/ros2_ws/install/my_custom_interface/lib/libmy_custom_interface__rosidl_typesupport_c.so
[1.068s] -- Up-to-date: /root/ros2_ws/install/my_custom_interface/include/my_custom_interface/my_custom_interface
[1.068s] -- Up-to-date: /root/ros2_ws/install/my_custom_interface/include/my_custom_interface/my_custom_interface/msg
[1.068s] -- Up-to-date: /root/ros2_ws/install/my_custom_interface/include/my_custom_interface/my_custom_interface/msg/numbers.hpp
[1.068s] -- Up-to-date: /root/ros2_ws/install/my_custom_interface/include/my_custom_interface/my_custom_interface/msg/detail
[1.068s] -- Up-to-date: /root/ros2_ws/install/my_custom_interface/include/my_custom_interface/my_custom_interface/msg/detail/numbers__builder.hpp
[1.069s] -- Up-to-date: /root/ros2_ws/install/my_custom_interface/include/my_custom_interface/my_custom_interface/msg/detail/numbers__traits.hpp
[1.069s] -- Up-to-date: /root/ros2_ws/install/my_custom_interface/include/my_custom_interface/my_custom_interface/msg/detail/numbers__struct.hpp
[1.069s] -- Up-to-date: /root/ros2_ws/install/my_custom_interface/include/my_custom_interface/my_custom_interface
[1.069s] -- Up-to-date: /root/ros2_ws/install/my_custom_interface/include/my_custom_interface/my_custom_interface/msg
[1.069s] -- Up-to-date: /root/ros2_ws/install/my_custom_interface/include/my_custom_interface/my_custom_interface/msg/detail
[1.069s] -- Up-to-date: /root/ros2_ws/install/my_custom_interface/include/my_custom_interface/my_custom_interface/msg/detail/numbers__rosidl_typesupport_fastrtps_cpp.hpp
[1.069s] -- Up-to-date: /root/ros2_ws/install/my_custom_interface/include/my_custom_interface/my_custom_interface/msg/detail/dds_fastrtps
[1.069s] -- Up-to-date: /root/ros2_ws/install/my_custom_interface/include/my_custom_interface/my_custom_interface/msg/rosidl_typesupport_fastrtps_cpp__visibility_control.h
[1.069s] -- Up-to-date: /root/ros2_ws/install/my_custom_interface/lib/libmy_custom_interface__rosidl_typesupport_fastrtps_cpp.so
[1.069s] -- Up-to-date: /root/ros2_ws/install/my_custom_interface/include/my_custom_interface/my_custom_interface
[1.069s] -- Up-to-date: /root/ros2_ws/install/my_custom_interface/include/my_custom_interface/my_custom_interface/msg
[1.070s] -- Up-to-date: /root/ros2_ws/install/my_custom_interface/include/my_custom_interface/my_custom_interface/msg/detail
[1.070s] -- Up-to-date: /root/ros2_ws/install/my_custom_interface/include/my_custom_interface/my_custom_interface/msg/detail/numbers__type_support.cpp
[1.070s] -- Up-to-date: /root/ros2_ws/install/my_custom_interface/include/my_custom_interface/my_custom_interface/msg/detail/numbers__rosidl_typesupport_introspection_cpp.hpp
[1.070s] -- Up-to-date: /root/ros2_ws/install/my_custom_interface/lib/libmy_custom_interface__rosidl_typesupport_introspection_cpp.so
[1.070s] -- Up-to-date: /root/ros2_ws/install/my_custom_interface/lib/libmy_custom_interface__rosidl_typesupport_cpp.so
[1.070s] -- Up-to-date: /root/ros2_ws/install/my_custom_interface/share/my_custom_interface/environment/pythonpath.sh
[1.070s] -- Up-to-date: /root/ros2_ws/install/my_custom_interface/share/my_custom_interface/environment/pythonpath.dsv
[1.070s] -- Up-to-date: /root/ros2_ws/install/my_custom_interface/lib/python3.10/site-packages/my_custom_interface-0.0.0-py3.10.egg-info
[1.070s] -- Installing: /root/ros2_ws/install/my_custom_interface/lib/python3.10/site-packages/my_custom_interface-0.0.0-py3.10.egg-info/SOURCES.txt
[1.070s] -- Installing: /root/ros2_ws/install/my_custom_interface/lib/python3.10/site-packages/my_custom_interface-0.0.0-py3.10.egg-info/top_level.txt
[1.070s] -- Installing: /root/ros2_ws/install/my_custom_interface/lib/python3.10/site-packages/my_custom_interface-0.0.0-py3.10.egg-info/PKG-INFO
[1.070s] -- Installing: /root/ros2_ws/install/my_custom_interface/lib/python3.10/site-packages/my_custom_interface-0.0.0-py3.10.egg-info/dependency_links.txt
[1.070s] -- Up-to-date: /root/ros2_ws/install/my_custom_interface/lib/python3.10/site-packages/my_custom_interface
[1.070s] -- Up-to-date: /root/ros2_ws/install/my_custom_interface/lib/python3.10/site-packages/my_custom_interface/msg
[1.070s] -- Up-to-date: /root/ros2_ws/install/my_custom_interface/lib/python3.10/site-packages/my_custom_interface/msg/__init__.py
[1.070s] -- Up-to-date: /root/ros2_ws/install/my_custom_interface/lib/python3.10/site-packages/my_custom_interface/msg/_numbers.py
[1.070s] -- Up-to-date: /root/ros2_ws/install/my_custom_interface/lib/python3.10/site-packages/my_custom_interface/msg/_numbers_s.c
[1.071s] -- Up-to-date: /root/ros2_ws/install/my_custom_interface/lib/python3.10/site-packages/my_custom_interface/__init__.py
[1.071s] -- Up-to-date: /root/ros2_ws/install/my_custom_interface/lib/python3.10/site-packages/my_custom_interface/_my_custom_interface_s.ep.rosidl_typesupport_introspection_c.c
[1.071s] -- Up-to-date: /root/ros2_ws/install/my_custom_interface/lib/python3.10/site-packages/my_custom_interface/my_custom_interface_s__rosidl_typesupport_introspection_c.cpython-310-x86_64-linux-gnu.so
[1.071s] -- Up-to-date: /root/ros2_ws/install/my_custom_interface/lib/python3.10/site-packages/my_custom_interface/my_custom_interface_s__rosidl_typesupport_fastrtps_c.cpython-310-x86_64-linux-gnu.so
[1.071s] -- Up-to-date: /root/ros2_ws/install/my_custom_interface/lib/python3.10/site-packages/my_custom_interface/libmy_custom_interface__rosidl_generator_py.so
[1.071s] -- Up-to-date: /root/ros2_ws/install/my_custom_interface/lib/python3.10/site-packages/my_custom_interface/_my_custom_interface_s.ep.rosidl_typesupport_fastrtps_c.c
[1.071s] -- Up-to-date: /root/ros2_ws/install/my_custom_interface/lib/python3.10/site-packages/my_custom_interface/_my_custom_interface_s.ep.rosidl_typesupport_c.c
[1.071s] -- Up-to-date: /root/ros2_ws/install/my_custom_interface/lib/python3.10/site-packages/my_custom_interface/my_custom_interface_s__rosidl_typesupport_c.cpython-310-x86_64-linux-gnu.so
[1.108s] Listing '/root/ros2_ws/install/my_custom_interface/lib/python3.10/site-packages/my_custom_interface'...
[1.109s] Listing '/root/ros2_ws/install/my_custom_interface/lib/python3.10/site-packages/my_custom_interface/msg'...
[1.114s] -- Up-to-date: /root/ros2_ws/install/my_custom_interface/lib/python3.10/site-packages/my_custom_interface/my_custom_interface_s__rosidl_typesupport_fastrtps_c.cpython-310-x86_64-linux-gnu.so
[1.116s] -- Up-to-date: /root/ros2_ws/install/my_custom_interface/lib/python3.10/site-packages/my_custom_interface/my_custom_interface_s__rosidl_typesupport_introspection_c.cpython-310-x86_64-linux-gnu.so
[1.117s] -- Up-to-date: /root/ros2_ws/install/my_custom_interface/lib/python3.10/site-packages/my_custom_interface/my_custom_interface_s__rosidl_typesupport_c.cpython-310-x86_64-linux-gnu.so
[1.120s] -- Up-to-date: /root/ros2_ws/install/my_custom_interface/lib/libmy_custom_interface__rosidl_generator_py.so
[1.120s] -- Up-to-date: /root/ros2_ws/install/my_custom_interface/share/my_custom_interface/msg/Numbers.idl
[1.121s] -- Up-to-date: /root/ros2_ws/install/my_custom_interface/share/my_custom_interface/msg/Numbers.msg
[1.121s] -- Up-to-date: /root/ros2_ws/install/my_custom_interface/share/ament_index/resource_index/package_run_dependencies/my_custom_interface
[1.121s] -- Up-to-date: /root/ros2_ws/install/my_custom_interface/share/ament_index/resource_index/parent_prefix_path/my_custom_interface
[1.121s] -- Up-to-date: /root/ros2_ws/install/my_custom_interface/share/my_custom_interface/environment/ament_prefix_path.sh
[1.122s] -- Up-to-date: /root/ros2_ws/install/my_custom_interface/share/my_custom_interface/environment/ament_prefix_path.dsv
[1.122s] -- Up-to-date: /root/ros2_ws/install/my_custom_interface/share/my_custom_interface/environment/path.sh
[1.122s] -- Up-to-date: /root/ros2_ws/install/my_custom_interface/share/my_custom_interface/environment/path.dsv
[1.122s] -- Up-to-date: /root/ros2_ws/install/my_custom_interface/share/my_custom_interface/local_setup.bash
[1.123s] -- Up-to-date: /root/ros2_ws/install/my_custom_interface/share/my_custom_interface/local_setup.sh
[1.123s] -- Up-to-date: /root/ros2_ws/install/my_custom_interface/share/my_custom_interface/local_setup.zsh
[1.123s] -- Up-to-date: /root/ros2_ws/install/my_custom_interface/share/my_custom_interface/local_setup.dsv
[1.123s] -- Installing: /root/ros2_ws/install/my_custom_interface/share/my_custom_interface/package.dsv
[1.123s] -- Up-to-date: /root/ros2_ws/install/my_custom_interface/share/ament_index/resource_index/packages/my_custom_interface
[1.124s] -- Up-to-date: /root/ros2_ws/install/my_custom_interface/share/my_custom_interface/cmake/export_my_custom_interface__rosidl_generator_cExport.cmake
[1.124s] -- Up-to-date: /root/ros2_ws/install/my_custom_interface/share/my_custom_interface/cmake/export_my_custom_interface__rosidl_generator_cExport-noconfig.cmake
[1.124s] -- Up-to-date: /root/ros2_ws/install/my_custom_interface/share/my_custom_interface/cmake/export_my_custom_interface__rosidl_typesupport_fastrtps_cExport.cmake
[1.124s] -- Up-to-date: /root/ros2_ws/install/my_custom_interface/share/my_custom_interface/cmake/export_my_custom_interface__rosidl_typesupport_fastrtps_cExport-noconfig.cmake
[1.124s] -- Up-to-date: /root/ros2_ws/install/my_custom_interface/share/my_custom_interface/cmake/my_custom_interface__rosidl_typesupport_introspection_cExport.cmake
[1.124s] -- Up-to-date: /root/ros2_ws/install/my_custom_interface/share/my_custom_interface/cmake/my_custom_interface__rosidl_typesupport_introspection_cExport-noconfig.cmake
[1.124s] -- Up-to-date: /root/ros2_ws/install/my_custom_interface/share/my_custom_interface/cmake/my_custom_interface__rosidl_typesupport_cExport.cmake
[1.125s] -- Up-to-date: /root/ros2_ws/install/my_custom_interface/share/my_custom_interface/cmake/my_custom_interface__rosidl_typesupport_cExport-noconfig.cmake
[1.125s] -- Up-to-date: /root/ros2_ws/install/my_custom_interface/share/my_custom_interface/cmake/export_my_custom_interface__rosidl_generator_cppExport.cmake
[1.125s] -- Up-to-date: /root/ros2_ws/install/my_custom_interface/share/my_custom_interface/cmake/export_my_custom_interface__rosidl_typesupport_fastrtps_cppExport.cmake
[1.125s] -- Up-to-date: /root/ros2_ws/install/my_custom_interface/share/my_custom_interface/cmake/export_my_custom_interface__rosidl_typesupport_fastrtps_cppExport-noconfig.cmake
[1.125s] -- Up-to-date: /root/ros2_ws/install/my_custom_interface/share/my_custom_interface/cmake/my_custom_interface__rosidl_typesupport_introspection_cppExport.cmake
[1.126s] -- Up-to-date: /root/ros2_ws/install/my_custom_interface/share/my_custom_interface/cmake/my_custom_interface__rosidl_typesupport_introspection_cppExport-noconfig.cmake
[1.126s] -- Up-to-date: /root/ros2_ws/install/my_custom_interface/share/my_custom_interface/cmake/my_custom_interface__rosidl_typesupport_cppExport.cmake
[1.126s] -- Up-to-date: /root/ros2_ws/install/my_custom_interface/share/my_custom_interface/cmake/my_custom_interface__rosidl_typesupport_cppExport-noconfig.cmake
[1.126s] -- Up-to-date: /root/ros2_ws/install/my_custom_interface/share/my_custom_interface/cmake/export_my_custom_interface__rosidl_generator_pyExport.cmake
[1.126s] -- Up-to-date: /root/ros2_ws/install/my_custom_interface/share/my_custom_interface/cmake/export_my_custom_interface__rosidl_generator_pyExport-noconfig.cmake
[1.126s] -- Up-to-date: /root/ros2_ws/install/my_custom_interface/share/my_custom_interface/cmake/rosidl_cmake-extras.cmake
[1.126s] -- Up-to-date: /root/ros2_ws/install/my_custom_interface/share/my_custom_interface/cmake/ament_cmake_export_include_directories-extras.cmake
[1.127s] -- Up-to-date: /root/ros2_ws/install/my_custom_interface/share/my_custom_interface/cmake/ament_cmake_export_libraries-extras.cmake
[1.127s] -- Up-to-date: /root/ros2_ws/install/my_custom_interface/share/my_custom_interface/cmake/ament_cmake_export_targets-extras.cmake
[1.127s] -- Up-to-date: /root/ros2_ws/install/my_custom_interface/share/my_custom_interface/cmake/rosidl_cmake_export_typesupport_targets-extras.cmake
[1.127s] -- Up-to-date: /root/ros2_ws/install/my_custom_interface/share/my_custom_interface/cmake/ament_cmake_export_dependencies-extras.cmake
[1.127s] -- Up-to-date: /root/ros2_ws/install/my_custom_interface/share/my_custom_interface/cmake/rosidl_cmake_export_typesupport_libraries-extras.cmake
[1.127s] -- Up-to-date: /root/ros2_ws/install/my_custom_interface/share/my_custom_interface/cmake/my_custom_interfaceConfig.cmake
[1.127s] -- Up-to-date: /root/ros2_ws/install/my_custom_interface/share/my_custom_interface/cmake/my_custom_interfaceConfig-version.cmake
[1.128s] -- Up-to-date: /root/ros2_ws/install/my_custom_interface/share/my_custom_interface/package.xml
[1.192s] Invoked command in '/root/ros2_ws/build/my_custom_interface' returned '0': CMAKE_PREFIX_PATH=${CMAKE_PREFIX_PATH}:/root/ros2_ws/install/talker:/root/ros2_ws/install/my_turtle_controller:/root/ros2_ws/install/my_service_server:/root/ros2_ws/install/my_service_client:/root/ros2_ws/install/my_calculate_action:/root/ros2_ws/install/listener:/opt/ros/iron /usr/bin/cmake --install /root/ros2_ws/build/my_custom_interface
