[0.953s] Invoking command in '/root/ros2_ws/src/my_calculate_action': PYTHONPATH=/root/ros2_ws/build/my_calculate_action/prefix_override:/usr/lib/python3/dist-packages/colcon_core/task/python/colcon_distutils_commands:/root/ros2_ws/install/my_calculate_action/lib/python3.10/site-packages:${PYTHONPATH} /usr/bin/python3 -W ignore:setup.py install is deprecated -W ignore:easy_install command is deprecated setup.py egg_info --egg-base ../../build/my_calculate_action build --build-base /root/ros2_ws/build/my_calculate_action/build install --record /root/ros2_ws/build/my_calculate_action/install.log --single-version-externally-managed install_data
[1.102s] /root/.local/lib/python3.10/site-packages/setuptools/_distutils/dist.py:270: UserWarning: Unknown distribution option: 'tests_require'
[1.102s]   warnings.warn(msg)
[1.204s] running egg_info
[1.219s] writing ../../build/my_calculate_action/my_calculate_action.egg-info/PKG-INFO
[1.221s] writing dependency_links to ../../build/my_calculate_action/my_calculate_action.egg-info/dependency_links.txt
[1.221s] writing entry points to ../../build/my_calculate_action/my_calculate_action.egg-info/entry_points.txt
[1.221s] writing requirements to ../../build/my_calculate_action/my_calculate_action.egg-info/requires.txt
[1.222s] writing top-level names to ../../build/my_calculate_action/my_calculate_action.egg-info/top_level.txt
[1.255s] reading manifest file '../../build/my_calculate_action/my_calculate_action.egg-info/SOURCES.txt'
[1.257s] writing manifest file '../../build/my_calculate_action/my_calculate_action.egg-info/SOURCES.txt'
[1.257s] running build
[1.257s] running build_py
[1.257s] copying my_calculate_action/__init__.py -> /root/ros2_ws/build/my_calculate_action/build/lib/my_calculate_action
[1.259s] copying my_calculate_action/calculate_action_client.py -> /root/ros2_ws/build/my_calculate_action/build/lib/my_calculate_action
[1.260s] copying my_calculate_action/publisher_node.py -> /root/ros2_ws/build/my_calculate_action/build/lib/my_calculate_action
[1.262s] copying my_calculate_action/calculate_action_server.py -> /root/ros2_ws/build/my_calculate_action/build/lib/my_calculate_action
[1.262s] running install
[1.266s] running install_lib
[1.282s] copying /root/ros2_ws/build/my_calculate_action/build/lib/my_calculate_action/calculate_action_server.py -> /root/ros2_ws/install/my_calculate_action/lib/python3.10/site-packages/my_calculate_action
[1.283s] byte-compiling /root/ros2_ws/install/my_calculate_action/lib/python3.10/site-packages/my_calculate_action/publisher_node.py to publisher_node.cpython-310.pyc
[1.284s] Sorry: IndentationError: expected an indented block after function definition on line 18 (publisher_node.py, line 19)
[1.284s] byte-compiling /root/ros2_ws/install/my_calculate_action/lib/python3.10/site-packages/my_calculate_action/calculate_action_server.py to calculate_action_server.cpython-310.pyc
[1.285s] running install_data
[1.285s] copying resource/my_calculate_action -> /root/ros2_ws/install/my_calculate_action/share/ament_index/resource_index/packages
[1.285s] copying package.xml -> /root/ros2_ws/install/my_calculate_action/share/my_calculate_action
[1.286s] running install_egg_info
[1.302s] removing '/root/ros2_ws/install/my_calculate_action/lib/python3.10/site-packages/my_calculate_action-0.0.0-py3.10.egg-info' (and everything under it)
[1.303s] Copying ../../build/my_calculate_action/my_calculate_action.egg-info to /root/ros2_ws/install/my_calculate_action/lib/python3.10/site-packages/my_calculate_action-0.0.0-py3.10.egg-info
[1.304s] running install_scripts
[1.429s] Installing calculate_action_client script to /root/ros2_ws/install/my_calculate_action/lib/my_calculate_action
[1.429s] Installing calculate_action_server script to /root/ros2_ws/install/my_calculate_action/lib/my_calculate_action
[1.430s] Installing number_publisher script to /root/ros2_ws/install/my_calculate_action/lib/my_calculate_action
[1.430s] writing list of installed files to '/root/ros2_ws/build/my_calculate_action/install.log'
[1.454s] Invoked command in '/root/ros2_ws/src/my_calculate_action' returned '0': PYTHONPATH=/root/ros2_ws/build/my_calculate_action/prefix_override:/usr/lib/python3/dist-packages/colcon_core/task/python/colcon_distutils_commands:/root/ros2_ws/install/my_calculate_action/lib/python3.10/site-packages:${PYTHONPATH} /usr/bin/python3 -W ignore:setup.py install is deprecated -W ignore:easy_install command is deprecated setup.py egg_info --egg-base ../../build/my_calculate_action build --build-base /root/ros2_ws/build/my_calculate_action/build install --record /root/ros2_ws/build/my_calculate_action/install.log --single-version-externally-managed install_data
