[0.339s] DEBUG:colcon:Command line arguments: ['/usr/bin/colcon', 'build']
[0.339s] DEBUG:colcon:Parsed command line arguments: Namespace(log_base=None, log_level=None, verb_name='build', build_base='build', install_base='install', merge_install=False, symlink_install=False, test_result_base=None, continue_on_error=False, executor='parallel', parallel_workers=12, event_handlers=None, ignore_user_meta=False, metas=['./colcon.meta'], base_paths=['.'], packages_ignore=None, packages_ignore_regex=None, paths=None, packages_up_to=None, packages_up_to_regex=None, packages_above=None, packages_above_and_dependencies=None, packages_above_depth=None, packages_select_by_dep=None, packages_skip_by_dep=None, packages_skip_up_to=None, packages_select_build_failed=False, packages_skip_build_finished=False, packages_select_test_failures=False, packages_skip_test_passed=False, packages_select=None, packages_skip=None, packages_select_regex=None, packages_skip_regex=None, packages_start=None, packages_end=None, allow_overriding=[], cmake_args=None, cmake_target=None, cmake_target_skip_unavailable=False, cmake_clean_cache=False, cmake_clean_first=False, cmake_force_configure=False, ament_cmake_args=None, catkin_cmake_args=None, catkin_skip_building_tests=False, mixin_files=None, mixin=None, verb_parser=<colcon_mixin.mixin.mixin_argument.MixinArgumentDecorator object at 0x7f552a372ef0>, verb_extension=<colcon_core.verb.build.BuildVerb object at 0x7f552a3345e0>, main=<bound method BuildVerb.main of <colcon_core.verb.build.BuildVerb object at 0x7f552a3345e0>>, mixin_verb=('build',))
[0.373s] Level 1:colcon.colcon_core.package_discovery:discover_packages(colcon_meta) check parameters
[0.373s] Level 1:colcon.colcon_core.package_discovery:discover_packages(recursive) check parameters
[0.373s] Level 1:colcon.colcon_core.package_discovery:discover_packages(ignore) check parameters
[0.373s] Level 1:colcon.colcon_core.package_discovery:discover_packages(path) check parameters
[0.374s] Level 1:colcon.colcon_core.package_discovery:discover_packages(colcon_meta) discover
[0.374s] Level 1:colcon.colcon_core.package_discovery:discover_packages(recursive) discover
[0.374s] INFO:colcon.colcon_core.package_discovery:Crawling recursively for packages in '/root/ros2_ws'
[0.374s] Level 1:colcon.colcon_core.package_identification:_identify(.) by extensions ['ignore', 'ignore_ament_install']
[0.374s] Level 1:colcon.colcon_core.package_identification:_identify(.) by extension 'ignore'
[0.374s] Level 1:colcon.colcon_core.package_identification:_identify(.) by extension 'ignore_ament_install'
[0.374s] Level 1:colcon.colcon_core.package_identification:_identify(.) by extensions ['colcon_pkg']
[0.374s] Level 1:colcon.colcon_core.package_identification:_identify(.) by extension 'colcon_pkg'
[0.374s] Level 1:colcon.colcon_core.package_identification:_identify(.) by extensions ['colcon_meta']
[0.374s] Level 1:colcon.colcon_core.package_identification:_identify(.) by extension 'colcon_meta'
[0.374s] Level 1:colcon.colcon_core.package_identification:_identify(.) by extensions ['ros']
[0.374s] Level 1:colcon.colcon_core.package_identification:_identify(.) by extension 'ros'
[0.387s] Level 1:colcon.colcon_core.package_identification:_identify(.) by extensions ['cmake', 'python']
[0.387s] Level 1:colcon.colcon_core.package_identification:_identify(.) by extension 'cmake'
[0.387s] Level 1:colcon.colcon_core.package_identification:_identify(.) by extension 'python'
[0.387s] Level 1:colcon.colcon_core.package_identification:_identify(.) by extensions ['python_setup_py']
[0.387s] Level 1:colcon.colcon_core.package_identification:_identify(.) by extension 'python_setup_py'
[0.387s] Level 1:colcon.colcon_core.package_identification:_identify(build) by extensions ['ignore', 'ignore_ament_install']
[0.387s] Level 1:colcon.colcon_core.package_identification:_identify(build) by extension 'ignore'
[0.388s] Level 1:colcon.colcon_core.package_identification:_identify(build) ignored
[0.388s] Level 1:colcon.colcon_core.package_identification:_identify(install) by extensions ['ignore', 'ignore_ament_install']
[0.388s] Level 1:colcon.colcon_core.package_identification:_identify(install) by extension 'ignore'
[0.388s] Level 1:colcon.colcon_core.package_identification:_identify(install) ignored
[0.388s] Level 1:colcon.colcon_core.package_identification:_identify(log) by extensions ['ignore', 'ignore_ament_install']
[0.388s] Level 1:colcon.colcon_core.package_identification:_identify(log) by extension 'ignore'
[0.388s] Level 1:colcon.colcon_core.package_identification:_identify(log) ignored
[0.388s] Level 1:colcon.colcon_core.package_identification:_identify(src) by extensions ['ignore', 'ignore_ament_install']
[0.388s] Level 1:colcon.colcon_core.package_identification:_identify(src) by extension 'ignore'
[0.388s] Level 1:colcon.colcon_core.package_identification:_identify(src) by extension 'ignore_ament_install'
[0.388s] Level 1:colcon.colcon_core.package_identification:_identify(src) by extensions ['colcon_pkg']
[0.388s] Level 1:colcon.colcon_core.package_identification:_identify(src) by extension 'colcon_pkg'
[0.388s] Level 1:colcon.colcon_core.package_identification:_identify(src) by extensions ['colcon_meta']
[0.388s] Level 1:colcon.colcon_core.package_identification:_identify(src) by extension 'colcon_meta'
[0.388s] Level 1:colcon.colcon_core.package_identification:_identify(src) by extensions ['ros']
[0.388s] Level 1:colcon.colcon_core.package_identification:_identify(src) by extension 'ros'
[0.389s] Level 1:colcon.colcon_core.package_identification:_identify(src) by extensions ['cmake', 'python']
[0.389s] Level 1:colcon.colcon_core.package_identification:_identify(src) by extension 'cmake'
[0.389s] Level 1:colcon.colcon_core.package_identification:_identify(src) by extension 'python'
[0.389s] Level 1:colcon.colcon_core.package_identification:_identify(src) by extensions ['python_setup_py']
[0.389s] Level 1:colcon.colcon_core.package_identification:_identify(src) by extension 'python_setup_py'
[0.389s] Level 1:colcon.colcon_core.package_identification:_identify(src/listener) by extensions ['ignore', 'ignore_ament_install']
[0.389s] Level 1:colcon.colcon_core.package_identification:_identify(src/listener) by extension 'ignore'
[0.389s] Level 1:colcon.colcon_core.package_identification:_identify(src/listener) by extension 'ignore_ament_install'
[0.389s] Level 1:colcon.colcon_core.package_identification:_identify(src/listener) by extensions ['colcon_pkg']
[0.389s] Level 1:colcon.colcon_core.package_identification:_identify(src/listener) by extension 'colcon_pkg'
[0.389s] Level 1:colcon.colcon_core.package_identification:_identify(src/listener) by extensions ['colcon_meta']
[0.389s] Level 1:colcon.colcon_core.package_identification:_identify(src/listener) by extension 'colcon_meta'
[0.389s] Level 1:colcon.colcon_core.package_identification:_identify(src/listener) by extensions ['ros']
[0.389s] Level 1:colcon.colcon_core.package_identification:_identify(src/listener) by extension 'ros'
[0.391s] DEBUG:colcon.colcon_core.package_identification:Package 'src/listener' with type 'ros.ament_python' and name 'listener'
[0.391s] Level 1:colcon.colcon_core.package_identification:_identify(src/my_service_interfaces) by extensions ['ignore', 'ignore_ament_install']
[0.391s] Level 1:colcon.colcon_core.package_identification:_identify(src/my_service_interfaces) by extension 'ignore'
[0.391s] Level 1:colcon.colcon_core.package_identification:_identify(src/my_service_interfaces) by extension 'ignore_ament_install'
[0.391s] Level 1:colcon.colcon_core.package_identification:_identify(src/my_service_interfaces) by extensions ['colcon_pkg']
[0.392s] Level 1:colcon.colcon_core.package_identification:_identify(src/my_service_interfaces) by extension 'colcon_pkg'
[0.392s] Level 1:colcon.colcon_core.package_identification:_identify(src/my_service_interfaces) by extensions ['colcon_meta']
[0.392s] Level 1:colcon.colcon_core.package_identification:_identify(src/my_service_interfaces) by extension 'colcon_meta'
[0.392s] Level 1:colcon.colcon_core.package_identification:_identify(src/my_service_interfaces) by extensions ['ros']
[0.392s] Level 1:colcon.colcon_core.package_identification:_identify(src/my_service_interfaces) by extension 'ros'
[0.392s] DEBUG:colcon.colcon_core.package_identification:Package 'src/my_service_interfaces' with type 'ros.ament_cmake' and name 'my_service_interfaces'
[0.392s] Level 1:colcon.colcon_core.package_identification:_identify(src/my_turtle_controller) by extensions ['ignore', 'ignore_ament_install']
[0.392s] Level 1:colcon.colcon_core.package_identification:_identify(src/my_turtle_controller) by extension 'ignore'
[0.392s] Level 1:colcon.colcon_core.package_identification:_identify(src/my_turtle_controller) by extension 'ignore_ament_install'
[0.392s] Level 1:colcon.colcon_core.package_identification:_identify(src/my_turtle_controller) by extensions ['colcon_pkg']
[0.392s] Level 1:colcon.colcon_core.package_identification:_identify(src/my_turtle_controller) by extension 'colcon_pkg'
[0.393s] Level 1:colcon.colcon_core.package_identification:_identify(src/my_turtle_controller) by extensions ['colcon_meta']
[0.393s] Level 1:colcon.colcon_core.package_identification:_identify(src/my_turtle_controller) by extension 'colcon_meta'
[0.393s] Level 1:colcon.colcon_core.package_identification:_identify(src/my_turtle_controller) by extensions ['ros']
[0.393s] Level 1:colcon.colcon_core.package_identification:_identify(src/my_turtle_controller) by extension 'ros'
[0.393s] DEBUG:colcon.colcon_core.package_identification:Package 'src/my_turtle_controller' with type 'ros.ament_python' and name 'my_turtle_controller'
[0.393s] Level 1:colcon.colcon_core.package_identification:_identify(src/talker) by extensions ['ignore', 'ignore_ament_install']
[0.393s] Level 1:colcon.colcon_core.package_identification:_identify(src/talker) by extension 'ignore'
[0.393s] Level 1:colcon.colcon_core.package_identification:_identify(src/talker) by extension 'ignore_ament_install'
[0.393s] Level 1:colcon.colcon_core.package_identification:_identify(src/talker) by extensions ['colcon_pkg']
[0.393s] Level 1:colcon.colcon_core.package_identification:_identify(src/talker) by extension 'colcon_pkg'
[0.393s] Level 1:colcon.colcon_core.package_identification:_identify(src/talker) by extensions ['colcon_meta']
[0.393s] Level 1:colcon.colcon_core.package_identification:_identify(src/talker) by extension 'colcon_meta'
[0.393s] Level 1:colcon.colcon_core.package_identification:_identify(src/talker) by extensions ['ros']
[0.393s] Level 1:colcon.colcon_core.package_identification:_identify(src/talker) by extension 'ros'
[0.394s] DEBUG:colcon.colcon_core.package_identification:Package 'src/talker' with type 'ros.ament_python' and name 'talker'
[0.394s] Level 1:colcon.colcon_core.package_discovery:discover_packages(recursive) using defaults
[0.394s] Level 1:colcon.colcon_core.package_discovery:discover_packages(ignore) discover
[0.394s] Level 1:colcon.colcon_core.package_discovery:discover_packages(ignore) using defaults
[0.394s] Level 1:colcon.colcon_core.package_discovery:discover_packages(path) discover
[0.394s] Level 1:colcon.colcon_core.package_discovery:discover_packages(path) using defaults
[0.413s] Level 1:colcon.colcon_core.package_discovery:discover_packages(prefix_path) check parameters
[0.413s] Level 1:colcon.colcon_core.package_discovery:discover_packages(prefix_path) discover
[0.414s] DEBUG:colcon.colcon_installed_package_information.package_discovery:Found 3 installed packages in /root/ros2_ws/install
[0.416s] DEBUG:colcon.colcon_installed_package_information.package_discovery:Found 281 installed packages in /opt/ros/iron
[0.417s] Level 1:colcon.colcon_core.package_discovery:discover_packages(prefix_path) using defaults
[0.454s] Level 5:colcon.colcon_core.verb:set package 'listener' build argument 'cmake_args' from command line to 'None'
[0.454s] Level 5:colcon.colcon_core.verb:set package 'listener' build argument 'cmake_target' from command line to 'None'
[0.454s] Level 5:colcon.colcon_core.verb:set package 'listener' build argument 'cmake_target_skip_unavailable' from command line to 'False'
[0.454s] Level 5:colcon.colcon_core.verb:set package 'listener' build argument 'cmake_clean_cache' from command line to 'False'
[0.454s] Level 5:colcon.colcon_core.verb:set package 'listener' build argument 'cmake_clean_first' from command line to 'False'
[0.454s] Level 5:colcon.colcon_core.verb:set package 'listener' build argument 'cmake_force_configure' from command line to 'False'
[0.454s] Level 5:colcon.colcon_core.verb:set package 'listener' build argument 'ament_cmake_args' from command line to 'None'
[0.454s] Level 5:colcon.colcon_core.verb:set package 'listener' build argument 'catkin_cmake_args' from command line to 'None'
[0.454s] Level 5:colcon.colcon_core.verb:set package 'listener' build argument 'catkin_skip_building_tests' from command line to 'False'
[0.454s] DEBUG:colcon.colcon_core.verb:Building package 'listener' with the following arguments: {'ament_cmake_args': None, 'build_base': '/root/ros2_ws/build/listener', 'catkin_cmake_args': None, 'catkin_skip_building_tests': False, 'cmake_args': None, 'cmake_clean_cache': False, 'cmake_clean_first': False, 'cmake_force_configure': False, 'cmake_target': None, 'cmake_target_skip_unavailable': False, 'install_base': '/root/ros2_ws/install/listener', 'merge_install': False, 'path': '/root/ros2_ws/src/listener', 'symlink_install': False, 'test_result_base': None}
[0.454s] Level 5:colcon.colcon_core.verb:set package 'my_service_interfaces' build argument 'cmake_args' from command line to 'None'
[0.454s] Level 5:colcon.colcon_core.verb:set package 'my_service_interfaces' build argument 'cmake_target' from command line to 'None'
[0.454s] Level 5:colcon.colcon_core.verb:set package 'my_service_interfaces' build argument 'cmake_target_skip_unavailable' from command line to 'False'
[0.454s] Level 5:colcon.colcon_core.verb:set package 'my_service_interfaces' build argument 'cmake_clean_cache' from command line to 'False'
[0.454s] Level 5:colcon.colcon_core.verb:set package 'my_service_interfaces' build argument 'cmake_clean_first' from command line to 'False'
[0.454s] Level 5:colcon.colcon_core.verb:set package 'my_service_interfaces' build argument 'cmake_force_configure' from command line to 'False'
[0.454s] Level 5:colcon.colcon_core.verb:set package 'my_service_interfaces' build argument 'ament_cmake_args' from command line to 'None'
[0.454s] Level 5:colcon.colcon_core.verb:set package 'my_service_interfaces' build argument 'catkin_cmake_args' from command line to 'None'
[0.454s] Level 5:colcon.colcon_core.verb:set package 'my_service_interfaces' build argument 'catkin_skip_building_tests' from command line to 'False'
[0.455s] DEBUG:colcon.colcon_core.verb:Building package 'my_service_interfaces' with the following arguments: {'ament_cmake_args': None, 'build_base': '/root/ros2_ws/build/my_service_interfaces', 'catkin_cmake_args': None, 'catkin_skip_building_tests': False, 'cmake_args': None, 'cmake_clean_cache': False, 'cmake_clean_first': False, 'cmake_force_configure': False, 'cmake_target': None, 'cmake_target_skip_unavailable': False, 'install_base': '/root/ros2_ws/install/my_service_interfaces', 'merge_install': False, 'path': '/root/ros2_ws/src/my_service_interfaces', 'symlink_install': False, 'test_result_base': None}
[0.455s] Level 5:colcon.colcon_core.verb:set package 'my_turtle_controller' build argument 'cmake_args' from command line to 'None'
[0.455s] Level 5:colcon.colcon_core.verb:set package 'my_turtle_controller' build argument 'cmake_target' from command line to 'None'
[0.455s] Level 5:colcon.colcon_core.verb:set package 'my_turtle_controller' build argument 'cmake_target_skip_unavailable' from command line to 'False'
[0.455s] Level 5:colcon.colcon_core.verb:set package 'my_turtle_controller' build argument 'cmake_clean_cache' from command line to 'False'
[0.455s] Level 5:colcon.colcon_core.verb:set package 'my_turtle_controller' build argument 'cmake_clean_first' from command line to 'False'
[0.455s] Level 5:colcon.colcon_core.verb:set package 'my_turtle_controller' build argument 'cmake_force_configure' from command line to 'False'
[0.455s] Level 5:colcon.colcon_core.verb:set package 'my_turtle_controller' build argument 'ament_cmake_args' from command line to 'None'
[0.455s] Level 5:colcon.colcon_core.verb:set package 'my_turtle_controller' build argument 'catkin_cmake_args' from command line to 'None'
[0.455s] Level 5:colcon.colcon_core.verb:set package 'my_turtle_controller' build argument 'catkin_skip_building_tests' from command line to 'False'
[0.455s] DEBUG:colcon.colcon_core.verb:Building package 'my_turtle_controller' with the following arguments: {'ament_cmake_args': None, 'build_base': '/root/ros2_ws/build/my_turtle_controller', 'catkin_cmake_args': None, 'catkin_skip_building_tests': False, 'cmake_args': None, 'cmake_clean_cache': False, 'cmake_clean_first': False, 'cmake_force_configure': False, 'cmake_target': None, 'cmake_target_skip_unavailable': False, 'install_base': '/root/ros2_ws/install/my_turtle_controller', 'merge_install': False, 'path': '/root/ros2_ws/src/my_turtle_controller', 'symlink_install': False, 'test_result_base': None}
[0.455s] Level 5:colcon.colcon_core.verb:set package 'talker' build argument 'cmake_args' from command line to 'None'
[0.455s] Level 5:colcon.colcon_core.verb:set package 'talker' build argument 'cmake_target' from command line to 'None'
[0.455s] Level 5:colcon.colcon_core.verb:set package 'talker' build argument 'cmake_target_skip_unavailable' from command line to 'False'
[0.455s] Level 5:colcon.colcon_core.verb:set package 'talker' build argument 'cmake_clean_cache' from command line to 'False'
[0.455s] Level 5:colcon.colcon_core.verb:set package 'talker' build argument 'cmake_clean_first' from command line to 'False'
[0.455s] Level 5:colcon.colcon_core.verb:set package 'talker' build argument 'cmake_force_configure' from command line to 'False'
[0.455s] Level 5:colcon.colcon_core.verb:set package 'talker' build argument 'ament_cmake_args' from command line to 'None'
[0.455s] Level 5:colcon.colcon_core.verb:set package 'talker' build argument 'catkin_cmake_args' from command line to 'None'
[0.455s] Level 5:colcon.colcon_core.verb:set package 'talker' build argument 'catkin_skip_building_tests' from command line to 'False'
[0.455s] DEBUG:colcon.colcon_core.verb:Building package 'talker' with the following arguments: {'ament_cmake_args': None, 'build_base': '/root/ros2_ws/build/talker', 'catkin_cmake_args': None, 'catkin_skip_building_tests': False, 'cmake_args': None, 'cmake_clean_cache': False, 'cmake_clean_first': False, 'cmake_force_configure': False, 'cmake_target': None, 'cmake_target_skip_unavailable': False, 'install_base': '/root/ros2_ws/install/talker', 'merge_install': False, 'path': '/root/ros2_ws/src/talker', 'symlink_install': False, 'test_result_base': None}
[0.456s] INFO:colcon.colcon_core.executor:Executing jobs using 'parallel' executor
[0.457s] DEBUG:colcon.colcon_parallel_executor.executor.parallel:run_until_complete
[0.458s] INFO:colcon.colcon_ros.task.ament_python.build:Building ROS package in '/root/ros2_ws/src/listener' with build type 'ament_python'
[0.458s] Level 1:colcon.colcon_core.shell:create_environment_hook('listener', 'ament_prefix_path')
[0.461s] INFO:colcon.colcon_core.plugin_system:Skipping extension 'colcon_core.shell.bat': Not used on non-Windows systems
[0.461s] INFO:colcon.colcon_core.shell:Creating environment hook '/root/ros2_ws/install/listener/share/listener/hook/ament_prefix_path.ps1'
[0.461s] INFO:colcon.colcon_core.shell:Creating environment descriptor '/root/ros2_ws/install/listener/share/listener/hook/ament_prefix_path.dsv'
[0.462s] INFO:colcon.colcon_core.shell:Creating environment hook '/root/ros2_ws/install/listener/share/listener/hook/ament_prefix_path.sh'
[0.462s] INFO:colcon.colcon_core.shell:Skip shell extension 'powershell' for command environment: Not usable outside of PowerShell
[0.462s] DEBUG:colcon.colcon_core.shell:Skip shell extension 'dsv' for command environment
[0.466s] INFO:colcon.colcon_ros.task.ament_cmake.build:Building ROS package in '/root/ros2_ws/src/my_service_interfaces' with build type 'ament_cmake'
[0.466s] INFO:colcon.colcon_cmake.task.cmake.build:Building CMake package in '/root/ros2_ws/src/my_service_interfaces'
[0.466s] INFO:colcon.colcon_core.shell:Skip shell extension 'powershell' for command environment: Not usable outside of PowerShell
[0.466s] DEBUG:colcon.colcon_core.shell:Skip shell extension 'dsv' for command environment
[0.470s] INFO:colcon.colcon_ros.task.ament_python.build:Building ROS package in '/root/ros2_ws/src/my_turtle_controller' with build type 'ament_python'
[0.470s] Level 1:colcon.colcon_core.shell:create_environment_hook('my_turtle_controller', 'ament_prefix_path')
[0.471s] INFO:colcon.colcon_core.shell:Creating environment hook '/root/ros2_ws/install/my_turtle_controller/share/my_turtle_controller/hook/ament_prefix_path.ps1'
[0.471s] INFO:colcon.colcon_core.shell:Creating environment descriptor '/root/ros2_ws/install/my_turtle_controller/share/my_turtle_controller/hook/ament_prefix_path.dsv'
[0.472s] INFO:colcon.colcon_core.shell:Creating environment hook '/root/ros2_ws/install/my_turtle_controller/share/my_turtle_controller/hook/ament_prefix_path.sh'
[0.472s] INFO:colcon.colcon_core.shell:Skip shell extension 'powershell' for command environment: Not usable outside of PowerShell
[0.472s] DEBUG:colcon.colcon_core.shell:Skip shell extension 'dsv' for command environment
[0.475s] INFO:colcon.colcon_ros.task.ament_python.build:Building ROS package in '/root/ros2_ws/src/talker' with build type 'ament_python'
[0.475s] Level 1:colcon.colcon_core.shell:create_environment_hook('talker', 'ament_prefix_path')
[0.475s] INFO:colcon.colcon_core.shell:Creating environment hook '/root/ros2_ws/install/talker/share/talker/hook/ament_prefix_path.ps1'
[0.476s] INFO:colcon.colcon_core.shell:Creating environment descriptor '/root/ros2_ws/install/talker/share/talker/hook/ament_prefix_path.dsv'
[0.477s] INFO:colcon.colcon_core.shell:Creating environment hook '/root/ros2_ws/install/talker/share/talker/hook/ament_prefix_path.sh'
[0.477s] INFO:colcon.colcon_core.shell:Skip shell extension 'powershell' for command environment: Not usable outside of PowerShell
[0.477s] DEBUG:colcon.colcon_core.shell:Skip shell extension 'dsv' for command environment
[0.683s] INFO:colcon.colcon_core.task.python.build:Building Python package in '/root/ros2_ws/src/listener'
[0.684s] INFO:colcon.colcon_core.shell:Skip shell extension 'powershell' for command environment: Not usable outside of PowerShell
[0.684s] DEBUG:colcon.colcon_core.shell:Skip shell extension 'dsv' for command environment
[0.693s] DEBUG:colcon.colcon_core.event_handler.log_command:Invoking command in '/root/ros2_ws/build/my_service_interfaces': CMAKE_PREFIX_PATH=/root/ros2_ws/install/talker:/root/ros2_ws/install/my_turtle_controller:/root/ros2_ws/install/listener:/opt/ros/iron /usr/bin/cmake /root/ros2_ws/src/my_service_interfaces -DCMAKE_INSTALL_PREFIX=/root/ros2_ws/install/my_service_interfaces
[0.912s] INFO:colcon.colcon_core.task.python.build:Building Python package in '/root/ros2_ws/src/my_turtle_controller'
[0.912s] INFO:colcon.colcon_core.shell:Skip shell extension 'powershell' for command environment: Not usable outside of PowerShell
[0.912s] DEBUG:colcon.colcon_core.shell:Skip shell extension 'dsv' for command environment
[1.156s] INFO:colcon.colcon_core.task.python.build:Building Python package in '/root/ros2_ws/src/talker'
[1.157s] INFO:colcon.colcon_core.shell:Skip shell extension 'powershell' for command environment: Not usable outside of PowerShell
[1.157s] DEBUG:colcon.colcon_core.shell:Skip shell extension 'dsv' for command environment
[1.752s] DEBUG:colcon.colcon_core.event_handler.log_command:Invoking command in '/root/ros2_ws/src/listener': PYTHONPATH=/root/ros2_ws/build/listener/prefix_override:/usr/lib/python3/dist-packages/colcon_core/task/python/colcon_distutils_commands:/root/ros2_ws/install/listener/lib/python3.10/site-packages:${PYTHONPATH} /usr/bin/python3 -W ignore:setup.py install is deprecated -W ignore:easy_install command is deprecated setup.py egg_info --egg-base ../../build/listener build --build-base /root/ros2_ws/build/listener/build install --record /root/ros2_ws/build/listener/install.log --single-version-externally-managed install_data
[1.753s] DEBUG:colcon.colcon_core.event_handler.log_command:Invoking command in '/root/ros2_ws/src/talker': PYTHONPATH=/root/ros2_ws/build/talker/prefix_override:/usr/lib/python3/dist-packages/colcon_core/task/python/colcon_distutils_commands:/root/ros2_ws/install/talker/lib/python3.10/site-packages:${PYTHONPATH} /usr/bin/python3 -W ignore:setup.py install is deprecated -W ignore:easy_install command is deprecated setup.py egg_info --egg-base ../../build/talker build --build-base /root/ros2_ws/build/talker/build install --record /root/ros2_ws/build/talker/install.log --single-version-externally-managed install_data
[1.809s] DEBUG:colcon.colcon_core.event_handler.log_command:Invoking command in '/root/ros2_ws/src/my_turtle_controller': PYTHONPATH=/root/ros2_ws/build/my_turtle_controller/prefix_override:/usr/lib/python3/dist-packages/colcon_core/task/python/colcon_distutils_commands:/root/ros2_ws/install/my_turtle_controller/lib/python3.10/site-packages:${PYTHONPATH} /usr/bin/python3 -W ignore:setup.py install is deprecated -W ignore:easy_install command is deprecated setup.py egg_info --egg-base ../../build/my_turtle_controller build --build-base /root/ros2_ws/build/my_turtle_controller/build install --record /root/ros2_ws/build/my_turtle_controller/install.log --single-version-externally-managed install_data
[2.292s] DEBUG:colcon.colcon_core.event_handler.log_command:Invoked command in '/root/ros2_ws/src/talker' returned '0': PYTHONPATH=/root/ros2_ws/build/talker/prefix_override:/usr/lib/python3/dist-packages/colcon_core/task/python/colcon_distutils_commands:/root/ros2_ws/install/talker/lib/python3.10/site-packages:${PYTHONPATH} /usr/bin/python3 -W ignore:setup.py install is deprecated -W ignore:easy_install command is deprecated setup.py egg_info --egg-base ../../build/talker build --build-base /root/ros2_ws/build/talker/build install --record /root/ros2_ws/build/talker/install.log --single-version-externally-managed install_data
[2.294s] Level 1:colcon.colcon_core.environment:checking '/root/ros2_ws/install/talker' for CMake module files
[2.295s] Level 1:colcon.colcon_core.environment:checking '/root/ros2_ws/install/talker' for CMake config files
[2.296s] Level 1:colcon.colcon_core.environment:checking '/root/ros2_ws/install/talker/lib'
[2.296s] Level 1:colcon.colcon_core.environment:checking '/root/ros2_ws/install/talker/bin'
[2.296s] Level 1:colcon.colcon_core.environment:checking '/root/ros2_ws/install/talker/lib/pkgconfig/talker.pc'
[2.297s] Level 1:colcon.colcon_core.environment:checking '/root/ros2_ws/install/talker/lib/python3.10/site-packages'
[2.297s] Level 1:colcon.colcon_core.shell:create_environment_hook('talker', 'pythonpath')
[2.297s] INFO:colcon.colcon_core.shell:Creating environment hook '/root/ros2_ws/install/talker/share/talker/hook/pythonpath.ps1'
[2.298s] INFO:colcon.colcon_core.shell:Creating environment descriptor '/root/ros2_ws/install/talker/share/talker/hook/pythonpath.dsv'
[2.298s] INFO:colcon.colcon_core.shell:Creating environment hook '/root/ros2_ws/install/talker/share/talker/hook/pythonpath.sh'
[2.299s] Level 1:colcon.colcon_core.environment:checking '/root/ros2_ws/install/talker/bin'
[2.299s] Level 1:colcon.colcon_core.environment:create_environment_scripts_only(talker)
[2.300s] INFO:colcon.colcon_core.shell:Creating package script '/root/ros2_ws/install/talker/share/talker/package.ps1'
[2.301s] INFO:colcon.colcon_core.shell:Creating package descriptor '/root/ros2_ws/install/talker/share/talker/package.dsv'
[2.302s] INFO:colcon.colcon_core.shell:Creating package script '/root/ros2_ws/install/talker/share/talker/package.sh'
[2.303s] INFO:colcon.colcon_core.shell:Creating package script '/root/ros2_ws/install/talker/share/talker/package.bash'
[2.304s] INFO:colcon.colcon_core.shell:Creating package script '/root/ros2_ws/install/talker/share/talker/package.zsh'
[2.305s] Level 1:colcon.colcon_core.environment:create_file_with_runtime_dependencies(/root/ros2_ws/install/talker/share/colcon-core/packages/talker)
[2.340s] Level 1:colcon.colcon_core.environment:checking '/root/ros2_ws/install/listener' for CMake module files
[2.341s] DEBUG:colcon.colcon_core.event_handler.log_command:Invoked command in '/root/ros2_ws/src/listener' returned '0': PYTHONPATH=/root/ros2_ws/build/listener/prefix_override:/usr/lib/python3/dist-packages/colcon_core/task/python/colcon_distutils_commands:/root/ros2_ws/install/listener/lib/python3.10/site-packages:${PYTHONPATH} /usr/bin/python3 -W ignore:setup.py install is deprecated -W ignore:easy_install command is deprecated setup.py egg_info --egg-base ../../build/listener build --build-base /root/ros2_ws/build/listener/build install --record /root/ros2_ws/build/listener/install.log --single-version-externally-managed install_data
[2.341s] Level 1:colcon.colcon_core.environment:checking '/root/ros2_ws/install/listener' for CMake config files
[2.342s] Level 1:colcon.colcon_core.environment:checking '/root/ros2_ws/install/listener/lib'
[2.342s] Level 1:colcon.colcon_core.environment:checking '/root/ros2_ws/install/listener/bin'
[2.342s] Level 1:colcon.colcon_core.environment:checking '/root/ros2_ws/install/listener/lib/pkgconfig/listener.pc'
[2.342s] Level 1:colcon.colcon_core.environment:checking '/root/ros2_ws/install/listener/lib/python3.10/site-packages'
[2.342s] Level 1:colcon.colcon_core.shell:create_environment_hook('listener', 'pythonpath')
[2.342s] INFO:colcon.colcon_core.shell:Creating environment hook '/root/ros2_ws/install/listener/share/listener/hook/pythonpath.ps1'
[2.343s] INFO:colcon.colcon_core.shell:Creating environment descriptor '/root/ros2_ws/install/listener/share/listener/hook/pythonpath.dsv'
[2.343s] INFO:colcon.colcon_core.shell:Creating environment hook '/root/ros2_ws/install/listener/share/listener/hook/pythonpath.sh'
[2.344s] Level 1:colcon.colcon_core.environment:checking '/root/ros2_ws/install/listener/bin'
[2.344s] Level 1:colcon.colcon_core.environment:create_environment_scripts_only(listener)
[2.344s] INFO:colcon.colcon_core.shell:Creating package script '/root/ros2_ws/install/listener/share/listener/package.ps1'
[2.344s] INFO:colcon.colcon_core.shell:Creating package descriptor '/root/ros2_ws/install/listener/share/listener/package.dsv'
[2.345s] INFO:colcon.colcon_core.shell:Creating package script '/root/ros2_ws/install/listener/share/listener/package.sh'
[2.345s] INFO:colcon.colcon_core.shell:Creating package script '/root/ros2_ws/install/listener/share/listener/package.bash'
[2.346s] INFO:colcon.colcon_core.shell:Creating package script '/root/ros2_ws/install/listener/share/listener/package.zsh'
[2.346s] Level 1:colcon.colcon_core.environment:create_file_with_runtime_dependencies(/root/ros2_ws/install/listener/share/colcon-core/packages/listener)
[2.401s] Level 1:colcon.colcon_core.environment:checking '/root/ros2_ws/install/my_turtle_controller' for CMake module files
[2.401s] DEBUG:colcon.colcon_core.event_handler.log_command:Invoked command in '/root/ros2_ws/src/my_turtle_controller' returned '0': PYTHONPATH=/root/ros2_ws/build/my_turtle_controller/prefix_override:/usr/lib/python3/dist-packages/colcon_core/task/python/colcon_distutils_commands:/root/ros2_ws/install/my_turtle_controller/lib/python3.10/site-packages:${PYTHONPATH} /usr/bin/python3 -W ignore:setup.py install is deprecated -W ignore:easy_install command is deprecated setup.py egg_info --egg-base ../../build/my_turtle_controller build --build-base /root/ros2_ws/build/my_turtle_controller/build install --record /root/ros2_ws/build/my_turtle_controller/install.log --single-version-externally-managed install_data
[2.402s] Level 1:colcon.colcon_core.environment:checking '/root/ros2_ws/install/my_turtle_controller' for CMake config files
[2.403s] Level 1:colcon.colcon_core.environment:checking '/root/ros2_ws/install/my_turtle_controller/lib'
[2.403s] Level 1:colcon.colcon_core.environment:checking '/root/ros2_ws/install/my_turtle_controller/bin'
[2.403s] Level 1:colcon.colcon_core.environment:checking '/root/ros2_ws/install/my_turtle_controller/lib/pkgconfig/my_turtle_controller.pc'
[2.403s] Level 1:colcon.colcon_core.environment:checking '/root/ros2_ws/install/my_turtle_controller/lib/python3.10/site-packages'
[2.403s] Level 1:colcon.colcon_core.shell:create_environment_hook('my_turtle_controller', 'pythonpath')
[2.403s] INFO:colcon.colcon_core.shell:Creating environment hook '/root/ros2_ws/install/my_turtle_controller/share/my_turtle_controller/hook/pythonpath.ps1'
[2.404s] INFO:colcon.colcon_core.shell:Creating environment descriptor '/root/ros2_ws/install/my_turtle_controller/share/my_turtle_controller/hook/pythonpath.dsv'
[2.404s] INFO:colcon.colcon_core.shell:Creating environment hook '/root/ros2_ws/install/my_turtle_controller/share/my_turtle_controller/hook/pythonpath.sh'
[2.405s] Level 1:colcon.colcon_core.environment:checking '/root/ros2_ws/install/my_turtle_controller/bin'
[2.405s] Level 1:colcon.colcon_core.environment:create_environment_scripts_only(my_turtle_controller)
[2.406s] INFO:colcon.colcon_core.shell:Creating package script '/root/ros2_ws/install/my_turtle_controller/share/my_turtle_controller/package.ps1'
[2.406s] INFO:colcon.colcon_core.shell:Creating package descriptor '/root/ros2_ws/install/my_turtle_controller/share/my_turtle_controller/package.dsv'
[2.407s] INFO:colcon.colcon_core.shell:Creating package script '/root/ros2_ws/install/my_turtle_controller/share/my_turtle_controller/package.sh'
[2.407s] INFO:colcon.colcon_core.shell:Creating package script '/root/ros2_ws/install/my_turtle_controller/share/my_turtle_controller/package.bash'
[2.408s] INFO:colcon.colcon_core.shell:Creating package script '/root/ros2_ws/install/my_turtle_controller/share/my_turtle_controller/package.zsh'
[2.408s] Level 1:colcon.colcon_core.environment:create_file_with_runtime_dependencies(/root/ros2_ws/install/my_turtle_controller/share/colcon-core/packages/my_turtle_controller)
[7.021s] DEBUG:colcon.colcon_core.event_handler.log_command:Invoked command in '/root/ros2_ws/build/my_service_interfaces' returned '0': CMAKE_PREFIX_PATH=/root/ros2_ws/install/talker:/root/ros2_ws/install/my_turtle_controller:/root/ros2_ws/install/listener:/opt/ros/iron /usr/bin/cmake /root/ros2_ws/src/my_service_interfaces -DCMAKE_INSTALL_PREFIX=/root/ros2_ws/install/my_service_interfaces
[7.023s] DEBUG:colcon.colcon_core.event_handler.log_command:Invoking command in '/root/ros2_ws/build/my_service_interfaces': CMAKE_PREFIX_PATH=/root/ros2_ws/install/talker:/root/ros2_ws/install/my_turtle_controller:/root/ros2_ws/install/listener:/opt/ros/iron /usr/bin/cmake --build /root/ros2_ws/build/my_service_interfaces -- -j12 -l12
[-32381.299s] DEBUG:colcon.colcon_core.event_handler.log_command:Invoked command in '/root/ros2_ws/build/my_service_interfaces' returned '0': CMAKE_PREFIX_PATH=/root/ros2_ws/install/talker:/root/ros2_ws/install/my_turtle_controller:/root/ros2_ws/install/listener:/opt/ros/iron /usr/bin/cmake --build /root/ros2_ws/build/my_service_interfaces -- -j12 -l12
[-32381.291s] DEBUG:colcon.colcon_core.event_handler.log_command:Invoking command in '/root/ros2_ws/build/my_service_interfaces': CMAKE_PREFIX_PATH=/root/ros2_ws/install/talker:/root/ros2_ws/install/my_turtle_controller:/root/ros2_ws/install/listener:/opt/ros/iron /usr/bin/cmake --install /root/ros2_ws/build/my_service_interfaces
[-32381.212s] Level 1:colcon.colcon_core.environment:create_environment_scripts_only(my_service_interfaces)
[-32381.212s] Level 1:colcon.colcon_core.environment:checking '/root/ros2_ws/install/my_service_interfaces' for CMake module files
[-32381.211s] DEBUG:colcon.colcon_core.event_handler.log_command:Invoked command in '/root/ros2_ws/build/my_service_interfaces' returned '0': CMAKE_PREFIX_PATH=/root/ros2_ws/install/talker:/root/ros2_ws/install/my_turtle_controller:/root/ros2_ws/install/listener:/opt/ros/iron /usr/bin/cmake --install /root/ros2_ws/build/my_service_interfaces
[-32381.211s] Level 1:colcon.colcon_core.environment:checking '/root/ros2_ws/install/my_service_interfaces' for CMake config files
[-32381.210s] Level 1:colcon.colcon_core.shell:create_environment_hook('my_service_interfaces', 'cmake_prefix_path')
[-32381.210s] INFO:colcon.colcon_core.shell:Creating environment hook '/root/ros2_ws/install/my_service_interfaces/share/my_service_interfaces/hook/cmake_prefix_path.ps1'
[-32381.209s] INFO:colcon.colcon_core.shell:Creating environment descriptor '/root/ros2_ws/install/my_service_interfaces/share/my_service_interfaces/hook/cmake_prefix_path.dsv'
[-32381.209s] INFO:colcon.colcon_core.shell:Creating environment hook '/root/ros2_ws/install/my_service_interfaces/share/my_service_interfaces/hook/cmake_prefix_path.sh'
[-32381.208s] Level 1:colcon.colcon_core.environment:checking '/root/ros2_ws/install/my_service_interfaces/lib'
[-32381.208s] Level 1:colcon.colcon_core.shell:create_environment_hook('my_service_interfaces', 'ld_library_path_lib')
[-32381.208s] INFO:colcon.colcon_core.shell:Creating environment hook '/root/ros2_ws/install/my_service_interfaces/share/my_service_interfaces/hook/ld_library_path_lib.ps1'
[-32381.208s] INFO:colcon.colcon_core.shell:Creating environment descriptor '/root/ros2_ws/install/my_service_interfaces/share/my_service_interfaces/hook/ld_library_path_lib.dsv'
[-32381.208s] INFO:colcon.colcon_core.shell:Creating environment hook '/root/ros2_ws/install/my_service_interfaces/share/my_service_interfaces/hook/ld_library_path_lib.sh'
[-32381.207s] Level 1:colcon.colcon_core.environment:checking '/root/ros2_ws/install/my_service_interfaces/bin'
[-32381.207s] Level 1:colcon.colcon_core.environment:checking '/root/ros2_ws/install/my_service_interfaces/lib/pkgconfig/my_service_interfaces.pc'
[-32381.207s] Level 1:colcon.colcon_core.environment:checking '/root/ros2_ws/install/my_service_interfaces/lib/python3.10/site-packages'
[-32381.207s] Level 1:colcon.colcon_core.shell:create_environment_hook('my_service_interfaces', 'pythonpath')
[-32381.207s] INFO:colcon.colcon_core.shell:Creating environment hook '/root/ros2_ws/install/my_service_interfaces/share/my_service_interfaces/hook/pythonpath.ps1'
[-32381.206s] INFO:colcon.colcon_core.shell:Creating environment descriptor '/root/ros2_ws/install/my_service_interfaces/share/my_service_interfaces/hook/pythonpath.dsv'
[-32381.206s] INFO:colcon.colcon_core.shell:Creating environment hook '/root/ros2_ws/install/my_service_interfaces/share/my_service_interfaces/hook/pythonpath.sh'
[-32381.206s] Level 1:colcon.colcon_core.environment:checking '/root/ros2_ws/install/my_service_interfaces/bin'
[-32381.205s] INFO:colcon.colcon_core.shell:Creating package script '/root/ros2_ws/install/my_service_interfaces/share/my_service_interfaces/package.ps1'
[-32381.205s] INFO:colcon.colcon_core.shell:Creating package descriptor '/root/ros2_ws/install/my_service_interfaces/share/my_service_interfaces/package.dsv'
[-32381.205s] INFO:colcon.colcon_core.shell:Creating package script '/root/ros2_ws/install/my_service_interfaces/share/my_service_interfaces/package.sh'
[-32381.204s] INFO:colcon.colcon_core.shell:Creating package script '/root/ros2_ws/install/my_service_interfaces/share/my_service_interfaces/package.bash'
[-32381.204s] INFO:colcon.colcon_core.shell:Creating package script '/root/ros2_ws/install/my_service_interfaces/share/my_service_interfaces/package.zsh'
[-32381.204s] Level 1:colcon.colcon_core.environment:create_file_with_runtime_dependencies(/root/ros2_ws/install/my_service_interfaces/share/colcon-core/packages/my_service_interfaces)
[-32381.203s] Level 1:colcon.colcon_core.environment:create_environment_scripts_only(my_service_interfaces)
[-32381.203s] Level 1:colcon.colcon_core.environment:checking '/root/ros2_ws/install/my_service_interfaces' for CMake module files
[-32381.202s] Level 1:colcon.colcon_core.environment:checking '/root/ros2_ws/install/my_service_interfaces' for CMake config files
[-32381.201s] Level 1:colcon.colcon_core.shell:create_environment_hook('my_service_interfaces', 'cmake_prefix_path')
[-32381.201s] INFO:colcon.colcon_core.shell:Creating environment hook '/root/ros2_ws/install/my_service_interfaces/share/my_service_interfaces/hook/cmake_prefix_path.ps1'
[-32381.200s] INFO:colcon.colcon_core.shell:Creating environment descriptor '/root/ros2_ws/install/my_service_interfaces/share/my_service_interfaces/hook/cmake_prefix_path.dsv'
[-32381.200s] INFO:colcon.colcon_core.shell:Creating environment hook '/root/ros2_ws/install/my_service_interfaces/share/my_service_interfaces/hook/cmake_prefix_path.sh'
[-32381.200s] Level 1:colcon.colcon_core.environment:checking '/root/ros2_ws/install/my_service_interfaces/lib'
[-32381.200s] Level 1:colcon.colcon_core.shell:create_environment_hook('my_service_interfaces', 'ld_library_path_lib')
[-32381.199s] INFO:colcon.colcon_core.shell:Creating environment hook '/root/ros2_ws/install/my_service_interfaces/share/my_service_interfaces/hook/ld_library_path_lib.ps1'
[-32381.199s] INFO:colcon.colcon_core.shell:Creating environment descriptor '/root/ros2_ws/install/my_service_interfaces/share/my_service_interfaces/hook/ld_library_path_lib.dsv'
[-32381.199s] INFO:colcon.colcon_core.shell:Creating environment hook '/root/ros2_ws/install/my_service_interfaces/share/my_service_interfaces/hook/ld_library_path_lib.sh'
[-32381.199s] Level 1:colcon.colcon_core.environment:checking '/root/ros2_ws/install/my_service_interfaces/bin'
[-32381.198s] Level 1:colcon.colcon_core.environment:checking '/root/ros2_ws/install/my_service_interfaces/lib/pkgconfig/my_service_interfaces.pc'
[-32381.198s] Level 1:colcon.colcon_core.environment:checking '/root/ros2_ws/install/my_service_interfaces/lib/python3.10/site-packages'
[-32381.198s] Level 1:colcon.colcon_core.shell:create_environment_hook('my_service_interfaces', 'pythonpath')
[-32381.198s] INFO:colcon.colcon_core.shell:Creating environment hook '/root/ros2_ws/install/my_service_interfaces/share/my_service_interfaces/hook/pythonpath.ps1'
[-32381.198s] INFO:colcon.colcon_core.shell:Creating environment descriptor '/root/ros2_ws/install/my_service_interfaces/share/my_service_interfaces/hook/pythonpath.dsv'
[-32381.197s] INFO:colcon.colcon_core.shell:Creating environment hook '/root/ros2_ws/install/my_service_interfaces/share/my_service_interfaces/hook/pythonpath.sh'
[-32381.197s] Level 1:colcon.colcon_core.environment:checking '/root/ros2_ws/install/my_service_interfaces/bin'
[-32381.197s] INFO:colcon.colcon_core.shell:Creating package script '/root/ros2_ws/install/my_service_interfaces/share/my_service_interfaces/package.ps1'
[-32381.196s] INFO:colcon.colcon_core.shell:Creating package descriptor '/root/ros2_ws/install/my_service_interfaces/share/my_service_interfaces/package.dsv'
[-32381.196s] INFO:colcon.colcon_core.shell:Creating package script '/root/ros2_ws/install/my_service_interfaces/share/my_service_interfaces/package.sh'
[-32381.195s] INFO:colcon.colcon_core.shell:Creating package script '/root/ros2_ws/install/my_service_interfaces/share/my_service_interfaces/package.bash'
[-32381.195s] INFO:colcon.colcon_core.shell:Creating package script '/root/ros2_ws/install/my_service_interfaces/share/my_service_interfaces/package.zsh'
[-32381.195s] Level 1:colcon.colcon_core.environment:create_file_with_runtime_dependencies(/root/ros2_ws/install/my_service_interfaces/share/colcon-core/packages/my_service_interfaces)
[-32381.195s] DEBUG:colcon.colcon_parallel_executor.executor.parallel:closing loop
[-32381.194s] DEBUG:colcon.colcon_parallel_executor.executor.parallel:loop closed
[-32381.194s] DEBUG:colcon.colcon_parallel_executor.executor.parallel:run_until_complete finished with '0'
[-32381.194s] DEBUG:colcon.colcon_core.event_reactor:joining thread
[-32381.071s] INFO:colcon.colcon_core.plugin_system:Skipping extension 'colcon_notification.desktop_notification.notify_send': Could not find 'notify-send'
[-32381.071s] INFO:colcon.colcon_core.plugin_system:Skipping extension 'colcon_notification.desktop_notification.terminal_notifier': Not used on non-Darwin systems
[-32381.071s] INFO:colcon.colcon_core.plugin_system:Skipping extension 'colcon_notification.desktop_notification.win32': Not used on non-Windows systems
[-32381.071s] INFO:colcon.colcon_notification.desktop_notification:Sending desktop notification using 'notify2'
[-32381.071s] DEBUG:colcon.colcon_notification.desktop_notification.notify2:Failed to initialize notify2: org.freedesktop.DBus.Error.FileNotFound: Failed to connect to socket /run/user/0/bus: No such file or directory
[-32381.071s] DEBUG:colcon.colcon_core.event_reactor:joined thread
[-32381.070s] INFO:colcon.colcon_core.shell:Creating prefix script '/root/ros2_ws/install/local_setup.ps1'
[-32381.070s] INFO:colcon.colcon_core.shell:Creating prefix util module '/root/ros2_ws/install/_local_setup_util_ps1.py'
[-32381.068s] INFO:colcon.colcon_core.shell:Creating prefix chain script '/root/ros2_ws/install/setup.ps1'
[-32381.068s] INFO:colcon.colcon_core.shell:Creating prefix script '/root/ros2_ws/install/local_setup.sh'
[-32381.067s] INFO:colcon.colcon_core.shell:Creating prefix util module '/root/ros2_ws/install/_local_setup_util_sh.py'
[-32381.067s] INFO:colcon.colcon_core.shell:Creating prefix chain script '/root/ros2_ws/install/setup.sh'
[-32381.066s] INFO:colcon.colcon_core.shell:Creating prefix script '/root/ros2_ws/install/local_setup.bash'
[-32381.065s] INFO:colcon.colcon_core.shell:Creating prefix chain script '/root/ros2_ws/install/setup.bash'
[-32381.065s] INFO:colcon.colcon_core.shell:Creating prefix script '/root/ros2_ws/install/local_setup.zsh'
[-32381.064s] INFO:colcon.colcon_core.shell:Creating prefix chain script '/root/ros2_ws/install/setup.zsh'
