-- The C compiler identification is GNU 11.4.0
-- The CXX compiler identification is GNU 11.4.0
-- Detecting C compiler ABI info
-- Detecting C compiler ABI info - done
-- Check for working C compiler: /usr/bin/cc - skipped
-- Detecting C compile features
-- Detecting C compile features - done
-- Detecting CXX compiler ABI info
-- Detecting CXX compiler ABI info - done
-- Check for working CXX compiler: /usr/bin/c++ - skipped
-- Detecting CXX compile features
-- Detecting CXX compile features - done
-- Found ament_cmake: 2.0.7 (/opt/ros/iron/share/ament_cmake/cmake)
-- Found Python3: /usr/bin/python3.10 (found version "3.10.12") found components: Interpreter 
-- Found rosidl_default_generators: 1.5.0 (/opt/ros/iron/share/rosidl_default_generators/cmake)
-- Using all available rosidl_typesupport_c: rosidl_typesupport_fastrtps_c;rosidl_typesupport_introspection_c
-- Using all available rosidl_typesupport_cpp: rosidl_typesupport_fastrtps_cpp;rosidl_typesupport_introspection_cpp
-- Found rosidl_adapter: 4.0.1 (/opt/ros/iron/share/rosidl_adapter/cmake)
-- Found ament_cmake_ros: 0.11.2 (/opt/ros/iron/share/ament_cmake_ros/cmake)
-- Using all available rosidl_typesupport_c: rosidl_typesupport_fastrtps_c;rosidl_typesupport_introspection_c
-- Using all available rosidl_typesupport_cpp: rosidl_typesupport_fastrtps_cpp;rosidl_typesupport_introspection_cpp
-- Found PythonInterp: /usr/bin/python3 (found suitable version "3.10.12", minimum required is "3.6") 
-- Found python_cmake_module: 0.10.2 (/opt/ros/iron/share/python_cmake_module/cmake)
-- Found PythonLibs: /usr/lib/x86_64-linux-gnu/libpython3.10.so (found suitable version "3.10.12", minimum required is "3.5") 
-- Using PYTHON_EXECUTABLE: /usr/bin/python3
-- Using PYTHON_INCLUDE_DIRS: /usr/include/python3.10
-- Using PYTHON_LIBRARIES: /usr/lib/x86_64-linux-gnu/libpython3.10.so
-- Found PythonExtra: .so  
-- Found ament_lint_auto: 0.14.4 (/opt/ros/iron/share/ament_lint_auto/cmake)
-- Added test 'lint_cmake' to check CMake code style
-- Added test 'xmllint' to check XML markup files
-- Configuring done
-- Generating done
-- Build files have been written to: /root/ros2_ws/build/my_action_interface
[  2%] [34m[1mGenerating type hashes for ROS interfaces[0m
[  2%] Built target ament_cmake_python_copy_my_action_interface
[  2%] Built target my_action_interface__rosidl_generator_type_description
running egg_info
[  5%] [34m[1mGenerating C code for ROS interfaces[0m
[  8%] [34m[1mGenerating C++ code for ROS interfaces[0m
creating my_action_interface.egg-info
writing my_action_interface.egg-info/PKG-INFO
writing dependency_links to my_action_interface.egg-info/dependency_links.txt
writing top-level names to my_action_interface.egg-info/top_level.txt
writing manifest file 'my_action_interface.egg-info/SOURCES.txt'
reading manifest file 'my_action_interface.egg-info/SOURCES.txt'
writing manifest file 'my_action_interface.egg-info/SOURCES.txt'
[  8%] Built target ament_cmake_python_build_my_action_interface_egg
[  8%] Built target my_action_interface__cpp
[ 17%] [32mBuilding C object CMakeFiles/my_action_interface__rosidl_generator_c.dir/rosidl_generator_c/my_action_interface/action/detail/summ_calculate__type_support.c.o[0m
[ 17%] [32mBuilding C object CMakeFiles/my_action_interface__rosidl_generator_c.dir/rosidl_generator_c/my_action_interface/action/detail/summ_calculate__functions.c.o[0m
[ 17%] [32mBuilding C object CMakeFiles/my_action_interface__rosidl_generator_c.dir/rosidl_generator_c/my_action_interface/action/detail/summ_calculate__description.c.o[0m
[ 20%] [32m[1mLinking C shared library libmy_action_interface__rosidl_generator_c.so[0m
[ 20%] Built target my_action_interface__rosidl_generator_c
[ 38%] [34m[1mGenerating C++ type support for eProsima Fast-RTPS[0m
[ 38%] [34m[1mGenerating C introspection for ROS interfaces[0m
[ 38%] [34m[1mGenerating C type support for eProsima Fast-RTPS[0m
[ 38%] [34m[1mGenerating C++ type support dispatch for ROS interfaces[0m
[ 38%] [34m[1mGenerating C++ introspection for ROS interfaces[0m
[ 38%] [34m[1mGenerating C type support dispatch for ROS interfaces[0m
[ 41%] [32mBuilding CXX object CMakeFiles/my_action_interface__rosidl_typesupport_cpp.dir/rosidl_typesupport_cpp/my_action_interface/action/summ_calculate__type_support.cpp.o[0m
[ 44%] [32mBuilding CXX object CMakeFiles/my_action_interface__rosidl_typesupport_c.dir/rosidl_typesupport_c/my_action_interface/action/summ_calculate__type_support.cpp.o[0m
[ 47%] [32mBuilding C object CMakeFiles/my_action_interface__rosidl_typesupport_introspection_c.dir/rosidl_typesupport_introspection_c/my_action_interface/action/detail/summ_calculate__type_support.c.o[0m
[ 50%] [32m[1mLinking CXX shared library libmy_action_interface__rosidl_typesupport_c.so[0m
[ 52%] [32mBuilding CXX object CMakeFiles/my_action_interface__rosidl_typesupport_introspection_cpp.dir/rosidl_typesupport_introspection_cpp/my_action_interface/action/detail/summ_calculate__type_support.cpp.o[0m
[ 55%] [32mBuilding CXX object CMakeFiles/my_action_interface__rosidl_typesupport_fastrtps_c.dir/rosidl_typesupport_fastrtps_c/my_action_interface/action/detail/summ_calculate__type_support_c.cpp.o[0m
[ 58%] [32mBuilding CXX object CMakeFiles/my_action_interface__rosidl_typesupport_fastrtps_cpp.dir/rosidl_typesupport_fastrtps_cpp/my_action_interface/action/detail/dds_fastrtps/summ_calculate__type_support.cpp.o[0m
[ 61%] [32m[1mLinking C shared library libmy_action_interface__rosidl_typesupport_introspection_c.so[0m
[ 61%] Built target my_action_interface__rosidl_typesupport_c
[ 61%] Built target my_action_interface__rosidl_typesupport_introspection_c
[ 64%] [32m[1mLinking CXX shared library libmy_action_interface__rosidl_typesupport_fastrtps_c.so[0m
[ 64%] Built target my_action_interface__rosidl_typesupport_fastrtps_c
[ 67%] [32m[1mLinking CXX shared library libmy_action_interface__rosidl_typesupport_cpp.so[0m
[ 70%] [32m[1mLinking CXX shared library libmy_action_interface__rosidl_typesupport_introspection_cpp.so[0m
[ 73%] [32m[1mLinking CXX shared library libmy_action_interface__rosidl_typesupport_fastrtps_cpp.so[0m
[ 73%] Built target my_action_interface__rosidl_typesupport_cpp
[ 73%] Built target my_action_interface__rosidl_typesupport_introspection_cpp
[ 73%] Built target my_action_interface__rosidl_typesupport_fastrtps_cpp
[ 73%] Built target my_action_interface
[ 76%] [34m[1mGenerating Python code for ROS interfaces[0m
[ 76%] Built target my_action_interface__py
[ 79%] [32mBuilding C object CMakeFiles/my_action_interface__rosidl_generator_py.dir/rosidl_generator_py/my_action_interface/action/_summ_calculate_s.c.o[0m
[ 82%] [32m[1mLinking C shared library rosidl_generator_py/my_action_interface/libmy_action_interface__rosidl_generator_py.so[0m
[ 82%] Built target my_action_interface__rosidl_generator_py
[ 91%] [32mBuilding C object CMakeFiles/my_action_interface__rosidl_typesupport_introspection_c__pyext.dir/rosidl_generator_py/my_action_interface/_my_action_interface_s.ep.rosidl_typesupport_introspection_c.c.o[0m
[ 91%] [32mBuilding C object CMakeFiles/my_action_interface__rosidl_typesupport_fastrtps_c__pyext.dir/rosidl_generator_py/my_action_interface/_my_action_interface_s.ep.rosidl_typesupport_fastrtps_c.c.o[0m
[ 91%] [32mBuilding C object CMakeFiles/my_action_interface__rosidl_typesupport_c__pyext.dir/rosidl_generator_py/my_action_interface/_my_action_interface_s.ep.rosidl_typesupport_c.c.o[0m
[ 94%] [32m[1mLinking C shared library rosidl_generator_py/my_action_interface/my_action_interface_s__rosidl_typesupport_c.cpython-310-x86_64-linux-gnu.so[0m
[100%] [32m[1mLinking C shared library rosidl_generator_py/my_action_interface/my_action_interface_s__rosidl_typesupport_introspection_c.cpython-310-x86_64-linux-gnu.so[0m
[100%] [32m[1mLinking C shared library rosidl_generator_py/my_action_interface/my_action_interface_s__rosidl_typesupport_fastrtps_c.cpython-310-x86_64-linux-gnu.so[0m
[100%] Built target my_action_interface__rosidl_typesupport_introspection_c__pyext
[100%] Built target my_action_interface__rosidl_typesupport_c__pyext
[100%] Built target my_action_interface__rosidl_typesupport_fastrtps_c__pyext
-- Install configuration: ""
-- Installing: /root/ros2_ws/install/my_action_interface/share/ament_index/resource_index/rosidl_interfaces/my_action_interface
-- Installing: /root/ros2_ws/install/my_action_interface/share/my_action_interface/action/SummCalculate.json
-- Installing: /root/ros2_ws/install/my_action_interface/include/my_action_interface/my_action_interface
-- Installing: /root/ros2_ws/install/my_action_interface/include/my_action_interface/my_action_interface/msg
-- Installing: /root/ros2_ws/install/my_action_interface/include/my_action_interface/my_action_interface/msg/rosidl_generator_c__visibility_control.h
-- Installing: /root/ros2_ws/install/my_action_interface/include/my_action_interface/my_action_interface/action
-- Installing: /root/ros2_ws/install/my_action_interface/include/my_action_interface/my_action_interface/action/summ_calculate.h
-- Installing: /root/ros2_ws/install/my_action_interface/include/my_action_interface/my_action_interface/action/detail
-- Installing: /root/ros2_ws/install/my_action_interface/include/my_action_interface/my_action_interface/action/detail/summ_calculate__type_support.h
-- Installing: /root/ros2_ws/install/my_action_interface/include/my_action_interface/my_action_interface/action/detail/summ_calculate__description.c
-- Installing: /root/ros2_ws/install/my_action_interface/include/my_action_interface/my_action_interface/action/detail/summ_calculate__functions.c
-- Installing: /root/ros2_ws/install/my_action_interface/include/my_action_interface/my_action_interface/action/detail/summ_calculate__type_support.c
-- Installing: /root/ros2_ws/install/my_action_interface/include/my_action_interface/my_action_interface/action/detail/summ_calculate__functions.h
-- Installing: /root/ros2_ws/install/my_action_interface/include/my_action_interface/my_action_interface/action/detail/summ_calculate__struct.h
-- Installing: /root/ros2_ws/install/my_action_interface/share/my_action_interface/environment/library_path.sh
-- Installing: /root/ros2_ws/install/my_action_interface/share/my_action_interface/environment/library_path.dsv
-- Installing: /root/ros2_ws/install/my_action_interface/lib/libmy_action_interface__rosidl_generator_c.so
-- Set runtime path of "/root/ros2_ws/install/my_action_interface/lib/libmy_action_interface__rosidl_generator_c.so" to ""
-- Up-to-date: /root/ros2_ws/install/my_action_interface/include/my_action_interface/my_action_interface
-- Up-to-date: /root/ros2_ws/install/my_action_interface/include/my_action_interface/my_action_interface/msg
-- Installing: /root/ros2_ws/install/my_action_interface/include/my_action_interface/my_action_interface/msg/rosidl_typesupport_fastrtps_c__visibility_control.h
-- Up-to-date: /root/ros2_ws/install/my_action_interface/include/my_action_interface/my_action_interface/action
-- Up-to-date: /root/ros2_ws/install/my_action_interface/include/my_action_interface/my_action_interface/action/detail
-- Installing: /root/ros2_ws/install/my_action_interface/include/my_action_interface/my_action_interface/action/detail/summ_calculate__rosidl_typesupport_fastrtps_c.h
-- Installing: /root/ros2_ws/install/my_action_interface/lib/libmy_action_interface__rosidl_typesupport_fastrtps_c.so
-- Set runtime path of "/root/ros2_ws/install/my_action_interface/lib/libmy_action_interface__rosidl_typesupport_fastrtps_c.so" to ""
-- Up-to-date: /root/ros2_ws/install/my_action_interface/include/my_action_interface/my_action_interface
-- Up-to-date: /root/ros2_ws/install/my_action_interface/include/my_action_interface/my_action_interface/msg
-- Installing: /root/ros2_ws/install/my_action_interface/include/my_action_interface/my_action_interface/msg/rosidl_typesupport_introspection_c__visibility_control.h
-- Up-to-date: /root/ros2_ws/install/my_action_interface/include/my_action_interface/my_action_interface/action
-- Up-to-date: /root/ros2_ws/install/my_action_interface/include/my_action_interface/my_action_interface/action/detail
-- Up-to-date: /root/ros2_ws/install/my_action_interface/include/my_action_interface/my_action_interface/action/detail/summ_calculate__type_support.c
-- Installing: /root/ros2_ws/install/my_action_interface/include/my_action_interface/my_action_interface/action/detail/summ_calculate__rosidl_typesupport_introspection_c.h
-- Installing: /root/ros2_ws/install/my_action_interface/lib/libmy_action_interface__rosidl_typesupport_introspection_c.so
-- Set runtime path of "/root/ros2_ws/install/my_action_interface/lib/libmy_action_interface__rosidl_typesupport_introspection_c.so" to ""
-- Installing: /root/ros2_ws/install/my_action_interface/lib/libmy_action_interface__rosidl_typesupport_c.so
-- Set runtime path of "/root/ros2_ws/install/my_action_interface/lib/libmy_action_interface__rosidl_typesupport_c.so" to ""
-- Up-to-date: /root/ros2_ws/install/my_action_interface/include/my_action_interface/my_action_interface
-- Up-to-date: /root/ros2_ws/install/my_action_interface/include/my_action_interface/my_action_interface/action
-- Installing: /root/ros2_ws/install/my_action_interface/include/my_action_interface/my_action_interface/action/summ_calculate.hpp
-- Up-to-date: /root/ros2_ws/install/my_action_interface/include/my_action_interface/my_action_interface/action/detail
-- Installing: /root/ros2_ws/install/my_action_interface/include/my_action_interface/my_action_interface/action/detail/summ_calculate__struct.hpp
-- Installing: /root/ros2_ws/install/my_action_interface/include/my_action_interface/my_action_interface/action/detail/summ_calculate__builder.hpp
-- Installing: /root/ros2_ws/install/my_action_interface/include/my_action_interface/my_action_interface/action/detail/summ_calculate__traits.hpp
-- Up-to-date: /root/ros2_ws/install/my_action_interface/include/my_action_interface/my_action_interface
-- Up-to-date: /root/ros2_ws/install/my_action_interface/include/my_action_interface/my_action_interface/msg
-- Installing: /root/ros2_ws/install/my_action_interface/include/my_action_interface/my_action_interface/msg/rosidl_typesupport_fastrtps_cpp__visibility_control.h
-- Up-to-date: /root/ros2_ws/install/my_action_interface/include/my_action_interface/my_action_interface/action
-- Up-to-date: /root/ros2_ws/install/my_action_interface/include/my_action_interface/my_action_interface/action/detail
-- Installing: /root/ros2_ws/install/my_action_interface/include/my_action_interface/my_action_interface/action/detail/dds_fastrtps
-- Installing: /root/ros2_ws/install/my_action_interface/include/my_action_interface/my_action_interface/action/detail/summ_calculate__rosidl_typesupport_fastrtps_cpp.hpp
-- Installing: /root/ros2_ws/install/my_action_interface/lib/libmy_action_interface__rosidl_typesupport_fastrtps_cpp.so
-- Set runtime path of "/root/ros2_ws/install/my_action_interface/lib/libmy_action_interface__rosidl_typesupport_fastrtps_cpp.so" to ""
-- Up-to-date: /root/ros2_ws/install/my_action_interface/include/my_action_interface/my_action_interface
-- Up-to-date: /root/ros2_ws/install/my_action_interface/include/my_action_interface/my_action_interface/action
-- Up-to-date: /root/ros2_ws/install/my_action_interface/include/my_action_interface/my_action_interface/action/detail
-- Installing: /root/ros2_ws/install/my_action_interface/include/my_action_interface/my_action_interface/action/detail/summ_calculate__type_support.cpp
-- Installing: /root/ros2_ws/install/my_action_interface/include/my_action_interface/my_action_interface/action/detail/summ_calculate__rosidl_typesupport_introspection_cpp.hpp
-- Installing: /root/ros2_ws/install/my_action_interface/lib/libmy_action_interface__rosidl_typesupport_introspection_cpp.so
-- Set runtime path of "/root/ros2_ws/install/my_action_interface/lib/libmy_action_interface__rosidl_typesupport_introspection_cpp.so" to ""
-- Installing: /root/ros2_ws/install/my_action_interface/lib/libmy_action_interface__rosidl_typesupport_cpp.so
-- Set runtime path of "/root/ros2_ws/install/my_action_interface/lib/libmy_action_interface__rosidl_typesupport_cpp.so" to ""
-- Installing: /root/ros2_ws/install/my_action_interface/share/my_action_interface/environment/pythonpath.sh
-- Installing: /root/ros2_ws/install/my_action_interface/share/my_action_interface/environment/pythonpath.dsv
-- Installing: /root/ros2_ws/install/my_action_interface/lib/python3.10/site-packages/my_action_interface-0.0.0-py3.10.egg-info
-- Installing: /root/ros2_ws/install/my_action_interface/lib/python3.10/site-packages/my_action_interface-0.0.0-py3.10.egg-info/SOURCES.txt
-- Installing: /root/ros2_ws/install/my_action_interface/lib/python3.10/site-packages/my_action_interface-0.0.0-py3.10.egg-info/top_level.txt
-- Installing: /root/ros2_ws/install/my_action_interface/lib/python3.10/site-packages/my_action_interface-0.0.0-py3.10.egg-info/PKG-INFO
-- Installing: /root/ros2_ws/install/my_action_interface/lib/python3.10/site-packages/my_action_interface-0.0.0-py3.10.egg-info/dependency_links.txt
-- Installing: /root/ros2_ws/install/my_action_interface/lib/python3.10/site-packages/my_action_interface
-- Installing: /root/ros2_ws/install/my_action_interface/lib/python3.10/site-packages/my_action_interface/__init__.py
-- Installing: /root/ros2_ws/install/my_action_interface/lib/python3.10/site-packages/my_action_interface/my_action_interface_s__rosidl_typesupport_introspection_c.cpython-310-x86_64-linux-gnu.so
-- Installing: /root/ros2_ws/install/my_action_interface/lib/python3.10/site-packages/my_action_interface/my_action_interface_s__rosidl_typesupport_c.cpython-310-x86_64-linux-gnu.so
-- Installing: /root/ros2_ws/install/my_action_interface/lib/python3.10/site-packages/my_action_interface/_my_action_interface_s.ep.rosidl_typesupport_introspection_c.c
-- Installing: /root/ros2_ws/install/my_action_interface/lib/python3.10/site-packages/my_action_interface/_my_action_interface_s.ep.rosidl_typesupport_fastrtps_c.c
-- Installing: /root/ros2_ws/install/my_action_interface/lib/python3.10/site-packages/my_action_interface/action
-- Installing: /root/ros2_ws/install/my_action_interface/lib/python3.10/site-packages/my_action_interface/action/__init__.py
-- Installing: /root/ros2_ws/install/my_action_interface/lib/python3.10/site-packages/my_action_interface/action/_summ_calculate_s.c
-- Installing: /root/ros2_ws/install/my_action_interface/lib/python3.10/site-packages/my_action_interface/action/_summ_calculate.py
-- Installing: /root/ros2_ws/install/my_action_interface/lib/python3.10/site-packages/my_action_interface/libmy_action_interface__rosidl_generator_py.so
-- Installing: /root/ros2_ws/install/my_action_interface/lib/python3.10/site-packages/my_action_interface/my_action_interface_s__rosidl_typesupport_fastrtps_c.cpython-310-x86_64-linux-gnu.so
-- Installing: /root/ros2_ws/install/my_action_interface/lib/python3.10/site-packages/my_action_interface/_my_action_interface_s.ep.rosidl_typesupport_c.c
Listing '/root/ros2_ws/install/my_action_interface/lib/python3.10/site-packages/my_action_interface'...
Compiling '/root/ros2_ws/install/my_action_interface/lib/python3.10/site-packages/my_action_interface/__init__.py'...
Listing '/root/ros2_ws/install/my_action_interface/lib/python3.10/site-packages/my_action_interface/action'...
Compiling '/root/ros2_ws/install/my_action_interface/lib/python3.10/site-packages/my_action_interface/action/__init__.py'...
Compiling '/root/ros2_ws/install/my_action_interface/lib/python3.10/site-packages/my_action_interface/action/_summ_calculate.py'...
-- Installing: /root/ros2_ws/install/my_action_interface/lib/python3.10/site-packages/my_action_interface/my_action_interface_s__rosidl_typesupport_fastrtps_c.cpython-310-x86_64-linux-gnu.so
-- Set runtime path of "/root/ros2_ws/install/my_action_interface/lib/python3.10/site-packages/my_action_interface/my_action_interface_s__rosidl_typesupport_fastrtps_c.cpython-310-x86_64-linux-gnu.so" to ""
-- Installing: /root/ros2_ws/install/my_action_interface/lib/python3.10/site-packages/my_action_interface/my_action_interface_s__rosidl_typesupport_introspection_c.cpython-310-x86_64-linux-gnu.so
-- Set runtime path of "/root/ros2_ws/install/my_action_interface/lib/python3.10/site-packages/my_action_interface/my_action_interface_s__rosidl_typesupport_introspection_c.cpython-310-x86_64-linux-gnu.so" to ""
-- Installing: /root/ros2_ws/install/my_action_interface/lib/python3.10/site-packages/my_action_interface/my_action_interface_s__rosidl_typesupport_c.cpython-310-x86_64-linux-gnu.so
-- Set runtime path of "/root/ros2_ws/install/my_action_interface/lib/python3.10/site-packages/my_action_interface/my_action_interface_s__rosidl_typesupport_c.cpython-310-x86_64-linux-gnu.so" to ""
-- Installing: /root/ros2_ws/install/my_action_interface/lib/libmy_action_interface__rosidl_generator_py.so
-- Set runtime path of "/root/ros2_ws/install/my_action_interface/lib/libmy_action_interface__rosidl_generator_py.so" to ""
-- Installing: /root/ros2_ws/install/my_action_interface/share/my_action_interface/action/SummCalculate.idl
-- Installing: /root/ros2_ws/install/my_action_interface/share/my_action_interface/action/SummCalculate.action
-- Installing: /root/ros2_ws/install/my_action_interface/share/ament_index/resource_index/package_run_dependencies/my_action_interface
-- Installing: /root/ros2_ws/install/my_action_interface/share/ament_index/resource_index/parent_prefix_path/my_action_interface
-- Installing: /root/ros2_ws/install/my_action_interface/share/my_action_interface/environment/ament_prefix_path.sh
-- Installing: /root/ros2_ws/install/my_action_interface/share/my_action_interface/environment/ament_prefix_path.dsv
-- Installing: /root/ros2_ws/install/my_action_interface/share/my_action_interface/environment/path.sh
-- Installing: /root/ros2_ws/install/my_action_interface/share/my_action_interface/environment/path.dsv
-- Installing: /root/ros2_ws/install/my_action_interface/share/my_action_interface/local_setup.bash
-- Installing: /root/ros2_ws/install/my_action_interface/share/my_action_interface/local_setup.sh
-- Installing: /root/ros2_ws/install/my_action_interface/share/my_action_interface/local_setup.zsh
-- Installing: /root/ros2_ws/install/my_action_interface/share/my_action_interface/local_setup.dsv
-- Installing: /root/ros2_ws/install/my_action_interface/share/my_action_interface/package.dsv
-- Installing: /root/ros2_ws/install/my_action_interface/share/ament_index/resource_index/packages/my_action_interface
-- Installing: /root/ros2_ws/install/my_action_interface/share/my_action_interface/cmake/export_my_action_interface__rosidl_generator_cExport.cmake
-- Installing: /root/ros2_ws/install/my_action_interface/share/my_action_interface/cmake/export_my_action_interface__rosidl_generator_cExport-noconfig.cmake
-- Installing: /root/ros2_ws/install/my_action_interface/share/my_action_interface/cmake/export_my_action_interface__rosidl_typesupport_fastrtps_cExport.cmake
-- Installing: /root/ros2_ws/install/my_action_interface/share/my_action_interface/cmake/export_my_action_interface__rosidl_typesupport_fastrtps_cExport-noconfig.cmake
-- Installing: /root/ros2_ws/install/my_action_interface/share/my_action_interface/cmake/my_action_interface__rosidl_typesupport_introspection_cExport.cmake
-- Installing: /root/ros2_ws/install/my_action_interface/share/my_action_interface/cmake/my_action_interface__rosidl_typesupport_introspection_cExport-noconfig.cmake
-- Installing: /root/ros2_ws/install/my_action_interface/share/my_action_interface/cmake/my_action_interface__rosidl_typesupport_cExport.cmake
-- Installing: /root/ros2_ws/install/my_action_interface/share/my_action_interface/cmake/my_action_interface__rosidl_typesupport_cExport-noconfig.cmake
-- Installing: /root/ros2_ws/install/my_action_interface/share/my_action_interface/cmake/export_my_action_interface__rosidl_generator_cppExport.cmake
-- Installing: /root/ros2_ws/install/my_action_interface/share/my_action_interface/cmake/export_my_action_interface__rosidl_typesupport_fastrtps_cppExport.cmake
-- Installing: /root/ros2_ws/install/my_action_interface/share/my_action_interface/cmake/export_my_action_interface__rosidl_typesupport_fastrtps_cppExport-noconfig.cmake
-- Installing: /root/ros2_ws/install/my_action_interface/share/my_action_interface/cmake/my_action_interface__rosidl_typesupport_introspection_cppExport.cmake
-- Installing: /root/ros2_ws/install/my_action_interface/share/my_action_interface/cmake/my_action_interface__rosidl_typesupport_introspection_cppExport-noconfig.cmake
-- Installing: /root/ros2_ws/install/my_action_interface/share/my_action_interface/cmake/my_action_interface__rosidl_typesupport_cppExport.cmake
-- Installing: /root/ros2_ws/install/my_action_interface/share/my_action_interface/cmake/my_action_interface__rosidl_typesupport_cppExport-noconfig.cmake
-- Installing: /root/ros2_ws/install/my_action_interface/share/my_action_interface/cmake/export_my_action_interface__rosidl_generator_pyExport.cmake
-- Installing: /root/ros2_ws/install/my_action_interface/share/my_action_interface/cmake/export_my_action_interface__rosidl_generator_pyExport-noconfig.cmake
-- Installing: /root/ros2_ws/install/my_action_interface/share/my_action_interface/cmake/rosidl_cmake-extras.cmake
-- Installing: /root/ros2_ws/install/my_action_interface/share/my_action_interface/cmake/ament_cmake_export_dependencies-extras.cmake
-- Installing: /root/ros2_ws/install/my_action_interface/share/my_action_interface/cmake/ament_cmake_export_include_directories-extras.cmake
-- Installing: /root/ros2_ws/install/my_action_interface/share/my_action_interface/cmake/ament_cmake_export_libraries-extras.cmake
-- Installing: /root/ros2_ws/install/my_action_interface/share/my_action_interface/cmake/ament_cmake_export_targets-extras.cmake
-- Installing: /root/ros2_ws/install/my_action_interface/share/my_action_interface/cmake/rosidl_cmake_export_typesupport_targets-extras.cmake
-- Installing: /root/ros2_ws/install/my_action_interface/share/my_action_interface/cmake/rosidl_cmake_export_typesupport_libraries-extras.cmake
-- Installing: /root/ros2_ws/install/my_action_interface/share/my_action_interface/cmake/my_action_interfaceConfig.cmake
-- Installing: /root/ros2_ws/install/my_action_interface/share/my_action_interface/cmake/my_action_interfaceConfig-version.cmake
-- Installing: /root/ros2_ws/install/my_action_interface/share/my_action_interface/package.xml
