[1.072s] Invoking command in '/root/ros2_ws/src/listener': PYTHONPATH=/root/ros2_ws/build/listener/prefix_override:/usr/lib/python3/dist-packages/colcon_core/task/python/colcon_distutils_commands:/root/ros2_ws/install/listener/lib/python3.10/site-packages:${PYTHONPATH} /usr/bin/python3 -W ignore:setup.py install is deprecated -W ignore:easy_install command is deprecated setup.py egg_info --egg-base ../../build/listener build --build-base /root/ros2_ws/build/listener/build install --record /root/ros2_ws/build/listener/install.log --single-version-externally-managed install_data
[1.197s] /root/.local/lib/python3.10/site-packages/setuptools/_distutils/dist.py:270: UserWarning: Unknown distribution option: 'tests_require'
[1.197s]   warnings.warn(msg)
[1.290s] running egg_info
[1.302s] creating ../../build/listener/listener.egg-info
[1.302s] writing ../../build/listener/listener.egg-info/PKG-INFO
[1.303s] writing dependency_links to ../../build/listener/listener.egg-info/dependency_links.txt
[1.303s] writing entry points to ../../build/listener/listener.egg-info/entry_points.txt
[1.303s] writing requirements to ../../build/listener/listener.egg-info/requires.txt
[1.303s] writing top-level names to ../../build/listener/listener.egg-info/top_level.txt
[1.303s] writing manifest file '../../build/listener/listener.egg-info/SOURCES.txt'
[1.331s] reading manifest file '../../build/listener/listener.egg-info/SOURCES.txt'
[1.331s] writing manifest file '../../build/listener/listener.egg-info/SOURCES.txt'
[1.332s] running build
[1.332s] running build_py
[1.332s] creating /root/ros2_ws/build/listener/build/lib/listener
[1.334s] copying listener/__init__.py -> /root/ros2_ws/build/listener/build/lib/listener
[1.334s] copying listener/listener_node.py -> /root/ros2_ws/build/listener/build/lib/listener
[1.334s] running install
[1.338s] running install_lib
[1.351s] creating /root/ros2_ws/install/listener/lib/python3.10/site-packages/listener
[1.352s] copying /root/ros2_ws/build/listener/build/lib/listener/__init__.py -> /root/ros2_ws/install/listener/lib/python3.10/site-packages/listener
[1.352s] copying /root/ros2_ws/build/listener/build/lib/listener/listener_node.py -> /root/ros2_ws/install/listener/lib/python3.10/site-packages/listener
[1.352s] byte-compiling /root/ros2_ws/install/listener/lib/python3.10/site-packages/listener/__init__.py to __init__.cpython-310.pyc
[1.353s] byte-compiling /root/ros2_ws/install/listener/lib/python3.10/site-packages/listener/listener_node.py to listener_node.cpython-310.pyc
[1.353s] running install_data
[1.353s] creating /root/ros2_ws/install/listener/share/ament_index/resource_index/packages
[1.354s] copying resource/listener -> /root/ros2_ws/install/listener/share/ament_index/resource_index/packages
[1.354s] copying package.xml -> /root/ros2_ws/install/listener/share/listener
[1.354s] running install_egg_info
[1.369s] Copying ../../build/listener/listener.egg-info to /root/ros2_ws/install/listener/lib/python3.10/site-packages/listener-0.0.0-py3.10.egg-info
[1.371s] running install_scripts
[1.509s] Installing listener script to /root/ros2_ws/install/listener/lib/listener
[1.510s] writing list of installed files to '/root/ros2_ws/build/listener/install.log'
[1.544s] Invoked command in '/root/ros2_ws/src/listener' returned '0': PYTHONPATH=/root/ros2_ws/build/listener/prefix_override:/usr/lib/python3/dist-packages/colcon_core/task/python/colcon_distutils_commands:/root/ros2_ws/install/listener/lib/python3.10/site-packages:${PYTHONPATH} /usr/bin/python3 -W ignore:setup.py install is deprecated -W ignore:easy_install command is deprecated setup.py egg_info --egg-base ../../build/listener build --build-base /root/ros2_ws/build/listener/build install --record /root/ros2_ws/build/listener/install.log --single-version-externally-managed install_data
