[0.536s] DEBUG:colcon:Command line arguments: ['/usr/bin/colcon', 'build']
[0.536s] DEBUG:colcon:Parsed command line arguments: Namespace(log_base=None, log_level=None, verb_name='build', build_base='build', install_base='install', merge_install=False, symlink_install=False, test_result_base=None, continue_on_error=False, executor='parallel', parallel_workers=12, event_handlers=None, ignore_user_meta=False, metas=['./colcon.meta'], base_paths=['.'], packages_ignore=None, packages_ignore_regex=None, paths=None, packages_up_to=None, packages_up_to_regex=None, packages_above=None, packages_above_and_dependencies=None, packages_above_depth=None, packages_select_by_dep=None, packages_skip_by_dep=None, packages_skip_up_to=None, packages_select_build_failed=False, packages_skip_build_finished=False, packages_select_test_failures=False, packages_skip_test_passed=False, packages_select=None, packages_skip=None, packages_select_regex=None, packages_skip_regex=None, packages_start=None, packages_end=None, allow_overriding=[], cmake_args=None, cmake_target=None, cmake_target_skip_unavailable=False, cmake_clean_cache=False, cmake_clean_first=False, cmake_force_configure=False, ament_cmake_args=None, catkin_cmake_args=None, catkin_skip_building_tests=False, mixin_files=None, mixin=None, verb_parser=<colcon_mixin.mixin.mixin_argument.MixinArgumentDecorator object at 0x7f0a0f20b2e0>, verb_extension=<colcon_core.verb.build.BuildVerb object at 0x7f0a0f1d49d0>, main=<bound method BuildVerb.main of <colcon_core.verb.build.BuildVerb object at 0x7f0a0f1d49d0>>, mixin_verb=('build',))
[0.629s] Level 1:colcon.colcon_core.package_discovery:discover_packages(colcon_meta) check parameters
[0.629s] Level 1:colcon.colcon_core.package_discovery:discover_packages(recursive) check parameters
[0.629s] Level 1:colcon.colcon_core.package_discovery:discover_packages(ignore) check parameters
[0.629s] Level 1:colcon.colcon_core.package_discovery:discover_packages(path) check parameters
[0.629s] Level 1:colcon.colcon_core.package_discovery:discover_packages(colcon_meta) discover
[0.630s] Level 1:colcon.colcon_core.package_discovery:discover_packages(recursive) discover
[0.630s] INFO:colcon.colcon_core.package_discovery:Crawling recursively for packages in '/root/ros2_ws'
[0.630s] Level 1:colcon.colcon_core.package_identification:_identify(.) by extensions ['ignore', 'ignore_ament_install']
[0.630s] Level 1:colcon.colcon_core.package_identification:_identify(.) by extension 'ignore'
[0.630s] Level 1:colcon.colcon_core.package_identification:_identify(.) by extension 'ignore_ament_install'
[0.631s] Level 1:colcon.colcon_core.package_identification:_identify(.) by extensions ['colcon_pkg']
[0.631s] Level 1:colcon.colcon_core.package_identification:_identify(.) by extension 'colcon_pkg'
[0.631s] Level 1:colcon.colcon_core.package_identification:_identify(.) by extensions ['colcon_meta']
[0.631s] Level 1:colcon.colcon_core.package_identification:_identify(.) by extension 'colcon_meta'
[0.631s] Level 1:colcon.colcon_core.package_identification:_identify(.) by extensions ['ros']
[0.631s] Level 1:colcon.colcon_core.package_identification:_identify(.) by extension 'ros'
[0.664s] Level 1:colcon.colcon_core.package_identification:_identify(.) by extensions ['cmake', 'python']
[0.664s] Level 1:colcon.colcon_core.package_identification:_identify(.) by extension 'cmake'
[0.664s] Level 1:colcon.colcon_core.package_identification:_identify(.) by extension 'python'
[0.664s] Level 1:colcon.colcon_core.package_identification:_identify(.) by extensions ['python_setup_py']
[0.664s] Level 1:colcon.colcon_core.package_identification:_identify(.) by extension 'python_setup_py'
[0.665s] Level 1:colcon.colcon_core.package_identification:_identify(build) by extensions ['ignore', 'ignore_ament_install']
[0.665s] Level 1:colcon.colcon_core.package_identification:_identify(build) by extension 'ignore'
[0.665s] Level 1:colcon.colcon_core.package_identification:_identify(build) ignored
[0.665s] Level 1:colcon.colcon_core.package_identification:_identify(install) by extensions ['ignore', 'ignore_ament_install']
[0.666s] Level 1:colcon.colcon_core.package_identification:_identify(install) by extension 'ignore'
[0.666s] Level 1:colcon.colcon_core.package_identification:_identify(install) ignored
[0.666s] Level 1:colcon.colcon_core.package_identification:_identify(log) by extensions ['ignore', 'ignore_ament_install']
[0.666s] Level 1:colcon.colcon_core.package_identification:_identify(log) by extension 'ignore'
[0.666s] Level 1:colcon.colcon_core.package_identification:_identify(log) ignored
[0.666s] Level 1:colcon.colcon_core.package_identification:_identify(src) by extensions ['ignore', 'ignore_ament_install']
[0.666s] Level 1:colcon.colcon_core.package_identification:_identify(src) by extension 'ignore'
[0.667s] Level 1:colcon.colcon_core.package_identification:_identify(src) by extension 'ignore_ament_install'
[0.667s] Level 1:colcon.colcon_core.package_identification:_identify(src) by extensions ['colcon_pkg']
[0.667s] Level 1:colcon.colcon_core.package_identification:_identify(src) by extension 'colcon_pkg'
[0.667s] Level 1:colcon.colcon_core.package_identification:_identify(src) by extensions ['colcon_meta']
[0.667s] Level 1:colcon.colcon_core.package_identification:_identify(src) by extension 'colcon_meta'
[0.667s] Level 1:colcon.colcon_core.package_identification:_identify(src) by extensions ['ros']
[0.667s] Level 1:colcon.colcon_core.package_identification:_identify(src) by extension 'ros'
[0.667s] Level 1:colcon.colcon_core.package_identification:_identify(src) by extensions ['cmake', 'python']
[0.667s] Level 1:colcon.colcon_core.package_identification:_identify(src) by extension 'cmake'
[0.667s] Level 1:colcon.colcon_core.package_identification:_identify(src) by extension 'python'
[0.667s] Level 1:colcon.colcon_core.package_identification:_identify(src) by extensions ['python_setup_py']
[0.667s] Level 1:colcon.colcon_core.package_identification:_identify(src) by extension 'python_setup_py'
[0.668s] Level 1:colcon.colcon_core.package_identification:_identify(src/listener) by extensions ['ignore', 'ignore_ament_install']
[0.668s] Level 1:colcon.colcon_core.package_identification:_identify(src/listener) by extension 'ignore'
[0.668s] Level 1:colcon.colcon_core.package_identification:_identify(src/listener) by extension 'ignore_ament_install'
[0.668s] Level 1:colcon.colcon_core.package_identification:_identify(src/listener) by extensions ['colcon_pkg']
[0.668s] Level 1:colcon.colcon_core.package_identification:_identify(src/listener) by extension 'colcon_pkg'
[0.668s] Level 1:colcon.colcon_core.package_identification:_identify(src/listener) by extensions ['colcon_meta']
[0.668s] Level 1:colcon.colcon_core.package_identification:_identify(src/listener) by extension 'colcon_meta'
[0.668s] Level 1:colcon.colcon_core.package_identification:_identify(src/listener) by extensions ['ros']
[0.668s] Level 1:colcon.colcon_core.package_identification:_identify(src/listener) by extension 'ros'
[0.673s] DEBUG:colcon.colcon_core.package_identification:Package 'src/listener' with type 'ros.ament_python' and name 'listener'
[0.673s] Level 1:colcon.colcon_core.package_identification:_identify(src/my_service_client) by extensions ['ignore', 'ignore_ament_install']
[0.673s] Level 1:colcon.colcon_core.package_identification:_identify(src/my_service_client) by extension 'ignore'
[0.673s] Level 1:colcon.colcon_core.package_identification:_identify(src/my_service_client) by extension 'ignore_ament_install'
[0.673s] Level 1:colcon.colcon_core.package_identification:_identify(src/my_service_client) by extensions ['colcon_pkg']
[0.673s] Level 1:colcon.colcon_core.package_identification:_identify(src/my_service_client) by extension 'colcon_pkg'
[0.673s] Level 1:colcon.colcon_core.package_identification:_identify(src/my_service_client) by extensions ['colcon_meta']
[0.673s] Level 1:colcon.colcon_core.package_identification:_identify(src/my_service_client) by extension 'colcon_meta'
[0.674s] Level 1:colcon.colcon_core.package_identification:_identify(src/my_service_client) by extensions ['ros']
[0.674s] Level 1:colcon.colcon_core.package_identification:_identify(src/my_service_client) by extension 'ros'
[0.675s] DEBUG:colcon.colcon_core.package_identification:Package 'src/my_service_client' with type 'ros.ament_python' and name 'my_service_client'
[0.675s] Level 1:colcon.colcon_core.package_identification:_identify(src/my_service_interfaces) by extensions ['ignore', 'ignore_ament_install']
[0.675s] Level 1:colcon.colcon_core.package_identification:_identify(src/my_service_interfaces) by extension 'ignore'
[0.675s] Level 1:colcon.colcon_core.package_identification:_identify(src/my_service_interfaces) by extension 'ignore_ament_install'
[0.675s] Level 1:colcon.colcon_core.package_identification:_identify(src/my_service_interfaces) by extensions ['colcon_pkg']
[0.675s] Level 1:colcon.colcon_core.package_identification:_identify(src/my_service_interfaces) by extension 'colcon_pkg'
[0.675s] Level 1:colcon.colcon_core.package_identification:_identify(src/my_service_interfaces) by extensions ['colcon_meta']
[0.676s] Level 1:colcon.colcon_core.package_identification:_identify(src/my_service_interfaces) by extension 'colcon_meta'
[0.676s] Level 1:colcon.colcon_core.package_identification:_identify(src/my_service_interfaces) by extensions ['ros']
[0.676s] Level 1:colcon.colcon_core.package_identification:_identify(src/my_service_interfaces) by extension 'ros'
[0.677s] DEBUG:colcon.colcon_core.package_identification:Package 'src/my_service_interfaces' with type 'ros.ament_cmake' and name 'my_service_interfaces'
[0.677s] Level 1:colcon.colcon_core.package_identification:_identify(src/my_service_server) by extensions ['ignore', 'ignore_ament_install']
[0.677s] Level 1:colcon.colcon_core.package_identification:_identify(src/my_service_server) by extension 'ignore'
[0.677s] Level 1:colcon.colcon_core.package_identification:_identify(src/my_service_server) by extension 'ignore_ament_install'
[0.677s] Level 1:colcon.colcon_core.package_identification:_identify(src/my_service_server) by extensions ['colcon_pkg']
[0.677s] Level 1:colcon.colcon_core.package_identification:_identify(src/my_service_server) by extension 'colcon_pkg'
[0.677s] Level 1:colcon.colcon_core.package_identification:_identify(src/my_service_server) by extensions ['colcon_meta']
[0.677s] Level 1:colcon.colcon_core.package_identification:_identify(src/my_service_server) by extension 'colcon_meta'
[0.677s] Level 1:colcon.colcon_core.package_identification:_identify(src/my_service_server) by extensions ['ros']
[0.677s] Level 1:colcon.colcon_core.package_identification:_identify(src/my_service_server) by extension 'ros'
[0.678s] DEBUG:colcon.colcon_core.package_identification:Package 'src/my_service_server' with type 'ros.ament_python' and name 'my_service_server'
[0.679s] Level 1:colcon.colcon_core.package_identification:_identify(src/my_turtle_controller) by extensions ['ignore', 'ignore_ament_install']
[0.679s] Level 1:colcon.colcon_core.package_identification:_identify(src/my_turtle_controller) by extension 'ignore'
[0.679s] Level 1:colcon.colcon_core.package_identification:_identify(src/my_turtle_controller) by extension 'ignore_ament_install'
[0.679s] Level 1:colcon.colcon_core.package_identification:_identify(src/my_turtle_controller) by extensions ['colcon_pkg']
[0.679s] Level 1:colcon.colcon_core.package_identification:_identify(src/my_turtle_controller) by extension 'colcon_pkg'
[0.679s] Level 1:colcon.colcon_core.package_identification:_identify(src/my_turtle_controller) by extensions ['colcon_meta']
[0.679s] Level 1:colcon.colcon_core.package_identification:_identify(src/my_turtle_controller) by extension 'colcon_meta'
[0.679s] Level 1:colcon.colcon_core.package_identification:_identify(src/my_turtle_controller) by extensions ['ros']
[0.679s] Level 1:colcon.colcon_core.package_identification:_identify(src/my_turtle_controller) by extension 'ros'
[0.680s] DEBUG:colcon.colcon_core.package_identification:Package 'src/my_turtle_controller' with type 'ros.ament_python' and name 'my_turtle_controller'
[0.680s] Level 1:colcon.colcon_core.package_identification:_identify(src/talker) by extensions ['ignore', 'ignore_ament_install']
[0.681s] Level 1:colcon.colcon_core.package_identification:_identify(src/talker) by extension 'ignore'
[0.681s] Level 1:colcon.colcon_core.package_identification:_identify(src/talker) by extension 'ignore_ament_install'
[0.681s] Level 1:colcon.colcon_core.package_identification:_identify(src/talker) by extensions ['colcon_pkg']
[0.681s] Level 1:colcon.colcon_core.package_identification:_identify(src/talker) by extension 'colcon_pkg'
[0.681s] Level 1:colcon.colcon_core.package_identification:_identify(src/talker) by extensions ['colcon_meta']
[0.681s] Level 1:colcon.colcon_core.package_identification:_identify(src/talker) by extension 'colcon_meta'
[0.681s] Level 1:colcon.colcon_core.package_identification:_identify(src/talker) by extensions ['ros']
[0.681s] Level 1:colcon.colcon_core.package_identification:_identify(src/talker) by extension 'ros'
[0.682s] DEBUG:colcon.colcon_core.package_identification:Package 'src/talker' with type 'ros.ament_python' and name 'talker'
[0.682s] Level 1:colcon.colcon_core.package_discovery:discover_packages(recursive) using defaults
[0.682s] Level 1:colcon.colcon_core.package_discovery:discover_packages(ignore) discover
[0.682s] Level 1:colcon.colcon_core.package_discovery:discover_packages(ignore) using defaults
[0.682s] Level 1:colcon.colcon_core.package_discovery:discover_packages(path) discover
[0.682s] Level 1:colcon.colcon_core.package_discovery:discover_packages(path) using defaults
[0.726s] Level 1:colcon.colcon_core.package_discovery:discover_packages(prefix_path) check parameters
[0.726s] Level 1:colcon.colcon_core.package_discovery:discover_packages(prefix_path) discover
[0.730s] DEBUG:colcon.colcon_installed_package_information.package_discovery:Found 6 installed packages in /root/ros2_ws/install
[0.732s] DEBUG:colcon.colcon_installed_package_information.package_discovery:Found 281 installed packages in /opt/ros/iron
[0.735s] Level 1:colcon.colcon_core.package_discovery:discover_packages(prefix_path) using defaults
[0.817s] Level 5:colcon.colcon_core.verb:set package 'listener' build argument 'cmake_args' from command line to 'None'
[0.817s] Level 5:colcon.colcon_core.verb:set package 'listener' build argument 'cmake_target' from command line to 'None'
[0.818s] Level 5:colcon.colcon_core.verb:set package 'listener' build argument 'cmake_target_skip_unavailable' from command line to 'False'
[0.818s] Level 5:colcon.colcon_core.verb:set package 'listener' build argument 'cmake_clean_cache' from command line to 'False'
[0.818s] Level 5:colcon.colcon_core.verb:set package 'listener' build argument 'cmake_clean_first' from command line to 'False'
[0.818s] Level 5:colcon.colcon_core.verb:set package 'listener' build argument 'cmake_force_configure' from command line to 'False'
[0.818s] Level 5:colcon.colcon_core.verb:set package 'listener' build argument 'ament_cmake_args' from command line to 'None'
[0.818s] Level 5:colcon.colcon_core.verb:set package 'listener' build argument 'catkin_cmake_args' from command line to 'None'
[0.818s] Level 5:colcon.colcon_core.verb:set package 'listener' build argument 'catkin_skip_building_tests' from command line to 'False'
[0.818s] DEBUG:colcon.colcon_core.verb:Building package 'listener' with the following arguments: {'ament_cmake_args': None, 'build_base': '/root/ros2_ws/build/listener', 'catkin_cmake_args': None, 'catkin_skip_building_tests': False, 'cmake_args': None, 'cmake_clean_cache': False, 'cmake_clean_first': False, 'cmake_force_configure': False, 'cmake_target': None, 'cmake_target_skip_unavailable': False, 'install_base': '/root/ros2_ws/install/listener', 'merge_install': False, 'path': '/root/ros2_ws/src/listener', 'symlink_install': False, 'test_result_base': None}
[0.819s] Level 5:colcon.colcon_core.verb:set package 'my_service_interfaces' build argument 'cmake_args' from command line to 'None'
[0.819s] Level 5:colcon.colcon_core.verb:set package 'my_service_interfaces' build argument 'cmake_target' from command line to 'None'
[0.819s] Level 5:colcon.colcon_core.verb:set package 'my_service_interfaces' build argument 'cmake_target_skip_unavailable' from command line to 'False'
[0.819s] Level 5:colcon.colcon_core.verb:set package 'my_service_interfaces' build argument 'cmake_clean_cache' from command line to 'False'
[0.819s] Level 5:colcon.colcon_core.verb:set package 'my_service_interfaces' build argument 'cmake_clean_first' from command line to 'False'
[0.819s] Level 5:colcon.colcon_core.verb:set package 'my_service_interfaces' build argument 'cmake_force_configure' from command line to 'False'
[0.819s] Level 5:colcon.colcon_core.verb:set package 'my_service_interfaces' build argument 'ament_cmake_args' from command line to 'None'
[0.819s] Level 5:colcon.colcon_core.verb:set package 'my_service_interfaces' build argument 'catkin_cmake_args' from command line to 'None'
[0.819s] Level 5:colcon.colcon_core.verb:set package 'my_service_interfaces' build argument 'catkin_skip_building_tests' from command line to 'False'
[0.819s] DEBUG:colcon.colcon_core.verb:Building package 'my_service_interfaces' with the following arguments: {'ament_cmake_args': None, 'build_base': '/root/ros2_ws/build/my_service_interfaces', 'catkin_cmake_args': None, 'catkin_skip_building_tests': False, 'cmake_args': None, 'cmake_clean_cache': False, 'cmake_clean_first': False, 'cmake_force_configure': False, 'cmake_target': None, 'cmake_target_skip_unavailable': False, 'install_base': '/root/ros2_ws/install/my_service_interfaces', 'merge_install': False, 'path': '/root/ros2_ws/src/my_service_interfaces', 'symlink_install': False, 'test_result_base': None}
[0.820s] Level 5:colcon.colcon_core.verb:set package 'my_turtle_controller' build argument 'cmake_args' from command line to 'None'
[0.820s] Level 5:colcon.colcon_core.verb:set package 'my_turtle_controller' build argument 'cmake_target' from command line to 'None'
[0.820s] Level 5:colcon.colcon_core.verb:set package 'my_turtle_controller' build argument 'cmake_target_skip_unavailable' from command line to 'False'
[0.820s] Level 5:colcon.colcon_core.verb:set package 'my_turtle_controller' build argument 'cmake_clean_cache' from command line to 'False'
[0.820s] Level 5:colcon.colcon_core.verb:set package 'my_turtle_controller' build argument 'cmake_clean_first' from command line to 'False'
[0.820s] Level 5:colcon.colcon_core.verb:set package 'my_turtle_controller' build argument 'cmake_force_configure' from command line to 'False'
[0.820s] Level 5:colcon.colcon_core.verb:set package 'my_turtle_controller' build argument 'ament_cmake_args' from command line to 'None'
[0.820s] Level 5:colcon.colcon_core.verb:set package 'my_turtle_controller' build argument 'catkin_cmake_args' from command line to 'None'
[0.820s] Level 5:colcon.colcon_core.verb:set package 'my_turtle_controller' build argument 'catkin_skip_building_tests' from command line to 'False'
[0.820s] DEBUG:colcon.colcon_core.verb:Building package 'my_turtle_controller' with the following arguments: {'ament_cmake_args': None, 'build_base': '/root/ros2_ws/build/my_turtle_controller', 'catkin_cmake_args': None, 'catkin_skip_building_tests': False, 'cmake_args': None, 'cmake_clean_cache': False, 'cmake_clean_first': False, 'cmake_force_configure': False, 'cmake_target': None, 'cmake_target_skip_unavailable': False, 'install_base': '/root/ros2_ws/install/my_turtle_controller', 'merge_install': False, 'path': '/root/ros2_ws/src/my_turtle_controller', 'symlink_install': False, 'test_result_base': None}
[0.821s] Level 5:colcon.colcon_core.verb:set package 'talker' build argument 'cmake_args' from command line to 'None'
[0.821s] Level 5:colcon.colcon_core.verb:set package 'talker' build argument 'cmake_target' from command line to 'None'
[0.821s] Level 5:colcon.colcon_core.verb:set package 'talker' build argument 'cmake_target_skip_unavailable' from command line to 'False'
[0.821s] Level 5:colcon.colcon_core.verb:set package 'talker' build argument 'cmake_clean_cache' from command line to 'False'
[0.821s] Level 5:colcon.colcon_core.verb:set package 'talker' build argument 'cmake_clean_first' from command line to 'False'
[0.821s] Level 5:colcon.colcon_core.verb:set package 'talker' build argument 'cmake_force_configure' from command line to 'False'
[0.821s] Level 5:colcon.colcon_core.verb:set package 'talker' build argument 'ament_cmake_args' from command line to 'None'
[0.821s] Level 5:colcon.colcon_core.verb:set package 'talker' build argument 'catkin_cmake_args' from command line to 'None'
[0.821s] Level 5:colcon.colcon_core.verb:set package 'talker' build argument 'catkin_skip_building_tests' from command line to 'False'
[0.821s] DEBUG:colcon.colcon_core.verb:Building package 'talker' with the following arguments: {'ament_cmake_args': None, 'build_base': '/root/ros2_ws/build/talker', 'catkin_cmake_args': None, 'catkin_skip_building_tests': False, 'cmake_args': None, 'cmake_clean_cache': False, 'cmake_clean_first': False, 'cmake_force_configure': False, 'cmake_target': None, 'cmake_target_skip_unavailable': False, 'install_base': '/root/ros2_ws/install/talker', 'merge_install': False, 'path': '/root/ros2_ws/src/talker', 'symlink_install': False, 'test_result_base': None}
[0.822s] Level 5:colcon.colcon_core.verb:set package 'my_service_client' build argument 'cmake_args' from command line to 'None'
[0.822s] Level 5:colcon.colcon_core.verb:set package 'my_service_client' build argument 'cmake_target' from command line to 'None'
[0.822s] Level 5:colcon.colcon_core.verb:set package 'my_service_client' build argument 'cmake_target_skip_unavailable' from command line to 'False'
[0.822s] Level 5:colcon.colcon_core.verb:set package 'my_service_client' build argument 'cmake_clean_cache' from command line to 'False'
[0.822s] Level 5:colcon.colcon_core.verb:set package 'my_service_client' build argument 'cmake_clean_first' from command line to 'False'
[0.822s] Level 5:colcon.colcon_core.verb:set package 'my_service_client' build argument 'cmake_force_configure' from command line to 'False'
[0.822s] Level 5:colcon.colcon_core.verb:set package 'my_service_client' build argument 'ament_cmake_args' from command line to 'None'
[0.822s] Level 5:colcon.colcon_core.verb:set package 'my_service_client' build argument 'catkin_cmake_args' from command line to 'None'
[0.822s] Level 5:colcon.colcon_core.verb:set package 'my_service_client' build argument 'catkin_skip_building_tests' from command line to 'False'
[0.822s] DEBUG:colcon.colcon_core.verb:Building package 'my_service_client' with the following arguments: {'ament_cmake_args': None, 'build_base': '/root/ros2_ws/build/my_service_client', 'catkin_cmake_args': None, 'catkin_skip_building_tests': False, 'cmake_args': None, 'cmake_clean_cache': False, 'cmake_clean_first': False, 'cmake_force_configure': False, 'cmake_target': None, 'cmake_target_skip_unavailable': False, 'install_base': '/root/ros2_ws/install/my_service_client', 'merge_install': False, 'path': '/root/ros2_ws/src/my_service_client', 'symlink_install': False, 'test_result_base': None}
[0.823s] Level 5:colcon.colcon_core.verb:set package 'my_service_server' build argument 'cmake_args' from command line to 'None'
[0.823s] Level 5:colcon.colcon_core.verb:set package 'my_service_server' build argument 'cmake_target' from command line to 'None'
[0.823s] Level 5:colcon.colcon_core.verb:set package 'my_service_server' build argument 'cmake_target_skip_unavailable' from command line to 'False'
[0.823s] Level 5:colcon.colcon_core.verb:set package 'my_service_server' build argument 'cmake_clean_cache' from command line to 'False'
[0.823s] Level 5:colcon.colcon_core.verb:set package 'my_service_server' build argument 'cmake_clean_first' from command line to 'False'
[0.823s] Level 5:colcon.colcon_core.verb:set package 'my_service_server' build argument 'cmake_force_configure' from command line to 'False'
[0.823s] Level 5:colcon.colcon_core.verb:set package 'my_service_server' build argument 'ament_cmake_args' from command line to 'None'
[0.823s] Level 5:colcon.colcon_core.verb:set package 'my_service_server' build argument 'catkin_cmake_args' from command line to 'None'
[0.823s] Level 5:colcon.colcon_core.verb:set package 'my_service_server' build argument 'catkin_skip_building_tests' from command line to 'False'
[0.823s] DEBUG:colcon.colcon_core.verb:Building package 'my_service_server' with the following arguments: {'ament_cmake_args': None, 'build_base': '/root/ros2_ws/build/my_service_server', 'catkin_cmake_args': None, 'catkin_skip_building_tests': False, 'cmake_args': None, 'cmake_clean_cache': False, 'cmake_clean_first': False, 'cmake_force_configure': False, 'cmake_target': None, 'cmake_target_skip_unavailable': False, 'install_base': '/root/ros2_ws/install/my_service_server', 'merge_install': False, 'path': '/root/ros2_ws/src/my_service_server', 'symlink_install': False, 'test_result_base': None}
[0.824s] INFO:colcon.colcon_core.executor:Executing jobs using 'parallel' executor
[0.826s] DEBUG:colcon.colcon_parallel_executor.executor.parallel:run_until_complete
[0.827s] INFO:colcon.colcon_ros.task.ament_cmake.build:Building ROS package in '/root/ros2_ws/src/my_service_interfaces' with build type 'ament_cmake'
[0.827s] INFO:colcon.colcon_cmake.task.cmake.build:Building CMake package in '/root/ros2_ws/src/my_service_interfaces'
[0.833s] INFO:colcon.colcon_core.plugin_system:Skipping extension 'colcon_core.shell.bat': Not used on non-Windows systems
[0.833s] INFO:colcon.colcon_core.shell:Skip shell extension 'powershell' for command environment: Not usable outside of PowerShell
[0.833s] DEBUG:colcon.colcon_core.shell:Skip shell extension 'dsv' for command environment
[0.841s] INFO:colcon.colcon_ros.task.ament_python.build:Building ROS package in '/root/ros2_ws/src/listener' with build type 'ament_python'
[0.841s] Level 1:colcon.colcon_core.shell:create_environment_hook('listener', 'ament_prefix_path')
[0.842s] INFO:colcon.colcon_core.shell:Creating environment hook '/root/ros2_ws/install/listener/share/listener/hook/ament_prefix_path.ps1'
[0.843s] INFO:colcon.colcon_core.shell:Creating environment descriptor '/root/ros2_ws/install/listener/share/listener/hook/ament_prefix_path.dsv'
[0.844s] INFO:colcon.colcon_core.shell:Creating environment hook '/root/ros2_ws/install/listener/share/listener/hook/ament_prefix_path.sh'
[0.846s] INFO:colcon.colcon_core.shell:Skip shell extension 'powershell' for command environment: Not usable outside of PowerShell
[0.846s] DEBUG:colcon.colcon_core.shell:Skip shell extension 'dsv' for command environment
[0.853s] INFO:colcon.colcon_ros.task.ament_python.build:Building ROS package in '/root/ros2_ws/src/my_turtle_controller' with build type 'ament_python'
[0.853s] Level 1:colcon.colcon_core.shell:create_environment_hook('my_turtle_controller', 'ament_prefix_path')
[0.854s] INFO:colcon.colcon_core.shell:Creating environment hook '/root/ros2_ws/install/my_turtle_controller/share/my_turtle_controller/hook/ament_prefix_path.ps1'
[0.855s] INFO:colcon.colcon_core.shell:Creating environment descriptor '/root/ros2_ws/install/my_turtle_controller/share/my_turtle_controller/hook/ament_prefix_path.dsv'
[0.856s] INFO:colcon.colcon_core.shell:Creating environment hook '/root/ros2_ws/install/my_turtle_controller/share/my_turtle_controller/hook/ament_prefix_path.sh'
[0.857s] INFO:colcon.colcon_core.shell:Skip shell extension 'powershell' for command environment: Not usable outside of PowerShell
[0.857s] DEBUG:colcon.colcon_core.shell:Skip shell extension 'dsv' for command environment
[0.865s] INFO:colcon.colcon_ros.task.ament_python.build:Building ROS package in '/root/ros2_ws/src/talker' with build type 'ament_python'
[0.865s] Level 1:colcon.colcon_core.shell:create_environment_hook('talker', 'ament_prefix_path')
[0.866s] INFO:colcon.colcon_core.shell:Creating environment hook '/root/ros2_ws/install/talker/share/talker/hook/ament_prefix_path.ps1'
[0.867s] INFO:colcon.colcon_core.shell:Creating environment descriptor '/root/ros2_ws/install/talker/share/talker/hook/ament_prefix_path.dsv'
[0.868s] INFO:colcon.colcon_core.shell:Creating environment hook '/root/ros2_ws/install/talker/share/talker/hook/ament_prefix_path.sh'
[0.869s] INFO:colcon.colcon_core.shell:Skip shell extension 'powershell' for command environment: Not usable outside of PowerShell
[0.870s] DEBUG:colcon.colcon_core.shell:Skip shell extension 'dsv' for command environment
[0.894s] DEBUG:colcon.colcon_core.event_handler.log_command:Invoking command in '/root/ros2_ws/build/my_service_interfaces': CMAKE_PREFIX_PATH=${CMAKE_PREFIX_PATH}:/root/ros2_ws/install/talker:/root/ros2_ws/install/my_turtle_controller:/root/ros2_ws/install/my_service_server:/root/ros2_ws/install/my_service_client:/root/ros2_ws/install/listener:/opt/ros/iron /usr/bin/cmake --build /root/ros2_ws/build/my_service_interfaces -- -j12 -l12
[1.487s] INFO:colcon.colcon_core.task.python.build:Building Python package in '/root/ros2_ws/src/listener'
[1.488s] INFO:colcon.colcon_core.shell:Skip shell extension 'powershell' for command environment: Not usable outside of PowerShell
[1.488s] DEBUG:colcon.colcon_core.shell:Skip shell extension 'dsv' for command environment
[32393.368s] INFO:colcon.colcon_core.task.python.build:Building Python package in '/root/ros2_ws/src/my_turtle_controller'
[32393.369s] INFO:colcon.colcon_core.shell:Skip shell extension 'powershell' for command environment: Not usable outside of PowerShell
[32393.369s] DEBUG:colcon.colcon_core.shell:Skip shell extension 'dsv' for command environment
[2.219s] INFO:colcon.colcon_core.task.python.build:Building Python package in '/root/ros2_ws/src/talker'
[2.219s] INFO:colcon.colcon_core.shell:Skip shell extension 'powershell' for command environment: Not usable outside of PowerShell
[2.220s] DEBUG:colcon.colcon_core.shell:Skip shell extension 'dsv' for command environment
[3.602s] DEBUG:colcon.colcon_core.event_handler.log_command:Invoking command in '/root/ros2_ws/src/my_turtle_controller': PYTHONPATH=/root/ros2_ws/build/my_turtle_controller/prefix_override:/usr/lib/python3/dist-packages/colcon_core/task/python/colcon_distutils_commands:/root/ros2_ws/install/my_turtle_controller/lib/python3.10/site-packages:${PYTHONPATH} /usr/bin/python3 -W ignore:setup.py install is deprecated -W ignore:easy_install command is deprecated setup.py egg_info --egg-base ../../build/my_turtle_controller build --build-base /root/ros2_ws/build/my_turtle_controller/build install --record /root/ros2_ws/build/my_turtle_controller/install.log --single-version-externally-managed install_data
[3.630s] DEBUG:colcon.colcon_core.event_handler.log_command:Invoking command in '/root/ros2_ws/src/listener': PYTHONPATH=/root/ros2_ws/build/listener/prefix_override:/usr/lib/python3/dist-packages/colcon_core/task/python/colcon_distutils_commands:/root/ros2_ws/install/listener/lib/python3.10/site-packages:${PYTHONPATH} /usr/bin/python3 -W ignore:setup.py install is deprecated -W ignore:easy_install command is deprecated setup.py egg_info --egg-base ../../build/listener build --build-base /root/ros2_ws/build/listener/build install --record /root/ros2_ws/build/listener/install.log --single-version-externally-managed install_data
[3.638s] DEBUG:colcon.colcon_core.event_handler.log_command:Invoking command in '/root/ros2_ws/src/talker': PYTHONPATH=/root/ros2_ws/build/talker/prefix_override:/usr/lib/python3/dist-packages/colcon_core/task/python/colcon_distutils_commands:/root/ros2_ws/install/talker/lib/python3.10/site-packages:${PYTHONPATH} /usr/bin/python3 -W ignore:setup.py install is deprecated -W ignore:easy_install command is deprecated setup.py egg_info --egg-base ../../build/talker build --build-base /root/ros2_ws/build/talker/build install --record /root/ros2_ws/build/talker/install.log --single-version-externally-managed install_data
[4.947s] DEBUG:colcon.colcon_core.event_handler.log_command:Invoked command in '/root/ros2_ws/src/my_turtle_controller' returned '0': PYTHONPATH=/root/ros2_ws/build/my_turtle_controller/prefix_override:/usr/lib/python3/dist-packages/colcon_core/task/python/colcon_distutils_commands:/root/ros2_ws/install/my_turtle_controller/lib/python3.10/site-packages:${PYTHONPATH} /usr/bin/python3 -W ignore:setup.py install is deprecated -W ignore:easy_install command is deprecated setup.py egg_info --egg-base ../../build/my_turtle_controller build --build-base /root/ros2_ws/build/my_turtle_controller/build install --record /root/ros2_ws/build/my_turtle_controller/install.log --single-version-externally-managed install_data
[4.954s] Level 1:colcon.colcon_core.environment:checking '/root/ros2_ws/install/my_turtle_controller' for CMake module files
[4.956s] Level 1:colcon.colcon_core.environment:checking '/root/ros2_ws/install/my_turtle_controller' for CMake config files
[4.964s] Level 1:colcon.colcon_core.environment:checking '/root/ros2_ws/install/my_turtle_controller/lib'
[4.965s] Level 1:colcon.colcon_core.environment:checking '/root/ros2_ws/install/my_turtle_controller/bin'
[4.965s] Level 1:colcon.colcon_core.environment:checking '/root/ros2_ws/install/my_turtle_controller/lib/pkgconfig/my_turtle_controller.pc'
[4.966s] Level 1:colcon.colcon_core.environment:checking '/root/ros2_ws/install/my_turtle_controller/lib/python3.10/site-packages'
[4.966s] Level 1:colcon.colcon_core.shell:create_environment_hook('my_turtle_controller', 'pythonpath')
[4.966s] INFO:colcon.colcon_core.shell:Creating environment hook '/root/ros2_ws/install/my_turtle_controller/share/my_turtle_controller/hook/pythonpath.ps1'
[4.968s] INFO:colcon.colcon_core.shell:Creating environment descriptor '/root/ros2_ws/install/my_turtle_controller/share/my_turtle_controller/hook/pythonpath.dsv'
[4.968s] INFO:colcon.colcon_core.shell:Creating environment hook '/root/ros2_ws/install/my_turtle_controller/share/my_turtle_controller/hook/pythonpath.sh'
[4.970s] Level 1:colcon.colcon_core.environment:checking '/root/ros2_ws/install/my_turtle_controller/bin'
[4.970s] Level 1:colcon.colcon_core.environment:create_environment_scripts_only(my_turtle_controller)
[4.971s] INFO:colcon.colcon_core.shell:Creating package script '/root/ros2_ws/install/my_turtle_controller/share/my_turtle_controller/package.ps1'
[4.973s] INFO:colcon.colcon_core.shell:Creating package descriptor '/root/ros2_ws/install/my_turtle_controller/share/my_turtle_controller/package.dsv'
[4.975s] INFO:colcon.colcon_core.shell:Creating package script '/root/ros2_ws/install/my_turtle_controller/share/my_turtle_controller/package.sh'
[4.977s] INFO:colcon.colcon_core.shell:Creating package script '/root/ros2_ws/install/my_turtle_controller/share/my_turtle_controller/package.bash'
[4.979s] INFO:colcon.colcon_core.shell:Creating package script '/root/ros2_ws/install/my_turtle_controller/share/my_turtle_controller/package.zsh'
[4.981s] Level 1:colcon.colcon_core.environment:create_file_with_runtime_dependencies(/root/ros2_ws/install/my_turtle_controller/share/colcon-core/packages/my_turtle_controller)
[5.033s] Level 1:colcon.colcon_core.environment:checking '/root/ros2_ws/install/listener' for CMake module files
[5.034s] DEBUG:colcon.colcon_core.event_handler.log_command:Invoked command in '/root/ros2_ws/src/listener' returned '0': PYTHONPATH=/root/ros2_ws/build/listener/prefix_override:/usr/lib/python3/dist-packages/colcon_core/task/python/colcon_distutils_commands:/root/ros2_ws/install/listener/lib/python3.10/site-packages:${PYTHONPATH} /usr/bin/python3 -W ignore:setup.py install is deprecated -W ignore:easy_install command is deprecated setup.py egg_info --egg-base ../../build/listener build --build-base /root/ros2_ws/build/listener/build install --record /root/ros2_ws/build/listener/install.log --single-version-externally-managed install_data
[5.035s] Level 1:colcon.colcon_core.environment:checking '/root/ros2_ws/install/listener' for CMake config files
[5.042s] Level 1:colcon.colcon_core.environment:checking '/root/ros2_ws/install/listener/lib'
[5.042s] Level 1:colcon.colcon_core.environment:checking '/root/ros2_ws/install/listener/bin'
[5.043s] Level 1:colcon.colcon_core.environment:checking '/root/ros2_ws/install/listener/lib/pkgconfig/listener.pc'
[5.043s] Level 1:colcon.colcon_core.environment:checking '/root/ros2_ws/install/listener/lib/python3.10/site-packages'
[5.043s] Level 1:colcon.colcon_core.shell:create_environment_hook('listener', 'pythonpath')
[5.044s] INFO:colcon.colcon_core.shell:Creating environment hook '/root/ros2_ws/install/listener/share/listener/hook/pythonpath.ps1'
[5.045s] INFO:colcon.colcon_core.shell:Creating environment descriptor '/root/ros2_ws/install/listener/share/listener/hook/pythonpath.dsv'
[5.046s] INFO:colcon.colcon_core.shell:Creating environment hook '/root/ros2_ws/install/listener/share/listener/hook/pythonpath.sh'
[5.047s] Level 1:colcon.colcon_core.environment:checking '/root/ros2_ws/install/listener/bin'
[5.047s] Level 1:colcon.colcon_core.environment:create_environment_scripts_only(listener)
[5.048s] INFO:colcon.colcon_core.shell:Creating package script '/root/ros2_ws/install/listener/share/listener/package.ps1'
[5.049s] INFO:colcon.colcon_core.shell:Creating package descriptor '/root/ros2_ws/install/listener/share/listener/package.dsv'
[5.051s] INFO:colcon.colcon_core.shell:Creating package script '/root/ros2_ws/install/listener/share/listener/package.sh'
[5.052s] INFO:colcon.colcon_core.shell:Creating package script '/root/ros2_ws/install/listener/share/listener/package.bash'
[5.052s] INFO:colcon.colcon_core.shell:Creating package script '/root/ros2_ws/install/listener/share/listener/package.zsh'
[5.053s] Level 1:colcon.colcon_core.environment:create_file_with_runtime_dependencies(/root/ros2_ws/install/listener/share/colcon-core/packages/listener)
[5.134s] Level 1:colcon.colcon_core.environment:checking '/root/ros2_ws/install/talker' for CMake module files
[5.135s] DEBUG:colcon.colcon_core.event_handler.log_command:Invoked command in '/root/ros2_ws/src/talker' returned '0': PYTHONPATH=/root/ros2_ws/build/talker/prefix_override:/usr/lib/python3/dist-packages/colcon_core/task/python/colcon_distutils_commands:/root/ros2_ws/install/talker/lib/python3.10/site-packages:${PYTHONPATH} /usr/bin/python3 -W ignore:setup.py install is deprecated -W ignore:easy_install command is deprecated setup.py egg_info --egg-base ../../build/talker build --build-base /root/ros2_ws/build/talker/build install --record /root/ros2_ws/build/talker/install.log --single-version-externally-managed install_data
[5.137s] Level 1:colcon.colcon_core.environment:checking '/root/ros2_ws/install/talker' for CMake config files
[5.145s] Level 1:colcon.colcon_core.environment:checking '/root/ros2_ws/install/talker/lib'
[5.146s] Level 1:colcon.colcon_core.environment:checking '/root/ros2_ws/install/talker/bin'
[5.146s] Level 1:colcon.colcon_core.environment:checking '/root/ros2_ws/install/talker/lib/pkgconfig/talker.pc'
[5.146s] Level 1:colcon.colcon_core.environment:checking '/root/ros2_ws/install/talker/lib/python3.10/site-packages'
[5.147s] Level 1:colcon.colcon_core.shell:create_environment_hook('talker', 'pythonpath')
[5.147s] INFO:colcon.colcon_core.shell:Creating environment hook '/root/ros2_ws/install/talker/share/talker/hook/pythonpath.ps1'
[5.149s] INFO:colcon.colcon_core.shell:Creating environment descriptor '/root/ros2_ws/install/talker/share/talker/hook/pythonpath.dsv'
[5.150s] INFO:colcon.colcon_core.shell:Creating environment hook '/root/ros2_ws/install/talker/share/talker/hook/pythonpath.sh'
[5.151s] Level 1:colcon.colcon_core.environment:checking '/root/ros2_ws/install/talker/bin'
[5.151s] Level 1:colcon.colcon_core.environment:create_environment_scripts_only(talker)
[5.152s] INFO:colcon.colcon_core.shell:Creating package script '/root/ros2_ws/install/talker/share/talker/package.ps1'
[5.153s] INFO:colcon.colcon_core.shell:Creating package descriptor '/root/ros2_ws/install/talker/share/talker/package.dsv'
[5.154s] INFO:colcon.colcon_core.shell:Creating package script '/root/ros2_ws/install/talker/share/talker/package.sh'
[5.155s] INFO:colcon.colcon_core.shell:Creating package script '/root/ros2_ws/install/talker/share/talker/package.bash'
[5.156s] INFO:colcon.colcon_core.shell:Creating package script '/root/ros2_ws/install/talker/share/talker/package.zsh'
[5.157s] Level 1:colcon.colcon_core.environment:create_file_with_runtime_dependencies(/root/ros2_ws/install/talker/share/colcon-core/packages/talker)
[5.617s] DEBUG:colcon.colcon_core.event_handler.log_command:Invoked command in '/root/ros2_ws/build/my_service_interfaces' returned '0': CMAKE_PREFIX_PATH=${CMAKE_PREFIX_PATH}:/root/ros2_ws/install/talker:/root/ros2_ws/install/my_turtle_controller:/root/ros2_ws/install/my_service_server:/root/ros2_ws/install/my_service_client:/root/ros2_ws/install/listener:/opt/ros/iron /usr/bin/cmake --build /root/ros2_ws/build/my_service_interfaces -- -j12 -l12
[5.635s] DEBUG:colcon.colcon_core.event_handler.log_command:Invoking command in '/root/ros2_ws/build/my_service_interfaces': CMAKE_PREFIX_PATH=${CMAKE_PREFIX_PATH}:/root/ros2_ws/install/talker:/root/ros2_ws/install/my_turtle_controller:/root/ros2_ws/install/my_service_server:/root/ros2_ws/install/my_service_client:/root/ros2_ws/install/listener:/opt/ros/iron /usr/bin/cmake --install /root/ros2_ws/build/my_service_interfaces
[5.808s] Level 1:colcon.colcon_core.environment:create_environment_scripts_only(my_service_interfaces)
[5.809s] Level 1:colcon.colcon_core.environment:checking '/root/ros2_ws/install/my_service_interfaces' for CMake module files
[5.817s] DEBUG:colcon.colcon_core.event_handler.log_command:Invoked command in '/root/ros2_ws/build/my_service_interfaces' returned '0': CMAKE_PREFIX_PATH=${CMAKE_PREFIX_PATH}:/root/ros2_ws/install/talker:/root/ros2_ws/install/my_turtle_controller:/root/ros2_ws/install/my_service_server:/root/ros2_ws/install/my_service_client:/root/ros2_ws/install/listener:/opt/ros/iron /usr/bin/cmake --install /root/ros2_ws/build/my_service_interfaces
[5.819s] Level 1:colcon.colcon_core.environment:checking '/root/ros2_ws/install/my_service_interfaces' for CMake config files
[5.830s] Level 1:colcon.colcon_core.shell:create_environment_hook('my_service_interfaces', 'cmake_prefix_path')
[5.831s] INFO:colcon.colcon_core.shell:Creating environment hook '/root/ros2_ws/install/my_service_interfaces/share/my_service_interfaces/hook/cmake_prefix_path.ps1'
[5.832s] INFO:colcon.colcon_core.shell:Creating environment descriptor '/root/ros2_ws/install/my_service_interfaces/share/my_service_interfaces/hook/cmake_prefix_path.dsv'
[5.833s] INFO:colcon.colcon_core.shell:Creating environment hook '/root/ros2_ws/install/my_service_interfaces/share/my_service_interfaces/hook/cmake_prefix_path.sh'
[5.834s] Level 1:colcon.colcon_core.environment:checking '/root/ros2_ws/install/my_service_interfaces/lib'
[5.834s] Level 1:colcon.colcon_core.shell:create_environment_hook('my_service_interfaces', 'ld_library_path_lib')
[5.835s] INFO:colcon.colcon_core.shell:Creating environment hook '/root/ros2_ws/install/my_service_interfaces/share/my_service_interfaces/hook/ld_library_path_lib.ps1'
[5.835s] INFO:colcon.colcon_core.shell:Creating environment descriptor '/root/ros2_ws/install/my_service_interfaces/share/my_service_interfaces/hook/ld_library_path_lib.dsv'
[5.836s] INFO:colcon.colcon_core.shell:Creating environment hook '/root/ros2_ws/install/my_service_interfaces/share/my_service_interfaces/hook/ld_library_path_lib.sh'
[5.837s] Level 1:colcon.colcon_core.environment:checking '/root/ros2_ws/install/my_service_interfaces/bin'
[5.837s] Level 1:colcon.colcon_core.environment:checking '/root/ros2_ws/install/my_service_interfaces/lib/pkgconfig/my_service_interfaces.pc'
[5.837s] Level 1:colcon.colcon_core.environment:checking '/root/ros2_ws/install/my_service_interfaces/lib/python3.10/site-packages'
[5.838s] Level 1:colcon.colcon_core.shell:create_environment_hook('my_service_interfaces', 'pythonpath')
[5.838s] INFO:colcon.colcon_core.shell:Creating environment hook '/root/ros2_ws/install/my_service_interfaces/share/my_service_interfaces/hook/pythonpath.ps1'
[5.839s] INFO:colcon.colcon_core.shell:Creating environment descriptor '/root/ros2_ws/install/my_service_interfaces/share/my_service_interfaces/hook/pythonpath.dsv'
[5.840s] INFO:colcon.colcon_core.shell:Creating environment hook '/root/ros2_ws/install/my_service_interfaces/share/my_service_interfaces/hook/pythonpath.sh'
[5.841s] Level 1:colcon.colcon_core.environment:checking '/root/ros2_ws/install/my_service_interfaces/bin'
[5.841s] INFO:colcon.colcon_core.shell:Creating package script '/root/ros2_ws/install/my_service_interfaces/share/my_service_interfaces/package.ps1'
[5.843s] INFO:colcon.colcon_core.shell:Creating package descriptor '/root/ros2_ws/install/my_service_interfaces/share/my_service_interfaces/package.dsv'
[5.844s] INFO:colcon.colcon_core.shell:Creating package script '/root/ros2_ws/install/my_service_interfaces/share/my_service_interfaces/package.sh'
[5.845s] INFO:colcon.colcon_core.shell:Creating package script '/root/ros2_ws/install/my_service_interfaces/share/my_service_interfaces/package.bash'
[5.845s] INFO:colcon.colcon_core.shell:Creating package script '/root/ros2_ws/install/my_service_interfaces/share/my_service_interfaces/package.zsh'
[5.846s] Level 1:colcon.colcon_core.environment:create_file_with_runtime_dependencies(/root/ros2_ws/install/my_service_interfaces/share/colcon-core/packages/my_service_interfaces)
[5.847s] Level 1:colcon.colcon_core.environment:create_environment_scripts_only(my_service_interfaces)
[5.847s] Level 1:colcon.colcon_core.environment:checking '/root/ros2_ws/install/my_service_interfaces' for CMake module files
[5.848s] Level 1:colcon.colcon_core.environment:checking '/root/ros2_ws/install/my_service_interfaces' for CMake config files
[5.849s] Level 1:colcon.colcon_core.shell:create_environment_hook('my_service_interfaces', 'cmake_prefix_path')
[5.850s] INFO:colcon.colcon_core.shell:Creating environment hook '/root/ros2_ws/install/my_service_interfaces/share/my_service_interfaces/hook/cmake_prefix_path.ps1'
[5.850s] INFO:colcon.colcon_core.shell:Creating environment descriptor '/root/ros2_ws/install/my_service_interfaces/share/my_service_interfaces/hook/cmake_prefix_path.dsv'
[5.851s] INFO:colcon.colcon_core.shell:Creating environment hook '/root/ros2_ws/install/my_service_interfaces/share/my_service_interfaces/hook/cmake_prefix_path.sh'
[5.852s] Level 1:colcon.colcon_core.environment:checking '/root/ros2_ws/install/my_service_interfaces/lib'
[5.852s] Level 1:colcon.colcon_core.shell:create_environment_hook('my_service_interfaces', 'ld_library_path_lib')
[5.853s] INFO:colcon.colcon_core.shell:Creating environment hook '/root/ros2_ws/install/my_service_interfaces/share/my_service_interfaces/hook/ld_library_path_lib.ps1'
[5.853s] INFO:colcon.colcon_core.shell:Creating environment descriptor '/root/ros2_ws/install/my_service_interfaces/share/my_service_interfaces/hook/ld_library_path_lib.dsv'
[5.854s] INFO:colcon.colcon_core.shell:Creating environment hook '/root/ros2_ws/install/my_service_interfaces/share/my_service_interfaces/hook/ld_library_path_lib.sh'
[5.855s] Level 1:colcon.colcon_core.environment:checking '/root/ros2_ws/install/my_service_interfaces/bin'
[5.855s] Level 1:colcon.colcon_core.environment:checking '/root/ros2_ws/install/my_service_interfaces/lib/pkgconfig/my_service_interfaces.pc'
[5.856s] Level 1:colcon.colcon_core.environment:checking '/root/ros2_ws/install/my_service_interfaces/lib/python3.10/site-packages'
[5.856s] Level 1:colcon.colcon_core.shell:create_environment_hook('my_service_interfaces', 'pythonpath')
[5.856s] INFO:colcon.colcon_core.shell:Creating environment hook '/root/ros2_ws/install/my_service_interfaces/share/my_service_interfaces/hook/pythonpath.ps1'
[5.857s] INFO:colcon.colcon_core.shell:Creating environment descriptor '/root/ros2_ws/install/my_service_interfaces/share/my_service_interfaces/hook/pythonpath.dsv'
[5.857s] INFO:colcon.colcon_core.shell:Creating environment hook '/root/ros2_ws/install/my_service_interfaces/share/my_service_interfaces/hook/pythonpath.sh'
[5.859s] Level 1:colcon.colcon_core.environment:checking '/root/ros2_ws/install/my_service_interfaces/bin'
[5.859s] INFO:colcon.colcon_core.shell:Creating package script '/root/ros2_ws/install/my_service_interfaces/share/my_service_interfaces/package.ps1'
[5.860s] INFO:colcon.colcon_core.shell:Creating package descriptor '/root/ros2_ws/install/my_service_interfaces/share/my_service_interfaces/package.dsv'
[5.861s] INFO:colcon.colcon_core.shell:Creating package script '/root/ros2_ws/install/my_service_interfaces/share/my_service_interfaces/package.sh'
[5.862s] INFO:colcon.colcon_core.shell:Creating package script '/root/ros2_ws/install/my_service_interfaces/share/my_service_interfaces/package.bash'
[5.863s] INFO:colcon.colcon_core.shell:Creating package script '/root/ros2_ws/install/my_service_interfaces/share/my_service_interfaces/package.zsh'
[5.864s] Level 1:colcon.colcon_core.environment:create_file_with_runtime_dependencies(/root/ros2_ws/install/my_service_interfaces/share/colcon-core/packages/my_service_interfaces)
[5.864s] INFO:colcon.colcon_ros.task.ament_python.build:Building ROS package in '/root/ros2_ws/src/my_service_client' with build type 'ament_python'
[5.865s] Level 1:colcon.colcon_core.shell:create_environment_hook('my_service_client', 'ament_prefix_path')
[5.865s] INFO:colcon.colcon_core.shell:Creating environment hook '/root/ros2_ws/install/my_service_client/share/my_service_client/hook/ament_prefix_path.ps1'
[5.867s] INFO:colcon.colcon_core.shell:Creating environment descriptor '/root/ros2_ws/install/my_service_client/share/my_service_client/hook/ament_prefix_path.dsv'
[5.868s] INFO:colcon.colcon_core.shell:Creating environment hook '/root/ros2_ws/install/my_service_client/share/my_service_client/hook/ament_prefix_path.sh'
[5.870s] INFO:colcon.colcon_core.shell:Skip shell extension 'powershell' for command environment: Not usable outside of PowerShell
[5.870s] DEBUG:colcon.colcon_core.shell:Skip shell extension 'dsv' for command environment
[5.877s] INFO:colcon.colcon_ros.task.ament_python.build:Building ROS package in '/root/ros2_ws/src/my_service_server' with build type 'ament_python'
[5.877s] Level 1:colcon.colcon_core.shell:create_environment_hook('my_service_server', 'ament_prefix_path')
[5.878s] INFO:colcon.colcon_core.shell:Creating environment hook '/root/ros2_ws/install/my_service_server/share/my_service_server/hook/ament_prefix_path.ps1'
[5.881s] INFO:colcon.colcon_core.shell:Creating environment descriptor '/root/ros2_ws/install/my_service_server/share/my_service_server/hook/ament_prefix_path.dsv'
[5.882s] INFO:colcon.colcon_core.shell:Creating environment hook '/root/ros2_ws/install/my_service_server/share/my_service_server/hook/ament_prefix_path.sh'
[5.883s] INFO:colcon.colcon_core.shell:Skip shell extension 'powershell' for command environment: Not usable outside of PowerShell
[5.883s] DEBUG:colcon.colcon_core.shell:Skip shell extension 'dsv' for command environment
[6.644s] INFO:colcon.colcon_core.task.python.build:Building Python package in '/root/ros2_ws/src/my_service_client'
[6.645s] INFO:colcon.colcon_core.shell:Skip shell extension 'powershell' for command environment: Not usable outside of PowerShell
[6.645s] DEBUG:colcon.colcon_core.shell:Skip shell extension 'dsv' for command environment
[6.774s] INFO:colcon.colcon_core.task.python.build:Building Python package in '/root/ros2_ws/src/my_service_server'
[6.774s] INFO:colcon.colcon_core.shell:Skip shell extension 'powershell' for command environment: Not usable outside of PowerShell
[6.775s] DEBUG:colcon.colcon_core.shell:Skip shell extension 'dsv' for command environment
[7.893s] DEBUG:colcon.colcon_core.event_handler.log_command:Invoking command in '/root/ros2_ws/src/my_service_client': PYTHONPATH=/root/ros2_ws/build/my_service_client/prefix_override:/usr/lib/python3/dist-packages/colcon_core/task/python/colcon_distutils_commands:/root/ros2_ws/install/my_service_client/lib/python3.10/site-packages:/root/ros2_ws/install/my_service_interfaces/lib/python3.10/site-packages:/root/ros2_ws/install/talker/lib/python3.10/site-packages:/root/ros2_ws/install/my_turtle_controller/lib/python3.10/site-packages:/root/ros2_ws/install/my_service_server/lib/python3.10/site-packages:/root/ros2_ws/install/my_service_client/lib/python3.10/site-packages:/root/ros2_ws/install/listener/lib/python3.10/site-packages:/opt/ros/iron/lib/python3.10/site-packages /usr/bin/python3 -W ignore:setup.py install is deprecated -W ignore:easy_install command is deprecated setup.py egg_info --egg-base ../../build/my_service_client build --build-base /root/ros2_ws/build/my_service_client/build install --record /root/ros2_ws/build/my_service_client/install.log --single-version-externally-managed install_data
[8.228s] DEBUG:colcon.colcon_core.event_handler.log_command:Invoking command in '/root/ros2_ws/src/my_service_server': PYTHONPATH=/root/ros2_ws/build/my_service_server/prefix_override:/usr/lib/python3/dist-packages/colcon_core/task/python/colcon_distutils_commands:/root/ros2_ws/install/my_service_server/lib/python3.10/site-packages:/root/ros2_ws/install/my_service_interfaces/lib/python3.10/site-packages:/root/ros2_ws/install/talker/lib/python3.10/site-packages:/root/ros2_ws/install/my_turtle_controller/lib/python3.10/site-packages:/root/ros2_ws/install/my_service_server/lib/python3.10/site-packages:/root/ros2_ws/install/my_service_client/lib/python3.10/site-packages:/root/ros2_ws/install/listener/lib/python3.10/site-packages:/opt/ros/iron/lib/python3.10/site-packages /usr/bin/python3 -W ignore:setup.py install is deprecated -W ignore:easy_install command is deprecated setup.py egg_info --egg-base ../../build/my_service_server build --build-base /root/ros2_ws/build/my_service_server/build install --record /root/ros2_ws/build/my_service_server/install.log --single-version-externally-managed install_data
[9.002s] Level 1:colcon.colcon_core.environment:checking '/root/ros2_ws/install/my_service_client' for CMake module files
[9.003s] DEBUG:colcon.colcon_core.event_handler.log_command:Invoked command in '/root/ros2_ws/src/my_service_client' returned '0': PYTHONPATH=/root/ros2_ws/build/my_service_client/prefix_override:/usr/lib/python3/dist-packages/colcon_core/task/python/colcon_distutils_commands:/root/ros2_ws/install/my_service_client/lib/python3.10/site-packages:/root/ros2_ws/install/my_service_interfaces/lib/python3.10/site-packages:/root/ros2_ws/install/talker/lib/python3.10/site-packages:/root/ros2_ws/install/my_turtle_controller/lib/python3.10/site-packages:/root/ros2_ws/install/my_service_server/lib/python3.10/site-packages:/root/ros2_ws/install/my_service_client/lib/python3.10/site-packages:/root/ros2_ws/install/listener/lib/python3.10/site-packages:/opt/ros/iron/lib/python3.10/site-packages /usr/bin/python3 -W ignore:setup.py install is deprecated -W ignore:easy_install command is deprecated setup.py egg_info --egg-base ../../build/my_service_client build --build-base /root/ros2_ws/build/my_service_client/build install --record /root/ros2_ws/build/my_service_client/install.log --single-version-externally-managed install_data
[9.004s] Level 1:colcon.colcon_core.environment:checking '/root/ros2_ws/install/my_service_client' for CMake config files
[9.006s] Level 1:colcon.colcon_core.environment:checking '/root/ros2_ws/install/my_service_client/lib'
[9.006s] Level 1:colcon.colcon_core.environment:checking '/root/ros2_ws/install/my_service_client/bin'
[9.006s] Level 1:colcon.colcon_core.environment:checking '/root/ros2_ws/install/my_service_client/lib/pkgconfig/my_service_client.pc'
[9.007s] Level 1:colcon.colcon_core.environment:checking '/root/ros2_ws/install/my_service_client/lib/python3.10/site-packages'
[9.007s] Level 1:colcon.colcon_core.shell:create_environment_hook('my_service_client', 'pythonpath')
[9.007s] INFO:colcon.colcon_core.shell:Creating environment hook '/root/ros2_ws/install/my_service_client/share/my_service_client/hook/pythonpath.ps1'
[9.009s] INFO:colcon.colcon_core.shell:Creating environment descriptor '/root/ros2_ws/install/my_service_client/share/my_service_client/hook/pythonpath.dsv'
[9.009s] INFO:colcon.colcon_core.shell:Creating environment hook '/root/ros2_ws/install/my_service_client/share/my_service_client/hook/pythonpath.sh'
[9.011s] Level 1:colcon.colcon_core.environment:checking '/root/ros2_ws/install/my_service_client/bin'
[9.011s] Level 1:colcon.colcon_core.environment:create_environment_scripts_only(my_service_client)
[9.012s] INFO:colcon.colcon_core.shell:Creating package script '/root/ros2_ws/install/my_service_client/share/my_service_client/package.ps1'
[9.012s] INFO:colcon.colcon_core.shell:Creating package descriptor '/root/ros2_ws/install/my_service_client/share/my_service_client/package.dsv'
[9.013s] INFO:colcon.colcon_core.shell:Creating package script '/root/ros2_ws/install/my_service_client/share/my_service_client/package.sh'
[9.014s] INFO:colcon.colcon_core.shell:Creating package script '/root/ros2_ws/install/my_service_client/share/my_service_client/package.bash'
[9.015s] INFO:colcon.colcon_core.shell:Creating package script '/root/ros2_ws/install/my_service_client/share/my_service_client/package.zsh'
[9.016s] Level 1:colcon.colcon_core.environment:create_file_with_runtime_dependencies(/root/ros2_ws/install/my_service_client/share/colcon-core/packages/my_service_client)
[9.278s] Level 1:colcon.colcon_core.environment:checking '/root/ros2_ws/install/my_service_server' for CMake module files
[9.280s] DEBUG:colcon.colcon_core.event_handler.log_command:Invoked command in '/root/ros2_ws/src/my_service_server' returned '0': PYTHONPATH=/root/ros2_ws/build/my_service_server/prefix_override:/usr/lib/python3/dist-packages/colcon_core/task/python/colcon_distutils_commands:/root/ros2_ws/install/my_service_server/lib/python3.10/site-packages:/root/ros2_ws/install/my_service_interfaces/lib/python3.10/site-packages:/root/ros2_ws/install/talker/lib/python3.10/site-packages:/root/ros2_ws/install/my_turtle_controller/lib/python3.10/site-packages:/root/ros2_ws/install/my_service_server/lib/python3.10/site-packages:/root/ros2_ws/install/my_service_client/lib/python3.10/site-packages:/root/ros2_ws/install/listener/lib/python3.10/site-packages:/opt/ros/iron/lib/python3.10/site-packages /usr/bin/python3 -W ignore:setup.py install is deprecated -W ignore:easy_install command is deprecated setup.py egg_info --egg-base ../../build/my_service_server build --build-base /root/ros2_ws/build/my_service_server/build install --record /root/ros2_ws/build/my_service_server/install.log --single-version-externally-managed install_data
[9.280s] Level 1:colcon.colcon_core.environment:checking '/root/ros2_ws/install/my_service_server' for CMake config files
[9.284s] Level 1:colcon.colcon_core.environment:checking '/root/ros2_ws/install/my_service_server/lib'
[9.284s] Level 1:colcon.colcon_core.environment:checking '/root/ros2_ws/install/my_service_server/bin'
[9.285s] Level 1:colcon.colcon_core.environment:checking '/root/ros2_ws/install/my_service_server/lib/pkgconfig/my_service_server.pc'
[9.285s] Level 1:colcon.colcon_core.environment:checking '/root/ros2_ws/install/my_service_server/lib/python3.10/site-packages'
[9.285s] Level 1:colcon.colcon_core.shell:create_environment_hook('my_service_server', 'pythonpath')
[9.285s] INFO:colcon.colcon_core.shell:Creating environment hook '/root/ros2_ws/install/my_service_server/share/my_service_server/hook/pythonpath.ps1'
[9.286s] INFO:colcon.colcon_core.shell:Creating environment descriptor '/root/ros2_ws/install/my_service_server/share/my_service_server/hook/pythonpath.dsv'
[9.287s] INFO:colcon.colcon_core.shell:Creating environment hook '/root/ros2_ws/install/my_service_server/share/my_service_server/hook/pythonpath.sh'
[9.288s] Level 1:colcon.colcon_core.environment:checking '/root/ros2_ws/install/my_service_server/bin'
[9.288s] Level 1:colcon.colcon_core.environment:create_environment_scripts_only(my_service_server)
[9.289s] INFO:colcon.colcon_core.shell:Creating package script '/root/ros2_ws/install/my_service_server/share/my_service_server/package.ps1'
[9.290s] INFO:colcon.colcon_core.shell:Creating package descriptor '/root/ros2_ws/install/my_service_server/share/my_service_server/package.dsv'
[9.290s] INFO:colcon.colcon_core.shell:Creating package script '/root/ros2_ws/install/my_service_server/share/my_service_server/package.sh'
[9.291s] INFO:colcon.colcon_core.shell:Creating package script '/root/ros2_ws/install/my_service_server/share/my_service_server/package.bash'
[9.292s] INFO:colcon.colcon_core.shell:Creating package script '/root/ros2_ws/install/my_service_server/share/my_service_server/package.zsh'
[9.292s] Level 1:colcon.colcon_core.environment:create_file_with_runtime_dependencies(/root/ros2_ws/install/my_service_server/share/colcon-core/packages/my_service_server)
[9.294s] DEBUG:colcon.colcon_parallel_executor.executor.parallel:closing loop
[9.294s] DEBUG:colcon.colcon_parallel_executor.executor.parallel:loop closed
[9.294s] DEBUG:colcon.colcon_parallel_executor.executor.parallel:run_until_complete finished with '0'
[9.295s] DEBUG:colcon.colcon_core.event_reactor:joining thread
[9.429s] INFO:colcon.colcon_core.plugin_system:Skipping extension 'colcon_notification.desktop_notification.notify_send': Could not find 'notify-send'
[9.429s] INFO:colcon.colcon_core.plugin_system:Skipping extension 'colcon_notification.desktop_notification.terminal_notifier': Not used on non-Darwin systems
[9.430s] INFO:colcon.colcon_core.plugin_system:Skipping extension 'colcon_notification.desktop_notification.win32': Not used on non-Windows systems
[9.430s] INFO:colcon.colcon_notification.desktop_notification:Sending desktop notification using 'notify2'
[9.430s] DEBUG:colcon.colcon_notification.desktop_notification.notify2:Failed to initialize notify2: org.freedesktop.DBus.Error.FileNotFound: Failed to connect to socket /run/user/0/bus: No such file or directory
[9.430s] DEBUG:colcon.colcon_core.event_reactor:joined thread
[9.431s] INFO:colcon.colcon_core.shell:Creating prefix script '/root/ros2_ws/install/local_setup.ps1'
[9.432s] INFO:colcon.colcon_core.shell:Creating prefix util module '/root/ros2_ws/install/_local_setup_util_ps1.py'
[9.435s] INFO:colcon.colcon_core.shell:Creating prefix chain script '/root/ros2_ws/install/setup.ps1'
[9.437s] INFO:colcon.colcon_core.shell:Creating prefix script '/root/ros2_ws/install/local_setup.sh'
[9.437s] INFO:colcon.colcon_core.shell:Creating prefix util module '/root/ros2_ws/install/_local_setup_util_sh.py'
[9.439s] INFO:colcon.colcon_core.shell:Creating prefix chain script '/root/ros2_ws/install/setup.sh'
[9.441s] INFO:colcon.colcon_core.shell:Creating prefix script '/root/ros2_ws/install/local_setup.bash'
[9.441s] INFO:colcon.colcon_core.shell:Creating prefix chain script '/root/ros2_ws/install/setup.bash'
[9.444s] INFO:colcon.colcon_core.shell:Creating prefix script '/root/ros2_ws/install/local_setup.zsh'
[9.445s] INFO:colcon.colcon_core.shell:Creating prefix chain script '/root/ros2_ws/install/setup.zsh'
