running egg_info
writing ../../build/talker/talker.egg-info/PKG-INFO
writing dependency_links to ../../build/talker/talker.egg-info/dependency_links.txt
writing entry points to ../../build/talker/talker.egg-info/entry_points.txt
writing requirements to ../../build/talker/talker.egg-info/requires.txt
writing top-level names to ../../build/talker/talker.egg-info/top_level.txt
reading manifest file '../../build/talker/talker.egg-info/SOURCES.txt'
writing manifest file '../../build/talker/talker.egg-info/SOURCES.txt'
running build
running build_py
copying talker/__init__.py -> /root/ros2_ws/build/talker/build/lib/talker
copying talker/talker_node.py -> /root/ros2_ws/build/talker/build/lib/talker
running install
running install_lib
running install_data
copying resource/talker -> /root/ros2_ws/install/talker/share/ament_index/resource_index/packages
copying package.xml -> /root/ros2_ws/install/talker/share/talker
running install_egg_info
removing '/root/ros2_ws/install/talker/lib/python3.10/site-packages/talker-0.0.0-py3.10.egg-info' (and everything under it)
Copying ../../build/talker/talker.egg-info to /root/ros2_ws/install/talker/lib/python3.10/site-packages/talker-0.0.0-py3.10.egg-info
running install_scripts
Installing talker script to /root/ros2_ws/install/talker/lib/talker
writing list of installed files to '/root/ros2_ws/build/talker/install.log'
