[1.013s] Invoking command in '/root/ros2_ws/src/listener': PYTHONPATH=/root/ros2_ws/build/listener/prefix_override:/usr/lib/python3/dist-packages/colcon_core/task/python/colcon_distutils_commands:/root/ros2_ws/install/listener/lib/python3.10/site-packages:${PYTHONPATH} /usr/bin/python3 -W ignore:setup.py install is deprecated -W ignore:easy_install command is deprecated setup.py egg_info --egg-base ../../build/listener build --build-base /root/ros2_ws/build/listener/build install --record /root/ros2_ws/build/listener/install.log --single-version-externally-managed install_data
[1.133s] /root/.local/lib/python3.10/site-packages/setuptools/_distutils/dist.py:270: UserWarning: Unknown distribution option: 'tests_require'
[1.133s]   warnings.warn(msg)
[1.215s] running egg_info
[1.226s] writing ../../build/listener/listener.egg-info/PKG-INFO
[1.227s] writing dependency_links to ../../build/listener/listener.egg-info/dependency_links.txt
[1.227s] writing entry points to ../../build/listener/listener.egg-info/entry_points.txt
[1.227s] writing requirements to ../../build/listener/listener.egg-info/requires.txt
[1.227s] writing top-level names to ../../build/listener/listener.egg-info/top_level.txt
[1.260s] reading manifest file '../../build/listener/listener.egg-info/SOURCES.txt'
[1.261s] writing manifest file '../../build/listener/listener.egg-info/SOURCES.txt'
[1.261s] running build
[1.261s] running build_py
[1.261s] copying listener/__init__.py -> /root/ros2_ws/build/listener/build/lib/listener
[1.261s] copying listener/listener_node.py -> /root/ros2_ws/build/listener/build/lib/listener
[1.261s] running install
[1.265s] running install_lib
[1.278s] running install_data
[1.278s] copying resource/listener -> /root/ros2_ws/install/listener/share/ament_index/resource_index/packages
[1.279s] copying package.xml -> /root/ros2_ws/install/listener/share/listener
[1.279s] running install_egg_info
[1.297s] removing '/root/ros2_ws/install/listener/lib/python3.10/site-packages/listener-0.0.0-py3.10.egg-info' (and everything under it)
[1.298s] Copying ../../build/listener/listener.egg-info to /root/ros2_ws/install/listener/lib/python3.10/site-packages/listener-0.0.0-py3.10.egg-info
[1.299s] running install_scripts
[1.418s] Installing listener script to /root/ros2_ws/install/listener/lib/listener
[1.419s] writing list of installed files to '/root/ros2_ws/build/listener/install.log'
[1.462s] Invoked command in '/root/ros2_ws/src/listener' returned '0': PYTHONPATH=/root/ros2_ws/build/listener/prefix_override:/usr/lib/python3/dist-packages/colcon_core/task/python/colcon_distutils_commands:/root/ros2_ws/install/listener/lib/python3.10/site-packages:${PYTHONPATH} /usr/bin/python3 -W ignore:setup.py install is deprecated -W ignore:easy_install command is deprecated setup.py egg_info --egg-base ../../build/listener build --build-base /root/ros2_ws/build/listener/build install --record /root/ros2_ws/build/listener/install.log --single-version-externally-managed install_data
