[0.059s] Invoking command in '/root/ros2_ws/build/my_service_interfaces': CMAKE_PREFIX_PATH=${CMAKE_PREFIX_PATH}:/root/ros2_ws/install/talker:/root/ros2_ws/install/my_turtle_controller:/root/ros2_ws/install/my_service_server:/root/ros2_ws/install/my_service_client:/root/ros2_ws/install/my_calculate_action:/root/ros2_ws/install/listener:/opt/ros/iron /usr/bin/cmake --build /root/ros2_ws/build/my_service_interfaces -- -j12 -l12
[1.035s] [  2%] Built target my_service_interfaces__rosidl_generator_type_description
[1.035s] [  2%] Built target ament_cmake_python_copy_my_service_interfaces
[1.035s] [  5%] Built target my_service_interfaces__cpp
[1.035s] [ 20%] Built target my_service_interfaces__rosidl_generator_c
[1.035s] [ 29%] Built target my_service_interfaces__rosidl_typesupport_introspection_c
[1.035s] [ 38%] Built target my_service_interfaces__rosidl_typesupport_c
[1.036s] [ 73%] Built target my_service_interfaces__rosidl_typesupport_cpp
[1.036s] [ 73%] Built target my_service_interfaces__rosidl_typesupport_fastrtps_c
[1.036s] [ 73%] Built target my_service_interfaces__rosidl_typesupport_introspection_cpp
[1.037s] [ 73%] Built target my_service_interfaces__rosidl_typesupport_fastrtps_cpp
[1.037s] [ 73%] Built target my_service_interfaces
[1.037s] [ 76%] Built target my_service_interfaces__py
[1.037s] [ 82%] Built target my_service_interfaces__rosidl_generator_py
[1.038s] [ 97%] Built target my_service_interfaces__rosidl_typesupport_c__pyext
[1.038s] [ 97%] Built target my_service_interfaces__rosidl_typesupport_introspection_c__pyext
[1.038s] [100%] Built target my_service_interfaces__rosidl_typesupport_fastrtps_c__pyext
[1.038s] running egg_info
[1.039s] writing my_service_interfaces.egg-info/PKG-INFO
[1.039s] writing dependency_links to my_service_interfaces.egg-info/dependency_links.txt
[1.039s] writing top-level names to my_service_interfaces.egg-info/top_level.txt
[1.039s] reading manifest file 'my_service_interfaces.egg-info/SOURCES.txt'
[1.040s] writing manifest file 'my_service_interfaces.egg-info/SOURCES.txt'
[1.040s] [100%] Built target ament_cmake_python_build_my_service_interfaces_egg
[1.062s] Invoked command in '/root/ros2_ws/build/my_service_interfaces' returned '0': CMAKE_PREFIX_PATH=${CMAKE_PREFIX_PATH}:/root/ros2_ws/install/talker:/root/ros2_ws/install/my_turtle_controller:/root/ros2_ws/install/my_service_server:/root/ros2_ws/install/my_service_client:/root/ros2_ws/install/my_calculate_action:/root/ros2_ws/install/listener:/opt/ros/iron /usr/bin/cmake --build /root/ros2_ws/build/my_service_interfaces -- -j12 -l12
[1.065s] Invoking command in '/root/ros2_ws/build/my_service_interfaces': CMAKE_PREFIX_PATH=${CMAKE_PREFIX_PATH}:/root/ros2_ws/install/talker:/root/ros2_ws/install/my_turtle_controller:/root/ros2_ws/install/my_service_server:/root/ros2_ws/install/my_service_client:/root/ros2_ws/install/my_calculate_action:/root/ros2_ws/install/listener:/opt/ros/iron /usr/bin/cmake --install /root/ros2_ws/build/my_service_interfaces
[1.089s] -- Install configuration: ""
[1.089s] -- Up-to-date: /root/ros2_ws/install/my_service_interfaces/share/ament_index/resource_index/rosidl_interfaces/my_service_interfaces
[1.089s] -- Up-to-date: /root/ros2_ws/install/my_service_interfaces/share/my_service_interfaces/srv/SetVelocity.json
[1.089s] -- Up-to-date: /root/ros2_ws/install/my_service_interfaces/include/my_service_interfaces/my_service_interfaces
[1.090s] -- Up-to-date: /root/ros2_ws/install/my_service_interfaces/include/my_service_interfaces/my_service_interfaces/msg
[1.090s] -- Up-to-date: /root/ros2_ws/install/my_service_interfaces/include/my_service_interfaces/my_service_interfaces/msg/rosidl_generator_c__visibility_control.h
[1.090s] -- Up-to-date: /root/ros2_ws/install/my_service_interfaces/include/my_service_interfaces/my_service_interfaces/srv
[1.090s] -- Up-to-date: /root/ros2_ws/install/my_service_interfaces/include/my_service_interfaces/my_service_interfaces/srv/set_velocity.h
[1.090s] -- Up-to-date: /root/ros2_ws/install/my_service_interfaces/include/my_service_interfaces/my_service_interfaces/srv/detail
[1.090s] -- Up-to-date: /root/ros2_ws/install/my_service_interfaces/include/my_service_interfaces/my_service_interfaces/srv/detail/set_velocity__struct.h
[1.090s] -- Up-to-date: /root/ros2_ws/install/my_service_interfaces/include/my_service_interfaces/my_service_interfaces/srv/detail/set_velocity__functions.c
[1.090s] -- Up-to-date: /root/ros2_ws/install/my_service_interfaces/include/my_service_interfaces/my_service_interfaces/srv/detail/set_velocity__functions.h
[1.090s] -- Up-to-date: /root/ros2_ws/install/my_service_interfaces/include/my_service_interfaces/my_service_interfaces/srv/detail/set_velocity__description.c
[1.090s] -- Up-to-date: /root/ros2_ws/install/my_service_interfaces/include/my_service_interfaces/my_service_interfaces/srv/detail/set_velocity__type_support.h
[1.090s] -- Up-to-date: /root/ros2_ws/install/my_service_interfaces/include/my_service_interfaces/my_service_interfaces/srv/detail/set_velocity__type_support.c
[1.091s] -- Up-to-date: /root/ros2_ws/install/my_service_interfaces/share/my_service_interfaces/environment/library_path.sh
[1.091s] -- Up-to-date: /root/ros2_ws/install/my_service_interfaces/share/my_service_interfaces/environment/library_path.dsv
[1.091s] -- Up-to-date: /root/ros2_ws/install/my_service_interfaces/lib/libmy_service_interfaces__rosidl_generator_c.so
[1.091s] -- Up-to-date: /root/ros2_ws/install/my_service_interfaces/include/my_service_interfaces/my_service_interfaces
[1.091s] -- Up-to-date: /root/ros2_ws/install/my_service_interfaces/include/my_service_interfaces/my_service_interfaces/msg
[1.091s] -- Up-to-date: /root/ros2_ws/install/my_service_interfaces/include/my_service_interfaces/my_service_interfaces/msg/rosidl_typesupport_fastrtps_c__visibility_control.h
[1.091s] -- Up-to-date: /root/ros2_ws/install/my_service_interfaces/include/my_service_interfaces/my_service_interfaces/srv
[1.091s] -- Up-to-date: /root/ros2_ws/install/my_service_interfaces/include/my_service_interfaces/my_service_interfaces/srv/detail
[1.091s] -- Up-to-date: /root/ros2_ws/install/my_service_interfaces/include/my_service_interfaces/my_service_interfaces/srv/detail/set_velocity__rosidl_typesupport_fastrtps_c.h
[1.091s] -- Up-to-date: /root/ros2_ws/install/my_service_interfaces/lib/libmy_service_interfaces__rosidl_typesupport_fastrtps_c.so
[1.091s] -- Up-to-date: /root/ros2_ws/install/my_service_interfaces/include/my_service_interfaces/my_service_interfaces
[1.091s] -- Up-to-date: /root/ros2_ws/install/my_service_interfaces/include/my_service_interfaces/my_service_interfaces/msg
[1.092s] -- Up-to-date: /root/ros2_ws/install/my_service_interfaces/include/my_service_interfaces/my_service_interfaces/msg/rosidl_typesupport_introspection_c__visibility_control.h
[1.092s] -- Up-to-date: /root/ros2_ws/install/my_service_interfaces/include/my_service_interfaces/my_service_interfaces/srv
[1.092s] -- Up-to-date: /root/ros2_ws/install/my_service_interfaces/include/my_service_interfaces/my_service_interfaces/srv/detail
[1.092s] -- Up-to-date: /root/ros2_ws/install/my_service_interfaces/include/my_service_interfaces/my_service_interfaces/srv/detail/set_velocity__rosidl_typesupport_introspection_c.h
[1.092s] -- Up-to-date: /root/ros2_ws/install/my_service_interfaces/include/my_service_interfaces/my_service_interfaces/srv/detail/set_velocity__type_support.c
[1.092s] -- Up-to-date: /root/ros2_ws/install/my_service_interfaces/lib/libmy_service_interfaces__rosidl_typesupport_introspection_c.so
[1.092s] -- Up-to-date: /root/ros2_ws/install/my_service_interfaces/lib/libmy_service_interfaces__rosidl_typesupport_c.so
[1.092s] -- Up-to-date: /root/ros2_ws/install/my_service_interfaces/include/my_service_interfaces/my_service_interfaces
[1.092s] -- Up-to-date: /root/ros2_ws/install/my_service_interfaces/include/my_service_interfaces/my_service_interfaces/srv
[1.092s] -- Up-to-date: /root/ros2_ws/install/my_service_interfaces/include/my_service_interfaces/my_service_interfaces/srv/set_velocity.hpp
[1.092s] -- Up-to-date: /root/ros2_ws/install/my_service_interfaces/include/my_service_interfaces/my_service_interfaces/srv/detail
[1.092s] -- Up-to-date: /root/ros2_ws/install/my_service_interfaces/include/my_service_interfaces/my_service_interfaces/srv/detail/set_velocity__struct.hpp
[1.093s] -- Up-to-date: /root/ros2_ws/install/my_service_interfaces/include/my_service_interfaces/my_service_interfaces/srv/detail/set_velocity__traits.hpp
[1.093s] -- Up-to-date: /root/ros2_ws/install/my_service_interfaces/include/my_service_interfaces/my_service_interfaces/srv/detail/set_velocity__builder.hpp
[1.093s] -- Up-to-date: /root/ros2_ws/install/my_service_interfaces/include/my_service_interfaces/my_service_interfaces
[1.093s] -- Up-to-date: /root/ros2_ws/install/my_service_interfaces/include/my_service_interfaces/my_service_interfaces/msg
[1.093s] -- Up-to-date: /root/ros2_ws/install/my_service_interfaces/include/my_service_interfaces/my_service_interfaces/msg/rosidl_typesupport_fastrtps_cpp__visibility_control.h
[1.093s] -- Up-to-date: /root/ros2_ws/install/my_service_interfaces/include/my_service_interfaces/my_service_interfaces/srv
[1.093s] -- Up-to-date: /root/ros2_ws/install/my_service_interfaces/include/my_service_interfaces/my_service_interfaces/srv/detail
[1.093s] -- Up-to-date: /root/ros2_ws/install/my_service_interfaces/include/my_service_interfaces/my_service_interfaces/srv/detail/set_velocity__rosidl_typesupport_fastrtps_cpp.hpp
[1.093s] -- Up-to-date: /root/ros2_ws/install/my_service_interfaces/include/my_service_interfaces/my_service_interfaces/srv/detail/dds_fastrtps
[1.095s] -- Up-to-date: /root/ros2_ws/install/my_service_interfaces/lib/libmy_service_interfaces__rosidl_typesupport_fastrtps_cpp.so
[1.095s] -- Up-to-date: /root/ros2_ws/install/my_service_interfaces/include/my_service_interfaces/my_service_interfaces
[1.095s] -- Up-to-date: /root/ros2_ws/install/my_service_interfaces/include/my_service_interfaces/my_service_interfaces/srv
[1.095s] -- Up-to-date: /root/ros2_ws/install/my_service_interfaces/include/my_service_interfaces/my_service_interfaces/srv/detail
[1.095s] -- Up-to-date: /root/ros2_ws/install/my_service_interfaces/include/my_service_interfaces/my_service_interfaces/srv/detail/set_velocity__rosidl_typesupport_introspection_cpp.hpp
[1.095s] -- Up-to-date: /root/ros2_ws/install/my_service_interfaces/include/my_service_interfaces/my_service_interfaces/srv/detail/set_velocity__type_support.cpp
[1.095s] -- Up-to-date: /root/ros2_ws/install/my_service_interfaces/lib/libmy_service_interfaces__rosidl_typesupport_introspection_cpp.so
[1.095s] -- Up-to-date: /root/ros2_ws/install/my_service_interfaces/lib/libmy_service_interfaces__rosidl_typesupport_cpp.so
[1.096s] -- Up-to-date: /root/ros2_ws/install/my_service_interfaces/share/my_service_interfaces/environment/pythonpath.sh
[1.096s] -- Up-to-date: /root/ros2_ws/install/my_service_interfaces/share/my_service_interfaces/environment/pythonpath.dsv
[1.096s] -- Up-to-date: /root/ros2_ws/install/my_service_interfaces/lib/python3.10/site-packages/my_service_interfaces-0.0.0-py3.10.egg-info
[1.097s] -- Installing: /root/ros2_ws/install/my_service_interfaces/lib/python3.10/site-packages/my_service_interfaces-0.0.0-py3.10.egg-info/SOURCES.txt
[1.097s] -- Installing: /root/ros2_ws/install/my_service_interfaces/lib/python3.10/site-packages/my_service_interfaces-0.0.0-py3.10.egg-info/top_level.txt
[1.097s] -- Installing: /root/ros2_ws/install/my_service_interfaces/lib/python3.10/site-packages/my_service_interfaces-0.0.0-py3.10.egg-info/PKG-INFO
[1.097s] -- Installing: /root/ros2_ws/install/my_service_interfaces/lib/python3.10/site-packages/my_service_interfaces-0.0.0-py3.10.egg-info/dependency_links.txt
[1.097s] -- Up-to-date: /root/ros2_ws/install/my_service_interfaces/lib/python3.10/site-packages/my_service_interfaces
[1.097s] -- Up-to-date: /root/ros2_ws/install/my_service_interfaces/lib/python3.10/site-packages/my_service_interfaces/my_service_interfaces_s__rosidl_typesupport_c.cpython-310-x86_64-linux-gnu.so
[1.097s] -- Up-to-date: /root/ros2_ws/install/my_service_interfaces/lib/python3.10/site-packages/my_service_interfaces/__init__.py
[1.098s] -- Up-to-date: /root/ros2_ws/install/my_service_interfaces/lib/python3.10/site-packages/my_service_interfaces/my_service_interfaces_s__rosidl_typesupport_fastrtps_c.cpython-310-x86_64-linux-gnu.so
[1.098s] -- Up-to-date: /root/ros2_ws/install/my_service_interfaces/lib/python3.10/site-packages/my_service_interfaces/_my_service_interfaces_s.ep.rosidl_typesupport_introspection_c.c
[1.098s] -- Up-to-date: /root/ros2_ws/install/my_service_interfaces/lib/python3.10/site-packages/my_service_interfaces/_my_service_interfaces_s.ep.rosidl_typesupport_c.c
[1.098s] -- Up-to-date: /root/ros2_ws/install/my_service_interfaces/lib/python3.10/site-packages/my_service_interfaces/srv
[1.098s] -- Up-to-date: /root/ros2_ws/install/my_service_interfaces/lib/python3.10/site-packages/my_service_interfaces/srv/__init__.py
[1.098s] -- Up-to-date: /root/ros2_ws/install/my_service_interfaces/lib/python3.10/site-packages/my_service_interfaces/srv/_set_velocity_s.c
[1.098s] -- Up-to-date: /root/ros2_ws/install/my_service_interfaces/lib/python3.10/site-packages/my_service_interfaces/srv/_set_velocity.py
[1.098s] -- Up-to-date: /root/ros2_ws/install/my_service_interfaces/lib/python3.10/site-packages/my_service_interfaces/my_service_interfaces_s__rosidl_typesupport_introspection_c.cpython-310-x86_64-linux-gnu.so
[1.099s] -- Up-to-date: /root/ros2_ws/install/my_service_interfaces/lib/python3.10/site-packages/my_service_interfaces/libmy_service_interfaces__rosidl_generator_py.so
[1.099s] -- Up-to-date: /root/ros2_ws/install/my_service_interfaces/lib/python3.10/site-packages/my_service_interfaces/_my_service_interfaces_s.ep.rosidl_typesupport_fastrtps_c.c
[1.122s] Listing '/root/ros2_ws/install/my_service_interfaces/lib/python3.10/site-packages/my_service_interfaces'...
[1.122s] Listing '/root/ros2_ws/install/my_service_interfaces/lib/python3.10/site-packages/my_service_interfaces/srv'...
[1.128s] -- Up-to-date: /root/ros2_ws/install/my_service_interfaces/lib/python3.10/site-packages/my_service_interfaces/my_service_interfaces_s__rosidl_typesupport_fastrtps_c.cpython-310-x86_64-linux-gnu.so
[1.129s] -- Up-to-date: /root/ros2_ws/install/my_service_interfaces/lib/python3.10/site-packages/my_service_interfaces/my_service_interfaces_s__rosidl_typesupport_introspection_c.cpython-310-x86_64-linux-gnu.so
[1.131s] -- Up-to-date: /root/ros2_ws/install/my_service_interfaces/lib/python3.10/site-packages/my_service_interfaces/my_service_interfaces_s__rosidl_typesupport_c.cpython-310-x86_64-linux-gnu.so
[1.132s] -- Up-to-date: /root/ros2_ws/install/my_service_interfaces/lib/libmy_service_interfaces__rosidl_generator_py.so
[1.132s] -- Up-to-date: /root/ros2_ws/install/my_service_interfaces/share/my_service_interfaces/srv/SetVelocity.idl
[1.132s] -- Up-to-date: /root/ros2_ws/install/my_service_interfaces/share/my_service_interfaces/srv/SetVelocity.srv
[1.132s] -- Up-to-date: /root/ros2_ws/install/my_service_interfaces/share/my_service_interfaces/srv/SetVelocity_Request.msg
[1.132s] -- Up-to-date: /root/ros2_ws/install/my_service_interfaces/share/my_service_interfaces/srv/SetVelocity_Response.msg
[1.132s] -- Up-to-date: /root/ros2_ws/install/my_service_interfaces/share/ament_index/resource_index/package_run_dependencies/my_service_interfaces
[1.133s] -- Up-to-date: /root/ros2_ws/install/my_service_interfaces/share/ament_index/resource_index/parent_prefix_path/my_service_interfaces
[1.133s] -- Up-to-date: /root/ros2_ws/install/my_service_interfaces/share/my_service_interfaces/environment/ament_prefix_path.sh
[1.133s] -- Up-to-date: /root/ros2_ws/install/my_service_interfaces/share/my_service_interfaces/environment/ament_prefix_path.dsv
[1.133s] -- Up-to-date: /root/ros2_ws/install/my_service_interfaces/share/my_service_interfaces/environment/path.sh
[1.133s] -- Up-to-date: /root/ros2_ws/install/my_service_interfaces/share/my_service_interfaces/environment/path.dsv
[1.133s] -- Up-to-date: /root/ros2_ws/install/my_service_interfaces/share/my_service_interfaces/local_setup.bash
[1.133s] -- Up-to-date: /root/ros2_ws/install/my_service_interfaces/share/my_service_interfaces/local_setup.sh
[1.134s] -- Up-to-date: /root/ros2_ws/install/my_service_interfaces/share/my_service_interfaces/local_setup.zsh
[1.134s] -- Up-to-date: /root/ros2_ws/install/my_service_interfaces/share/my_service_interfaces/local_setup.dsv
[1.134s] -- Installing: /root/ros2_ws/install/my_service_interfaces/share/my_service_interfaces/package.dsv
[1.134s] -- Up-to-date: /root/ros2_ws/install/my_service_interfaces/share/ament_index/resource_index/packages/my_service_interfaces
[1.136s] -- Up-to-date: /root/ros2_ws/install/my_service_interfaces/share/my_service_interfaces/cmake/export_my_service_interfaces__rosidl_generator_cExport.cmake
[1.136s] -- Up-to-date: /root/ros2_ws/install/my_service_interfaces/share/my_service_interfaces/cmake/export_my_service_interfaces__rosidl_generator_cExport-noconfig.cmake
[1.136s] -- Up-to-date: /root/ros2_ws/install/my_service_interfaces/share/my_service_interfaces/cmake/export_my_service_interfaces__rosidl_typesupport_fastrtps_cExport.cmake
[1.137s] -- Up-to-date: /root/ros2_ws/install/my_service_interfaces/share/my_service_interfaces/cmake/export_my_service_interfaces__rosidl_typesupport_fastrtps_cExport-noconfig.cmake
[1.137s] -- Up-to-date: /root/ros2_ws/install/my_service_interfaces/share/my_service_interfaces/cmake/my_service_interfaces__rosidl_typesupport_introspection_cExport.cmake
[1.137s] -- Up-to-date: /root/ros2_ws/install/my_service_interfaces/share/my_service_interfaces/cmake/my_service_interfaces__rosidl_typesupport_introspection_cExport-noconfig.cmake
[1.138s] -- Up-to-date: /root/ros2_ws/install/my_service_interfaces/share/my_service_interfaces/cmake/my_service_interfaces__rosidl_typesupport_cExport.cmake
[1.138s] -- Up-to-date: /root/ros2_ws/install/my_service_interfaces/share/my_service_interfaces/cmake/my_service_interfaces__rosidl_typesupport_cExport-noconfig.cmake
[1.138s] -- Up-to-date: /root/ros2_ws/install/my_service_interfaces/share/my_service_interfaces/cmake/export_my_service_interfaces__rosidl_generator_cppExport.cmake
[1.139s] -- Up-to-date: /root/ros2_ws/install/my_service_interfaces/share/my_service_interfaces/cmake/export_my_service_interfaces__rosidl_typesupport_fastrtps_cppExport.cmake
[1.139s] -- Up-to-date: /root/ros2_ws/install/my_service_interfaces/share/my_service_interfaces/cmake/export_my_service_interfaces__rosidl_typesupport_fastrtps_cppExport-noconfig.cmake
[1.147s] -- Up-to-date: /root/ros2_ws/install/my_service_interfaces/share/my_service_interfaces/cmake/my_service_interfaces__rosidl_typesupport_introspection_cppExport.cmake
[1.147s] -- Up-to-date: /root/ros2_ws/install/my_service_interfaces/share/my_service_interfaces/cmake/my_service_interfaces__rosidl_typesupport_introspection_cppExport-noconfig.cmake
[1.148s] -- Up-to-date: /root/ros2_ws/install/my_service_interfaces/share/my_service_interfaces/cmake/my_service_interfaces__rosidl_typesupport_cppExport.cmake
[1.148s] -- Up-to-date: /root/ros2_ws/install/my_service_interfaces/share/my_service_interfaces/cmake/my_service_interfaces__rosidl_typesupport_cppExport-noconfig.cmake
[1.149s] -- Up-to-date: /root/ros2_ws/install/my_service_interfaces/share/my_service_interfaces/cmake/export_my_service_interfaces__rosidl_generator_pyExport.cmake
[1.149s] -- Up-to-date: /root/ros2_ws/install/my_service_interfaces/share/my_service_interfaces/cmake/export_my_service_interfaces__rosidl_generator_pyExport-noconfig.cmake
[1.149s] -- Up-to-date: /root/ros2_ws/install/my_service_interfaces/share/my_service_interfaces/cmake/rosidl_cmake-extras.cmake
[1.150s] -- Up-to-date: /root/ros2_ws/install/my_service_interfaces/share/my_service_interfaces/cmake/ament_cmake_export_dependencies-extras.cmake
[1.150s] -- Up-to-date: /root/ros2_ws/install/my_service_interfaces/share/my_service_interfaces/cmake/ament_cmake_export_include_directories-extras.cmake
[1.150s] -- Up-to-date: /root/ros2_ws/install/my_service_interfaces/share/my_service_interfaces/cmake/ament_cmake_export_libraries-extras.cmake
[1.151s] -- Up-to-date: /root/ros2_ws/install/my_service_interfaces/share/my_service_interfaces/cmake/ament_cmake_export_targets-extras.cmake
[1.151s] -- Up-to-date: /root/ros2_ws/install/my_service_interfaces/share/my_service_interfaces/cmake/rosidl_cmake_export_typesupport_targets-extras.cmake
[1.152s] -- Up-to-date: /root/ros2_ws/install/my_service_interfaces/share/my_service_interfaces/cmake/rosidl_cmake_export_typesupport_libraries-extras.cmake
[1.152s] -- Up-to-date: /root/ros2_ws/install/my_service_interfaces/share/my_service_interfaces/cmake/my_service_interfacesConfig.cmake
[1.152s] -- Up-to-date: /root/ros2_ws/install/my_service_interfaces/share/my_service_interfaces/cmake/my_service_interfacesConfig-version.cmake
[1.152s] -- Up-to-date: /root/ros2_ws/install/my_service_interfaces/share/my_service_interfaces/package.xml
[1.192s] Invoked command in '/root/ros2_ws/build/my_service_interfaces' returned '0': CMAKE_PREFIX_PATH=${CMAKE_PREFIX_PATH}:/root/ros2_ws/install/talker:/root/ros2_ws/install/my_turtle_controller:/root/ros2_ws/install/my_service_server:/root/ros2_ws/install/my_service_client:/root/ros2_ws/install/my_calculate_action:/root/ros2_ws/install/listener:/opt/ros/iron /usr/bin/cmake --install /root/ros2_ws/build/my_service_interfaces
