[1.485s] Invoking command in '/root/ros2_ws/src/my_service_server': PYTHONPATH=/root/ros2_ws/build/my_service_server/prefix_override:/usr/lib/python3/dist-packages/colcon_core/task/python/colcon_distutils_commands:/root/ros2_ws/install/my_service_server/lib/python3.10/site-packages:${PYTHONPATH} /usr/bin/python3 -W ignore:setup.py install is deprecated -W ignore:easy_install command is deprecated setup.py egg_info --egg-base ../../build/my_service_server build --build-base /root/ros2_ws/build/my_service_server/build install --record /root/ros2_ws/build/my_service_server/install.log --single-version-externally-managed install_data
[1.629s] /root/.local/lib/python3.10/site-packages/setuptools/_distutils/dist.py:270: UserWarning: Unknown distribution option: 'tests_require'
[1.629s]   warnings.warn(msg)
[1.724s] running egg_info
[1.740s] creating ../../build/my_service_server/my_service_server.egg-info
[1.741s] writing ../../build/my_service_server/my_service_server.egg-info/PKG-INFO
[1.741s] writing dependency_links to ../../build/my_service_server/my_service_server.egg-info/dependency_links.txt
[1.741s] writing entry points to ../../build/my_service_server/my_service_server.egg-info/entry_points.txt
[1.742s] writing requirements to ../../build/my_service_server/my_service_server.egg-info/requires.txt
[1.742s] writing top-level names to ../../build/my_service_server/my_service_server.egg-info/top_level.txt
[1.742s] writing manifest file '../../build/my_service_server/my_service_server.egg-info/SOURCES.txt'
[1.774s] reading manifest file '../../build/my_service_server/my_service_server.egg-info/SOURCES.txt'
[1.775s] writing manifest file '../../build/my_service_server/my_service_server.egg-info/SOURCES.txt'
[1.775s] running build
[1.775s] running build_py
[1.775s] creating /root/ros2_ws/build/my_service_server/build/lib/my_service_server
[1.776s] copying my_service_server/__init__.py -> /root/ros2_ws/build/my_service_server/build/lib/my_service_server
[1.776s] copying my_service_server/server_node.py -> /root/ros2_ws/build/my_service_server/build/lib/my_service_server
[1.777s] running install
[1.781s] running install_lib
[1.797s] creating /root/ros2_ws/install/my_service_server/lib/python3.10/site-packages/my_service_server
[1.797s] copying /root/ros2_ws/build/my_service_server/build/lib/my_service_server/__init__.py -> /root/ros2_ws/install/my_service_server/lib/python3.10/site-packages/my_service_server
[1.798s] copying /root/ros2_ws/build/my_service_server/build/lib/my_service_server/server_node.py -> /root/ros2_ws/install/my_service_server/lib/python3.10/site-packages/my_service_server
[1.798s] byte-compiling /root/ros2_ws/install/my_service_server/lib/python3.10/site-packages/my_service_server/__init__.py to __init__.cpython-310.pyc
[1.799s] byte-compiling /root/ros2_ws/install/my_service_server/lib/python3.10/site-packages/my_service_server/server_node.py to server_node.cpython-310.pyc
[1.800s] running install_data
[1.800s] creating /root/ros2_ws/install/my_service_server/share/ament_index/resource_index/packages
[1.801s] copying resource/my_service_server -> /root/ros2_ws/install/my_service_server/share/ament_index/resource_index/packages
[1.801s] copying package.xml -> /root/ros2_ws/install/my_service_server/share/my_service_server
[1.801s] running install_egg_info
[1.819s] Copying ../../build/my_service_server/my_service_server.egg-info to /root/ros2_ws/install/my_service_server/lib/python3.10/site-packages/my_service_server-0.0.0-py3.10.egg-info
[1.821s] running install_scripts
[1.952s] Installing velocity_server script to /root/ros2_ws/install/my_service_server/lib/my_service_server
[1.953s] writing list of installed files to '/root/ros2_ws/build/my_service_server/install.log'
[1.977s] Invoked command in '/root/ros2_ws/src/my_service_server' returned '0': PYTHONPATH=/root/ros2_ws/build/my_service_server/prefix_override:/usr/lib/python3/dist-packages/colcon_core/task/python/colcon_distutils_commands:/root/ros2_ws/install/my_service_server/lib/python3.10/site-packages:${PYTHONPATH} /usr/bin/python3 -W ignore:setup.py install is deprecated -W ignore:easy_install command is deprecated setup.py egg_info --egg-base ../../build/my_service_server build --build-base /root/ros2_ws/build/my_service_server/build install --record /root/ros2_ws/build/my_service_server/install.log --single-version-externally-managed install_data
