[0.753s] Invoking command in '/root/ros2_ws/src/my_calculate_action': PYTHONPATH=/root/ros2_ws/build/my_calculate_action/prefix_override:/usr/lib/python3/dist-packages/colcon_core/task/python/colcon_distutils_commands:/root/ros2_ws/install/my_calculate_action/lib/python3.10/site-packages:${PYTHONPATH} /usr/bin/python3 -W ignore:setup.py install is deprecated -W ignore:easy_install command is deprecated setup.py egg_info --egg-base ../../build/my_calculate_action build --build-base /root/ros2_ws/build/my_calculate_action/build install --record /root/ros2_ws/build/my_calculate_action/install.log --single-version-externally-managed install_data
[0.893s] /root/.local/lib/python3.10/site-packages/setuptools/_distutils/dist.py:270: UserWarning: Unknown distribution option: 'tests_require'
[0.893s]   warnings.warn(msg)
[0.993s] running egg_info
[1.009s] writing ../../build/my_calculate_action/my_calculate_action.egg-info/PKG-INFO
[1.010s] writing dependency_links to ../../build/my_calculate_action/my_calculate_action.egg-info/dependency_links.txt
[1.010s] writing entry points to ../../build/my_calculate_action/my_calculate_action.egg-info/entry_points.txt
[1.010s] writing requirements to ../../build/my_calculate_action/my_calculate_action.egg-info/requires.txt
[1.010s] writing top-level names to ../../build/my_calculate_action/my_calculate_action.egg-info/top_level.txt
[1.043s] reading manifest file '../../build/my_calculate_action/my_calculate_action.egg-info/SOURCES.txt'
[1.044s] writing manifest file '../../build/my_calculate_action/my_calculate_action.egg-info/SOURCES.txt'
[1.044s] running build
[1.044s] running build_py
[1.044s] copying my_calculate_action/__init__.py -> /root/ros2_ws/build/my_calculate_action/build/lib/my_calculate_action
[1.045s] copying my_calculate_action/calculate_action_client.py -> /root/ros2_ws/build/my_calculate_action/build/lib/my_calculate_action
[1.045s] copying my_calculate_action/publisher_node.py -> /root/ros2_ws/build/my_calculate_action/build/lib/my_calculate_action
[1.045s] copying my_calculate_action/calculate_action_server.py -> /root/ros2_ws/build/my_calculate_action/build/lib/my_calculate_action
[1.045s] running install
[1.049s] running install_lib
[1.064s] copying /root/ros2_ws/build/my_calculate_action/build/lib/my_calculate_action/publisher_node.py -> /root/ros2_ws/install/my_calculate_action/lib/python3.10/site-packages/my_calculate_action
[1.065s] byte-compiling /root/ros2_ws/install/my_calculate_action/lib/python3.10/site-packages/my_calculate_action/publisher_node.py to publisher_node.cpython-310.pyc
[1.066s] Sorry: IndentationError: expected an indented block after function definition on line 39 (publisher_node.py, line 40)
[1.066s] running install_data
[1.066s] copying resource/my_calculate_action -> /root/ros2_ws/install/my_calculate_action/share/ament_index/resource_index/packages
[1.066s] copying package.xml -> /root/ros2_ws/install/my_calculate_action/share/my_calculate_action
[1.066s] running install_egg_info
[1.083s] removing '/root/ros2_ws/install/my_calculate_action/lib/python3.10/site-packages/my_calculate_action-0.0.0-py3.10.egg-info' (and everything under it)
[1.083s] Copying ../../build/my_calculate_action/my_calculate_action.egg-info to /root/ros2_ws/install/my_calculate_action/lib/python3.10/site-packages/my_calculate_action-0.0.0-py3.10.egg-info
[1.084s] running install_scripts
[1.211s] Installing calculate_action_client script to /root/ros2_ws/install/my_calculate_action/lib/my_calculate_action
[1.211s] Installing calculate_action_server script to /root/ros2_ws/install/my_calculate_action/lib/my_calculate_action
[1.211s] Installing number_publisher script to /root/ros2_ws/install/my_calculate_action/lib/my_calculate_action
[1.212s] writing list of installed files to '/root/ros2_ws/build/my_calculate_action/install.log'
[1.258s] Invoked command in '/root/ros2_ws/src/my_calculate_action' returned '0': PYTHONPATH=/root/ros2_ws/build/my_calculate_action/prefix_override:/usr/lib/python3/dist-packages/colcon_core/task/python/colcon_distutils_commands:/root/ros2_ws/install/my_calculate_action/lib/python3.10/site-packages:${PYTHONPATH} /usr/bin/python3 -W ignore:setup.py install is deprecated -W ignore:easy_install command is deprecated setup.py egg_info --egg-base ../../build/my_calculate_action build --build-base /root/ros2_ws/build/my_calculate_action/build install --record /root/ros2_ws/build/my_calculate_action/install.log --single-version-externally-managed install_data
