[  2%] Built target my_action_interface__rosidl_generator_type_description
[  2%] Built target ament_cmake_python_copy_my_action_interface
[  5%] Built target my_action_interface__cpp
[ 20%] Built target my_action_interface__rosidl_generator_c
[ 52%] Built target my_action_interface__rosidl_typesupport_c
[ 52%] Built target my_action_interface__rosidl_typesupport_fastrtps_c
[ 52%] Built target my_action_interface__rosidl_typesupport_introspection_c
[ 55%] Built target my_action_interface__rosidl_typesupport_cpp
[ 67%] Built target my_action_interface__rosidl_typesupport_fastrtps_cpp
[ 73%] Built target my_action_interface__rosidl_typesupport_introspection_cpp
[ 73%] Built target my_action_interface
[ 76%] Built target my_action_interface__py
[ 82%] Built target my_action_interface__rosidl_generator_py
[100%] Built target my_action_interface__rosidl_typesupport_introspection_c__pyext
[100%] Built target my_action_interface__rosidl_typesupport_c__pyext
[100%] Built target my_action_interface__rosidl_typesupport_fastrtps_c__pyext
running egg_info
writing my_action_interface.egg-info/PKG-INFO
writing dependency_links to my_action_interface.egg-info/dependency_links.txt
writing top-level names to my_action_interface.egg-info/top_level.txt
reading manifest file 'my_action_interface.egg-info/SOURCES.txt'
writing manifest file 'my_action_interface.egg-info/SOURCES.txt'
[100%] Built target ament_cmake_python_build_my_action_interface_egg
