[  2%] Built target my_service_interfaces__rosidl_generator_type_description
[  2%] Built target ament_cmake_python_copy_my_service_interfaces
[ 20%] Built target my_service_interfaces__rosidl_generator_c
[ 17%] Built target my_service_interfaces__cpp
[ 73%] Built target my_service_interfaces__rosidl_typesupport_fastrtps_c
[ 73%] Built target my_service_interfaces__rosidl_typesupport_introspection_cpp
[ 73%] Built target my_service_interfaces__rosidl_typesupport_cpp
[ 73%] Built target my_service_interfaces__rosidl_typesupport_fastrtps_cpp
[ 73%] Built target my_service_interfaces__rosidl_typesupport_introspection_c
[ 73%] Built target my_service_interfaces__rosidl_typesupport_c
[ 73%] Built target my_service_interfaces
[ 76%] Built target my_service_interfaces__py
[ 82%] Built target my_service_interfaces__rosidl_generator_py
[100%] Built target my_service_interfaces__rosidl_typesupport_c__pyext
[100%] Built target my_service_interfaces__rosidl_typesupport_fastrtps_c__pyext
[100%] Built target my_service_interfaces__rosidl_typesupport_introspection_c__pyext
running egg_info
writing my_service_interfaces.egg-info/PKG-INFO
writing dependency_links to my_service_interfaces.egg-info/dependency_links.txt
writing top-level names to my_service_interfaces.egg-info/top_level.txt
reading manifest file 'my_service_interfaces.egg-info/SOURCES.txt'
writing manifest file 'my_service_interfaces.egg-info/SOURCES.txt'
[100%] Built target ament_cmake_python_build_my_service_interfaces_egg
