[1.075s] Invoking command in '/root/ros2_ws/src/my_turtle_controller': PYTHONPATH=/root/ros2_ws/build/my_turtle_controller/prefix_override:/usr/lib/python3/dist-packages/colcon_core/task/python/colcon_distutils_commands:/root/ros2_ws/install/my_turtle_controller/lib/python3.10/site-packages:${PYTHONPATH} /usr/bin/python3 -W ignore:setup.py install is deprecated -W ignore:easy_install command is deprecated setup.py egg_info --egg-base ../../build/my_turtle_controller build --build-base /root/ros2_ws/build/my_turtle_controller/build install --record /root/ros2_ws/build/my_turtle_controller/install.log --single-version-externally-managed install_data
[1.238s] /root/.local/lib/python3.10/site-packages/setuptools/_distutils/dist.py:270: UserWarning: Unknown distribution option: 'tests_require'
[1.238s]   warnings.warn(msg)
[1.327s] running egg_info
[1.339s] writing ../../build/my_turtle_controller/my_turtle_controller.egg-info/PKG-INFO
[1.339s] writing dependency_links to ../../build/my_turtle_controller/my_turtle_controller.egg-info/dependency_links.txt
[1.339s] writing entry points to ../../build/my_turtle_controller/my_turtle_controller.egg-info/entry_points.txt
[1.340s] writing requirements to ../../build/my_turtle_controller/my_turtle_controller.egg-info/requires.txt
[1.340s] writing top-level names to ../../build/my_turtle_controller/my_turtle_controller.egg-info/top_level.txt
[1.367s] reading manifest file '../../build/my_turtle_controller/my_turtle_controller.egg-info/SOURCES.txt'
[1.369s] writing manifest file '../../build/my_turtle_controller/my_turtle_controller.egg-info/SOURCES.txt'
[1.369s] running build
[1.369s] running build_py
[1.369s] copying my_turtle_controller/__init__.py -> /root/ros2_ws/build/my_turtle_controller/build/lib/my_turtle_controller
[1.369s] copying my_turtle_controller/turtle_mover.py -> /root/ros2_ws/build/my_turtle_controller/build/lib/my_turtle_controller
[1.370s] running install
[1.373s] running install_lib
[1.386s] running install_data
[1.386s] copying resource/my_turtle_controller -> /root/ros2_ws/install/my_turtle_controller/share/ament_index/resource_index/packages
[1.386s] copying package.xml -> /root/ros2_ws/install/my_turtle_controller/share/my_turtle_controller
[1.386s] running install_egg_info
[1.401s] removing '/root/ros2_ws/install/my_turtle_controller/lib/python3.10/site-packages/my_turtle_controller-0.0.0-py3.10.egg-info' (and everything under it)
[1.401s] Copying ../../build/my_turtle_controller/my_turtle_controller.egg-info to /root/ros2_ws/install/my_turtle_controller/lib/python3.10/site-packages/my_turtle_controller-0.0.0-py3.10.egg-info
[1.402s] running install_scripts
[1.507s] Installing egor script to /root/ros2_ws/install/my_turtle_controller/lib/my_turtle_controller
[1.507s] writing list of installed files to '/root/ros2_ws/build/my_turtle_controller/install.log'
[1.538s] Invoked command in '/root/ros2_ws/src/my_turtle_controller' returned '0': PYTHONPATH=/root/ros2_ws/build/my_turtle_controller/prefix_override:/usr/lib/python3/dist-packages/colcon_core/task/python/colcon_distutils_commands:/root/ros2_ws/install/my_turtle_controller/lib/python3.10/site-packages:${PYTHONPATH} /usr/bin/python3 -W ignore:setup.py install is deprecated -W ignore:easy_install command is deprecated setup.py egg_info --egg-base ../../build/my_turtle_controller build --build-base /root/ros2_ws/build/my_turtle_controller/build install --record /root/ros2_ws/build/my_turtle_controller/install.log --single-version-externally-managed install_data
