[0.026s] Invoking command in '/root/ros2_ws/build/my_service_interfaces': CMAKE_PREFIX_PATH=${CMAKE_PREFIX_PATH}:/root/ros2_ws/install/talker:/root/ros2_ws/install/my_turtle_controller:/root/ros2_ws/install/my_service_server:/root/ros2_ws/install/my_service_client:/root/ros2_ws/install/listener:/opt/ros/iron /usr/bin/cmake --build /root/ros2_ws/build/my_service_interfaces -- -j12 -l12
[0.398s] [  2%] Built target my_service_interfaces__rosidl_generator_type_description
[0.399s] [  2%] Built target ament_cmake_python_copy_my_service_interfaces
[0.399s] [  5%] Built target my_service_interfaces__cpp
[0.399s] [ 20%] Built target my_service_interfaces__rosidl_generator_c
[0.399s] [35m[1mConsolidate compiler generated dependencies of target my_service_interfaces__rosidl_typesupport_cpp[0m
[0.399s] [35m[1mConsolidate compiler generated dependencies of target my_service_interfaces__rosidl_typesupport_fastrtps_c[0m
[0.399s] [35m[1mConsolidate compiler generated dependencies of target my_service_interfaces__rosidl_typesupport_fastrtps_cpp[0m
[0.399s] [35m[1mConsolidate compiler generated dependencies of target my_service_interfaces__rosidl_typesupport_introspection_cpp[0m
[0.400s] [ 29%] Built target my_service_interfaces__rosidl_typesupport_introspection_c
[0.400s] [ 38%] Built target my_service_interfaces__rosidl_typesupport_introspection_cpp
[0.400s] [ 47%] Built target my_service_interfaces__rosidl_typesupport_c
[0.400s] [ 55%] Built target my_service_interfaces__rosidl_typesupport_fastrtps_c
[0.400s] [ 64%] Built target my_service_interfaces__rosidl_typesupport_fastrtps_cpp
[0.400s] [ 73%] Built target my_service_interfaces__rosidl_typesupport_cpp
[0.400s] [ 73%] Built target my_service_interfaces
[0.401s] [ 76%] Built target my_service_interfaces__py
[0.401s] [35m[1mConsolidate compiler generated dependencies of target my_service_interfaces__rosidl_generator_py[0m
[0.401s] [ 82%] Built target my_service_interfaces__rosidl_generator_py
[0.401s] [35m[1mConsolidate compiler generated dependencies of target my_service_interfaces__rosidl_typesupport_fastrtps_c__pyext[0m
[0.401s] [35m[1mConsolidate compiler generated dependencies of target my_service_interfaces__rosidl_typesupport_c__pyext[0m
[0.401s] [35m[1mConsolidate compiler generated dependencies of target my_service_interfaces__rosidl_typesupport_introspection_c__pyext[0m
[0.401s] [ 94%] Built target my_service_interfaces__rosidl_typesupport_c__pyext
[0.401s] [ 94%] Built target my_service_interfaces__rosidl_typesupport_fastrtps_c__pyext
[0.401s] [100%] Built target my_service_interfaces__rosidl_typesupport_introspection_c__pyext
[0.402s] running egg_info
[0.402s] writing my_service_interfaces.egg-info/PKG-INFO
[0.402s] writing dependency_links to my_service_interfaces.egg-info/dependency_links.txt
[0.402s] writing top-level names to my_service_interfaces.egg-info/top_level.txt
[0.403s] reading manifest file 'my_service_interfaces.egg-info/SOURCES.txt'
[0.403s] writing manifest file 'my_service_interfaces.egg-info/SOURCES.txt'
[0.412s] [100%] Built target ament_cmake_python_build_my_service_interfaces_egg
[0.579s] Invoked command in '/root/ros2_ws/build/my_service_interfaces' returned '0': CMAKE_PREFIX_PATH=${CMAKE_PREFIX_PATH}:/root/ros2_ws/install/talker:/root/ros2_ws/install/my_turtle_controller:/root/ros2_ws/install/my_service_server:/root/ros2_ws/install/my_service_client:/root/ros2_ws/install/listener:/opt/ros/iron /usr/bin/cmake --build /root/ros2_ws/build/my_service_interfaces -- -j12 -l12
[0.588s] Invoking command in '/root/ros2_ws/build/my_service_interfaces': CMAKE_PREFIX_PATH=${CMAKE_PREFIX_PATH}:/root/ros2_ws/install/talker:/root/ros2_ws/install/my_turtle_controller:/root/ros2_ws/install/my_service_server:/root/ros2_ws/install/my_service_client:/root/ros2_ws/install/listener:/opt/ros/iron /usr/bin/cmake --install /root/ros2_ws/build/my_service_interfaces
[0.596s] -- Install configuration: ""
[0.596s] -- Up-to-date: /root/ros2_ws/install/my_service_interfaces/share/ament_index/resource_index/rosidl_interfaces/my_service_interfaces
[0.596s] -- Up-to-date: /root/ros2_ws/install/my_service_interfaces/share/my_service_interfaces/srv/SetVelocity.json
[0.597s] -- Up-to-date: /root/ros2_ws/install/my_service_interfaces/include/my_service_interfaces/my_service_interfaces
[0.597s] -- Up-to-date: /root/ros2_ws/install/my_service_interfaces/include/my_service_interfaces/my_service_interfaces/msg
[0.597s] -- Up-to-date: /root/ros2_ws/install/my_service_interfaces/include/my_service_interfaces/my_service_interfaces/msg/rosidl_generator_c__visibility_control.h
[0.597s] -- Up-to-date: /root/ros2_ws/install/my_service_interfaces/include/my_service_interfaces/my_service_interfaces/srv
[0.597s] -- Up-to-date: /root/ros2_ws/install/my_service_interfaces/include/my_service_interfaces/my_service_interfaces/srv/set_velocity.h
[0.597s] -- Up-to-date: /root/ros2_ws/install/my_service_interfaces/include/my_service_interfaces/my_service_interfaces/srv/detail
[0.598s] -- Up-to-date: /root/ros2_ws/install/my_service_interfaces/include/my_service_interfaces/my_service_interfaces/srv/detail/set_velocity__struct.h
[0.598s] -- Up-to-date: /root/ros2_ws/install/my_service_interfaces/include/my_service_interfaces/my_service_interfaces/srv/detail/set_velocity__functions.c
[0.598s] -- Up-to-date: /root/ros2_ws/install/my_service_interfaces/include/my_service_interfaces/my_service_interfaces/srv/detail/set_velocity__functions.h
[0.598s] -- Up-to-date: /root/ros2_ws/install/my_service_interfaces/include/my_service_interfaces/my_service_interfaces/srv/detail/set_velocity__description.c
[0.598s] -- Up-to-date: /root/ros2_ws/install/my_service_interfaces/include/my_service_interfaces/my_service_interfaces/srv/detail/set_velocity__type_support.h
[0.599s] -- Up-to-date: /root/ros2_ws/install/my_service_interfaces/include/my_service_interfaces/my_service_interfaces/srv/detail/set_velocity__type_support.c
[0.599s] -- Up-to-date: /root/ros2_ws/install/my_service_interfaces/share/my_service_interfaces/environment/library_path.sh
[0.599s] -- Up-to-date: /root/ros2_ws/install/my_service_interfaces/share/my_service_interfaces/environment/library_path.dsv
[0.599s] -- Up-to-date: /root/ros2_ws/install/my_service_interfaces/lib/libmy_service_interfaces__rosidl_generator_c.so
[0.599s] -- Up-to-date: /root/ros2_ws/install/my_service_interfaces/include/my_service_interfaces/my_service_interfaces
[0.599s] -- Up-to-date: /root/ros2_ws/install/my_service_interfaces/include/my_service_interfaces/my_service_interfaces/msg
[0.599s] -- Up-to-date: /root/ros2_ws/install/my_service_interfaces/include/my_service_interfaces/my_service_interfaces/msg/rosidl_typesupport_fastrtps_c__visibility_control.h
[0.600s] -- Up-to-date: /root/ros2_ws/install/my_service_interfaces/include/my_service_interfaces/my_service_interfaces/srv
[0.600s] -- Up-to-date: /root/ros2_ws/install/my_service_interfaces/include/my_service_interfaces/my_service_interfaces/srv/detail
[0.600s] -- Up-to-date: /root/ros2_ws/install/my_service_interfaces/include/my_service_interfaces/my_service_interfaces/srv/detail/set_velocity__rosidl_typesupport_fastrtps_c.h
[0.600s] -- Up-to-date: /root/ros2_ws/install/my_service_interfaces/lib/libmy_service_interfaces__rosidl_typesupport_fastrtps_c.so
[0.600s] -- Up-to-date: /root/ros2_ws/install/my_service_interfaces/include/my_service_interfaces/my_service_interfaces
[0.600s] -- Up-to-date: /root/ros2_ws/install/my_service_interfaces/include/my_service_interfaces/my_service_interfaces/msg
[0.600s] -- Up-to-date: /root/ros2_ws/install/my_service_interfaces/include/my_service_interfaces/my_service_interfaces/msg/rosidl_typesupport_introspection_c__visibility_control.h
[0.600s] -- Up-to-date: /root/ros2_ws/install/my_service_interfaces/include/my_service_interfaces/my_service_interfaces/srv
[0.600s] -- Up-to-date: /root/ros2_ws/install/my_service_interfaces/include/my_service_interfaces/my_service_interfaces/srv/detail
[0.600s] -- Up-to-date: /root/ros2_ws/install/my_service_interfaces/include/my_service_interfaces/my_service_interfaces/srv/detail/set_velocity__rosidl_typesupport_introspection_c.h
[0.600s] -- Up-to-date: /root/ros2_ws/install/my_service_interfaces/include/my_service_interfaces/my_service_interfaces/srv/detail/set_velocity__type_support.c
[0.600s] -- Up-to-date: /root/ros2_ws/install/my_service_interfaces/lib/libmy_service_interfaces__rosidl_typesupport_introspection_c.so
[0.601s] -- Up-to-date: /root/ros2_ws/install/my_service_interfaces/lib/libmy_service_interfaces__rosidl_typesupport_c.so
[0.601s] -- Up-to-date: /root/ros2_ws/install/my_service_interfaces/include/my_service_interfaces/my_service_interfaces
[0.601s] -- Up-to-date: /root/ros2_ws/install/my_service_interfaces/include/my_service_interfaces/my_service_interfaces/srv
[0.601s] -- Up-to-date: /root/ros2_ws/install/my_service_interfaces/include/my_service_interfaces/my_service_interfaces/srv/set_velocity.hpp
[0.601s] -- Up-to-date: /root/ros2_ws/install/my_service_interfaces/include/my_service_interfaces/my_service_interfaces/srv/detail
[0.601s] -- Up-to-date: /root/ros2_ws/install/my_service_interfaces/include/my_service_interfaces/my_service_interfaces/srv/detail/set_velocity__struct.hpp
[0.601s] -- Up-to-date: /root/ros2_ws/install/my_service_interfaces/include/my_service_interfaces/my_service_interfaces/srv/detail/set_velocity__traits.hpp
[0.601s] -- Up-to-date: /root/ros2_ws/install/my_service_interfaces/include/my_service_interfaces/my_service_interfaces/srv/detail/set_velocity__builder.hpp
[0.601s] -- Up-to-date: /root/ros2_ws/install/my_service_interfaces/include/my_service_interfaces/my_service_interfaces
[0.602s] -- Up-to-date: /root/ros2_ws/install/my_service_interfaces/include/my_service_interfaces/my_service_interfaces/msg
[0.602s] -- Up-to-date: /root/ros2_ws/install/my_service_interfaces/include/my_service_interfaces/my_service_interfaces/msg/rosidl_typesupport_fastrtps_cpp__visibility_control.h
[0.602s] -- Up-to-date: /root/ros2_ws/install/my_service_interfaces/include/my_service_interfaces/my_service_interfaces/srv
[0.602s] -- Up-to-date: /root/ros2_ws/install/my_service_interfaces/include/my_service_interfaces/my_service_interfaces/srv/detail
[0.602s] -- Up-to-date: /root/ros2_ws/install/my_service_interfaces/include/my_service_interfaces/my_service_interfaces/srv/detail/set_velocity__rosidl_typesupport_fastrtps_cpp.hpp
[0.602s] -- Up-to-date: /root/ros2_ws/install/my_service_interfaces/include/my_service_interfaces/my_service_interfaces/srv/detail/dds_fastrtps
[0.602s] -- Up-to-date: /root/ros2_ws/install/my_service_interfaces/lib/libmy_service_interfaces__rosidl_typesupport_fastrtps_cpp.so
[0.602s] -- Up-to-date: /root/ros2_ws/install/my_service_interfaces/include/my_service_interfaces/my_service_interfaces
[0.603s] -- Up-to-date: /root/ros2_ws/install/my_service_interfaces/include/my_service_interfaces/my_service_interfaces/srv
[0.603s] -- Up-to-date: /root/ros2_ws/install/my_service_interfaces/include/my_service_interfaces/my_service_interfaces/srv/detail
[0.603s] -- Up-to-date: /root/ros2_ws/install/my_service_interfaces/include/my_service_interfaces/my_service_interfaces/srv/detail/set_velocity__rosidl_typesupport_introspection_cpp.hpp
[0.603s] -- Up-to-date: /root/ros2_ws/install/my_service_interfaces/include/my_service_interfaces/my_service_interfaces/srv/detail/set_velocity__type_support.cpp
[0.603s] -- Up-to-date: /root/ros2_ws/install/my_service_interfaces/lib/libmy_service_interfaces__rosidl_typesupport_introspection_cpp.so
[0.604s] -- Up-to-date: /root/ros2_ws/install/my_service_interfaces/lib/libmy_service_interfaces__rosidl_typesupport_cpp.so
[0.604s] -- Up-to-date: /root/ros2_ws/install/my_service_interfaces/share/my_service_interfaces/environment/pythonpath.sh
[0.605s] -- Up-to-date: /root/ros2_ws/install/my_service_interfaces/share/my_service_interfaces/environment/pythonpath.dsv
[0.605s] -- Up-to-date: /root/ros2_ws/install/my_service_interfaces/lib/python3.10/site-packages/my_service_interfaces-0.0.0-py3.10.egg-info
[0.605s] -- Installing: /root/ros2_ws/install/my_service_interfaces/lib/python3.10/site-packages/my_service_interfaces-0.0.0-py3.10.egg-info/SOURCES.txt
[0.605s] -- Installing: /root/ros2_ws/install/my_service_interfaces/lib/python3.10/site-packages/my_service_interfaces-0.0.0-py3.10.egg-info/top_level.txt
[0.605s] -- Installing: /root/ros2_ws/install/my_service_interfaces/lib/python3.10/site-packages/my_service_interfaces-0.0.0-py3.10.egg-info/PKG-INFO
[0.605s] -- Installing: /root/ros2_ws/install/my_service_interfaces/lib/python3.10/site-packages/my_service_interfaces-0.0.0-py3.10.egg-info/dependency_links.txt
[0.605s] -- Up-to-date: /root/ros2_ws/install/my_service_interfaces/lib/python3.10/site-packages/my_service_interfaces
[0.606s] -- Up-to-date: /root/ros2_ws/install/my_service_interfaces/lib/python3.10/site-packages/my_service_interfaces/my_service_interfaces_s__rosidl_typesupport_c.cpython-310-x86_64-linux-gnu.so
[0.606s] -- Up-to-date: /root/ros2_ws/install/my_service_interfaces/lib/python3.10/site-packages/my_service_interfaces/__init__.py
[0.606s] -- Up-to-date: /root/ros2_ws/install/my_service_interfaces/lib/python3.10/site-packages/my_service_interfaces/my_service_interfaces_s__rosidl_typesupport_fastrtps_c.cpython-310-x86_64-linux-gnu.so
[0.606s] -- Up-to-date: /root/ros2_ws/install/my_service_interfaces/lib/python3.10/site-packages/my_service_interfaces/_my_service_interfaces_s.ep.rosidl_typesupport_introspection_c.c
[0.606s] -- Up-to-date: /root/ros2_ws/install/my_service_interfaces/lib/python3.10/site-packages/my_service_interfaces/_my_service_interfaces_s.ep.rosidl_typesupport_c.c
[0.606s] -- Up-to-date: /root/ros2_ws/install/my_service_interfaces/lib/python3.10/site-packages/my_service_interfaces/srv
[0.606s] -- Up-to-date: /root/ros2_ws/install/my_service_interfaces/lib/python3.10/site-packages/my_service_interfaces/srv/__init__.py
[0.606s] -- Up-to-date: /root/ros2_ws/install/my_service_interfaces/lib/python3.10/site-packages/my_service_interfaces/srv/_set_velocity_s.c
[0.606s] -- Up-to-date: /root/ros2_ws/install/my_service_interfaces/lib/python3.10/site-packages/my_service_interfaces/srv/_set_velocity.py
[0.606s] -- Up-to-date: /root/ros2_ws/install/my_service_interfaces/lib/python3.10/site-packages/my_service_interfaces/my_service_interfaces_s__rosidl_typesupport_introspection_c.cpython-310-x86_64-linux-gnu.so
[0.606s] -- Up-to-date: /root/ros2_ws/install/my_service_interfaces/lib/python3.10/site-packages/my_service_interfaces/libmy_service_interfaces__rosidl_generator_py.so
[0.606s] -- Up-to-date: /root/ros2_ws/install/my_service_interfaces/lib/python3.10/site-packages/my_service_interfaces/_my_service_interfaces_s.ep.rosidl_typesupport_fastrtps_c.c
[0.633s] Listing '/root/ros2_ws/install/my_service_interfaces/lib/python3.10/site-packages/my_service_interfaces'...
[0.634s] Listing '/root/ros2_ws/install/my_service_interfaces/lib/python3.10/site-packages/my_service_interfaces/srv'...
[0.638s] -- Up-to-date: /root/ros2_ws/install/my_service_interfaces/lib/python3.10/site-packages/my_service_interfaces/my_service_interfaces_s__rosidl_typesupport_fastrtps_c.cpython-310-x86_64-linux-gnu.so
[0.639s] -- Up-to-date: /root/ros2_ws/install/my_service_interfaces/lib/python3.10/site-packages/my_service_interfaces/my_service_interfaces_s__rosidl_typesupport_introspection_c.cpython-310-x86_64-linux-gnu.so
[0.639s] -- Up-to-date: /root/ros2_ws/install/my_service_interfaces/lib/python3.10/site-packages/my_service_interfaces/my_service_interfaces_s__rosidl_typesupport_c.cpython-310-x86_64-linux-gnu.so
[0.639s] -- Up-to-date: /root/ros2_ws/install/my_service_interfaces/lib/libmy_service_interfaces__rosidl_generator_py.so
[0.640s] -- Up-to-date: /root/ros2_ws/install/my_service_interfaces/share/my_service_interfaces/srv/SetVelocity.idl
[0.640s] -- Up-to-date: /root/ros2_ws/install/my_service_interfaces/share/my_service_interfaces/srv/SetVelocity.srv
[0.640s] -- Up-to-date: /root/ros2_ws/install/my_service_interfaces/share/my_service_interfaces/srv/SetVelocity_Request.msg
[0.640s] -- Up-to-date: /root/ros2_ws/install/my_service_interfaces/share/my_service_interfaces/srv/SetVelocity_Response.msg
[0.640s] -- Up-to-date: /root/ros2_ws/install/my_service_interfaces/share/ament_index/resource_index/package_run_dependencies/my_service_interfaces
[0.640s] -- Up-to-date: /root/ros2_ws/install/my_service_interfaces/share/ament_index/resource_index/parent_prefix_path/my_service_interfaces
[0.640s] -- Up-to-date: /root/ros2_ws/install/my_service_interfaces/share/my_service_interfaces/environment/ament_prefix_path.sh
[0.641s] -- Up-to-date: /root/ros2_ws/install/my_service_interfaces/share/my_service_interfaces/environment/ament_prefix_path.dsv
[0.641s] -- Up-to-date: /root/ros2_ws/install/my_service_interfaces/share/my_service_interfaces/environment/path.sh
[0.641s] -- Up-to-date: /root/ros2_ws/install/my_service_interfaces/share/my_service_interfaces/environment/path.dsv
[0.641s] -- Up-to-date: /root/ros2_ws/install/my_service_interfaces/share/my_service_interfaces/local_setup.bash
[0.641s] -- Up-to-date: /root/ros2_ws/install/my_service_interfaces/share/my_service_interfaces/local_setup.sh
[0.641s] -- Up-to-date: /root/ros2_ws/install/my_service_interfaces/share/my_service_interfaces/local_setup.zsh
[0.641s] -- Up-to-date: /root/ros2_ws/install/my_service_interfaces/share/my_service_interfaces/local_setup.dsv
[0.641s] -- Installing: /root/ros2_ws/install/my_service_interfaces/share/my_service_interfaces/package.dsv
[0.641s] -- Up-to-date: /root/ros2_ws/install/my_service_interfaces/share/ament_index/resource_index/packages/my_service_interfaces
[0.643s] -- Up-to-date: /root/ros2_ws/install/my_service_interfaces/share/my_service_interfaces/cmake/export_my_service_interfaces__rosidl_generator_cExport.cmake
[0.643s] -- Up-to-date: /root/ros2_ws/install/my_service_interfaces/share/my_service_interfaces/cmake/export_my_service_interfaces__rosidl_generator_cExport-noconfig.cmake
[0.643s] -- Up-to-date: /root/ros2_ws/install/my_service_interfaces/share/my_service_interfaces/cmake/export_my_service_interfaces__rosidl_typesupport_fastrtps_cExport.cmake
[0.643s] -- Up-to-date: /root/ros2_ws/install/my_service_interfaces/share/my_service_interfaces/cmake/export_my_service_interfaces__rosidl_typesupport_fastrtps_cExport-noconfig.cmake
[0.644s] -- Up-to-date: /root/ros2_ws/install/my_service_interfaces/share/my_service_interfaces/cmake/my_service_interfaces__rosidl_typesupport_introspection_cExport.cmake
[0.644s] -- Up-to-date: /root/ros2_ws/install/my_service_interfaces/share/my_service_interfaces/cmake/my_service_interfaces__rosidl_typesupport_introspection_cExport-noconfig.cmake
[0.644s] -- Up-to-date: /root/ros2_ws/install/my_service_interfaces/share/my_service_interfaces/cmake/my_service_interfaces__rosidl_typesupport_cExport.cmake
[0.644s] -- Up-to-date: /root/ros2_ws/install/my_service_interfaces/share/my_service_interfaces/cmake/my_service_interfaces__rosidl_typesupport_cExport-noconfig.cmake
[0.645s] -- Up-to-date: /root/ros2_ws/install/my_service_interfaces/share/my_service_interfaces/cmake/export_my_service_interfaces__rosidl_generator_cppExport.cmake
[0.645s] -- Up-to-date: /root/ros2_ws/install/my_service_interfaces/share/my_service_interfaces/cmake/export_my_service_interfaces__rosidl_typesupport_fastrtps_cppExport.cmake
[0.645s] -- Up-to-date: /root/ros2_ws/install/my_service_interfaces/share/my_service_interfaces/cmake/export_my_service_interfaces__rosidl_typesupport_fastrtps_cppExport-noconfig.cmake
[0.646s] -- Up-to-date: /root/ros2_ws/install/my_service_interfaces/share/my_service_interfaces/cmake/my_service_interfaces__rosidl_typesupport_introspection_cppExport.cmake
[0.646s] -- Up-to-date: /root/ros2_ws/install/my_service_interfaces/share/my_service_interfaces/cmake/my_service_interfaces__rosidl_typesupport_introspection_cppExport-noconfig.cmake
[0.646s] -- Up-to-date: /root/ros2_ws/install/my_service_interfaces/share/my_service_interfaces/cmake/my_service_interfaces__rosidl_typesupport_cppExport.cmake
[0.646s] -- Up-to-date: /root/ros2_ws/install/my_service_interfaces/share/my_service_interfaces/cmake/my_service_interfaces__rosidl_typesupport_cppExport-noconfig.cmake
[0.647s] -- Up-to-date: /root/ros2_ws/install/my_service_interfaces/share/my_service_interfaces/cmake/export_my_service_interfaces__rosidl_generator_pyExport.cmake
[0.647s] -- Up-to-date: /root/ros2_ws/install/my_service_interfaces/share/my_service_interfaces/cmake/export_my_service_interfaces__rosidl_generator_pyExport-noconfig.cmake
[0.647s] -- Up-to-date: /root/ros2_ws/install/my_service_interfaces/share/my_service_interfaces/cmake/rosidl_cmake-extras.cmake
[0.647s] -- Up-to-date: /root/ros2_ws/install/my_service_interfaces/share/my_service_interfaces/cmake/ament_cmake_export_dependencies-extras.cmake
[0.648s] -- Up-to-date: /root/ros2_ws/install/my_service_interfaces/share/my_service_interfaces/cmake/ament_cmake_export_include_directories-extras.cmake
[0.648s] -- Up-to-date: /root/ros2_ws/install/my_service_interfaces/share/my_service_interfaces/cmake/ament_cmake_export_libraries-extras.cmake
[0.648s] -- Up-to-date: /root/ros2_ws/install/my_service_interfaces/share/my_service_interfaces/cmake/ament_cmake_export_targets-extras.cmake
[0.648s] -- Up-to-date: /root/ros2_ws/install/my_service_interfaces/share/my_service_interfaces/cmake/rosidl_cmake_export_typesupport_targets-extras.cmake
[0.648s] -- Up-to-date: /root/ros2_ws/install/my_service_interfaces/share/my_service_interfaces/cmake/rosidl_cmake_export_typesupport_libraries-extras.cmake
[0.648s] -- Up-to-date: /root/ros2_ws/install/my_service_interfaces/share/my_service_interfaces/cmake/my_service_interfacesConfig.cmake
[0.648s] -- Up-to-date: /root/ros2_ws/install/my_service_interfaces/share/my_service_interfaces/cmake/my_service_interfacesConfig-version.cmake
[0.648s] -- Up-to-date: /root/ros2_ws/install/my_service_interfaces/share/my_service_interfaces/package.xml
[0.650s] Invoked command in '/root/ros2_ws/build/my_service_interfaces' returned '0': CMAKE_PREFIX_PATH=${CMAKE_PREFIX_PATH}:/root/ros2_ws/install/talker:/root/ros2_ws/install/my_turtle_controller:/root/ros2_ws/install/my_service_server:/root/ros2_ws/install/my_service_client:/root/ros2_ws/install/listener:/opt/ros/iron /usr/bin/cmake --install /root/ros2_ws/build/my_service_interfaces
