[0.017s] Invoking command in '/root/ros2_ws/build/my_custom_interface': CMAKE_PREFIX_PATH=${CMAKE_PREFIX_PATH}:/root/ros2_ws/install/talker:/root/ros2_ws/install/my_turtle_controller:/root/ros2_ws/install/my_service_server:/root/ros2_ws/install/my_service_client:/root/ros2_ws/install/my_calculate_action:/root/ros2_ws/install/listener:/opt/ros/iron /usr/bin/cmake /root/ros2_ws/src/my_custom_interface -DCMAKE_INSTALL_PREFIX=/root/ros2_ws/install/my_custom_interface
[0.294s] -- The C compiler identification is GNU 11.4.0
[0.891s] -- The CXX compiler identification is GNU 11.4.0
[1.305s] -- Detecting C compiler ABI info
[1.474s] -- Detecting C compiler ABI info - done
[1.479s] -- Check for working C compiler: /usr/bin/cc - skipped
[1.480s] -- Detecting C compile features
[1.480s] -- Detecting C compile features - done
[1.484s] -- Detecting CXX compiler ABI info
[1.649s] -- Detecting CXX compiler ABI info - done
[1.655s] -- Check for working CXX compiler: /usr/bin/c++ - skipped
[1.655s] -- Detecting CXX compile features
[1.655s] -- Detecting CXX compile features - done
[1.666s] -- Found ament_cmake: 2.0.7 (/opt/ros/iron/share/ament_cmake/cmake)
[2.006s] -- Found Python3: /usr/bin/python3.10 (found version "3.10.12") found components: Interpreter 
[2.118s] -- Found rosidl_default_generators: 1.5.0 (/opt/ros/iron/share/rosidl_default_generators/cmake)
[2.128s] -- Using all available rosidl_typesupport_c: rosidl_typesupport_fastrtps_c;rosidl_typesupport_introspection_c
[2.334s] -- Using all available rosidl_typesupport_cpp: rosidl_typesupport_fastrtps_cpp;rosidl_typesupport_introspection_cpp
[2.394s] -- Found rosidl_adapter: 4.0.1 (/opt/ros/iron/share/rosidl_adapter/cmake)
[2.663s] -- Found ament_cmake_ros: 0.11.2 (/opt/ros/iron/share/ament_cmake_ros/cmake)
[2.836s] -- Using all available rosidl_typesupport_c: rosidl_typesupport_fastrtps_c;rosidl_typesupport_introspection_c
[3.047s] -- Using all available rosidl_typesupport_cpp: rosidl_typesupport_fastrtps_cpp;rosidl_typesupport_introspection_cpp
[3.203s] -- Found PythonInterp: /usr/bin/python3 (found suitable version "3.10.12", minimum required is "3.6") 
[3.206s] -- Found python_cmake_module: 0.10.2 (/opt/ros/iron/share/python_cmake_module/cmake)
[3.683s] -- Found PythonLibs: /usr/lib/x86_64-linux-gnu/libpython3.10.so (found suitable version "3.10.12", minimum required is "3.5") 
[3.683s] -- Using PYTHON_EXECUTABLE: /usr/bin/python3
[3.683s] -- Using PYTHON_INCLUDE_DIRS: /usr/include/python3.10
[3.683s] -- Using PYTHON_LIBRARIES: /usr/lib/x86_64-linux-gnu/libpython3.10.so
[3.702s] -- Found PythonExtra: .so  
[3.787s] -- Found ament_lint_auto: 0.14.4 (/opt/ros/iron/share/ament_lint_auto/cmake)
[3.822s] -- Added test 'lint_cmake' to check CMake code style
[3.824s] -- Added test 'xmllint' to check XML markup files
[3.828s] -- Configuring done
[3.879s] -- Generating done
[3.889s] -- Build files have been written to: /root/ros2_ws/build/my_custom_interface
[3.897s] Invoked command in '/root/ros2_ws/build/my_custom_interface' returned '0': CMAKE_PREFIX_PATH=${CMAKE_PREFIX_PATH}:/root/ros2_ws/install/talker:/root/ros2_ws/install/my_turtle_controller:/root/ros2_ws/install/my_service_server:/root/ros2_ws/install/my_service_client:/root/ros2_ws/install/my_calculate_action:/root/ros2_ws/install/listener:/opt/ros/iron /usr/bin/cmake /root/ros2_ws/src/my_custom_interface -DCMAKE_INSTALL_PREFIX=/root/ros2_ws/install/my_custom_interface
[3.899s] Invoking command in '/root/ros2_ws/build/my_custom_interface': CMAKE_PREFIX_PATH=${CMAKE_PREFIX_PATH}:/root/ros2_ws/install/talker:/root/ros2_ws/install/my_turtle_controller:/root/ros2_ws/install/my_service_server:/root/ros2_ws/install/my_service_client:/root/ros2_ws/install/my_calculate_action:/root/ros2_ws/install/listener:/opt/ros/iron /usr/bin/cmake --build /root/ros2_ws/build/my_custom_interface -- -j12 -l12
[3.940s] [  2%] [34m[1mGenerating type hashes for ROS interfaces[0m
[3.949s] [  2%] Built target ament_cmake_python_copy_my_custom_interface
[4.100s] [  2%] Built target my_custom_interface__rosidl_generator_type_description
[4.108s] [  5%] [34m[1mGenerating C code for ROS interfaces[0m
[4.118s] [  8%] [34m[1mGenerating C++ code for ROS interfaces[0m
[4.143s] running egg_info
[4.158s] creating my_custom_interface.egg-info
[4.159s] writing my_custom_interface.egg-info/PKG-INFO
[4.159s] writing dependency_links to my_custom_interface.egg-info/dependency_links.txt
[4.160s] writing top-level names to my_custom_interface.egg-info/top_level.txt
[4.160s] writing manifest file 'my_custom_interface.egg-info/SOURCES.txt'
[4.206s] reading manifest file 'my_custom_interface.egg-info/SOURCES.txt'
[4.207s] writing manifest file 'my_custom_interface.egg-info/SOURCES.txt'
[4.243s] [  8%] Built target ament_cmake_python_build_my_custom_interface_egg
[4.317s] [  8%] Built target my_custom_interface__cpp
[4.333s] [ 17%] [32mBuilding C object CMakeFiles/my_custom_interface__rosidl_generator_c.dir/rosidl_generator_c/my_custom_interface/msg/detail/numbers__type_support.c.o[0m
[4.334s] [ 17%] [32mBuilding C object CMakeFiles/my_custom_interface__rosidl_generator_c.dir/rosidl_generator_c/my_custom_interface/msg/detail/numbers__description.c.o[0m
[4.334s] [ 17%] [32mBuilding C object CMakeFiles/my_custom_interface__rosidl_generator_c.dir/rosidl_generator_c/my_custom_interface/msg/detail/numbers__functions.c.o[0m
[4.391s] [ 20%] [32m[1mLinking C shared library libmy_custom_interface__rosidl_generator_c.so[0m
[4.517s] [ 20%] Built target my_custom_interface__rosidl_generator_c
[4.527s] [ 29%] [34m[1mGenerating C introspection for ROS interfaces[0m
[4.527s] [ 29%] [34m[1mGenerating C++ type support dispatch for ROS interfaces[0m
[4.527s] [ 29%] [34m[1mGenerating C type support dispatch for ROS interfaces[0m
[4.527s] [ 32%] [34m[1mGenerating C type support for eProsima Fast-RTPS[0m
[4.527s] [ 35%] [34m[1mGenerating C++ type support for eProsima Fast-RTPS[0m
[4.528s] [ 38%] [34m[1mGenerating C++ introspection for ROS interfaces[0m
[4.766s] [ 41%] [32mBuilding C object CMakeFiles/my_custom_interface__rosidl_typesupport_introspection_c.dir/rosidl_typesupport_introspection_c/my_custom_interface/msg/detail/numbers__type_support.c.o[0m
[4.770s] [ 47%] [32mBuilding CXX object CMakeFiles/my_custom_interface__rosidl_typesupport_fastrtps_c.dir/rosidl_typesupport_fastrtps_c/my_custom_interface/msg/detail/numbers__type_support_c.cpp.o[0m
[4.770s] [ 47%] [32mBuilding CXX object CMakeFiles/my_custom_interface__rosidl_typesupport_cpp.dir/rosidl_typesupport_cpp/my_custom_interface/msg/numbers__type_support.cpp.o[0m
[4.793s] [ 52%] [32mBuilding CXX object CMakeFiles/my_custom_interface__rosidl_typesupport_introspection_cpp.dir/rosidl_typesupport_introspection_cpp/my_custom_interface/msg/detail/numbers__type_support.cpp.o[0m
[4.793s] [ 52%] [32mBuilding CXX object CMakeFiles/my_custom_interface__rosidl_typesupport_fastrtps_cpp.dir/rosidl_typesupport_fastrtps_cpp/my_custom_interface/msg/detail/dds_fastrtps/numbers__type_support.cpp.o[0m
[4.794s] [ 55%] [32mBuilding CXX object CMakeFiles/my_custom_interface__rosidl_typesupport_c.dir/rosidl_typesupport_c/my_custom_interface/msg/numbers__type_support.cpp.o[0m
[4.811s] [ 58%] [32m[1mLinking C shared library libmy_custom_interface__rosidl_typesupport_introspection_c.so[0m
[4.841s] [ 61%] [32m[1mLinking CXX shared library libmy_custom_interface__rosidl_typesupport_c.so[0m
[4.966s] [ 61%] Built target my_custom_interface__rosidl_typesupport_introspection_c
[5.013s] [ 61%] Built target my_custom_interface__rosidl_typesupport_c
[5.157s] [ 64%] [32m[1mLinking CXX shared library libmy_custom_interface__rosidl_typesupport_fastrtps_c.so[0m
[5.191s] [ 67%] [32m[1mLinking CXX shared library libmy_custom_interface__rosidl_typesupport_introspection_cpp.so[0m
[5.197s] [ 70%] [32m[1mLinking CXX shared library libmy_custom_interface__rosidl_typesupport_cpp.so[0m
[5.317s] [ 73%] [32m[1mLinking CXX shared library libmy_custom_interface__rosidl_typesupport_fastrtps_cpp.so[0m
[5.330s] [ 73%] Built target my_custom_interface__rosidl_typesupport_cpp
[5.330s] [ 73%] Built target my_custom_interface__rosidl_typesupport_introspection_cpp
[5.351s] [ 73%] Built target my_custom_interface__rosidl_typesupport_fastrtps_c
[5.477s] [ 73%] Built target my_custom_interface__rosidl_typesupport_fastrtps_cpp
[5.493s] [ 73%] Built target my_custom_interface
[5.511s] [ 76%] [34m[1mGenerating Python code for ROS interfaces[0m
[5.728s] [ 76%] Built target my_custom_interface__py
[5.744s] [ 79%] [32mBuilding C object CMakeFiles/my_custom_interface__rosidl_generator_py.dir/rosidl_generator_py/my_custom_interface/msg/_numbers_s.c.o[0m
[5.862s] [ 82%] [32m[1mLinking C shared library rosidl_generator_py/my_custom_interface/libmy_custom_interface__rosidl_generator_py.so[0m
[5.987s] [ 82%] Built target my_custom_interface__rosidl_generator_py
[6.004s] [ 88%] [32mBuilding C object CMakeFiles/my_custom_interface__rosidl_typesupport_c__pyext.dir/rosidl_generator_py/my_custom_interface/_my_custom_interface_s.ep.rosidl_typesupport_c.c.o[0m
[6.004s] [ 88%] [32mBuilding C object CMakeFiles/my_custom_interface__rosidl_typesupport_fastrtps_c__pyext.dir/rosidl_generator_py/my_custom_interface/_my_custom_interface_s.ep.rosidl_typesupport_fastrtps_c.c.o[0m
[6.004s] [ 91%] [32mBuilding C object CMakeFiles/my_custom_interface__rosidl_typesupport_introspection_c__pyext.dir/rosidl_generator_py/my_custom_interface/_my_custom_interface_s.ep.rosidl_typesupport_introspection_c.c.o[0m
[6.077s] [ 94%] [32m[1mLinking C shared library rosidl_generator_py/my_custom_interface/my_custom_interface_s__rosidl_typesupport_c.cpython-310-x86_64-linux-gnu.so[0m
[6.079s] [ 97%] [32m[1mLinking C shared library rosidl_generator_py/my_custom_interface/my_custom_interface_s__rosidl_typesupport_introspection_c.cpython-310-x86_64-linux-gnu.so[0m
[6.082s] [100%] [32m[1mLinking C shared library rosidl_generator_py/my_custom_interface/my_custom_interface_s__rosidl_typesupport_fastrtps_c.cpython-310-x86_64-linux-gnu.so[0m
[6.168s] [100%] Built target my_custom_interface__rosidl_typesupport_c__pyext
[6.168s] [100%] Built target my_custom_interface__rosidl_typesupport_introspection_c__pyext
[6.214s] [100%] Built target my_custom_interface__rosidl_typesupport_fastrtps_c__pyext
[6.224s] Invoked command in '/root/ros2_ws/build/my_custom_interface' returned '0': CMAKE_PREFIX_PATH=${CMAKE_PREFIX_PATH}:/root/ros2_ws/install/talker:/root/ros2_ws/install/my_turtle_controller:/root/ros2_ws/install/my_service_server:/root/ros2_ws/install/my_service_client:/root/ros2_ws/install/my_calculate_action:/root/ros2_ws/install/listener:/opt/ros/iron /usr/bin/cmake --build /root/ros2_ws/build/my_custom_interface -- -j12 -l12
[6.234s] Invoking command in '/root/ros2_ws/build/my_custom_interface': CMAKE_PREFIX_PATH=${CMAKE_PREFIX_PATH}:/root/ros2_ws/install/talker:/root/ros2_ws/install/my_turtle_controller:/root/ros2_ws/install/my_service_server:/root/ros2_ws/install/my_service_client:/root/ros2_ws/install/my_calculate_action:/root/ros2_ws/install/listener:/opt/ros/iron /usr/bin/cmake --install /root/ros2_ws/build/my_custom_interface
[6.241s] -- Install configuration: ""
[6.243s] -- Installing: /root/ros2_ws/install/my_custom_interface/share/ament_index/resource_index/rosidl_interfaces/my_custom_interface
[6.244s] -- Installing: /root/ros2_ws/install/my_custom_interface/share/my_custom_interface/msg/Numbers.json
[6.244s] -- Installing: /root/ros2_ws/install/my_custom_interface/include/my_custom_interface/my_custom_interface
[6.245s] -- Installing: /root/ros2_ws/install/my_custom_interface/include/my_custom_interface/my_custom_interface/msg
[6.246s] -- Installing: /root/ros2_ws/install/my_custom_interface/include/my_custom_interface/my_custom_interface/msg/numbers.h
[6.246s] -- Installing: /root/ros2_ws/install/my_custom_interface/include/my_custom_interface/my_custom_interface/msg/rosidl_generator_c__visibility_control.h
[6.246s] -- Installing: /root/ros2_ws/install/my_custom_interface/include/my_custom_interface/my_custom_interface/msg/detail
[6.246s] -- Installing: /root/ros2_ws/install/my_custom_interface/include/my_custom_interface/my_custom_interface/msg/detail/numbers__type_support.c
[6.247s] -- Installing: /root/ros2_ws/install/my_custom_interface/include/my_custom_interface/my_custom_interface/msg/detail/numbers__type_support.h
[6.247s] -- Installing: /root/ros2_ws/install/my_custom_interface/include/my_custom_interface/my_custom_interface/msg/detail/numbers__functions.c
[6.247s] -- Installing: /root/ros2_ws/install/my_custom_interface/include/my_custom_interface/my_custom_interface/msg/detail/numbers__struct.h
[6.247s] -- Installing: /root/ros2_ws/install/my_custom_interface/include/my_custom_interface/my_custom_interface/msg/detail/numbers__functions.h
[6.247s] -- Installing: /root/ros2_ws/install/my_custom_interface/include/my_custom_interface/my_custom_interface/msg/detail/numbers__description.c
[6.248s] -- Installing: /root/ros2_ws/install/my_custom_interface/share/my_custom_interface/environment/library_path.sh
[6.248s] -- Installing: /root/ros2_ws/install/my_custom_interface/share/my_custom_interface/environment/library_path.dsv
[6.248s] -- Installing: /root/ros2_ws/install/my_custom_interface/lib/libmy_custom_interface__rosidl_generator_c.so
[6.249s] -- Set runtime path of "/root/ros2_ws/install/my_custom_interface/lib/libmy_custom_interface__rosidl_generator_c.so" to ""
[6.249s] -- Up-to-date: /root/ros2_ws/install/my_custom_interface/include/my_custom_interface/my_custom_interface
[6.249s] -- Up-to-date: /root/ros2_ws/install/my_custom_interface/include/my_custom_interface/my_custom_interface/msg
[6.249s] -- Installing: /root/ros2_ws/install/my_custom_interface/include/my_custom_interface/my_custom_interface/msg/rosidl_typesupport_fastrtps_c__visibility_control.h
[6.249s] -- Up-to-date: /root/ros2_ws/install/my_custom_interface/include/my_custom_interface/my_custom_interface/msg/detail
[6.249s] -- Installing: /root/ros2_ws/install/my_custom_interface/include/my_custom_interface/my_custom_interface/msg/detail/numbers__rosidl_typesupport_fastrtps_c.h
[6.249s] -- Installing: /root/ros2_ws/install/my_custom_interface/lib/libmy_custom_interface__rosidl_typesupport_fastrtps_c.so
[6.250s] -- Set runtime path of "/root/ros2_ws/install/my_custom_interface/lib/libmy_custom_interface__rosidl_typesupport_fastrtps_c.so" to ""
[6.250s] -- Up-to-date: /root/ros2_ws/install/my_custom_interface/include/my_custom_interface/my_custom_interface
[6.250s] -- Up-to-date: /root/ros2_ws/install/my_custom_interface/include/my_custom_interface/my_custom_interface/msg
[6.250s] -- Up-to-date: /root/ros2_ws/install/my_custom_interface/include/my_custom_interface/my_custom_interface/msg/detail
[6.250s] -- Up-to-date: /root/ros2_ws/install/my_custom_interface/include/my_custom_interface/my_custom_interface/msg/detail/numbers__type_support.c
[6.250s] -- Installing: /root/ros2_ws/install/my_custom_interface/include/my_custom_interface/my_custom_interface/msg/detail/numbers__rosidl_typesupport_introspection_c.h
[6.250s] -- Installing: /root/ros2_ws/install/my_custom_interface/include/my_custom_interface/my_custom_interface/msg/rosidl_typesupport_introspection_c__visibility_control.h
[6.250s] -- Installing: /root/ros2_ws/install/my_custom_interface/lib/libmy_custom_interface__rosidl_typesupport_introspection_c.so
[6.250s] -- Set runtime path of "/root/ros2_ws/install/my_custom_interface/lib/libmy_custom_interface__rosidl_typesupport_introspection_c.so" to ""
[6.250s] -- Installing: /root/ros2_ws/install/my_custom_interface/lib/libmy_custom_interface__rosidl_typesupport_c.so
[6.251s] -- Set runtime path of "/root/ros2_ws/install/my_custom_interface/lib/libmy_custom_interface__rosidl_typesupport_c.so" to ""
[6.251s] -- Up-to-date: /root/ros2_ws/install/my_custom_interface/include/my_custom_interface/my_custom_interface
[6.251s] -- Up-to-date: /root/ros2_ws/install/my_custom_interface/include/my_custom_interface/my_custom_interface/msg
[6.251s] -- Installing: /root/ros2_ws/install/my_custom_interface/include/my_custom_interface/my_custom_interface/msg/numbers.hpp
[6.251s] -- Up-to-date: /root/ros2_ws/install/my_custom_interface/include/my_custom_interface/my_custom_interface/msg/detail
[6.251s] -- Installing: /root/ros2_ws/install/my_custom_interface/include/my_custom_interface/my_custom_interface/msg/detail/numbers__builder.hpp
[6.252s] -- Installing: /root/ros2_ws/install/my_custom_interface/include/my_custom_interface/my_custom_interface/msg/detail/numbers__traits.hpp
[6.252s] -- Installing: /root/ros2_ws/install/my_custom_interface/include/my_custom_interface/my_custom_interface/msg/detail/numbers__struct.hpp
[6.252s] -- Up-to-date: /root/ros2_ws/install/my_custom_interface/include/my_custom_interface/my_custom_interface
[6.252s] -- Up-to-date: /root/ros2_ws/install/my_custom_interface/include/my_custom_interface/my_custom_interface/msg
[6.252s] -- Up-to-date: /root/ros2_ws/install/my_custom_interface/include/my_custom_interface/my_custom_interface/msg/detail
[6.252s] -- Installing: /root/ros2_ws/install/my_custom_interface/include/my_custom_interface/my_custom_interface/msg/detail/numbers__rosidl_typesupport_fastrtps_cpp.hpp
[6.252s] -- Installing: /root/ros2_ws/install/my_custom_interface/include/my_custom_interface/my_custom_interface/msg/detail/dds_fastrtps
[6.252s] -- Installing: /root/ros2_ws/install/my_custom_interface/include/my_custom_interface/my_custom_interface/msg/rosidl_typesupport_fastrtps_cpp__visibility_control.h
[6.253s] -- Installing: /root/ros2_ws/install/my_custom_interface/lib/libmy_custom_interface__rosidl_typesupport_fastrtps_cpp.so
[6.253s] -- Set runtime path of "/root/ros2_ws/install/my_custom_interface/lib/libmy_custom_interface__rosidl_typesupport_fastrtps_cpp.so" to ""
[6.253s] -- Up-to-date: /root/ros2_ws/install/my_custom_interface/include/my_custom_interface/my_custom_interface
[6.253s] -- Up-to-date: /root/ros2_ws/install/my_custom_interface/include/my_custom_interface/my_custom_interface/msg
[6.253s] -- Up-to-date: /root/ros2_ws/install/my_custom_interface/include/my_custom_interface/my_custom_interface/msg/detail
[6.253s] -- Installing: /root/ros2_ws/install/my_custom_interface/include/my_custom_interface/my_custom_interface/msg/detail/numbers__type_support.cpp
[6.253s] -- Installing: /root/ros2_ws/install/my_custom_interface/include/my_custom_interface/my_custom_interface/msg/detail/numbers__rosidl_typesupport_introspection_cpp.hpp
[6.253s] -- Installing: /root/ros2_ws/install/my_custom_interface/lib/libmy_custom_interface__rosidl_typesupport_introspection_cpp.so
[6.254s] -- Set runtime path of "/root/ros2_ws/install/my_custom_interface/lib/libmy_custom_interface__rosidl_typesupport_introspection_cpp.so" to ""
[6.254s] -- Installing: /root/ros2_ws/install/my_custom_interface/lib/libmy_custom_interface__rosidl_typesupport_cpp.so
[6.254s] -- Set runtime path of "/root/ros2_ws/install/my_custom_interface/lib/libmy_custom_interface__rosidl_typesupport_cpp.so" to ""
[6.254s] -- Installing: /root/ros2_ws/install/my_custom_interface/share/my_custom_interface/environment/pythonpath.sh
[6.254s] -- Installing: /root/ros2_ws/install/my_custom_interface/share/my_custom_interface/environment/pythonpath.dsv
[6.254s] -- Installing: /root/ros2_ws/install/my_custom_interface/lib/python3.10/site-packages/my_custom_interface-0.0.0-py3.10.egg-info
[6.256s] -- Installing: /root/ros2_ws/install/my_custom_interface/lib/python3.10/site-packages/my_custom_interface-0.0.0-py3.10.egg-info/SOURCES.txt
[6.256s] -- Installing: /root/ros2_ws/install/my_custom_interface/lib/python3.10/site-packages/my_custom_interface-0.0.0-py3.10.egg-info/top_level.txt
[6.256s] -- Installing: /root/ros2_ws/install/my_custom_interface/lib/python3.10/site-packages/my_custom_interface-0.0.0-py3.10.egg-info/PKG-INFO
[6.256s] -- Installing: /root/ros2_ws/install/my_custom_interface/lib/python3.10/site-packages/my_custom_interface-0.0.0-py3.10.egg-info/dependency_links.txt
[6.256s] -- Installing: /root/ros2_ws/install/my_custom_interface/lib/python3.10/site-packages/my_custom_interface
[6.257s] -- Installing: /root/ros2_ws/install/my_custom_interface/lib/python3.10/site-packages/my_custom_interface/msg
[6.257s] -- Installing: /root/ros2_ws/install/my_custom_interface/lib/python3.10/site-packages/my_custom_interface/msg/__init__.py
[6.257s] -- Installing: /root/ros2_ws/install/my_custom_interface/lib/python3.10/site-packages/my_custom_interface/msg/_numbers.py
[6.257s] -- Installing: /root/ros2_ws/install/my_custom_interface/lib/python3.10/site-packages/my_custom_interface/msg/_numbers_s.c
[6.258s] -- Installing: /root/ros2_ws/install/my_custom_interface/lib/python3.10/site-packages/my_custom_interface/__init__.py
[6.258s] -- Installing: /root/ros2_ws/install/my_custom_interface/lib/python3.10/site-packages/my_custom_interface/_my_custom_interface_s.ep.rosidl_typesupport_introspection_c.c
[6.258s] -- Installing: /root/ros2_ws/install/my_custom_interface/lib/python3.10/site-packages/my_custom_interface/my_custom_interface_s__rosidl_typesupport_introspection_c.cpython-310-x86_64-linux-gnu.so
[6.258s] -- Installing: /root/ros2_ws/install/my_custom_interface/lib/python3.10/site-packages/my_custom_interface/my_custom_interface_s__rosidl_typesupport_fastrtps_c.cpython-310-x86_64-linux-gnu.so
[6.258s] -- Installing: /root/ros2_ws/install/my_custom_interface/lib/python3.10/site-packages/my_custom_interface/libmy_custom_interface__rosidl_generator_py.so
[6.258s] -- Installing: /root/ros2_ws/install/my_custom_interface/lib/python3.10/site-packages/my_custom_interface/_my_custom_interface_s.ep.rosidl_typesupport_fastrtps_c.c
[6.258s] -- Installing: /root/ros2_ws/install/my_custom_interface/lib/python3.10/site-packages/my_custom_interface/_my_custom_interface_s.ep.rosidl_typesupport_c.c
[6.258s] -- Installing: /root/ros2_ws/install/my_custom_interface/lib/python3.10/site-packages/my_custom_interface/my_custom_interface_s__rosidl_typesupport_c.cpython-310-x86_64-linux-gnu.so
[6.293s] Listing '/root/ros2_ws/install/my_custom_interface/lib/python3.10/site-packages/my_custom_interface'...
[6.293s] Compiling '/root/ros2_ws/install/my_custom_interface/lib/python3.10/site-packages/my_custom_interface/__init__.py'...
[6.293s] Listing '/root/ros2_ws/install/my_custom_interface/lib/python3.10/site-packages/my_custom_interface/msg'...
[6.293s] Compiling '/root/ros2_ws/install/my_custom_interface/lib/python3.10/site-packages/my_custom_interface/msg/__init__.py'...
[6.293s] Compiling '/root/ros2_ws/install/my_custom_interface/lib/python3.10/site-packages/my_custom_interface/msg/_numbers.py'...
[6.298s] -- Installing: /root/ros2_ws/install/my_custom_interface/lib/python3.10/site-packages/my_custom_interface/my_custom_interface_s__rosidl_typesupport_fastrtps_c.cpython-310-x86_64-linux-gnu.so
[6.298s] -- Set runtime path of "/root/ros2_ws/install/my_custom_interface/lib/python3.10/site-packages/my_custom_interface/my_custom_interface_s__rosidl_typesupport_fastrtps_c.cpython-310-x86_64-linux-gnu.so" to ""
[6.298s] -- Installing: /root/ros2_ws/install/my_custom_interface/lib/python3.10/site-packages/my_custom_interface/my_custom_interface_s__rosidl_typesupport_introspection_c.cpython-310-x86_64-linux-gnu.so
[6.298s] -- Set runtime path of "/root/ros2_ws/install/my_custom_interface/lib/python3.10/site-packages/my_custom_interface/my_custom_interface_s__rosidl_typesupport_introspection_c.cpython-310-x86_64-linux-gnu.so" to ""
[6.299s] -- Installing: /root/ros2_ws/install/my_custom_interface/lib/python3.10/site-packages/my_custom_interface/my_custom_interface_s__rosidl_typesupport_c.cpython-310-x86_64-linux-gnu.so
[6.299s] -- Set runtime path of "/root/ros2_ws/install/my_custom_interface/lib/python3.10/site-packages/my_custom_interface/my_custom_interface_s__rosidl_typesupport_c.cpython-310-x86_64-linux-gnu.so" to ""
[6.299s] -- Installing: /root/ros2_ws/install/my_custom_interface/lib/libmy_custom_interface__rosidl_generator_py.so
[6.299s] -- Set runtime path of "/root/ros2_ws/install/my_custom_interface/lib/libmy_custom_interface__rosidl_generator_py.so" to ""
[6.299s] -- Installing: /root/ros2_ws/install/my_custom_interface/share/my_custom_interface/msg/Numbers.idl
[6.299s] -- Installing: /root/ros2_ws/install/my_custom_interface/share/my_custom_interface/msg/Numbers.msg
[6.300s] -- Installing: /root/ros2_ws/install/my_custom_interface/share/ament_index/resource_index/package_run_dependencies/my_custom_interface
[6.301s] -- Installing: /root/ros2_ws/install/my_custom_interface/share/ament_index/resource_index/parent_prefix_path/my_custom_interface
[6.301s] -- Installing: /root/ros2_ws/install/my_custom_interface/share/my_custom_interface/environment/ament_prefix_path.sh
[6.301s] -- Installing: /root/ros2_ws/install/my_custom_interface/share/my_custom_interface/environment/ament_prefix_path.dsv
[6.301s] -- Installing: /root/ros2_ws/install/my_custom_interface/share/my_custom_interface/environment/path.sh
[6.301s] -- Installing: /root/ros2_ws/install/my_custom_interface/share/my_custom_interface/environment/path.dsv
[6.301s] -- Installing: /root/ros2_ws/install/my_custom_interface/share/my_custom_interface/local_setup.bash
[6.302s] -- Installing: /root/ros2_ws/install/my_custom_interface/share/my_custom_interface/local_setup.sh
[6.302s] -- Installing: /root/ros2_ws/install/my_custom_interface/share/my_custom_interface/local_setup.zsh
[6.302s] -- Installing: /root/ros2_ws/install/my_custom_interface/share/my_custom_interface/local_setup.dsv
[6.302s] -- Installing: /root/ros2_ws/install/my_custom_interface/share/my_custom_interface/package.dsv
[6.303s] -- Installing: /root/ros2_ws/install/my_custom_interface/share/ament_index/resource_index/packages/my_custom_interface
[6.303s] -- Installing: /root/ros2_ws/install/my_custom_interface/share/my_custom_interface/cmake/export_my_custom_interface__rosidl_generator_cExport.cmake
[6.303s] -- Installing: /root/ros2_ws/install/my_custom_interface/share/my_custom_interface/cmake/export_my_custom_interface__rosidl_generator_cExport-noconfig.cmake
[6.304s] -- Installing: /root/ros2_ws/install/my_custom_interface/share/my_custom_interface/cmake/export_my_custom_interface__rosidl_typesupport_fastrtps_cExport.cmake
[6.304s] -- Installing: /root/ros2_ws/install/my_custom_interface/share/my_custom_interface/cmake/export_my_custom_interface__rosidl_typesupport_fastrtps_cExport-noconfig.cmake
[6.304s] -- Installing: /root/ros2_ws/install/my_custom_interface/share/my_custom_interface/cmake/my_custom_interface__rosidl_typesupport_introspection_cExport.cmake
[6.304s] -- Installing: /root/ros2_ws/install/my_custom_interface/share/my_custom_interface/cmake/my_custom_interface__rosidl_typesupport_introspection_cExport-noconfig.cmake
[6.304s] -- Installing: /root/ros2_ws/install/my_custom_interface/share/my_custom_interface/cmake/my_custom_interface__rosidl_typesupport_cExport.cmake
[6.304s] -- Installing: /root/ros2_ws/install/my_custom_interface/share/my_custom_interface/cmake/my_custom_interface__rosidl_typesupport_cExport-noconfig.cmake
[6.305s] -- Installing: /root/ros2_ws/install/my_custom_interface/share/my_custom_interface/cmake/export_my_custom_interface__rosidl_generator_cppExport.cmake
[6.305s] -- Installing: /root/ros2_ws/install/my_custom_interface/share/my_custom_interface/cmake/export_my_custom_interface__rosidl_typesupport_fastrtps_cppExport.cmake
[6.305s] -- Installing: /root/ros2_ws/install/my_custom_interface/share/my_custom_interface/cmake/export_my_custom_interface__rosidl_typesupport_fastrtps_cppExport-noconfig.cmake
[6.305s] -- Installing: /root/ros2_ws/install/my_custom_interface/share/my_custom_interface/cmake/my_custom_interface__rosidl_typesupport_introspection_cppExport.cmake
[6.305s] -- Installing: /root/ros2_ws/install/my_custom_interface/share/my_custom_interface/cmake/my_custom_interface__rosidl_typesupport_introspection_cppExport-noconfig.cmake
[6.305s] -- Installing: /root/ros2_ws/install/my_custom_interface/share/my_custom_interface/cmake/my_custom_interface__rosidl_typesupport_cppExport.cmake
[6.306s] -- Installing: /root/ros2_ws/install/my_custom_interface/share/my_custom_interface/cmake/my_custom_interface__rosidl_typesupport_cppExport-noconfig.cmake
[6.306s] -- Installing: /root/ros2_ws/install/my_custom_interface/share/my_custom_interface/cmake/export_my_custom_interface__rosidl_generator_pyExport.cmake
[6.306s] -- Installing: /root/ros2_ws/install/my_custom_interface/share/my_custom_interface/cmake/export_my_custom_interface__rosidl_generator_pyExport-noconfig.cmake
[6.306s] -- Installing: /root/ros2_ws/install/my_custom_interface/share/my_custom_interface/cmake/rosidl_cmake-extras.cmake
[6.306s] -- Installing: /root/ros2_ws/install/my_custom_interface/share/my_custom_interface/cmake/ament_cmake_export_include_directories-extras.cmake
[6.306s] -- Installing: /root/ros2_ws/install/my_custom_interface/share/my_custom_interface/cmake/ament_cmake_export_libraries-extras.cmake
[6.306s] -- Installing: /root/ros2_ws/install/my_custom_interface/share/my_custom_interface/cmake/ament_cmake_export_targets-extras.cmake
[6.307s] -- Installing: /root/ros2_ws/install/my_custom_interface/share/my_custom_interface/cmake/rosidl_cmake_export_typesupport_targets-extras.cmake
[6.307s] -- Installing: /root/ros2_ws/install/my_custom_interface/share/my_custom_interface/cmake/ament_cmake_export_dependencies-extras.cmake
[6.307s] -- Installing: /root/ros2_ws/install/my_custom_interface/share/my_custom_interface/cmake/rosidl_cmake_export_typesupport_libraries-extras.cmake
[6.307s] -- Installing: /root/ros2_ws/install/my_custom_interface/share/my_custom_interface/cmake/my_custom_interfaceConfig.cmake
[6.307s] -- Installing: /root/ros2_ws/install/my_custom_interface/share/my_custom_interface/cmake/my_custom_interfaceConfig-version.cmake
[6.307s] -- Installing: /root/ros2_ws/install/my_custom_interface/share/my_custom_interface/package.xml
[6.310s] Invoked command in '/root/ros2_ws/build/my_custom_interface' returned '0': CMAKE_PREFIX_PATH=${CMAKE_PREFIX_PATH}:/root/ros2_ws/install/talker:/root/ros2_ws/install/my_turtle_controller:/root/ros2_ws/install/my_service_server:/root/ros2_ws/install/my_service_client:/root/ros2_ws/install/my_calculate_action:/root/ros2_ws/install/listener:/opt/ros/iron /usr/bin/cmake --install /root/ros2_ws/build/my_custom_interface
