[0.051s] Invoking command in '/root/ros2_ws/build/my_service_interfaces': CMAKE_PREFIX_PATH=${CMAKE_PREFIX_PATH}:/root/ros2_ws/install/talker:/root/ros2_ws/install/my_turtle_controller:/root/ros2_ws/install/my_service_server:/root/ros2_ws/install/my_service_client:/root/ros2_ws/install/my_calculate_action:/root/ros2_ws/install/listener:/opt/ros/iron /usr/bin/cmake --build /root/ros2_ws/build/my_service_interfaces -- -j12 -l12
[0.805s] [  2%] Built target my_service_interfaces__rosidl_generator_type_description
[0.805s] [  2%] Built target ament_cmake_python_copy_my_service_interfaces
[0.805s] [  8%] Built target my_service_interfaces__cpp
[0.806s] [ 20%] Built target my_service_interfaces__rosidl_generator_c
[0.806s] [ 61%] Built target my_service_interfaces__rosidl_typesupport_cpp
[0.806s] [ 61%] Built target my_service_interfaces__rosidl_typesupport_introspection_cpp
[0.806s] [ 61%] Built target my_service_interfaces__rosidl_typesupport_c
[0.806s] [ 64%] Built target my_service_interfaces__rosidl_typesupport_fastrtps_c
[0.806s] [ 64%] Built target my_service_interfaces__rosidl_typesupport_introspection_c
[0.807s] [ 73%] Built target my_service_interfaces__rosidl_typesupport_fastrtps_cpp
[0.807s] [ 73%] Built target my_service_interfaces
[0.807s] [ 76%] Built target my_service_interfaces__py
[0.808s] [ 82%] Built target my_service_interfaces__rosidl_generator_py
[0.808s] [100%] Built target my_service_interfaces__rosidl_typesupport_fastrtps_c__pyext
[0.808s] [100%] Built target my_service_interfaces__rosidl_typesupport_c__pyext
[0.808s] [100%] Built target my_service_interfaces__rosidl_typesupport_introspection_c__pyext
[0.808s] running egg_info
[0.809s] writing my_service_interfaces.egg-info/PKG-INFO
[0.809s] writing dependency_links to my_service_interfaces.egg-info/dependency_links.txt
[0.809s] writing top-level names to my_service_interfaces.egg-info/top_level.txt
[0.809s] reading manifest file 'my_service_interfaces.egg-info/SOURCES.txt'
[0.809s] writing manifest file 'my_service_interfaces.egg-info/SOURCES.txt'
[0.809s] [100%] Built target ament_cmake_python_build_my_service_interfaces_egg
