running egg_info
creating ../../build/my_calculate_action/my_calculate_action.egg-info
writing ../../build/my_calculate_action/my_calculate_action.egg-info/PKG-INFO
writing dependency_links to ../../build/my_calculate_action/my_calculate_action.egg-info/dependency_links.txt
writing entry points to ../../build/my_calculate_action/my_calculate_action.egg-info/entry_points.txt
writing requirements to ../../build/my_calculate_action/my_calculate_action.egg-info/requires.txt
writing top-level names to ../../build/my_calculate_action/my_calculate_action.egg-info/top_level.txt
writing manifest file '../../build/my_calculate_action/my_calculate_action.egg-info/SOURCES.txt'
reading manifest file '../../build/my_calculate_action/my_calculate_action.egg-info/SOURCES.txt'
writing manifest file '../../build/my_calculate_action/my_calculate_action.egg-info/SOURCES.txt'
running build
running build_py
creating /root/ros2_ws/build/my_calculate_action/build/lib/my_calculate_action
copying my_calculate_action/__init__.py -> /root/ros2_ws/build/my_calculate_action/build/lib/my_calculate_action
copying my_calculate_action/calculate_action_client.py -> /root/ros2_ws/build/my_calculate_action/build/lib/my_calculate_action
copying my_calculate_action/calculate_action_server.py -> /root/ros2_ws/build/my_calculate_action/build/lib/my_calculate_action
running install
running install_lib
creating /root/ros2_ws/install/my_calculate_action/lib/python3.10/site-packages/my_calculate_action
copying /root/ros2_ws/build/my_calculate_action/build/lib/my_calculate_action/__init__.py -> /root/ros2_ws/install/my_calculate_action/lib/python3.10/site-packages/my_calculate_action
copying /root/ros2_ws/build/my_calculate_action/build/lib/my_calculate_action/calculate_action_client.py -> /root/ros2_ws/install/my_calculate_action/lib/python3.10/site-packages/my_calculate_action
copying /root/ros2_ws/build/my_calculate_action/build/lib/my_calculate_action/calculate_action_server.py -> /root/ros2_ws/install/my_calculate_action/lib/python3.10/site-packages/my_calculate_action
byte-compiling /root/ros2_ws/install/my_calculate_action/lib/python3.10/site-packages/my_calculate_action/__init__.py to __init__.cpython-310.pyc
byte-compiling /root/ros2_ws/install/my_calculate_action/lib/python3.10/site-packages/my_calculate_action/calculate_action_client.py to calculate_action_client.cpython-310.pyc
byte-compiling /root/ros2_ws/install/my_calculate_action/lib/python3.10/site-packages/my_calculate_action/calculate_action_server.py to calculate_action_server.cpython-310.pyc
running install_data
creating /root/ros2_ws/install/my_calculate_action/share/ament_index/resource_index/packages
copying resource/my_calculate_action -> /root/ros2_ws/install/my_calculate_action/share/ament_index/resource_index/packages
copying package.xml -> /root/ros2_ws/install/my_calculate_action/share/my_calculate_action
running install_egg_info
Copying ../../build/my_calculate_action/my_calculate_action.egg-info to /root/ros2_ws/install/my_calculate_action/lib/python3.10/site-packages/my_calculate_action-0.0.0-py3.10.egg-info
running install_scripts
Installing calculate_action_client script to /root/ros2_ws/install/my_calculate_action/lib/my_calculate_action
Installing calculate_action_server script to /root/ros2_ws/install/my_calculate_action/lib/my_calculate_action
writing list of installed files to '/root/ros2_ws/build/my_calculate_action/install.log'
