[0.973s] Invoking command in '/root/ros2_ws/src/my_calculate_action': PYTHONPATH=/root/ros2_ws/build/my_calculate_action/prefix_override:/usr/lib/python3/dist-packages/colcon_core/task/python/colcon_distutils_commands:/root/ros2_ws/install/my_calculate_action/lib/python3.10/site-packages:${PYTHONPATH} /usr/bin/python3 -W ignore:setup.py install is deprecated -W ignore:easy_install command is deprecated setup.py egg_info --egg-base ../../build/my_calculate_action build --build-base /root/ros2_ws/build/my_calculate_action/build install --record /root/ros2_ws/build/my_calculate_action/install.log --single-version-externally-managed install_data
[1.132s] /root/.local/lib/python3.10/site-packages/setuptools/_distutils/dist.py:270: UserWarning: Unknown distribution option: 'tests_require'
[1.133s]   warnings.warn(msg)
[1.242s] running egg_info
[1.259s] creating ../../build/my_calculate_action/my_calculate_action.egg-info
[1.260s] writing ../../build/my_calculate_action/my_calculate_action.egg-info/PKG-INFO
[1.260s] writing dependency_links to ../../build/my_calculate_action/my_calculate_action.egg-info/dependency_links.txt
[1.261s] writing entry points to ../../build/my_calculate_action/my_calculate_action.egg-info/entry_points.txt
[1.261s] writing requirements to ../../build/my_calculate_action/my_calculate_action.egg-info/requires.txt
[1.261s] writing top-level names to ../../build/my_calculate_action/my_calculate_action.egg-info/top_level.txt
[1.261s] writing manifest file '../../build/my_calculate_action/my_calculate_action.egg-info/SOURCES.txt'
[1.301s] reading manifest file '../../build/my_calculate_action/my_calculate_action.egg-info/SOURCES.txt'
[1.302s] writing manifest file '../../build/my_calculate_action/my_calculate_action.egg-info/SOURCES.txt'
[1.302s] running build
[1.302s] running build_py
[1.302s] creating /root/ros2_ws/build/my_calculate_action/build/lib/my_calculate_action
[1.303s] copying my_calculate_action/__init__.py -> /root/ros2_ws/build/my_calculate_action/build/lib/my_calculate_action
[1.303s] copying my_calculate_action/calculate_action_client.py -> /root/ros2_ws/build/my_calculate_action/build/lib/my_calculate_action
[1.304s] copying my_calculate_action/calculate_action_server.py -> /root/ros2_ws/build/my_calculate_action/build/lib/my_calculate_action
[1.304s] running install
[1.309s] running install_lib
[1.329s] creating /root/ros2_ws/install/my_calculate_action/lib/python3.10/site-packages/my_calculate_action
[1.330s] copying /root/ros2_ws/build/my_calculate_action/build/lib/my_calculate_action/__init__.py -> /root/ros2_ws/install/my_calculate_action/lib/python3.10/site-packages/my_calculate_action
[1.330s] copying /root/ros2_ws/build/my_calculate_action/build/lib/my_calculate_action/calculate_action_client.py -> /root/ros2_ws/install/my_calculate_action/lib/python3.10/site-packages/my_calculate_action
[1.330s] copying /root/ros2_ws/build/my_calculate_action/build/lib/my_calculate_action/calculate_action_server.py -> /root/ros2_ws/install/my_calculate_action/lib/python3.10/site-packages/my_calculate_action
[1.331s] byte-compiling /root/ros2_ws/install/my_calculate_action/lib/python3.10/site-packages/my_calculate_action/__init__.py to __init__.cpython-310.pyc
[1.331s] byte-compiling /root/ros2_ws/install/my_calculate_action/lib/python3.10/site-packages/my_calculate_action/calculate_action_client.py to calculate_action_client.cpython-310.pyc
[1.332s] byte-compiling /root/ros2_ws/install/my_calculate_action/lib/python3.10/site-packages/my_calculate_action/calculate_action_server.py to calculate_action_server.cpython-310.pyc
[1.333s] running install_data
[1.333s] creating /root/ros2_ws/install/my_calculate_action/share/ament_index/resource_index/packages
[1.334s] copying resource/my_calculate_action -> /root/ros2_ws/install/my_calculate_action/share/ament_index/resource_index/packages
[1.334s] copying package.xml -> /root/ros2_ws/install/my_calculate_action/share/my_calculate_action
[1.334s] running install_egg_info
[1.354s] Copying ../../build/my_calculate_action/my_calculate_action.egg-info to /root/ros2_ws/install/my_calculate_action/lib/python3.10/site-packages/my_calculate_action-0.0.0-py3.10.egg-info
[1.356s] running install_scripts
[1.484s] Installing calculate_action_client script to /root/ros2_ws/install/my_calculate_action/lib/my_calculate_action
[1.484s] Installing calculate_action_server script to /root/ros2_ws/install/my_calculate_action/lib/my_calculate_action
[1.485s] writing list of installed files to '/root/ros2_ws/build/my_calculate_action/install.log'
[1.511s] Invoked command in '/root/ros2_ws/src/my_calculate_action' returned '0': PYTHONPATH=/root/ros2_ws/build/my_calculate_action/prefix_override:/usr/lib/python3/dist-packages/colcon_core/task/python/colcon_distutils_commands:/root/ros2_ws/install/my_calculate_action/lib/python3.10/site-packages:${PYTHONPATH} /usr/bin/python3 -W ignore:setup.py install is deprecated -W ignore:easy_install command is deprecated setup.py egg_info --egg-base ../../build/my_calculate_action build --build-base /root/ros2_ws/build/my_calculate_action/build install --record /root/ros2_ws/build/my_calculate_action/install.log --single-version-externally-managed install_data
