[1.008s] Invoking command in '/root/ros2_ws/src/my_turtle_controller': PYTHONPATH=/root/ros2_ws/build/my_turtle_controller/prefix_override:/usr/lib/python3/dist-packages/colcon_core/task/python/colcon_distutils_commands:/root/ros2_ws/install/my_turtle_controller/lib/python3.10/site-packages:${PYTHONPATH} /usr/bin/python3 -W ignore:setup.py install is deprecated -W ignore:easy_install command is deprecated setup.py egg_info --egg-base ../../build/my_turtle_controller build --build-base /root/ros2_ws/build/my_turtle_controller/build install --record /root/ros2_ws/build/my_turtle_controller/install.log --single-version-externally-managed install_data
[1.127s] /root/.local/lib/python3.10/site-packages/setuptools/_distutils/dist.py:270: UserWarning: Unknown distribution option: 'tests_require'
[1.127s]   warnings.warn(msg)
[1.209s] running egg_info
[1.222s] writing ../../build/my_turtle_controller/my_turtle_controller.egg-info/PKG-INFO
[1.222s] writing dependency_links to ../../build/my_turtle_controller/my_turtle_controller.egg-info/dependency_links.txt
[1.222s] writing entry points to ../../build/my_turtle_controller/my_turtle_controller.egg-info/entry_points.txt
[1.223s] writing requirements to ../../build/my_turtle_controller/my_turtle_controller.egg-info/requires.txt
[1.223s] writing top-level names to ../../build/my_turtle_controller/my_turtle_controller.egg-info/top_level.txt
[1.249s] reading manifest file '../../build/my_turtle_controller/my_turtle_controller.egg-info/SOURCES.txt'
[1.251s] writing manifest file '../../build/my_turtle_controller/my_turtle_controller.egg-info/SOURCES.txt'
[1.251s] running build
[1.251s] running build_py
[1.251s] copying my_turtle_controller/__init__.py -> /root/ros2_ws/build/my_turtle_controller/build/lib/my_turtle_controller
[1.251s] copying my_turtle_controller/turtle_mover.py -> /root/ros2_ws/build/my_turtle_controller/build/lib/my_turtle_controller
[1.252s] running install
[1.255s] running install_lib
[1.268s] running install_data
[1.268s] copying resource/my_turtle_controller -> /root/ros2_ws/install/my_turtle_controller/share/ament_index/resource_index/packages
[1.268s] copying package.xml -> /root/ros2_ws/install/my_turtle_controller/share/my_turtle_controller
[1.268s] running install_egg_info
[1.284s] removing '/root/ros2_ws/install/my_turtle_controller/lib/python3.10/site-packages/my_turtle_controller-0.0.0-py3.10.egg-info' (and everything under it)
[1.285s] Copying ../../build/my_turtle_controller/my_turtle_controller.egg-info to /root/ros2_ws/install/my_turtle_controller/lib/python3.10/site-packages/my_turtle_controller-0.0.0-py3.10.egg-info
[1.286s] running install_scripts
[1.400s] Installing egor script to /root/ros2_ws/install/my_turtle_controller/lib/my_turtle_controller
[1.401s] writing list of installed files to '/root/ros2_ws/build/my_turtle_controller/install.log'
[1.440s] Invoked command in '/root/ros2_ws/src/my_turtle_controller' returned '0': PYTHONPATH=/root/ros2_ws/build/my_turtle_controller/prefix_override:/usr/lib/python3/dist-packages/colcon_core/task/python/colcon_distutils_commands:/root/ros2_ws/install/my_turtle_controller/lib/python3.10/site-packages:${PYTHONPATH} /usr/bin/python3 -W ignore:setup.py install is deprecated -W ignore:easy_install command is deprecated setup.py egg_info --egg-base ../../build/my_turtle_controller build --build-base /root/ros2_ws/build/my_turtle_controller/build install --record /root/ros2_ws/build/my_turtle_controller/install.log --single-version-externally-managed install_data
