[0.025s] Invoking command in '/root/ros2_ws/build/my_service_interfaces': CMAKE_PREFIX_PATH=${CMAKE_PREFIX_PATH}:/root/ros2_ws/install/talker:/root/ros2_ws/install/my_turtle_controller:/root/ros2_ws/install/my_service_server:/root/ros2_ws/install/my_service_client:/root/ros2_ws/install/listener:/opt/ros/iron /usr/bin/cmake --build /root/ros2_ws/build/my_service_interfaces -- -j12 -l12
[0.427s] [  2%] Built target my_service_interfaces__rosidl_generator_type_description
[0.427s] [  2%] Built target ament_cmake_python_copy_my_service_interfaces
[0.427s] [  8%] Built target my_service_interfaces__cpp
[0.428s] [ 20%] Built target my_service_interfaces__rosidl_generator_c
[0.428s] [ 64%] Built target my_service_interfaces__rosidl_typesupport_introspection_cpp
[0.428s] [ 64%] Built target my_service_interfaces__rosidl_typesupport_c
[0.428s] [ 64%] Built target my_service_interfaces__rosidl_typesupport_fastrtps_c
[0.428s] [ 64%] Built target my_service_interfaces__rosidl_typesupport_introspection_c
[0.428s] [ 64%] Built target my_service_interfaces__rosidl_typesupport_cpp
[0.428s] [ 73%] Built target my_service_interfaces__rosidl_typesupport_fastrtps_cpp
[0.429s] [ 73%] Built target my_service_interfaces
[0.429s] [ 76%] Built target my_service_interfaces__py
[0.429s] [ 82%] Built target my_service_interfaces__rosidl_generator_py
[0.429s] [ 88%] Built target my_service_interfaces__rosidl_typesupport_c__pyext
[0.429s] [ 94%] Built target my_service_interfaces__rosidl_typesupport_fastrtps_c__pyext
[0.429s] [100%] Built target my_service_interfaces__rosidl_typesupport_introspection_c__pyext
[0.429s] running egg_info
[0.429s] writing my_service_interfaces.egg-info/PKG-INFO
[0.429s] writing dependency_links to my_service_interfaces.egg-info/dependency_links.txt
[0.429s] writing top-level names to my_service_interfaces.egg-info/top_level.txt
[0.429s] reading manifest file 'my_service_interfaces.egg-info/SOURCES.txt'
[0.429s] writing manifest file 'my_service_interfaces.egg-info/SOURCES.txt'
[0.429s] [100%] Built target ament_cmake_python_build_my_service_interfaces_egg
[0.607s] Invoked command in '/root/ros2_ws/build/my_service_interfaces' returned '0': CMAKE_PREFIX_PATH=${CMAKE_PREFIX_PATH}:/root/ros2_ws/install/talker:/root/ros2_ws/install/my_turtle_controller:/root/ros2_ws/install/my_service_server:/root/ros2_ws/install/my_service_client:/root/ros2_ws/install/listener:/opt/ros/iron /usr/bin/cmake --build /root/ros2_ws/build/my_service_interfaces -- -j12 -l12
[0.617s] Invoking command in '/root/ros2_ws/build/my_service_interfaces': CMAKE_PREFIX_PATH=${CMAKE_PREFIX_PATH}:/root/ros2_ws/install/talker:/root/ros2_ws/install/my_turtle_controller:/root/ros2_ws/install/my_service_server:/root/ros2_ws/install/my_service_client:/root/ros2_ws/install/listener:/opt/ros/iron /usr/bin/cmake --install /root/ros2_ws/build/my_service_interfaces
[0.622s] -- Install configuration: ""
[0.622s] -- Up-to-date: /root/ros2_ws/install/my_service_interfaces/share/ament_index/resource_index/rosidl_interfaces/my_service_interfaces
[0.622s] -- Up-to-date: /root/ros2_ws/install/my_service_interfaces/share/my_service_interfaces/srv/SetVelocity.json
[0.622s] -- Up-to-date: /root/ros2_ws/install/my_service_interfaces/include/my_service_interfaces/my_service_interfaces
[0.622s] -- Up-to-date: /root/ros2_ws/install/my_service_interfaces/include/my_service_interfaces/my_service_interfaces/msg
[0.623s] -- Up-to-date: /root/ros2_ws/install/my_service_interfaces/include/my_service_interfaces/my_service_interfaces/msg/rosidl_generator_c__visibility_control.h
[0.623s] -- Up-to-date: /root/ros2_ws/install/my_service_interfaces/include/my_service_interfaces/my_service_interfaces/srv
[0.623s] -- Up-to-date: /root/ros2_ws/install/my_service_interfaces/include/my_service_interfaces/my_service_interfaces/srv/set_velocity.h
[0.623s] -- Up-to-date: /root/ros2_ws/install/my_service_interfaces/include/my_service_interfaces/my_service_interfaces/srv/detail
[0.623s] -- Up-to-date: /root/ros2_ws/install/my_service_interfaces/include/my_service_interfaces/my_service_interfaces/srv/detail/set_velocity__struct.h
[0.623s] -- Up-to-date: /root/ros2_ws/install/my_service_interfaces/include/my_service_interfaces/my_service_interfaces/srv/detail/set_velocity__functions.c
[0.623s] -- Up-to-date: /root/ros2_ws/install/my_service_interfaces/include/my_service_interfaces/my_service_interfaces/srv/detail/set_velocity__functions.h
[0.623s] -- Up-to-date: /root/ros2_ws/install/my_service_interfaces/include/my_service_interfaces/my_service_interfaces/srv/detail/set_velocity__description.c
[0.624s] -- Up-to-date: /root/ros2_ws/install/my_service_interfaces/include/my_service_interfaces/my_service_interfaces/srv/detail/set_velocity__type_support.h
[0.624s] -- Up-to-date: /root/ros2_ws/install/my_service_interfaces/include/my_service_interfaces/my_service_interfaces/srv/detail/set_velocity__type_support.c
[0.624s] -- Up-to-date: /root/ros2_ws/install/my_service_interfaces/share/my_service_interfaces/environment/library_path.sh
[0.624s] -- Up-to-date: /root/ros2_ws/install/my_service_interfaces/share/my_service_interfaces/environment/library_path.dsv
[0.624s] -- Up-to-date: /root/ros2_ws/install/my_service_interfaces/lib/libmy_service_interfaces__rosidl_generator_c.so
[0.624s] -- Up-to-date: /root/ros2_ws/install/my_service_interfaces/include/my_service_interfaces/my_service_interfaces
[0.624s] -- Up-to-date: /root/ros2_ws/install/my_service_interfaces/include/my_service_interfaces/my_service_interfaces/msg
[0.624s] -- Up-to-date: /root/ros2_ws/install/my_service_interfaces/include/my_service_interfaces/my_service_interfaces/msg/rosidl_typesupport_fastrtps_c__visibility_control.h
[0.624s] -- Up-to-date: /root/ros2_ws/install/my_service_interfaces/include/my_service_interfaces/my_service_interfaces/srv
[0.625s] -- Up-to-date: /root/ros2_ws/install/my_service_interfaces/include/my_service_interfaces/my_service_interfaces/srv/detail
[0.625s] -- Up-to-date: /root/ros2_ws/install/my_service_interfaces/include/my_service_interfaces/my_service_interfaces/srv/detail/set_velocity__rosidl_typesupport_fastrtps_c.h
[0.625s] -- Up-to-date: /root/ros2_ws/install/my_service_interfaces/lib/libmy_service_interfaces__rosidl_typesupport_fastrtps_c.so
[0.625s] -- Up-to-date: /root/ros2_ws/install/my_service_interfaces/include/my_service_interfaces/my_service_interfaces
[0.625s] -- Up-to-date: /root/ros2_ws/install/my_service_interfaces/include/my_service_interfaces/my_service_interfaces/msg
[0.625s] -- Up-to-date: /root/ros2_ws/install/my_service_interfaces/include/my_service_interfaces/my_service_interfaces/msg/rosidl_typesupport_introspection_c__visibility_control.h
[0.625s] -- Up-to-date: /root/ros2_ws/install/my_service_interfaces/include/my_service_interfaces/my_service_interfaces/srv
[0.625s] -- Up-to-date: /root/ros2_ws/install/my_service_interfaces/include/my_service_interfaces/my_service_interfaces/srv/detail
[0.625s] -- Up-to-date: /root/ros2_ws/install/my_service_interfaces/include/my_service_interfaces/my_service_interfaces/srv/detail/set_velocity__rosidl_typesupport_introspection_c.h
[0.626s] -- Up-to-date: /root/ros2_ws/install/my_service_interfaces/include/my_service_interfaces/my_service_interfaces/srv/detail/set_velocity__type_support.c
[0.626s] -- Up-to-date: /root/ros2_ws/install/my_service_interfaces/lib/libmy_service_interfaces__rosidl_typesupport_introspection_c.so
[0.626s] -- Up-to-date: /root/ros2_ws/install/my_service_interfaces/lib/libmy_service_interfaces__rosidl_typesupport_c.so
[0.626s] -- Up-to-date: /root/ros2_ws/install/my_service_interfaces/include/my_service_interfaces/my_service_interfaces
[0.626s] -- Up-to-date: /root/ros2_ws/install/my_service_interfaces/include/my_service_interfaces/my_service_interfaces/srv
[0.626s] -- Up-to-date: /root/ros2_ws/install/my_service_interfaces/include/my_service_interfaces/my_service_interfaces/srv/set_velocity.hpp
[0.626s] -- Up-to-date: /root/ros2_ws/install/my_service_interfaces/include/my_service_interfaces/my_service_interfaces/srv/detail
[0.626s] -- Up-to-date: /root/ros2_ws/install/my_service_interfaces/include/my_service_interfaces/my_service_interfaces/srv/detail/set_velocity__struct.hpp
[0.626s] -- Up-to-date: /root/ros2_ws/install/my_service_interfaces/include/my_service_interfaces/my_service_interfaces/srv/detail/set_velocity__traits.hpp
[0.626s] -- Up-to-date: /root/ros2_ws/install/my_service_interfaces/include/my_service_interfaces/my_service_interfaces/srv/detail/set_velocity__builder.hpp
[0.627s] -- Up-to-date: /root/ros2_ws/install/my_service_interfaces/include/my_service_interfaces/my_service_interfaces
[0.627s] -- Up-to-date: /root/ros2_ws/install/my_service_interfaces/include/my_service_interfaces/my_service_interfaces/msg
[0.627s] -- Up-to-date: /root/ros2_ws/install/my_service_interfaces/include/my_service_interfaces/my_service_interfaces/msg/rosidl_typesupport_fastrtps_cpp__visibility_control.h
[0.627s] -- Up-to-date: /root/ros2_ws/install/my_service_interfaces/include/my_service_interfaces/my_service_interfaces/srv
[0.627s] -- Up-to-date: /root/ros2_ws/install/my_service_interfaces/include/my_service_interfaces/my_service_interfaces/srv/detail
[0.627s] -- Up-to-date: /root/ros2_ws/install/my_service_interfaces/include/my_service_interfaces/my_service_interfaces/srv/detail/set_velocity__rosidl_typesupport_fastrtps_cpp.hpp
[0.627s] -- Up-to-date: /root/ros2_ws/install/my_service_interfaces/include/my_service_interfaces/my_service_interfaces/srv/detail/dds_fastrtps
[0.627s] -- Up-to-date: /root/ros2_ws/install/my_service_interfaces/lib/libmy_service_interfaces__rosidl_typesupport_fastrtps_cpp.so
[0.627s] -- Up-to-date: /root/ros2_ws/install/my_service_interfaces/include/my_service_interfaces/my_service_interfaces
[0.627s] -- Up-to-date: /root/ros2_ws/install/my_service_interfaces/include/my_service_interfaces/my_service_interfaces/srv
[0.627s] -- Up-to-date: /root/ros2_ws/install/my_service_interfaces/include/my_service_interfaces/my_service_interfaces/srv/detail
[0.627s] -- Up-to-date: /root/ros2_ws/install/my_service_interfaces/include/my_service_interfaces/my_service_interfaces/srv/detail/set_velocity__rosidl_typesupport_introspection_cpp.hpp
[0.627s] -- Up-to-date: /root/ros2_ws/install/my_service_interfaces/include/my_service_interfaces/my_service_interfaces/srv/detail/set_velocity__type_support.cpp
[0.627s] -- Up-to-date: /root/ros2_ws/install/my_service_interfaces/lib/libmy_service_interfaces__rosidl_typesupport_introspection_cpp.so
[0.628s] -- Up-to-date: /root/ros2_ws/install/my_service_interfaces/lib/libmy_service_interfaces__rosidl_typesupport_cpp.so
[0.628s] -- Up-to-date: /root/ros2_ws/install/my_service_interfaces/share/my_service_interfaces/environment/pythonpath.sh
[0.628s] -- Up-to-date: /root/ros2_ws/install/my_service_interfaces/share/my_service_interfaces/environment/pythonpath.dsv
[0.628s] -- Up-to-date: /root/ros2_ws/install/my_service_interfaces/lib/python3.10/site-packages/my_service_interfaces-0.0.0-py3.10.egg-info
[0.628s] -- Installing: /root/ros2_ws/install/my_service_interfaces/lib/python3.10/site-packages/my_service_interfaces-0.0.0-py3.10.egg-info/SOURCES.txt
[0.628s] -- Installing: /root/ros2_ws/install/my_service_interfaces/lib/python3.10/site-packages/my_service_interfaces-0.0.0-py3.10.egg-info/top_level.txt
[0.628s] -- Installing: /root/ros2_ws/install/my_service_interfaces/lib/python3.10/site-packages/my_service_interfaces-0.0.0-py3.10.egg-info/PKG-INFO
[0.628s] -- Installing: /root/ros2_ws/install/my_service_interfaces/lib/python3.10/site-packages/my_service_interfaces-0.0.0-py3.10.egg-info/dependency_links.txt
[0.628s] -- Up-to-date: /root/ros2_ws/install/my_service_interfaces/lib/python3.10/site-packages/my_service_interfaces
[0.628s] -- Up-to-date: /root/ros2_ws/install/my_service_interfaces/lib/python3.10/site-packages/my_service_interfaces/my_service_interfaces_s__rosidl_typesupport_c.cpython-310-x86_64-linux-gnu.so
[0.628s] -- Up-to-date: /root/ros2_ws/install/my_service_interfaces/lib/python3.10/site-packages/my_service_interfaces/__init__.py
[0.628s] -- Up-to-date: /root/ros2_ws/install/my_service_interfaces/lib/python3.10/site-packages/my_service_interfaces/my_service_interfaces_s__rosidl_typesupport_fastrtps_c.cpython-310-x86_64-linux-gnu.so
[0.628s] -- Up-to-date: /root/ros2_ws/install/my_service_interfaces/lib/python3.10/site-packages/my_service_interfaces/_my_service_interfaces_s.ep.rosidl_typesupport_introspection_c.c
[0.628s] -- Up-to-date: /root/ros2_ws/install/my_service_interfaces/lib/python3.10/site-packages/my_service_interfaces/_my_service_interfaces_s.ep.rosidl_typesupport_c.c
[0.628s] -- Up-to-date: /root/ros2_ws/install/my_service_interfaces/lib/python3.10/site-packages/my_service_interfaces/srv
[0.628s] -- Up-to-date: /root/ros2_ws/install/my_service_interfaces/lib/python3.10/site-packages/my_service_interfaces/srv/__init__.py
[0.628s] -- Up-to-date: /root/ros2_ws/install/my_service_interfaces/lib/python3.10/site-packages/my_service_interfaces/srv/_set_velocity_s.c
[0.628s] -- Up-to-date: /root/ros2_ws/install/my_service_interfaces/lib/python3.10/site-packages/my_service_interfaces/srv/_set_velocity.py
[0.628s] -- Up-to-date: /root/ros2_ws/install/my_service_interfaces/lib/python3.10/site-packages/my_service_interfaces/my_service_interfaces_s__rosidl_typesupport_introspection_c.cpython-310-x86_64-linux-gnu.so
[0.628s] -- Up-to-date: /root/ros2_ws/install/my_service_interfaces/lib/python3.10/site-packages/my_service_interfaces/libmy_service_interfaces__rosidl_generator_py.so
[0.628s] -- Up-to-date: /root/ros2_ws/install/my_service_interfaces/lib/python3.10/site-packages/my_service_interfaces/_my_service_interfaces_s.ep.rosidl_typesupport_fastrtps_c.c
[0.653s] Listing '/root/ros2_ws/install/my_service_interfaces/lib/python3.10/site-packages/my_service_interfaces'...
[0.653s] Listing '/root/ros2_ws/install/my_service_interfaces/lib/python3.10/site-packages/my_service_interfaces/srv'...
[0.658s] -- Up-to-date: /root/ros2_ws/install/my_service_interfaces/lib/python3.10/site-packages/my_service_interfaces/my_service_interfaces_s__rosidl_typesupport_fastrtps_c.cpython-310-x86_64-linux-gnu.so
[0.658s] -- Up-to-date: /root/ros2_ws/install/my_service_interfaces/lib/python3.10/site-packages/my_service_interfaces/my_service_interfaces_s__rosidl_typesupport_introspection_c.cpython-310-x86_64-linux-gnu.so
[0.658s] -- Up-to-date: /root/ros2_ws/install/my_service_interfaces/lib/python3.10/site-packages/my_service_interfaces/my_service_interfaces_s__rosidl_typesupport_c.cpython-310-x86_64-linux-gnu.so
[0.658s] -- Up-to-date: /root/ros2_ws/install/my_service_interfaces/lib/libmy_service_interfaces__rosidl_generator_py.so
[0.659s] -- Up-to-date: /root/ros2_ws/install/my_service_interfaces/share/my_service_interfaces/srv/SetVelocity.idl
[0.659s] -- Up-to-date: /root/ros2_ws/install/my_service_interfaces/share/my_service_interfaces/srv/SetVelocity.srv
[0.659s] -- Up-to-date: /root/ros2_ws/install/my_service_interfaces/share/my_service_interfaces/srv/SetVelocity_Request.msg
[0.659s] -- Up-to-date: /root/ros2_ws/install/my_service_interfaces/share/my_service_interfaces/srv/SetVelocity_Response.msg
[0.659s] -- Up-to-date: /root/ros2_ws/install/my_service_interfaces/share/ament_index/resource_index/package_run_dependencies/my_service_interfaces
[0.660s] -- Up-to-date: /root/ros2_ws/install/my_service_interfaces/share/ament_index/resource_index/parent_prefix_path/my_service_interfaces
[0.660s] -- Up-to-date: /root/ros2_ws/install/my_service_interfaces/share/my_service_interfaces/environment/ament_prefix_path.sh
[0.660s] -- Up-to-date: /root/ros2_ws/install/my_service_interfaces/share/my_service_interfaces/environment/ament_prefix_path.dsv
[0.660s] -- Up-to-date: /root/ros2_ws/install/my_service_interfaces/share/my_service_interfaces/environment/path.sh
[0.660s] -- Up-to-date: /root/ros2_ws/install/my_service_interfaces/share/my_service_interfaces/environment/path.dsv
[0.660s] -- Up-to-date: /root/ros2_ws/install/my_service_interfaces/share/my_service_interfaces/local_setup.bash
[0.660s] -- Up-to-date: /root/ros2_ws/install/my_service_interfaces/share/my_service_interfaces/local_setup.sh
[0.660s] -- Up-to-date: /root/ros2_ws/install/my_service_interfaces/share/my_service_interfaces/local_setup.zsh
[0.661s] -- Up-to-date: /root/ros2_ws/install/my_service_interfaces/share/my_service_interfaces/local_setup.dsv
[0.661s] -- Installing: /root/ros2_ws/install/my_service_interfaces/share/my_service_interfaces/package.dsv
[0.661s] -- Up-to-date: /root/ros2_ws/install/my_service_interfaces/share/ament_index/resource_index/packages/my_service_interfaces
[0.661s] -- Up-to-date: /root/ros2_ws/install/my_service_interfaces/share/my_service_interfaces/cmake/export_my_service_interfaces__rosidl_generator_cExport.cmake
[0.661s] -- Up-to-date: /root/ros2_ws/install/my_service_interfaces/share/my_service_interfaces/cmake/export_my_service_interfaces__rosidl_generator_cExport-noconfig.cmake
[0.661s] -- Up-to-date: /root/ros2_ws/install/my_service_interfaces/share/my_service_interfaces/cmake/export_my_service_interfaces__rosidl_typesupport_fastrtps_cExport.cmake
[0.661s] -- Up-to-date: /root/ros2_ws/install/my_service_interfaces/share/my_service_interfaces/cmake/export_my_service_interfaces__rosidl_typesupport_fastrtps_cExport-noconfig.cmake
[0.661s] -- Up-to-date: /root/ros2_ws/install/my_service_interfaces/share/my_service_interfaces/cmake/my_service_interfaces__rosidl_typesupport_introspection_cExport.cmake
[0.662s] -- Up-to-date: /root/ros2_ws/install/my_service_interfaces/share/my_service_interfaces/cmake/my_service_interfaces__rosidl_typesupport_introspection_cExport-noconfig.cmake
[0.662s] -- Up-to-date: /root/ros2_ws/install/my_service_interfaces/share/my_service_interfaces/cmake/my_service_interfaces__rosidl_typesupport_cExport.cmake
[0.662s] -- Up-to-date: /root/ros2_ws/install/my_service_interfaces/share/my_service_interfaces/cmake/my_service_interfaces__rosidl_typesupport_cExport-noconfig.cmake
[0.662s] -- Up-to-date: /root/ros2_ws/install/my_service_interfaces/share/my_service_interfaces/cmake/export_my_service_interfaces__rosidl_generator_cppExport.cmake
[0.662s] -- Up-to-date: /root/ros2_ws/install/my_service_interfaces/share/my_service_interfaces/cmake/export_my_service_interfaces__rosidl_typesupport_fastrtps_cppExport.cmake
[0.662s] -- Up-to-date: /root/ros2_ws/install/my_service_interfaces/share/my_service_interfaces/cmake/export_my_service_interfaces__rosidl_typesupport_fastrtps_cppExport-noconfig.cmake
[0.662s] -- Up-to-date: /root/ros2_ws/install/my_service_interfaces/share/my_service_interfaces/cmake/my_service_interfaces__rosidl_typesupport_introspection_cppExport.cmake
[0.662s] -- Up-to-date: /root/ros2_ws/install/my_service_interfaces/share/my_service_interfaces/cmake/my_service_interfaces__rosidl_typesupport_introspection_cppExport-noconfig.cmake
[0.662s] -- Up-to-date: /root/ros2_ws/install/my_service_interfaces/share/my_service_interfaces/cmake/my_service_interfaces__rosidl_typesupport_cppExport.cmake
[0.662s] -- Up-to-date: /root/ros2_ws/install/my_service_interfaces/share/my_service_interfaces/cmake/my_service_interfaces__rosidl_typesupport_cppExport-noconfig.cmake
[0.662s] -- Up-to-date: /root/ros2_ws/install/my_service_interfaces/share/my_service_interfaces/cmake/export_my_service_interfaces__rosidl_generator_pyExport.cmake
[0.662s] -- Up-to-date: /root/ros2_ws/install/my_service_interfaces/share/my_service_interfaces/cmake/export_my_service_interfaces__rosidl_generator_pyExport-noconfig.cmake
[0.662s] -- Up-to-date: /root/ros2_ws/install/my_service_interfaces/share/my_service_interfaces/cmake/rosidl_cmake-extras.cmake
[0.662s] -- Up-to-date: /root/ros2_ws/install/my_service_interfaces/share/my_service_interfaces/cmake/ament_cmake_export_dependencies-extras.cmake
[0.662s] -- Up-to-date: /root/ros2_ws/install/my_service_interfaces/share/my_service_interfaces/cmake/ament_cmake_export_include_directories-extras.cmake
[0.662s] -- Up-to-date: /root/ros2_ws/install/my_service_interfaces/share/my_service_interfaces/cmake/ament_cmake_export_libraries-extras.cmake
[0.662s] -- Up-to-date: /root/ros2_ws/install/my_service_interfaces/share/my_service_interfaces/cmake/ament_cmake_export_targets-extras.cmake
[0.662s] -- Up-to-date: /root/ros2_ws/install/my_service_interfaces/share/my_service_interfaces/cmake/rosidl_cmake_export_typesupport_targets-extras.cmake
[0.662s] -- Up-to-date: /root/ros2_ws/install/my_service_interfaces/share/my_service_interfaces/cmake/rosidl_cmake_export_typesupport_libraries-extras.cmake
[0.663s] -- Up-to-date: /root/ros2_ws/install/my_service_interfaces/share/my_service_interfaces/cmake/my_service_interfacesConfig.cmake
[0.663s] -- Up-to-date: /root/ros2_ws/install/my_service_interfaces/share/my_service_interfaces/cmake/my_service_interfacesConfig-version.cmake
[0.663s] -- Up-to-date: /root/ros2_ws/install/my_service_interfaces/share/my_service_interfaces/package.xml
[0.664s] Invoked command in '/root/ros2_ws/build/my_service_interfaces' returned '0': CMAKE_PREFIX_PATH=${CMAKE_PREFIX_PATH}:/root/ros2_ws/install/talker:/root/ros2_ws/install/my_turtle_controller:/root/ros2_ws/install/my_service_server:/root/ros2_ws/install/my_service_client:/root/ros2_ws/install/listener:/opt/ros/iron /usr/bin/cmake --install /root/ros2_ws/build/my_service_interfaces
