[2.427s] Invoking command in '/root/ros2_ws/src/my_service_client': PYTHONPATH=/root/ros2_ws/build/my_service_client/prefix_override:/usr/lib/python3/dist-packages/colcon_core/task/python/colcon_distutils_commands:/root/ros2_ws/install/my_service_client/lib/python3.10/site-packages:/root/ros2_ws/install/my_service_interfaces/lib/python3.10/site-packages:/root/ros2_ws/install/talker/lib/python3.10/site-packages:/root/ros2_ws/install/my_turtle_controller/lib/python3.10/site-packages:/root/ros2_ws/install/my_service_server/lib/python3.10/site-packages:/root/ros2_ws/install/my_service_client/lib/python3.10/site-packages:/root/ros2_ws/install/listener/lib/python3.10/site-packages:/opt/ros/iron/lib/python3.10/site-packages /usr/bin/python3 -W ignore:setup.py install is deprecated -W ignore:easy_install command is deprecated setup.py egg_info --egg-base ../../build/my_service_client build --build-base /root/ros2_ws/build/my_service_client/build install --record /root/ros2_ws/build/my_service_client/install.log --single-version-externally-managed install_data
[2.750s] /root/.local/lib/python3.10/site-packages/setuptools/_distutils/dist.py:270: UserWarning: Unknown distribution option: 'tests_require'
[2.750s]   warnings.warn(msg)
[2.998s] running egg_info
[3.030s] writing ../../build/my_service_client/my_service_client.egg-info/PKG-INFO
[3.031s] writing dependency_links to ../../build/my_service_client/my_service_client.egg-info/dependency_links.txt
[3.031s] writing entry points to ../../build/my_service_client/my_service_client.egg-info/entry_points.txt
[3.032s] writing requirements to ../../build/my_service_client/my_service_client.egg-info/requires.txt
[3.032s] writing top-level names to ../../build/my_service_client/my_service_client.egg-info/top_level.txt
[3.095s] reading manifest file '../../build/my_service_client/my_service_client.egg-info/SOURCES.txt'
[3.097s] writing manifest file '../../build/my_service_client/my_service_client.egg-info/SOURCES.txt'
[3.098s] running build
[3.098s] running build_py
[3.098s] copying my_service_client/client_node.py -> /root/ros2_ws/build/my_service_client/build/lib/my_service_client
[3.099s] copying my_service_client/__init__.py -> /root/ros2_ws/build/my_service_client/build/lib/my_service_client
[3.100s] running install
[3.108s] running install_lib
[3.140s] running install_data
[3.140s] copying resource/my_service_client -> /root/ros2_ws/install/my_service_client/share/ament_index/resource_index/packages
[3.141s] copying package.xml -> /root/ros2_ws/install/my_service_client/share/my_service_client
[3.141s] running install_egg_info
[3.173s] removing '/root/ros2_ws/install/my_service_client/lib/python3.10/site-packages/my_service_client-0.0.0-py3.10.egg-info' (and everything under it)
[3.174s] Copying ../../build/my_service_client/my_service_client.egg-info to /root/ros2_ws/install/my_service_client/lib/python3.10/site-packages/my_service_client-0.0.0-py3.10.egg-info
[3.176s] running install_scripts
[3.478s] Installing velocity_client script to /root/ros2_ws/install/my_service_client/lib/my_service_client
[3.479s] writing list of installed files to '/root/ros2_ws/build/my_service_client/install.log'
[3.537s] Invoked command in '/root/ros2_ws/src/my_service_client' returned '0': PYTHONPATH=/root/ros2_ws/build/my_service_client/prefix_override:/usr/lib/python3/dist-packages/colcon_core/task/python/colcon_distutils_commands:/root/ros2_ws/install/my_service_client/lib/python3.10/site-packages:/root/ros2_ws/install/my_service_interfaces/lib/python3.10/site-packages:/root/ros2_ws/install/talker/lib/python3.10/site-packages:/root/ros2_ws/install/my_turtle_controller/lib/python3.10/site-packages:/root/ros2_ws/install/my_service_server/lib/python3.10/site-packages:/root/ros2_ws/install/my_service_client/lib/python3.10/site-packages:/root/ros2_ws/install/listener/lib/python3.10/site-packages:/opt/ros/iron/lib/python3.10/site-packages /usr/bin/python3 -W ignore:setup.py install is deprecated -W ignore:easy_install command is deprecated setup.py egg_info --egg-base ../../build/my_service_client build --build-base /root/ros2_ws/build/my_service_client/build install --record /root/ros2_ws/build/my_service_client/install.log --single-version-externally-managed install_data
