[1.104s] Invoking command in '/root/ros2_ws/src/my_service_client': PYTHONPATH=/root/ros2_ws/build/my_service_client/prefix_override:/usr/lib/python3/dist-packages/colcon_core/task/python/colcon_distutils_commands:/root/ros2_ws/install/my_service_client/lib/python3.10/site-packages:/root/ros2_ws/install/my_service_interfaces/lib/python3.10/site-packages:/root/ros2_ws/install/talker/lib/python3.10/site-packages:/root/ros2_ws/install/my_turtle_controller/lib/python3.10/site-packages:/root/ros2_ws/install/my_service_server/lib/python3.10/site-packages:/root/ros2_ws/install/my_service_client/lib/python3.10/site-packages:/root/ros2_ws/install/listener/lib/python3.10/site-packages:/opt/ros/iron/lib/python3.10/site-packages /usr/bin/python3 -W ignore:setup.py install is deprecated -W ignore:easy_install command is deprecated setup.py egg_info --egg-base ../../build/my_service_client build --build-base /root/ros2_ws/build/my_service_client/build install --record /root/ros2_ws/build/my_service_client/install.log --single-version-externally-managed install_data
[1.243s] /root/.local/lib/python3.10/site-packages/setuptools/_distutils/dist.py:270: UserWarning: Unknown distribution option: 'tests_require'
[1.243s]   warnings.warn(msg)
[1.327s] running egg_info
[1.341s] writing ../../build/my_service_client/my_service_client.egg-info/PKG-INFO
[1.341s] writing dependency_links to ../../build/my_service_client/my_service_client.egg-info/dependency_links.txt
[1.342s] writing entry points to ../../build/my_service_client/my_service_client.egg-info/entry_points.txt
[1.342s] writing requirements to ../../build/my_service_client/my_service_client.egg-info/requires.txt
[1.342s] writing top-level names to ../../build/my_service_client/my_service_client.egg-info/top_level.txt
[1.371s] reading manifest file '../../build/my_service_client/my_service_client.egg-info/SOURCES.txt'
[1.372s] writing manifest file '../../build/my_service_client/my_service_client.egg-info/SOURCES.txt'
[1.372s] running build
[1.372s] running build_py
[1.372s] copying my_service_client/client_node.py -> /root/ros2_ws/build/my_service_client/build/lib/my_service_client
[1.372s] copying my_service_client/__init__.py -> /root/ros2_ws/build/my_service_client/build/lib/my_service_client
[1.373s] running install
[1.376s] running install_lib
[1.390s] running install_data
[1.390s] copying resource/my_service_client -> /root/ros2_ws/install/my_service_client/share/ament_index/resource_index/packages
[1.390s] copying package.xml -> /root/ros2_ws/install/my_service_client/share/my_service_client
[1.391s] running install_egg_info
[1.405s] removing '/root/ros2_ws/install/my_service_client/lib/python3.10/site-packages/my_service_client-0.0.0-py3.10.egg-info' (and everything under it)
[1.406s] Copying ../../build/my_service_client/my_service_client.egg-info to /root/ros2_ws/install/my_service_client/lib/python3.10/site-packages/my_service_client-0.0.0-py3.10.egg-info
[1.407s] running install_scripts
[1.518s] Installing velocity_client script to /root/ros2_ws/install/my_service_client/lib/my_service_client
[1.518s] writing list of installed files to '/root/ros2_ws/build/my_service_client/install.log'
[1.543s] Invoked command in '/root/ros2_ws/src/my_service_client' returned '0': PYTHONPATH=/root/ros2_ws/build/my_service_client/prefix_override:/usr/lib/python3/dist-packages/colcon_core/task/python/colcon_distutils_commands:/root/ros2_ws/install/my_service_client/lib/python3.10/site-packages:/root/ros2_ws/install/my_service_interfaces/lib/python3.10/site-packages:/root/ros2_ws/install/talker/lib/python3.10/site-packages:/root/ros2_ws/install/my_turtle_controller/lib/python3.10/site-packages:/root/ros2_ws/install/my_service_server/lib/python3.10/site-packages:/root/ros2_ws/install/my_service_client/lib/python3.10/site-packages:/root/ros2_ws/install/listener/lib/python3.10/site-packages:/opt/ros/iron/lib/python3.10/site-packages /usr/bin/python3 -W ignore:setup.py install is deprecated -W ignore:easy_install command is deprecated setup.py egg_info --egg-base ../../build/my_service_client build --build-base /root/ros2_ws/build/my_service_client/build install --record /root/ros2_ws/build/my_service_client/install.log --single-version-externally-managed install_data
