[1.033s] Invoking command in '/root/ros2_ws/src/my_calculate_action': PYTHONPATH=/root/ros2_ws/build/my_calculate_action/prefix_override:/usr/lib/python3/dist-packages/colcon_core/task/python/colcon_distutils_commands:/root/ros2_ws/install/my_calculate_action/lib/python3.10/site-packages:${PYTHONPATH} /usr/bin/python3 -W ignore:setup.py install is deprecated -W ignore:easy_install command is deprecated setup.py egg_info --egg-base ../../build/my_calculate_action build --build-base /root/ros2_ws/build/my_calculate_action/build install --record /root/ros2_ws/build/my_calculate_action/install.log --single-version-externally-managed install_data
[1.187s] /root/.local/lib/python3.10/site-packages/setuptools/_distutils/dist.py:270: UserWarning: Unknown distribution option: 'tests_require'
[1.187s]   warnings.warn(msg)
[1.278s] running egg_info
[1.294s] writing ../../build/my_calculate_action/my_calculate_action.egg-info/PKG-INFO
[1.295s] writing dependency_links to ../../build/my_calculate_action/my_calculate_action.egg-info/dependency_links.txt
[1.295s] writing entry points to ../../build/my_calculate_action/my_calculate_action.egg-info/entry_points.txt
[1.296s] writing requirements to ../../build/my_calculate_action/my_calculate_action.egg-info/requires.txt
[1.296s] writing top-level names to ../../build/my_calculate_action/my_calculate_action.egg-info/top_level.txt
[1.330s] reading manifest file '../../build/my_calculate_action/my_calculate_action.egg-info/SOURCES.txt'
[1.332s] writing manifest file '../../build/my_calculate_action/my_calculate_action.egg-info/SOURCES.txt'
[1.332s] running build
[1.332s] running build_py
[1.332s] copying my_calculate_action/__init__.py -> /root/ros2_ws/build/my_calculate_action/build/lib/my_calculate_action
[1.332s] copying my_calculate_action/calculate_action_client.py -> /root/ros2_ws/build/my_calculate_action/build/lib/my_calculate_action
[1.333s] copying my_calculate_action/publisher_node.py -> /root/ros2_ws/build/my_calculate_action/build/lib/my_calculate_action
[1.333s] copying my_calculate_action/calculate_action_server.py -> /root/ros2_ws/build/my_calculate_action/build/lib/my_calculate_action
[1.333s] running install
[1.338s] running install_lib
[1.354s] copying /root/ros2_ws/build/my_calculate_action/build/lib/my_calculate_action/calculate_action_server.py -> /root/ros2_ws/install/my_calculate_action/lib/python3.10/site-packages/my_calculate_action
[1.355s] byte-compiling /root/ros2_ws/install/my_calculate_action/lib/python3.10/site-packages/my_calculate_action/publisher_node.py to publisher_node.cpython-310.pyc
[1.355s] Sorry: IndentationError: expected an indented block after function definition on line 18 (publisher_node.py, line 19)
[1.356s] byte-compiling /root/ros2_ws/install/my_calculate_action/lib/python3.10/site-packages/my_calculate_action/calculate_action_server.py to calculate_action_server.cpython-310.pyc
[1.356s] running install_data
[1.356s] copying resource/my_calculate_action -> /root/ros2_ws/install/my_calculate_action/share/ament_index/resource_index/packages
[1.357s] copying package.xml -> /root/ros2_ws/install/my_calculate_action/share/my_calculate_action
[1.357s] running install_egg_info
[1.374s] removing '/root/ros2_ws/install/my_calculate_action/lib/python3.10/site-packages/my_calculate_action-0.0.0-py3.10.egg-info' (and everything under it)
[1.374s] Copying ../../build/my_calculate_action/my_calculate_action.egg-info to /root/ros2_ws/install/my_calculate_action/lib/python3.10/site-packages/my_calculate_action-0.0.0-py3.10.egg-info
[1.376s] running install_scripts
[1.500s] Installing calculate_action_client script to /root/ros2_ws/install/my_calculate_action/lib/my_calculate_action
[1.500s] Installing calculate_action_server script to /root/ros2_ws/install/my_calculate_action/lib/my_calculate_action
[1.501s] Installing number_publisher script to /root/ros2_ws/install/my_calculate_action/lib/my_calculate_action
[1.501s] writing list of installed files to '/root/ros2_ws/build/my_calculate_action/install.log'
[1.530s] Invoked command in '/root/ros2_ws/src/my_calculate_action' returned '0': PYTHONPATH=/root/ros2_ws/build/my_calculate_action/prefix_override:/usr/lib/python3/dist-packages/colcon_core/task/python/colcon_distutils_commands:/root/ros2_ws/install/my_calculate_action/lib/python3.10/site-packages:${PYTHONPATH} /usr/bin/python3 -W ignore:setup.py install is deprecated -W ignore:easy_install command is deprecated setup.py egg_info --egg-base ../../build/my_calculate_action build --build-base /root/ros2_ws/build/my_calculate_action/build install --record /root/ros2_ws/build/my_calculate_action/install.log --single-version-externally-managed install_data
