[1.164s] Invoking command in '/root/ros2_ws/src/talker': PYTHONPATH=/root/ros2_ws/build/talker/prefix_override:/usr/lib/python3/dist-packages/colcon_core/task/python/colcon_distutils_commands:/root/ros2_ws/install/talker/lib/python3.10/site-packages:${PYTHONPATH} /usr/bin/python3 -W ignore:setup.py install is deprecated -W ignore:easy_install command is deprecated setup.py egg_info --egg-base ../../build/talker build --build-base /root/ros2_ws/build/talker/build install --record /root/ros2_ws/build/talker/install.log --single-version-externally-managed install_data
[1.340s] /root/.local/lib/python3.10/site-packages/setuptools/_distutils/dist.py:270: UserWarning: Unknown distribution option: 'tests_require'
[1.340s]   warnings.warn(msg)
[1.436s] running egg_info
[1.460s] writing ../../build/talker/talker.egg-info/PKG-INFO
[1.461s] writing dependency_links to ../../build/talker/talker.egg-info/dependency_links.txt
[1.461s] writing entry points to ../../build/talker/talker.egg-info/entry_points.txt
[1.461s] writing requirements to ../../build/talker/talker.egg-info/requires.txt
[1.462s] writing top-level names to ../../build/talker/talker.egg-info/top_level.txt
[1.496s] reading manifest file '../../build/talker/talker.egg-info/SOURCES.txt'
[1.497s] writing manifest file '../../build/talker/talker.egg-info/SOURCES.txt'
[1.497s] running build
[1.497s] running build_py
[1.498s] copying talker/__init__.py -> /root/ros2_ws/build/talker/build/lib/talker
[1.498s] copying talker/talker_node.py -> /root/ros2_ws/build/talker/build/lib/talker
[1.498s] running install
[1.502s] running install_lib
[1.519s] running install_data
[1.520s] copying resource/talker -> /root/ros2_ws/install/talker/share/ament_index/resource_index/packages
[1.521s] copying package.xml -> /root/ros2_ws/install/talker/share/talker
[1.521s] running install_egg_info
[1.537s] removing '/root/ros2_ws/install/talker/lib/python3.10/site-packages/talker-0.0.0-py3.10.egg-info' (and everything under it)
[1.538s] Copying ../../build/talker/talker.egg-info to /root/ros2_ws/install/talker/lib/python3.10/site-packages/talker-0.0.0-py3.10.egg-info
[1.539s] running install_scripts
[1.678s] Installing talker script to /root/ros2_ws/install/talker/lib/talker
[1.679s] writing list of installed files to '/root/ros2_ws/build/talker/install.log'
[1.709s] Invoked command in '/root/ros2_ws/src/talker' returned '0': PYTHONPATH=/root/ros2_ws/build/talker/prefix_override:/usr/lib/python3/dist-packages/colcon_core/task/python/colcon_distutils_commands:/root/ros2_ws/install/talker/lib/python3.10/site-packages:${PYTHONPATH} /usr/bin/python3 -W ignore:setup.py install is deprecated -W ignore:easy_install command is deprecated setup.py egg_info --egg-base ../../build/talker build --build-base /root/ros2_ws/build/talker/build install --record /root/ros2_ws/build/talker/install.log --single-version-externally-managed install_data
