gmake[2]: Warning: File 'CMakeFiles/my_service_interfaces.dir/progress.make' has modification time 32389 s in the future
gmake[2]: warning:  Clock skew detected.  Your build may be incomplete.
gmake[2]: Warning: File 'CMakeFiles/my_service_interfaces.dir/progress.make' has modification time 32389 s in the future
gmake[2]: warning:  Clock skew detected.  Your build may be incomplete.
gmake[2]: Warning: File 'my_service_interfaces__py/CMakeFiles/my_service_interfaces__py.dir/progress.make' has modification time 32389 s in the future
gmake[2]: warning:  Clock skew detected.  Your build may be incomplete.
gmake[2]: Warning: File 'my_service_interfaces__py/CMakeFiles/my_service_interfaces__py.dir/progress.make' has modification time 32389 s in the future
gmake[2]: warning:  Clock skew detected.  Your build may be incomplete.
gmake[2]: Warning: File 'CMakeFiles/my_service_interfaces__rosidl_generator_py.dir/flags.make' has modification time 32389 s in the future
gmake[2]: warning:  Clock skew detected.  Your build may be incomplete.
gmake[2]: Warning: File 'CMakeFiles/my_service_interfaces__rosidl_generator_py.dir/flags.make' has modification time 32389 s in the future
gmake[2]: warning:  Clock skew detected.  Your build may be incomplete.
gmake[2]: Warning: File 'CMakeFiles/my_service_interfaces__rosidl_typesupport_fastrtps_c__pyext.dir/flags.make' has modification time 32388 s in the future
gmake[2]: Warning: File 'CMakeFiles/my_service_interfaces__rosidl_typesupport_introspection_c__pyext.dir/flags.make' has modification time 32388 s in the future
gmake[2]: Warning: File 'CMakeFiles/my_service_interfaces__rosidl_typesupport_c__pyext.dir/flags.make' has modification time 32388 s in the future
gmake[2]: warning:  Clock skew detected.  Your build may be incomplete.
gmake[2]: warning:  Clock skew detected.  Your build may be incomplete.
gmake[2]: warning:  Clock skew detected.  Your build may be incomplete.
gmake[2]: Warning: File 'CMakeFiles/my_service_interfaces__rosidl_typesupport_introspection_c__pyext.dir/flags.make' has modification time 32388 s in the future
gmake[2]: Warning: File 'CMakeFiles/my_service_interfaces__rosidl_typesupport_fastrtps_c__pyext.dir/flags.make' has modification time 32388 s in the future
gmake[2]: Warning: File 'CMakeFiles/my_service_interfaces__rosidl_typesupport_c__pyext.dir/flags.make' has modification time 32388 s in the future
gmake[2]: warning:  Clock skew detected.  Your build may be incomplete.
gmake[2]: warning:  Clock skew detected.  Your build may be incomplete.
gmake[2]: warning:  Clock skew detected.  Your build may be incomplete.
