[0.227s] Invoking command in '/root/ros2_ws/build/my_service_interfaces': CMAKE_PREFIX_PATH=/root/ros2_ws/install/talker:/root/ros2_ws/install/my_turtle_controller:/root/ros2_ws/install/listener:/opt/ros/iron /usr/bin/cmake /root/ros2_ws/src/my_service_interfaces -DCMAKE_INSTALL_PREFIX=/root/ros2_ws/install/my_service_interfaces
[0.665s] -- The C compiler identification is GNU 11.4.0
[1.632s] -- The CXX compiler identification is GNU 11.4.0
[2.457s] -- Detecting C compiler ABI info
[2.764s] -- Detecting C compiler ABI info - done
[2.770s] -- Check for working C compiler: /usr/bin/cc - skipped
[2.772s] -- Detecting C compile features
[2.773s] -- Detecting C compile features - done
[2.777s] -- Detecting CXX compiler ABI info
[3.075s] -- Detecting CXX compiler ABI info - done
[3.081s] -- Check for working CXX compiler: /usr/bin/c++ - skipped
[3.081s] -- Detecting CXX compile features
[3.082s] -- Detecting CXX compile features - done
[3.087s] -- Found ament_cmake: 2.0.7 (/opt/ros/iron/share/ament_cmake/cmake)
[3.466s] -- Found Python3: /usr/bin/python3.10 (found version "3.10.12") found components: Interpreter 
[3.592s] -- Found rosidl_default_generators: 1.5.0 (/opt/ros/iron/share/rosidl_default_generators/cmake)
[3.603s] -- Using all available rosidl_typesupport_c: rosidl_typesupport_fastrtps_c;rosidl_typesupport_introspection_c
[3.968s] -- Using all available rosidl_typesupport_cpp: rosidl_typesupport_fastrtps_cpp;rosidl_typesupport_introspection_cpp
[4.036s] -- Found rosidl_adapter: 4.0.1 (/opt/ros/iron/share/rosidl_adapter/cmake)
[4.429s] -- Found ament_cmake_ros: 0.11.2 (/opt/ros/iron/share/ament_cmake_ros/cmake)
[4.630s] -- Using all available rosidl_typesupport_c: rosidl_typesupport_fastrtps_c;rosidl_typesupport_introspection_c
[4.863s] -- Using all available rosidl_typesupport_cpp: rosidl_typesupport_fastrtps_cpp;rosidl_typesupport_introspection_cpp
[5.210s] -- Found PythonInterp: /usr/bin/python3 (found suitable version "3.10.12", minimum required is "3.6") 
[5.213s] -- Found python_cmake_module: 0.10.2 (/opt/ros/iron/share/python_cmake_module/cmake)
[6.264s] -- Found PythonLibs: /usr/lib/x86_64-linux-gnu/libpython3.10.so (found suitable version "3.10.12", minimum required is "3.5") 
[6.264s] -- Using PYTHON_EXECUTABLE: /usr/bin/python3
[6.264s] -- Using PYTHON_INCLUDE_DIRS: /usr/include/python3.10
[6.264s] -- Using PYTHON_LIBRARIES: /usr/lib/x86_64-linux-gnu/libpython3.10.so
[6.284s] -- Found PythonExtra: .so  
[6.439s] -- Found ament_lint_auto: 0.14.4 (/opt/ros/iron/share/ament_lint_auto/cmake)
[6.487s] -- Added test 'lint_cmake' to check CMake code style
[6.489s] -- Added test 'xmllint' to check XML markup files
[6.494s] -- Configuring done
[6.535s] -- Generating done
[6.546s] -- Build files have been written to: /root/ros2_ws/build/my_service_interfaces
[6.554s] Invoked command in '/root/ros2_ws/build/my_service_interfaces' returned '0': CMAKE_PREFIX_PATH=/root/ros2_ws/install/talker:/root/ros2_ws/install/my_turtle_controller:/root/ros2_ws/install/listener:/opt/ros/iron /usr/bin/cmake /root/ros2_ws/src/my_service_interfaces -DCMAKE_INSTALL_PREFIX=/root/ros2_ws/install/my_service_interfaces
[6.557s] Invoking command in '/root/ros2_ws/build/my_service_interfaces': CMAKE_PREFIX_PATH=/root/ros2_ws/install/talker:/root/ros2_ws/install/my_turtle_controller:/root/ros2_ws/install/listener:/opt/ros/iron /usr/bin/cmake --build /root/ros2_ws/build/my_service_interfaces -- -j12 -l12
[6.600s] [  2%] [34m[1mGenerating type hashes for ROS interfaces[0m
[6.608s] [  2%] Built target ament_cmake_python_copy_my_service_interfaces
[6.768s] [  2%] Built target my_service_interfaces__rosidl_generator_type_description
[6.776s] [  5%] [34m[1mGenerating C code for ROS interfaces[0m
[6.785s] [  8%] [34m[1mGenerating C++ code for ROS interfaces[0m
[6.803s] running egg_info
[6.820s] creating my_service_interfaces.egg-info
[6.820s] writing my_service_interfaces.egg-info/PKG-INFO
[6.821s] writing dependency_links to my_service_interfaces.egg-info/dependency_links.txt
[6.821s] writing top-level names to my_service_interfaces.egg-info/top_level.txt
[6.821s] writing manifest file 'my_service_interfaces.egg-info/SOURCES.txt'
[6.869s] reading manifest file 'my_service_interfaces.egg-info/SOURCES.txt'
[6.870s] writing manifest file 'my_service_interfaces.egg-info/SOURCES.txt'
[6.899s] [  8%] Built target ament_cmake_python_build_my_service_interfaces_egg
[7.035s] [  8%] Built target my_service_interfaces__cpp
[7.064s] [ 11%] [32mBuilding C object CMakeFiles/my_service_interfaces__rosidl_generator_c.dir/rosidl_generator_c/my_service_interfaces/srv/detail/set_velocity__type_support.c.o[0m
[7.065s] [ 14%] [32mBuilding C object CMakeFiles/my_service_interfaces__rosidl_generator_c.dir/rosidl_generator_c/my_service_interfaces/srv/detail/set_velocity__description.c.o[0m
[7.065s] [ 17%] [32mBuilding C object CMakeFiles/my_service_interfaces__rosidl_generator_c.dir/rosidl_generator_c/my_service_interfaces/srv/detail/set_velocity__functions.c.o[0m
[7.161s] [ 20%] [32m[1mLinking C shared library libmy_service_interfaces__rosidl_generator_c.so[0m
[7.395s] [ 20%] Built target my_service_interfaces__rosidl_generator_c
[7.404s] [ 29%] [34m[1mGenerating C introspection for ROS interfaces[0m
[7.404s] [ 29%] [34m[1mGenerating C++ introspection for ROS interfaces[0m
[7.405s] [ 29%] [34m[1mGenerating C type support dispatch for ROS interfaces[0m
[7.405s] [ 35%] [34m[1mGenerating C++ type support dispatch for ROS interfaces[0m
[7.405s] [ 35%] [34m[1mGenerating C type support for eProsima Fast-RTPS[0m
[7.405s] [ 38%] [34m[1mGenerating C++ type support for eProsima Fast-RTPS[0m
[7.655s] [ 41%] [32mBuilding CXX object CMakeFiles/my_service_interfaces__rosidl_typesupport_cpp.dir/rosidl_typesupport_cpp/my_service_interfaces/srv/set_velocity__type_support.cpp.o[0m
[7.662s] [ 44%] [32mBuilding CXX object CMakeFiles/my_service_interfaces__rosidl_typesupport_c.dir/rosidl_typesupport_c/my_service_interfaces/srv/set_velocity__type_support.cpp.o[0m
[7.704s] [ 47%] [32mBuilding C object CMakeFiles/my_service_interfaces__rosidl_typesupport_introspection_c.dir/rosidl_typesupport_introspection_c/my_service_interfaces/srv/detail/set_velocity__type_support.c.o[0m
[7.708s] [ 52%] [32mBuilding CXX object CMakeFiles/my_service_interfaces__rosidl_typesupport_introspection_cpp.dir/rosidl_typesupport_introspection_cpp/my_service_interfaces/srv/detail/set_velocity__type_support.cpp.o[0m
[7.708s] [ 52%] [32mBuilding CXX object CMakeFiles/my_service_interfaces__rosidl_typesupport_fastrtps_cpp.dir/rosidl_typesupport_fastrtps_cpp/my_service_interfaces/srv/detail/dds_fastrtps/set_velocity__type_support.cpp.o[0m
[7.717s] [ 55%] [32mBuilding CXX object CMakeFiles/my_service_interfaces__rosidl_typesupport_fastrtps_c.dir/rosidl_typesupport_fastrtps_c/my_service_interfaces/srv/detail/set_velocity__type_support_c.cpp.o[0m
[7.722s] [ 58%] [32m[1mLinking CXX shared library libmy_service_interfaces__rosidl_typesupport_c.so[0m
[7.755s] [ 61%] [32m[1mLinking C shared library libmy_service_interfaces__rosidl_typesupport_introspection_c.so[0m
[7.923s] [ 61%] Built target my_service_interfaces__rosidl_typesupport_c
[7.942s] [ 61%] Built target my_service_interfaces__rosidl_typesupport_introspection_c
[8.094s] [ 64%] [32m[1mLinking CXX shared library libmy_service_interfaces__rosidl_typesupport_fastrtps_c.so[0m
[8.258s] [ 67%] [32m[1mLinking CXX shared library libmy_service_interfaces__rosidl_typesupport_cpp.so[0m
[8.292s] [ 70%] [32m[1mLinking CXX shared library libmy_service_interfaces__rosidl_typesupport_introspection_cpp.so[0m
[8.334s] [ 70%] Built target my_service_interfaces__rosidl_typesupport_fastrtps_c
[8.372s] [ 73%] [32m[1mLinking CXX shared library libmy_service_interfaces__rosidl_typesupport_fastrtps_cpp.so[0m
[8.509s] [ 73%] Built target my_service_interfaces__rosidl_typesupport_cpp
[8.517s] [ 73%] Built target my_service_interfaces__rosidl_typesupport_introspection_cpp
[8.586s] [ 73%] Built target my_service_interfaces__rosidl_typesupport_fastrtps_cpp
[8.588s] gmake[2]: Warning: File 'CMakeFiles/my_service_interfaces.dir/progress.make' has modification time 32389 s in the future
[8.596s] gmake[2]: warning:  Clock skew detected.  Your build may be incomplete.
[8.597s] gmake[2]: Warning: File 'CMakeFiles/my_service_interfaces.dir/progress.make' has modification time 32389 s in the future
[8.598s] gmake[2]: warning:  Clock skew detected.  Your build may be incomplete.
[8.604s] [ 73%] Built target my_service_interfaces
[8.606s] gmake[2]: Warning: File 'my_service_interfaces__py/CMakeFiles/my_service_interfaces__py.dir/progress.make' has modification time 32389 s in the future
[8.614s] gmake[2]: warning:  Clock skew detected.  Your build may be incomplete.
[8.615s] gmake[2]: Warning: File 'my_service_interfaces__py/CMakeFiles/my_service_interfaces__py.dir/progress.make' has modification time 32389 s in the future
[8.622s] [ 76%] [34m[1mGenerating Python code for ROS interfaces[0m
[8.964s] gmake[2]: warning:  Clock skew detected.  Your build may be incomplete.
[8.972s] [ 76%] Built target my_service_interfaces__py
[8.974s] gmake[2]: Warning: File 'CMakeFiles/my_service_interfaces__rosidl_generator_py.dir/flags.make' has modification time 32389 s in the future
[8.981s] gmake[2]: warning:  Clock skew detected.  Your build may be incomplete.
[8.983s] gmake[2]: Warning: File 'CMakeFiles/my_service_interfaces__rosidl_generator_py.dir/flags.make' has modification time 32389 s in the future
[8.989s] [ 79%] [32mBuilding C object CMakeFiles/my_service_interfaces__rosidl_generator_py.dir/rosidl_generator_py/my_service_interfaces/srv/_set_velocity_s.c.o[0m
[9.155s] [ 82%] [32m[1mLinking C shared library rosidl_generator_py/my_service_interfaces/libmy_service_interfaces__rosidl_generator_py.so[0m
[9.427s] gmake[2]: warning:  Clock skew detected.  Your build may be incomplete.
[9.435s] [ 82%] Built target my_service_interfaces__rosidl_generator_py
[9.437s] gmake[2]: Warning: File 'CMakeFiles/my_service_interfaces__rosidl_typesupport_fastrtps_c__pyext.dir/flags.make' has modification time 32388 s in the future
[9.437s] gmake[2]: Warning: File 'CMakeFiles/my_service_interfaces__rosidl_typesupport_introspection_c__pyext.dir/flags.make' has modification time 32388 s in the future
[9.437s] gmake[2]: Warning: File 'CMakeFiles/my_service_interfaces__rosidl_typesupport_c__pyext.dir/flags.make' has modification time 32388 s in the future
[9.445s] gmake[2]: warning:  Clock skew detected.  Your build may be incomplete.
[9.445s] gmake[2]: warning:  Clock skew detected.  Your build may be incomplete.
[9.445s] gmake[2]: warning:  Clock skew detected.  Your build may be incomplete.
[9.447s] gmake[2]: Warning: File 'CMakeFiles/my_service_interfaces__rosidl_typesupport_introspection_c__pyext.dir/flags.make' has modification time 32388 s in the future
[9.447s] gmake[2]: Warning: File 'CMakeFiles/my_service_interfaces__rosidl_typesupport_fastrtps_c__pyext.dir/flags.make' has modification time 32388 s in the future
[9.447s] gmake[2]: Warning: File 'CMakeFiles/my_service_interfaces__rosidl_typesupport_c__pyext.dir/flags.make' has modification time 32388 s in the future
[9.454s] [ 91%] [32mBuilding C object CMakeFiles/my_service_interfaces__rosidl_typesupport_c__pyext.dir/rosidl_generator_py/my_service_interfaces/_my_service_interfaces_s.ep.rosidl_typesupport_c.c.o[0m
[9.454s] [ 91%] [32mBuilding C object CMakeFiles/my_service_interfaces__rosidl_typesupport_fastrtps_c__pyext.dir/rosidl_generator_py/my_service_interfaces/_my_service_interfaces_s.ep.rosidl_typesupport_fastrtps_c.c.o[0m
[9.454s] [ 91%] [32mBuilding C object CMakeFiles/my_service_interfaces__rosidl_typesupport_introspection_c__pyext.dir/rosidl_generator_py/my_service_interfaces/_my_service_interfaces_s.ep.rosidl_typesupport_introspection_c.c.o[0m
[9.552s] [ 94%] [32m[1mLinking C shared library rosidl_generator_py/my_service_interfaces/my_service_interfaces_s__rosidl_typesupport_fastrtps_c.cpython-310-x86_64-linux-gnu.so[0m
[9.562s] [ 97%] [32m[1mLinking C shared library rosidl_generator_py/my_service_interfaces/my_service_interfaces_s__rosidl_typesupport_c.cpython-310-x86_64-linux-gnu.so[0m
[9.562s] [100%] [32m[1mLinking C shared library rosidl_generator_py/my_service_interfaces/my_service_interfaces_s__rosidl_typesupport_introspection_c.cpython-310-x86_64-linux-gnu.so[0m
[9.698s] gmake[2]: warning:  Clock skew detected.  Your build may be incomplete.
[9.701s] gmake[2]: warning:  Clock skew detected.  Your build may be incomplete.
[9.706s] [100%] Built target my_service_interfaces__rosidl_typesupport_introspection_c__pyext
[9.707s] [100%] Built target my_service_interfaces__rosidl_typesupport_fastrtps_c__pyext
[9.755s] gmake[2]: warning:  Clock skew detected.  Your build may be incomplete.
[9.762s] [100%] Built target my_service_interfaces__rosidl_typesupport_c__pyext
[9.773s] Invoked command in '/root/ros2_ws/build/my_service_interfaces' returned '0': CMAKE_PREFIX_PATH=/root/ros2_ws/install/talker:/root/ros2_ws/install/my_turtle_controller:/root/ros2_ws/install/listener:/opt/ros/iron /usr/bin/cmake --build /root/ros2_ws/build/my_service_interfaces -- -j12 -l12
[9.782s] Invoking command in '/root/ros2_ws/build/my_service_interfaces': CMAKE_PREFIX_PATH=/root/ros2_ws/install/talker:/root/ros2_ws/install/my_turtle_controller:/root/ros2_ws/install/listener:/opt/ros/iron /usr/bin/cmake --install /root/ros2_ws/build/my_service_interfaces
[9.788s] -- Install configuration: ""
[9.789s] -- Installing: /root/ros2_ws/install/my_service_interfaces/share/ament_index/resource_index/rosidl_interfaces/my_service_interfaces
[9.790s] -- Installing: /root/ros2_ws/install/my_service_interfaces/share/my_service_interfaces/srv/SetVelocity.json
[9.790s] -- Installing: /root/ros2_ws/install/my_service_interfaces/include/my_service_interfaces/my_service_interfaces
[9.790s] -- Installing: /root/ros2_ws/install/my_service_interfaces/include/my_service_interfaces/my_service_interfaces/msg
[9.791s] -- Installing: /root/ros2_ws/install/my_service_interfaces/include/my_service_interfaces/my_service_interfaces/msg/rosidl_generator_c__visibility_control.h
[9.791s] -- Installing: /root/ros2_ws/install/my_service_interfaces/include/my_service_interfaces/my_service_interfaces/srv
[9.791s] -- Installing: /root/ros2_ws/install/my_service_interfaces/include/my_service_interfaces/my_service_interfaces/srv/set_velocity.h
[9.791s] -- Installing: /root/ros2_ws/install/my_service_interfaces/include/my_service_interfaces/my_service_interfaces/srv/detail
[9.791s] -- Installing: /root/ros2_ws/install/my_service_interfaces/include/my_service_interfaces/my_service_interfaces/srv/detail/set_velocity__struct.h
[9.792s] -- Installing: /root/ros2_ws/install/my_service_interfaces/include/my_service_interfaces/my_service_interfaces/srv/detail/set_velocity__functions.c
[9.792s] -- Installing: /root/ros2_ws/install/my_service_interfaces/include/my_service_interfaces/my_service_interfaces/srv/detail/set_velocity__functions.h
[9.792s] -- Installing: /root/ros2_ws/install/my_service_interfaces/include/my_service_interfaces/my_service_interfaces/srv/detail/set_velocity__description.c
[9.792s] -- Installing: /root/ros2_ws/install/my_service_interfaces/include/my_service_interfaces/my_service_interfaces/srv/detail/set_velocity__type_support.h
[9.792s] -- Installing: /root/ros2_ws/install/my_service_interfaces/include/my_service_interfaces/my_service_interfaces/srv/detail/set_velocity__type_support.c
[9.793s] -- Installing: /root/ros2_ws/install/my_service_interfaces/share/my_service_interfaces/environment/library_path.sh
[9.793s] -- Installing: /root/ros2_ws/install/my_service_interfaces/share/my_service_interfaces/environment/library_path.dsv
[9.793s] -- Installing: /root/ros2_ws/install/my_service_interfaces/lib/libmy_service_interfaces__rosidl_generator_c.so
[9.794s] -- Set runtime path of "/root/ros2_ws/install/my_service_interfaces/lib/libmy_service_interfaces__rosidl_generator_c.so" to ""
[9.794s] -- Up-to-date: /root/ros2_ws/install/my_service_interfaces/include/my_service_interfaces/my_service_interfaces
[9.794s] -- Up-to-date: /root/ros2_ws/install/my_service_interfaces/include/my_service_interfaces/my_service_interfaces/msg
[9.794s] -- Installing: /root/ros2_ws/install/my_service_interfaces/include/my_service_interfaces/my_service_interfaces/msg/rosidl_typesupport_fastrtps_c__visibility_control.h
[9.794s] -- Up-to-date: /root/ros2_ws/install/my_service_interfaces/include/my_service_interfaces/my_service_interfaces/srv
[9.794s] -- Up-to-date: /root/ros2_ws/install/my_service_interfaces/include/my_service_interfaces/my_service_interfaces/srv/detail
[9.794s] -- Installing: /root/ros2_ws/install/my_service_interfaces/include/my_service_interfaces/my_service_interfaces/srv/detail/set_velocity__rosidl_typesupport_fastrtps_c.h
[9.794s] -- Installing: /root/ros2_ws/install/my_service_interfaces/lib/libmy_service_interfaces__rosidl_typesupport_fastrtps_c.so
[9.795s] -- Set runtime path of "/root/ros2_ws/install/my_service_interfaces/lib/libmy_service_interfaces__rosidl_typesupport_fastrtps_c.so" to ""
[9.795s] -- Up-to-date: /root/ros2_ws/install/my_service_interfaces/include/my_service_interfaces/my_service_interfaces
[9.795s] -- Up-to-date: /root/ros2_ws/install/my_service_interfaces/include/my_service_interfaces/my_service_interfaces/msg
[9.795s] -- Installing: /root/ros2_ws/install/my_service_interfaces/include/my_service_interfaces/my_service_interfaces/msg/rosidl_typesupport_introspection_c__visibility_control.h
[9.795s] -- Up-to-date: /root/ros2_ws/install/my_service_interfaces/include/my_service_interfaces/my_service_interfaces/srv
[9.795s] -- Up-to-date: /root/ros2_ws/install/my_service_interfaces/include/my_service_interfaces/my_service_interfaces/srv/detail
[9.795s] -- Installing: /root/ros2_ws/install/my_service_interfaces/include/my_service_interfaces/my_service_interfaces/srv/detail/set_velocity__rosidl_typesupport_introspection_c.h
[9.795s] -- Up-to-date: /root/ros2_ws/install/my_service_interfaces/include/my_service_interfaces/my_service_interfaces/srv/detail/set_velocity__type_support.c
[9.796s] -- Installing: /root/ros2_ws/install/my_service_interfaces/lib/libmy_service_interfaces__rosidl_typesupport_introspection_c.so
[9.796s] -- Set runtime path of "/root/ros2_ws/install/my_service_interfaces/lib/libmy_service_interfaces__rosidl_typesupport_introspection_c.so" to ""
[9.796s] -- Installing: /root/ros2_ws/install/my_service_interfaces/lib/libmy_service_interfaces__rosidl_typesupport_c.so
[9.796s] -- Set runtime path of "/root/ros2_ws/install/my_service_interfaces/lib/libmy_service_interfaces__rosidl_typesupport_c.so" to ""
[9.796s] -- Up-to-date: /root/ros2_ws/install/my_service_interfaces/include/my_service_interfaces/my_service_interfaces
[9.797s] -- Up-to-date: /root/ros2_ws/install/my_service_interfaces/include/my_service_interfaces/my_service_interfaces/srv
[9.797s] -- Installing: /root/ros2_ws/install/my_service_interfaces/include/my_service_interfaces/my_service_interfaces/srv/set_velocity.hpp
[9.797s] -- Up-to-date: /root/ros2_ws/install/my_service_interfaces/include/my_service_interfaces/my_service_interfaces/srv/detail
[9.797s] -- Installing: /root/ros2_ws/install/my_service_interfaces/include/my_service_interfaces/my_service_interfaces/srv/detail/set_velocity__struct.hpp
[9.797s] -- Installing: /root/ros2_ws/install/my_service_interfaces/include/my_service_interfaces/my_service_interfaces/srv/detail/set_velocity__traits.hpp
[9.797s] -- Installing: /root/ros2_ws/install/my_service_interfaces/include/my_service_interfaces/my_service_interfaces/srv/detail/set_velocity__builder.hpp
[9.797s] -- Up-to-date: /root/ros2_ws/install/my_service_interfaces/include/my_service_interfaces/my_service_interfaces
[9.798s] -- Up-to-date: /root/ros2_ws/install/my_service_interfaces/include/my_service_interfaces/my_service_interfaces/msg
[9.798s] -- Installing: /root/ros2_ws/install/my_service_interfaces/include/my_service_interfaces/my_service_interfaces/msg/rosidl_typesupport_fastrtps_cpp__visibility_control.h
[9.798s] -- Up-to-date: /root/ros2_ws/install/my_service_interfaces/include/my_service_interfaces/my_service_interfaces/srv
[9.798s] -- Up-to-date: /root/ros2_ws/install/my_service_interfaces/include/my_service_interfaces/my_service_interfaces/srv/detail
[9.798s] -- Installing: /root/ros2_ws/install/my_service_interfaces/include/my_service_interfaces/my_service_interfaces/srv/detail/set_velocity__rosidl_typesupport_fastrtps_cpp.hpp
[9.798s] -- Installing: /root/ros2_ws/install/my_service_interfaces/include/my_service_interfaces/my_service_interfaces/srv/detail/dds_fastrtps
[9.798s] -- Installing: /root/ros2_ws/install/my_service_interfaces/lib/libmy_service_interfaces__rosidl_typesupport_fastrtps_cpp.so
[9.799s] -- Set runtime path of "/root/ros2_ws/install/my_service_interfaces/lib/libmy_service_interfaces__rosidl_typesupport_fastrtps_cpp.so" to ""
[9.799s] -- Up-to-date: /root/ros2_ws/install/my_service_interfaces/include/my_service_interfaces/my_service_interfaces
[9.799s] -- Up-to-date: /root/ros2_ws/install/my_service_interfaces/include/my_service_interfaces/my_service_interfaces/srv
[9.799s] -- Up-to-date: /root/ros2_ws/install/my_service_interfaces/include/my_service_interfaces/my_service_interfaces/srv/detail
[9.800s] -- Installing: /root/ros2_ws/install/my_service_interfaces/include/my_service_interfaces/my_service_interfaces/srv/detail/set_velocity__rosidl_typesupport_introspection_cpp.hpp
[9.800s] -- Installing: /root/ros2_ws/install/my_service_interfaces/include/my_service_interfaces/my_service_interfaces/srv/detail/set_velocity__type_support.cpp
[9.800s] -- Installing: /root/ros2_ws/install/my_service_interfaces/lib/libmy_service_interfaces__rosidl_typesupport_introspection_cpp.so
[9.800s] -- Set runtime path of "/root/ros2_ws/install/my_service_interfaces/lib/libmy_service_interfaces__rosidl_typesupport_introspection_cpp.so" to ""
[9.800s] -- Installing: /root/ros2_ws/install/my_service_interfaces/lib/libmy_service_interfaces__rosidl_typesupport_cpp.so
[9.801s] -- Set runtime path of "/root/ros2_ws/install/my_service_interfaces/lib/libmy_service_interfaces__rosidl_typesupport_cpp.so" to ""
[9.801s] -- Installing: /root/ros2_ws/install/my_service_interfaces/share/my_service_interfaces/environment/pythonpath.sh
[9.801s] -- Installing: /root/ros2_ws/install/my_service_interfaces/share/my_service_interfaces/environment/pythonpath.dsv
[9.801s] -- Installing: /root/ros2_ws/install/my_service_interfaces/lib/python3.10/site-packages/my_service_interfaces-0.0.0-py3.10.egg-info
[9.802s] -- Installing: /root/ros2_ws/install/my_service_interfaces/lib/python3.10/site-packages/my_service_interfaces-0.0.0-py3.10.egg-info/SOURCES.txt
[9.802s] -- Installing: /root/ros2_ws/install/my_service_interfaces/lib/python3.10/site-packages/my_service_interfaces-0.0.0-py3.10.egg-info/top_level.txt
[9.802s] -- Installing: /root/ros2_ws/install/my_service_interfaces/lib/python3.10/site-packages/my_service_interfaces-0.0.0-py3.10.egg-info/PKG-INFO
[9.802s] -- Installing: /root/ros2_ws/install/my_service_interfaces/lib/python3.10/site-packages/my_service_interfaces-0.0.0-py3.10.egg-info/dependency_links.txt
[9.802s] -- Installing: /root/ros2_ws/install/my_service_interfaces/lib/python3.10/site-packages/my_service_interfaces
[9.803s] -- Installing: /root/ros2_ws/install/my_service_interfaces/lib/python3.10/site-packages/my_service_interfaces/my_service_interfaces_s__rosidl_typesupport_c.cpython-310-x86_64-linux-gnu.so
[9.803s] -- Installing: /root/ros2_ws/install/my_service_interfaces/lib/python3.10/site-packages/my_service_interfaces/__init__.py
[9.803s] -- Installing: /root/ros2_ws/install/my_service_interfaces/lib/python3.10/site-packages/my_service_interfaces/my_service_interfaces_s__rosidl_typesupport_fastrtps_c.cpython-310-x86_64-linux-gnu.so
[9.803s] -- Installing: /root/ros2_ws/install/my_service_interfaces/lib/python3.10/site-packages/my_service_interfaces/_my_service_interfaces_s.ep.rosidl_typesupport_introspection_c.c
[9.803s] -- Installing: /root/ros2_ws/install/my_service_interfaces/lib/python3.10/site-packages/my_service_interfaces/_my_service_interfaces_s.ep.rosidl_typesupport_c.c
[9.804s] -- Installing: /root/ros2_ws/install/my_service_interfaces/lib/python3.10/site-packages/my_service_interfaces/srv
[9.804s] -- Installing: /root/ros2_ws/install/my_service_interfaces/lib/python3.10/site-packages/my_service_interfaces/srv/__init__.py
[9.804s] -- Installing: /root/ros2_ws/install/my_service_interfaces/lib/python3.10/site-packages/my_service_interfaces/srv/_set_velocity_s.c
[9.804s] -- Installing: /root/ros2_ws/install/my_service_interfaces/lib/python3.10/site-packages/my_service_interfaces/srv/_set_velocity.py
[9.804s] -- Installing: /root/ros2_ws/install/my_service_interfaces/lib/python3.10/site-packages/my_service_interfaces/my_service_interfaces_s__rosidl_typesupport_introspection_c.cpython-310-x86_64-linux-gnu.so
[9.805s] -- Installing: /root/ros2_ws/install/my_service_interfaces/lib/python3.10/site-packages/my_service_interfaces/libmy_service_interfaces__rosidl_generator_py.so
[9.805s] -- Installing: /root/ros2_ws/install/my_service_interfaces/lib/python3.10/site-packages/my_service_interfaces/_my_service_interfaces_s.ep.rosidl_typesupport_fastrtps_c.c
[9.842s] Listing '/root/ros2_ws/install/my_service_interfaces/lib/python3.10/site-packages/my_service_interfaces'...
[9.842s] Compiling '/root/ros2_ws/install/my_service_interfaces/lib/python3.10/site-packages/my_service_interfaces/__init__.py'...
[9.842s] Listing '/root/ros2_ws/install/my_service_interfaces/lib/python3.10/site-packages/my_service_interfaces/srv'...
[9.842s] Compiling '/root/ros2_ws/install/my_service_interfaces/lib/python3.10/site-packages/my_service_interfaces/srv/__init__.py'...
[9.842s] Compiling '/root/ros2_ws/install/my_service_interfaces/lib/python3.10/site-packages/my_service_interfaces/srv/_set_velocity.py'...
[9.846s] -- Installing: /root/ros2_ws/install/my_service_interfaces/lib/python3.10/site-packages/my_service_interfaces/my_service_interfaces_s__rosidl_typesupport_fastrtps_c.cpython-310-x86_64-linux-gnu.so
[9.847s] -- Set runtime path of "/root/ros2_ws/install/my_service_interfaces/lib/python3.10/site-packages/my_service_interfaces/my_service_interfaces_s__rosidl_typesupport_fastrtps_c.cpython-310-x86_64-linux-gnu.so" to ""
[9.847s] -- Installing: /root/ros2_ws/install/my_service_interfaces/lib/python3.10/site-packages/my_service_interfaces/my_service_interfaces_s__rosidl_typesupport_introspection_c.cpython-310-x86_64-linux-gnu.so
[9.847s] -- Set runtime path of "/root/ros2_ws/install/my_service_interfaces/lib/python3.10/site-packages/my_service_interfaces/my_service_interfaces_s__rosidl_typesupport_introspection_c.cpython-310-x86_64-linux-gnu.so" to ""
[9.848s] -- Installing: /root/ros2_ws/install/my_service_interfaces/lib/python3.10/site-packages/my_service_interfaces/my_service_interfaces_s__rosidl_typesupport_c.cpython-310-x86_64-linux-gnu.so
[9.848s] -- Set runtime path of "/root/ros2_ws/install/my_service_interfaces/lib/python3.10/site-packages/my_service_interfaces/my_service_interfaces_s__rosidl_typesupport_c.cpython-310-x86_64-linux-gnu.so" to ""
[9.848s] -- Installing: /root/ros2_ws/install/my_service_interfaces/lib/libmy_service_interfaces__rosidl_generator_py.so
[9.849s] -- Set runtime path of "/root/ros2_ws/install/my_service_interfaces/lib/libmy_service_interfaces__rosidl_generator_py.so" to ""
[9.849s] -- Installing: /root/ros2_ws/install/my_service_interfaces/share/my_service_interfaces/srv/SetVelocity.idl
[9.849s] -- Installing: /root/ros2_ws/install/my_service_interfaces/share/my_service_interfaces/srv/SetVelocity.srv
[9.849s] -- Installing: /root/ros2_ws/install/my_service_interfaces/share/my_service_interfaces/srv/SetVelocity_Request.msg
[9.849s] -- Installing: /root/ros2_ws/install/my_service_interfaces/share/my_service_interfaces/srv/SetVelocity_Response.msg
[9.850s] -- Installing: /root/ros2_ws/install/my_service_interfaces/share/ament_index/resource_index/package_run_dependencies/my_service_interfaces
[9.850s] -- Installing: /root/ros2_ws/install/my_service_interfaces/share/ament_index/resource_index/parent_prefix_path/my_service_interfaces
[9.850s] -- Installing: /root/ros2_ws/install/my_service_interfaces/share/my_service_interfaces/environment/ament_prefix_path.sh
[9.850s] -- Installing: /root/ros2_ws/install/my_service_interfaces/share/my_service_interfaces/environment/ament_prefix_path.dsv
[9.851s] -- Installing: /root/ros2_ws/install/my_service_interfaces/share/my_service_interfaces/environment/path.sh
[9.851s] -- Installing: /root/ros2_ws/install/my_service_interfaces/share/my_service_interfaces/environment/path.dsv
[9.851s] -- Installing: /root/ros2_ws/install/my_service_interfaces/share/my_service_interfaces/local_setup.bash
[9.851s] -- Installing: /root/ros2_ws/install/my_service_interfaces/share/my_service_interfaces/local_setup.sh
[9.851s] -- Installing: /root/ros2_ws/install/my_service_interfaces/share/my_service_interfaces/local_setup.zsh
[9.852s] -- Installing: /root/ros2_ws/install/my_service_interfaces/share/my_service_interfaces/local_setup.dsv
[9.852s] -- Installing: /root/ros2_ws/install/my_service_interfaces/share/my_service_interfaces/package.dsv
[9.852s] -- Installing: /root/ros2_ws/install/my_service_interfaces/share/ament_index/resource_index/packages/my_service_interfaces
[9.853s] -- Installing: /root/ros2_ws/install/my_service_interfaces/share/my_service_interfaces/cmake/export_my_service_interfaces__rosidl_generator_cExport.cmake
[9.853s] -- Installing: /root/ros2_ws/install/my_service_interfaces/share/my_service_interfaces/cmake/export_my_service_interfaces__rosidl_generator_cExport-noconfig.cmake
[9.853s] -- Installing: /root/ros2_ws/install/my_service_interfaces/share/my_service_interfaces/cmake/export_my_service_interfaces__rosidl_typesupport_fastrtps_cExport.cmake
[9.853s] -- Installing: /root/ros2_ws/install/my_service_interfaces/share/my_service_interfaces/cmake/export_my_service_interfaces__rosidl_typesupport_fastrtps_cExport-noconfig.cmake
[9.854s] -- Installing: /root/ros2_ws/install/my_service_interfaces/share/my_service_interfaces/cmake/my_service_interfaces__rosidl_typesupport_introspection_cExport.cmake
[9.854s] -- Installing: /root/ros2_ws/install/my_service_interfaces/share/my_service_interfaces/cmake/my_service_interfaces__rosidl_typesupport_introspection_cExport-noconfig.cmake
[9.854s] -- Installing: /root/ros2_ws/install/my_service_interfaces/share/my_service_interfaces/cmake/my_service_interfaces__rosidl_typesupport_cExport.cmake
[9.854s] -- Installing: /root/ros2_ws/install/my_service_interfaces/share/my_service_interfaces/cmake/my_service_interfaces__rosidl_typesupport_cExport-noconfig.cmake
[9.854s] -- Installing: /root/ros2_ws/install/my_service_interfaces/share/my_service_interfaces/cmake/export_my_service_interfaces__rosidl_generator_cppExport.cmake
[9.854s] -- Installing: /root/ros2_ws/install/my_service_interfaces/share/my_service_interfaces/cmake/export_my_service_interfaces__rosidl_typesupport_fastrtps_cppExport.cmake
[9.855s] -- Installing: /root/ros2_ws/install/my_service_interfaces/share/my_service_interfaces/cmake/export_my_service_interfaces__rosidl_typesupport_fastrtps_cppExport-noconfig.cmake
[9.855s] -- Installing: /root/ros2_ws/install/my_service_interfaces/share/my_service_interfaces/cmake/my_service_interfaces__rosidl_typesupport_introspection_cppExport.cmake
[9.855s] -- Installing: /root/ros2_ws/install/my_service_interfaces/share/my_service_interfaces/cmake/my_service_interfaces__rosidl_typesupport_introspection_cppExport-noconfig.cmake
[9.855s] -- Installing: /root/ros2_ws/install/my_service_interfaces/share/my_service_interfaces/cmake/my_service_interfaces__rosidl_typesupport_cppExport.cmake
[9.856s] -- Installing: /root/ros2_ws/install/my_service_interfaces/share/my_service_interfaces/cmake/my_service_interfaces__rosidl_typesupport_cppExport-noconfig.cmake
[9.856s] -- Installing: /root/ros2_ws/install/my_service_interfaces/share/my_service_interfaces/cmake/export_my_service_interfaces__rosidl_generator_pyExport.cmake
[9.856s] -- Installing: /root/ros2_ws/install/my_service_interfaces/share/my_service_interfaces/cmake/export_my_service_interfaces__rosidl_generator_pyExport-noconfig.cmake
[9.856s] -- Installing: /root/ros2_ws/install/my_service_interfaces/share/my_service_interfaces/cmake/rosidl_cmake-extras.cmake
[9.856s] -- Installing: /root/ros2_ws/install/my_service_interfaces/share/my_service_interfaces/cmake/ament_cmake_export_dependencies-extras.cmake
[9.857s] -- Installing: /root/ros2_ws/install/my_service_interfaces/share/my_service_interfaces/cmake/ament_cmake_export_include_directories-extras.cmake
[9.857s] -- Installing: /root/ros2_ws/install/my_service_interfaces/share/my_service_interfaces/cmake/ament_cmake_export_libraries-extras.cmake
[9.857s] -- Installing: /root/ros2_ws/install/my_service_interfaces/share/my_service_interfaces/cmake/ament_cmake_export_targets-extras.cmake
[9.857s] -- Installing: /root/ros2_ws/install/my_service_interfaces/share/my_service_interfaces/cmake/rosidl_cmake_export_typesupport_targets-extras.cmake
[9.857s] -- Installing: /root/ros2_ws/install/my_service_interfaces/share/my_service_interfaces/cmake/rosidl_cmake_export_typesupport_libraries-extras.cmake
[9.857s] -- Installing: /root/ros2_ws/install/my_service_interfaces/share/my_service_interfaces/cmake/my_service_interfacesConfig.cmake
[9.858s] -- Installing: /root/ros2_ws/install/my_service_interfaces/share/my_service_interfaces/cmake/my_service_interfacesConfig-version.cmake
[9.858s] -- Installing: /root/ros2_ws/install/my_service_interfaces/share/my_service_interfaces/package.xml
[9.861s] Invoked command in '/root/ros2_ws/build/my_service_interfaces' returned '0': CMAKE_PREFIX_PATH=/root/ros2_ws/install/talker:/root/ros2_ws/install/my_turtle_controller:/root/ros2_ws/install/listener:/opt/ros/iron /usr/bin/cmake --install /root/ros2_ws/build/my_service_interfaces
