[3.204s] Invoking command in '/root/ros2_ws/src/talker': PYTHONPATH=/root/ros2_ws/build/talker/prefix_override:/usr/lib/python3/dist-packages/colcon_core/task/python/colcon_distutils_commands:/root/ros2_ws/install/talker/lib/python3.10/site-packages:${PYTHONPATH} /usr/bin/python3 -W ignore:setup.py install is deprecated -W ignore:easy_install command is deprecated setup.py egg_info --egg-base ../../build/talker build --build-base /root/ros2_ws/build/talker/build install --record /root/ros2_ws/build/talker/install.log --single-version-externally-managed install_data
[3.600s] /root/.local/lib/python3.10/site-packages/setuptools/_distutils/dist.py:270: UserWarning: Unknown distribution option: 'tests_require'
[3.600s]   warnings.warn(msg)
[3.952s] running egg_info
[4.011s] writing ../../build/talker/talker.egg-info/PKG-INFO
[4.013s] writing dependency_links to ../../build/talker/talker.egg-info/dependency_links.txt
[4.013s] writing entry points to ../../build/talker/talker.egg-info/entry_points.txt
[4.014s] writing requirements to ../../build/talker/talker.egg-info/requires.txt
[4.015s] writing top-level names to ../../build/talker/talker.egg-info/top_level.txt
[4.116s] reading manifest file '../../build/talker/talker.egg-info/SOURCES.txt'
[4.120s] writing manifest file '../../build/talker/talker.egg-info/SOURCES.txt'
[4.121s] running build
[4.121s] running build_py
[4.122s] copying talker/__init__.py -> /root/ros2_ws/build/talker/build/lib/talker
[4.124s] copying talker/talker_node.py -> /root/ros2_ws/build/talker/build/lib/talker
[4.125s] running install
[4.135s] running install_lib
[4.194s] running install_data
[4.195s] copying resource/talker -> /root/ros2_ws/install/talker/share/ament_index/resource_index/packages
[4.195s] copying package.xml -> /root/ros2_ws/install/talker/share/talker
[4.197s] running install_egg_info
[4.244s] removing '/root/ros2_ws/install/talker/lib/python3.10/site-packages/talker-0.0.0-py3.10.egg-info' (and everything under it)
[4.245s] Copying ../../build/talker/talker.egg-info to /root/ros2_ws/install/talker/lib/python3.10/site-packages/talker-0.0.0-py3.10.egg-info
[4.249s] running install_scripts
[4.637s] Installing talker script to /root/ros2_ws/install/talker/lib/talker
[4.638s] writing list of installed files to '/root/ros2_ws/build/talker/install.log'
[4.702s] Invoked command in '/root/ros2_ws/src/talker' returned '0': PYTHONPATH=/root/ros2_ws/build/talker/prefix_override:/usr/lib/python3/dist-packages/colcon_core/task/python/colcon_distutils_commands:/root/ros2_ws/install/talker/lib/python3.10/site-packages:${PYTHONPATH} /usr/bin/python3 -W ignore:setup.py install is deprecated -W ignore:easy_install command is deprecated setup.py egg_info --egg-base ../../build/talker build --build-base /root/ros2_ws/build/talker/build install --record /root/ros2_ws/build/talker/install.log --single-version-externally-managed install_data
