[1.065s] Invoking command in '/root/ros2_ws/src/talker': PYTHONPATH=/root/ros2_ws/build/talker/prefix_override:/usr/lib/python3/dist-packages/colcon_core/task/python/colcon_distutils_commands:/root/ros2_ws/install/talker/lib/python3.10/site-packages:${PYTHONPATH} /usr/bin/python3 -W ignore:setup.py install is deprecated -W ignore:easy_install command is deprecated setup.py egg_info --egg-base ../../build/talker build --build-base /root/ros2_ws/build/talker/build install --record /root/ros2_ws/build/talker/install.log --single-version-externally-managed install_data
[1.191s] /root/.local/lib/python3.10/site-packages/setuptools/_distutils/dist.py:270: UserWarning: Unknown distribution option: 'tests_require'
[1.192s]   warnings.warn(msg)
[1.289s] running egg_info
[1.302s] creating ../../build/talker/talker.egg-info
[1.302s] writing ../../build/talker/talker.egg-info/PKG-INFO
[1.303s] writing dependency_links to ../../build/talker/talker.egg-info/dependency_links.txt
[1.303s] writing entry points to ../../build/talker/talker.egg-info/entry_points.txt
[1.303s] writing requirements to ../../build/talker/talker.egg-info/requires.txt
[1.303s] writing top-level names to ../../build/talker/talker.egg-info/top_level.txt
[1.303s] writing manifest file '../../build/talker/talker.egg-info/SOURCES.txt'
[1.332s] reading manifest file '../../build/talker/talker.egg-info/SOURCES.txt'
[1.332s] writing manifest file '../../build/talker/talker.egg-info/SOURCES.txt'
[1.333s] running build
[1.333s] running build_py
[1.333s] creating /root/ros2_ws/build/talker/build/lib/talker
[1.334s] copying talker/__init__.py -> /root/ros2_ws/build/talker/build/lib/talker
[1.334s] copying talker/talker_node.py -> /root/ros2_ws/build/talker/build/lib/talker
[1.334s] running install
[1.338s] running install_lib
[1.352s] creating /root/ros2_ws/install/talker/lib/python3.10/site-packages/talker
[1.353s] copying /root/ros2_ws/build/talker/build/lib/talker/__init__.py -> /root/ros2_ws/install/talker/lib/python3.10/site-packages/talker
[1.353s] copying /root/ros2_ws/build/talker/build/lib/talker/talker_node.py -> /root/ros2_ws/install/talker/lib/python3.10/site-packages/talker
[1.354s] byte-compiling /root/ros2_ws/install/talker/lib/python3.10/site-packages/talker/__init__.py to __init__.cpython-310.pyc
[1.354s] byte-compiling /root/ros2_ws/install/talker/lib/python3.10/site-packages/talker/talker_node.py to talker_node.cpython-310.pyc
[1.355s] running install_data
[1.355s] creating /root/ros2_ws/install/talker/share/ament_index/resource_index/packages
[1.356s] copying resource/talker -> /root/ros2_ws/install/talker/share/ament_index/resource_index/packages
[1.356s] copying package.xml -> /root/ros2_ws/install/talker/share/talker
[1.356s] running install_egg_info
[1.381s] Copying ../../build/talker/talker.egg-info to /root/ros2_ws/install/talker/lib/python3.10/site-packages/talker-0.0.0-py3.10.egg-info
[1.382s] running install_scripts
[1.519s] Installing talker script to /root/ros2_ws/install/talker/lib/talker
[1.519s] writing list of installed files to '/root/ros2_ws/build/talker/install.log'
[1.550s] Invoked command in '/root/ros2_ws/src/talker' returned '0': PYTHONPATH=/root/ros2_ws/build/talker/prefix_override:/usr/lib/python3/dist-packages/colcon_core/task/python/colcon_distutils_commands:/root/ros2_ws/install/talker/lib/python3.10/site-packages:${PYTHONPATH} /usr/bin/python3 -W ignore:setup.py install is deprecated -W ignore:easy_install command is deprecated setup.py egg_info --egg-base ../../build/talker build --build-base /root/ros2_ws/build/talker/build install --record /root/ros2_ws/build/talker/install.log --single-version-externally-managed install_data
