[2.750s] Invoking command in '/root/ros2_ws/src/my_service_server': PYTHONPATH=/root/ros2_ws/build/my_service_server/prefix_override:/usr/lib/python3/dist-packages/colcon_core/task/python/colcon_distutils_commands:/root/ros2_ws/install/my_service_server/lib/python3.10/site-packages:/root/ros2_ws/install/my_service_interfaces/lib/python3.10/site-packages:/root/ros2_ws/install/talker/lib/python3.10/site-packages:/root/ros2_ws/install/my_turtle_controller/lib/python3.10/site-packages:/root/ros2_ws/install/my_service_server/lib/python3.10/site-packages:/root/ros2_ws/install/my_service_client/lib/python3.10/site-packages:/root/ros2_ws/install/listener/lib/python3.10/site-packages:/opt/ros/iron/lib/python3.10/site-packages /usr/bin/python3 -W ignore:setup.py install is deprecated -W ignore:easy_install command is deprecated setup.py egg_info --egg-base ../../build/my_service_server build --build-base /root/ros2_ws/build/my_service_server/build install --record /root/ros2_ws/build/my_service_server/install.log --single-version-externally-managed install_data
[3.063s] /root/.local/lib/python3.10/site-packages/setuptools/_distutils/dist.py:270: UserWarning: Unknown distribution option: 'tests_require'
[3.064s]   warnings.warn(msg)
[3.261s] running egg_info
[3.297s] writing ../../build/my_service_server/my_service_server.egg-info/PKG-INFO
[3.300s] writing dependency_links to ../../build/my_service_server/my_service_server.egg-info/dependency_links.txt
[3.300s] writing entry points to ../../build/my_service_server/my_service_server.egg-info/entry_points.txt
[3.301s] writing requirements to ../../build/my_service_server/my_service_server.egg-info/requires.txt
[3.301s] writing top-level names to ../../build/my_service_server/my_service_server.egg-info/top_level.txt
[3.388s] reading manifest file '../../build/my_service_server/my_service_server.egg-info/SOURCES.txt'
[3.391s] writing manifest file '../../build/my_service_server/my_service_server.egg-info/SOURCES.txt'
[3.391s] running build
[3.392s] running build_py
[3.392s] copying my_service_server/__init__.py -> /root/ros2_ws/build/my_service_server/build/lib/my_service_server
[3.393s] copying my_service_server/server_node.py -> /root/ros2_ws/build/my_service_server/build/lib/my_service_server
[3.394s] running install
[3.402s] running install_lib
[3.436s] running install_data
[3.437s] copying resource/my_service_server -> /root/ros2_ws/install/my_service_server/share/ament_index/resource_index/packages
[3.437s] copying package.xml -> /root/ros2_ws/install/my_service_server/share/my_service_server
[3.439s] running install_egg_info
[3.474s] removing '/root/ros2_ws/install/my_service_server/lib/python3.10/site-packages/my_service_server-0.0.0-py3.10.egg-info' (and everything under it)
[3.475s] Copying ../../build/my_service_server/my_service_server.egg-info to /root/ros2_ws/install/my_service_server/lib/python3.10/site-packages/my_service_server-0.0.0-py3.10.egg-info
[3.478s] running install_scripts
[3.758s] Installing velocity_server script to /root/ros2_ws/install/my_service_server/lib/my_service_server
[3.759s] writing list of installed files to '/root/ros2_ws/build/my_service_server/install.log'
[3.802s] Invoked command in '/root/ros2_ws/src/my_service_server' returned '0': PYTHONPATH=/root/ros2_ws/build/my_service_server/prefix_override:/usr/lib/python3/dist-packages/colcon_core/task/python/colcon_distutils_commands:/root/ros2_ws/install/my_service_server/lib/python3.10/site-packages:/root/ros2_ws/install/my_service_interfaces/lib/python3.10/site-packages:/root/ros2_ws/install/talker/lib/python3.10/site-packages:/root/ros2_ws/install/my_turtle_controller/lib/python3.10/site-packages:/root/ros2_ws/install/my_service_server/lib/python3.10/site-packages:/root/ros2_ws/install/my_service_client/lib/python3.10/site-packages:/root/ros2_ws/install/listener/lib/python3.10/site-packages:/opt/ros/iron/lib/python3.10/site-packages /usr/bin/python3 -W ignore:setup.py install is deprecated -W ignore:easy_install command is deprecated setup.py egg_info --egg-base ../../build/my_service_server build --build-base /root/ros2_ws/build/my_service_server/build install --record /root/ros2_ws/build/my_service_server/install.log --single-version-externally-managed install_data
