running egg_info
writing ../../build/my_service_client/my_service_client.egg-info/PKG-INFO
writing dependency_links to ../../build/my_service_client/my_service_client.egg-info/dependency_links.txt
writing entry points to ../../build/my_service_client/my_service_client.egg-info/entry_points.txt
writing requirements to ../../build/my_service_client/my_service_client.egg-info/requires.txt
writing top-level names to ../../build/my_service_client/my_service_client.egg-info/top_level.txt
reading manifest file '../../build/my_service_client/my_service_client.egg-info/SOURCES.txt'
writing manifest file '../../build/my_service_client/my_service_client.egg-info/SOURCES.txt'
running build
running build_py
copying my_service_client/client_node.py -> /root/ros2_ws/build/my_service_client/build/lib/my_service_client
copying my_service_client/__init__.py -> /root/ros2_ws/build/my_service_client/build/lib/my_service_client
running install
running install_lib
copying /root/ros2_ws/build/my_service_client/build/lib/my_service_client/client_node.py -> /root/ros2_ws/install/my_service_client/lib/python3.10/site-packages/my_service_client
byte-compiling /root/ros2_ws/install/my_service_client/lib/python3.10/site-packages/my_service_client/client_node.py to client_node.cpython-310.pyc
running install_data
copying resource/my_service_client -> /root/ros2_ws/install/my_service_client/share/ament_index/resource_index/packages
copying package.xml -> /root/ros2_ws/install/my_service_client/share/my_service_client
running install_egg_info
removing '/root/ros2_ws/install/my_service_client/lib/python3.10/site-packages/my_service_client-0.0.0-py3.10.egg-info' (and everything under it)
Copying ../../build/my_service_client/my_service_client.egg-info to /root/ros2_ws/install/my_service_client/lib/python3.10/site-packages/my_service_client-0.0.0-py3.10.egg-info
running install_scripts
Installing velocity_client script to /root/ros2_ws/install/my_service_client/lib/my_service_client
writing list of installed files to '/root/ros2_ws/build/my_service_client/install.log'
