running egg_info
writing ../../build/my_service_server/my_service_server.egg-info/PKG-INFO
writing dependency_links to ../../build/my_service_server/my_service_server.egg-info/dependency_links.txt
writing entry points to ../../build/my_service_server/my_service_server.egg-info/entry_points.txt
writing requirements to ../../build/my_service_server/my_service_server.egg-info/requires.txt
writing top-level names to ../../build/my_service_server/my_service_server.egg-info/top_level.txt
reading manifest file '../../build/my_service_server/my_service_server.egg-info/SOURCES.txt'
writing manifest file '../../build/my_service_server/my_service_server.egg-info/SOURCES.txt'
running build
running build_py
copying my_service_server/__init__.py -> /root/ros2_ws/build/my_service_server/build/lib/my_service_server
copying my_service_server/server_node.py -> /root/ros2_ws/build/my_service_server/build/lib/my_service_server
running install
running install_lib
copying /root/ros2_ws/build/my_service_server/build/lib/my_service_server/server_node.py -> /root/ros2_ws/install/my_service_server/lib/python3.10/site-packages/my_service_server
byte-compiling /root/ros2_ws/install/my_service_server/lib/python3.10/site-packages/my_service_server/server_node.py to server_node.cpython-310.pyc
running install_data
copying resource/my_service_server -> /root/ros2_ws/install/my_service_server/share/ament_index/resource_index/packages
copying package.xml -> /root/ros2_ws/install/my_service_server/share/my_service_server
running install_egg_info
removing '/root/ros2_ws/install/my_service_server/lib/python3.10/site-packages/my_service_server-0.0.0-py3.10.egg-info' (and everything under it)
Copying ../../build/my_service_server/my_service_server.egg-info to /root/ros2_ws/install/my_service_server/lib/python3.10/site-packages/my_service_server-0.0.0-py3.10.egg-info
running install_scripts
Installing velocity_server script to /root/ros2_ws/install/my_service_server/lib/my_service_server
writing list of installed files to '/root/ros2_ws/build/my_service_server/install.log'
