[0.719s] DEBUG:colcon:Command line arguments: ['/usr/bin/colcon', 'build']
[0.719s] DEBUG:colcon:Parsed command line arguments: Namespace(log_base=None, log_level=None, verb_name='build', build_base='build', install_base='install', merge_install=False, symlink_install=False, test_result_base=None, continue_on_error=False, executor='parallel', parallel_workers=12, event_handlers=None, ignore_user_meta=False, metas=['./colcon.meta'], base_paths=['.'], packages_ignore=None, packages_ignore_regex=None, paths=None, packages_up_to=None, packages_up_to_regex=None, packages_above=None, packages_above_and_dependencies=None, packages_above_depth=None, packages_select_by_dep=None, packages_skip_by_dep=None, packages_skip_up_to=None, packages_select_build_failed=False, packages_skip_build_finished=False, packages_select_test_failures=False, packages_skip_test_passed=False, packages_select=None, packages_skip=None, packages_select_regex=None, packages_skip_regex=None, packages_start=None, packages_end=None, allow_overriding=[], cmake_args=None, cmake_target=None, cmake_target_skip_unavailable=False, cmake_clean_cache=False, cmake_clean_first=False, cmake_force_configure=False, ament_cmake_args=None, catkin_cmake_args=None, catkin_skip_building_tests=False, mixin_files=None, mixin=None, verb_parser=<colcon_mixin.mixin.mixin_argument.MixinArgumentDecorator object at 0x7f7d896c7b50>, verb_extension=<colcon_core.verb.build.BuildVerb object at 0x7f7d896846a0>, main=<bound method BuildVerb.main of <colcon_core.verb.build.BuildVerb object at 0x7f7d896846a0>>, mixin_verb=('build',))
[0.788s] Level 1:colcon.colcon_core.package_discovery:discover_packages(colcon_meta) check parameters
[0.789s] Level 1:colcon.colcon_core.package_discovery:discover_packages(recursive) check parameters
[0.789s] Level 1:colcon.colcon_core.package_discovery:discover_packages(ignore) check parameters
[0.789s] Level 1:colcon.colcon_core.package_discovery:discover_packages(path) check parameters
[0.789s] Level 1:colcon.colcon_core.package_discovery:discover_packages(colcon_meta) discover
[0.789s] Level 1:colcon.colcon_core.package_discovery:discover_packages(recursive) discover
[0.789s] INFO:colcon.colcon_core.package_discovery:Crawling recursively for packages in '/root/ros2_ws'
[0.789s] Level 1:colcon.colcon_core.package_identification:_identify(.) by extensions ['ignore', 'ignore_ament_install']
[0.789s] Level 1:colcon.colcon_core.package_identification:_identify(.) by extension 'ignore'
[0.789s] Level 1:colcon.colcon_core.package_identification:_identify(.) by extension 'ignore_ament_install'
[0.789s] Level 1:colcon.colcon_core.package_identification:_identify(.) by extensions ['colcon_pkg']
[0.789s] Level 1:colcon.colcon_core.package_identification:_identify(.) by extension 'colcon_pkg'
[0.789s] Level 1:colcon.colcon_core.package_identification:_identify(.) by extensions ['colcon_meta']
[0.789s] Level 1:colcon.colcon_core.package_identification:_identify(.) by extension 'colcon_meta'
[0.789s] Level 1:colcon.colcon_core.package_identification:_identify(.) by extensions ['ros']
[0.789s] Level 1:colcon.colcon_core.package_identification:_identify(.) by extension 'ros'
[0.810s] Level 1:colcon.colcon_core.package_identification:_identify(.) by extensions ['cmake', 'python']
[0.810s] Level 1:colcon.colcon_core.package_identification:_identify(.) by extension 'cmake'
[0.810s] Level 1:colcon.colcon_core.package_identification:_identify(.) by extension 'python'
[0.810s] Level 1:colcon.colcon_core.package_identification:_identify(.) by extensions ['python_setup_py']
[0.810s] Level 1:colcon.colcon_core.package_identification:_identify(.) by extension 'python_setup_py'
[0.810s] Level 1:colcon.colcon_core.package_identification:_identify(build) by extensions ['ignore', 'ignore_ament_install']
[0.810s] Level 1:colcon.colcon_core.package_identification:_identify(build) by extension 'ignore'
[0.810s] Level 1:colcon.colcon_core.package_identification:_identify(build) ignored
[0.811s] Level 1:colcon.colcon_core.package_identification:_identify(install) by extensions ['ignore', 'ignore_ament_install']
[0.811s] Level 1:colcon.colcon_core.package_identification:_identify(install) by extension 'ignore'
[0.811s] Level 1:colcon.colcon_core.package_identification:_identify(install) ignored
[0.811s] Level 1:colcon.colcon_core.package_identification:_identify(log) by extensions ['ignore', 'ignore_ament_install']
[0.811s] Level 1:colcon.colcon_core.package_identification:_identify(log) by extension 'ignore'
[0.811s] Level 1:colcon.colcon_core.package_identification:_identify(log) ignored
[0.811s] Level 1:colcon.colcon_core.package_identification:_identify(src) by extensions ['ignore', 'ignore_ament_install']
[0.812s] Level 1:colcon.colcon_core.package_identification:_identify(src) by extension 'ignore'
[0.812s] Level 1:colcon.colcon_core.package_identification:_identify(src) by extension 'ignore_ament_install'
[0.812s] Level 1:colcon.colcon_core.package_identification:_identify(src) by extensions ['colcon_pkg']
[0.812s] Level 1:colcon.colcon_core.package_identification:_identify(src) by extension 'colcon_pkg'
[0.812s] Level 1:colcon.colcon_core.package_identification:_identify(src) by extensions ['colcon_meta']
[0.812s] Level 1:colcon.colcon_core.package_identification:_identify(src) by extension 'colcon_meta'
[0.812s] Level 1:colcon.colcon_core.package_identification:_identify(src) by extensions ['ros']
[0.812s] Level 1:colcon.colcon_core.package_identification:_identify(src) by extension 'ros'
[0.812s] Level 1:colcon.colcon_core.package_identification:_identify(src) by extensions ['cmake', 'python']
[0.812s] Level 1:colcon.colcon_core.package_identification:_identify(src) by extension 'cmake'
[0.812s] Level 1:colcon.colcon_core.package_identification:_identify(src) by extension 'python'
[0.812s] Level 1:colcon.colcon_core.package_identification:_identify(src) by extensions ['python_setup_py']
[0.812s] Level 1:colcon.colcon_core.package_identification:_identify(src) by extension 'python_setup_py'
[0.812s] Level 1:colcon.colcon_core.package_identification:_identify(src/listener) by extensions ['ignore', 'ignore_ament_install']
[0.812s] Level 1:colcon.colcon_core.package_identification:_identify(src/listener) by extension 'ignore'
[0.812s] Level 1:colcon.colcon_core.package_identification:_identify(src/listener) by extension 'ignore_ament_install'
[0.813s] Level 1:colcon.colcon_core.package_identification:_identify(src/listener) by extensions ['colcon_pkg']
[0.813s] Level 1:colcon.colcon_core.package_identification:_identify(src/listener) by extension 'colcon_pkg'
[0.813s] Level 1:colcon.colcon_core.package_identification:_identify(src/listener) by extensions ['colcon_meta']
[0.813s] Level 1:colcon.colcon_core.package_identification:_identify(src/listener) by extension 'colcon_meta'
[0.813s] Level 1:colcon.colcon_core.package_identification:_identify(src/listener) by extensions ['ros']
[0.813s] Level 1:colcon.colcon_core.package_identification:_identify(src/listener) by extension 'ros'
[0.817s] DEBUG:colcon.colcon_core.package_identification:Package 'src/listener' with type 'ros.ament_python' and name 'listener'
[0.817s] Level 1:colcon.colcon_core.package_identification:_identify(src/my_action_interface) by extensions ['ignore', 'ignore_ament_install']
[0.817s] Level 1:colcon.colcon_core.package_identification:_identify(src/my_action_interface) by extension 'ignore'
[0.817s] Level 1:colcon.colcon_core.package_identification:_identify(src/my_action_interface) by extension 'ignore_ament_install'
[0.817s] Level 1:colcon.colcon_core.package_identification:_identify(src/my_action_interface) by extensions ['colcon_pkg']
[0.817s] Level 1:colcon.colcon_core.package_identification:_identify(src/my_action_interface) by extension 'colcon_pkg'
[0.818s] Level 1:colcon.colcon_core.package_identification:_identify(src/my_action_interface) by extensions ['colcon_meta']
[0.818s] Level 1:colcon.colcon_core.package_identification:_identify(src/my_action_interface) by extension 'colcon_meta'
[0.818s] Level 1:colcon.colcon_core.package_identification:_identify(src/my_action_interface) by extensions ['ros']
[0.818s] Level 1:colcon.colcon_core.package_identification:_identify(src/my_action_interface) by extension 'ros'
[0.818s] DEBUG:colcon.colcon_core.package_identification:Package 'src/my_action_interface' with type 'ros.ament_cmake' and name 'my_action_interface'
[0.819s] Level 1:colcon.colcon_core.package_identification:_identify(src/my_calculate_action) by extensions ['ignore', 'ignore_ament_install']
[0.819s] Level 1:colcon.colcon_core.package_identification:_identify(src/my_calculate_action) by extension 'ignore'
[0.819s] Level 1:colcon.colcon_core.package_identification:_identify(src/my_calculate_action) by extension 'ignore_ament_install'
[0.819s] Level 1:colcon.colcon_core.package_identification:_identify(src/my_calculate_action) by extensions ['colcon_pkg']
[0.819s] Level 1:colcon.colcon_core.package_identification:_identify(src/my_calculate_action) by extension 'colcon_pkg'
[0.819s] Level 1:colcon.colcon_core.package_identification:_identify(src/my_calculate_action) by extensions ['colcon_meta']
[0.819s] Level 1:colcon.colcon_core.package_identification:_identify(src/my_calculate_action) by extension 'colcon_meta'
[0.819s] Level 1:colcon.colcon_core.package_identification:_identify(src/my_calculate_action) by extensions ['ros']
[0.819s] Level 1:colcon.colcon_core.package_identification:_identify(src/my_calculate_action) by extension 'ros'
[0.820s] DEBUG:colcon.colcon_core.package_identification:Package 'src/my_calculate_action' with type 'ros.ament_python' and name 'my_calculate_action'
[0.820s] Level 1:colcon.colcon_core.package_identification:_identify(src/my_custom_interface) by extensions ['ignore', 'ignore_ament_install']
[0.820s] Level 1:colcon.colcon_core.package_identification:_identify(src/my_custom_interface) by extension 'ignore'
[0.820s] Level 1:colcon.colcon_core.package_identification:_identify(src/my_custom_interface) by extension 'ignore_ament_install'
[0.820s] Level 1:colcon.colcon_core.package_identification:_identify(src/my_custom_interface) by extensions ['colcon_pkg']
[0.820s] Level 1:colcon.colcon_core.package_identification:_identify(src/my_custom_interface) by extension 'colcon_pkg'
[0.820s] Level 1:colcon.colcon_core.package_identification:_identify(src/my_custom_interface) by extensions ['colcon_meta']
[0.820s] Level 1:colcon.colcon_core.package_identification:_identify(src/my_custom_interface) by extension 'colcon_meta'
[0.820s] Level 1:colcon.colcon_core.package_identification:_identify(src/my_custom_interface) by extensions ['ros']
[0.820s] Level 1:colcon.colcon_core.package_identification:_identify(src/my_custom_interface) by extension 'ros'
[0.821s] DEBUG:colcon.colcon_core.package_identification:Package 'src/my_custom_interface' with type 'ros.ament_cmake' and name 'my_custom_interface'
[0.821s] Level 1:colcon.colcon_core.package_identification:_identify(src/my_service_client) by extensions ['ignore', 'ignore_ament_install']
[0.822s] Level 1:colcon.colcon_core.package_identification:_identify(src/my_service_client) by extension 'ignore'
[0.822s] Level 1:colcon.colcon_core.package_identification:_identify(src/my_service_client) by extension 'ignore_ament_install'
[0.822s] Level 1:colcon.colcon_core.package_identification:_identify(src/my_service_client) by extensions ['colcon_pkg']
[0.822s] Level 1:colcon.colcon_core.package_identification:_identify(src/my_service_client) by extension 'colcon_pkg'
[0.822s] Level 1:colcon.colcon_core.package_identification:_identify(src/my_service_client) by extensions ['colcon_meta']
[0.822s] Level 1:colcon.colcon_core.package_identification:_identify(src/my_service_client) by extension 'colcon_meta'
[0.822s] Level 1:colcon.colcon_core.package_identification:_identify(src/my_service_client) by extensions ['ros']
[0.822s] Level 1:colcon.colcon_core.package_identification:_identify(src/my_service_client) by extension 'ros'
[0.823s] DEBUG:colcon.colcon_core.package_identification:Package 'src/my_service_client' with type 'ros.ament_python' and name 'my_service_client'
[0.824s] Level 1:colcon.colcon_core.package_identification:_identify(src/my_service_interfaces) by extensions ['ignore', 'ignore_ament_install']
[0.824s] Level 1:colcon.colcon_core.package_identification:_identify(src/my_service_interfaces) by extension 'ignore'
[0.824s] Level 1:colcon.colcon_core.package_identification:_identify(src/my_service_interfaces) by extension 'ignore_ament_install'
[0.824s] Level 1:colcon.colcon_core.package_identification:_identify(src/my_service_interfaces) by extensions ['colcon_pkg']
[0.824s] Level 1:colcon.colcon_core.package_identification:_identify(src/my_service_interfaces) by extension 'colcon_pkg'
[0.824s] Level 1:colcon.colcon_core.package_identification:_identify(src/my_service_interfaces) by extensions ['colcon_meta']
[0.824s] Level 1:colcon.colcon_core.package_identification:_identify(src/my_service_interfaces) by extension 'colcon_meta'
[0.825s] Level 1:colcon.colcon_core.package_identification:_identify(src/my_service_interfaces) by extensions ['ros']
[0.825s] Level 1:colcon.colcon_core.package_identification:_identify(src/my_service_interfaces) by extension 'ros'
[0.825s] DEBUG:colcon.colcon_core.package_identification:Package 'src/my_service_interfaces' with type 'ros.ament_cmake' and name 'my_service_interfaces'
[0.826s] Level 1:colcon.colcon_core.package_identification:_identify(src/my_service_server) by extensions ['ignore', 'ignore_ament_install']
[0.826s] Level 1:colcon.colcon_core.package_identification:_identify(src/my_service_server) by extension 'ignore'
[0.826s] Level 1:colcon.colcon_core.package_identification:_identify(src/my_service_server) by extension 'ignore_ament_install'
[0.826s] Level 1:colcon.colcon_core.package_identification:_identify(src/my_service_server) by extensions ['colcon_pkg']
[0.826s] Level 1:colcon.colcon_core.package_identification:_identify(src/my_service_server) by extension 'colcon_pkg'
[0.826s] Level 1:colcon.colcon_core.package_identification:_identify(src/my_service_server) by extensions ['colcon_meta']
[0.826s] Level 1:colcon.colcon_core.package_identification:_identify(src/my_service_server) by extension 'colcon_meta'
[0.826s] Level 1:colcon.colcon_core.package_identification:_identify(src/my_service_server) by extensions ['ros']
[0.826s] Level 1:colcon.colcon_core.package_identification:_identify(src/my_service_server) by extension 'ros'
[0.827s] DEBUG:colcon.colcon_core.package_identification:Package 'src/my_service_server' with type 'ros.ament_python' and name 'my_service_server'
[0.827s] Level 1:colcon.colcon_core.package_identification:_identify(src/my_turtle_controller) by extensions ['ignore', 'ignore_ament_install']
[0.828s] Level 1:colcon.colcon_core.package_identification:_identify(src/my_turtle_controller) by extension 'ignore'
[0.828s] Level 1:colcon.colcon_core.package_identification:_identify(src/my_turtle_controller) by extension 'ignore_ament_install'
[0.828s] Level 1:colcon.colcon_core.package_identification:_identify(src/my_turtle_controller) by extensions ['colcon_pkg']
[0.828s] Level 1:colcon.colcon_core.package_identification:_identify(src/my_turtle_controller) by extension 'colcon_pkg'
[0.828s] Level 1:colcon.colcon_core.package_identification:_identify(src/my_turtle_controller) by extensions ['colcon_meta']
[0.828s] Level 1:colcon.colcon_core.package_identification:_identify(src/my_turtle_controller) by extension 'colcon_meta'
[0.828s] Level 1:colcon.colcon_core.package_identification:_identify(src/my_turtle_controller) by extensions ['ros']
[0.828s] Level 1:colcon.colcon_core.package_identification:_identify(src/my_turtle_controller) by extension 'ros'
[0.828s] DEBUG:colcon.colcon_core.package_identification:Package 'src/my_turtle_controller' with type 'ros.ament_python' and name 'my_turtle_controller'
[0.829s] Level 1:colcon.colcon_core.package_identification:_identify(src/talker) by extensions ['ignore', 'ignore_ament_install']
[0.829s] Level 1:colcon.colcon_core.package_identification:_identify(src/talker) by extension 'ignore'
[0.829s] Level 1:colcon.colcon_core.package_identification:_identify(src/talker) by extension 'ignore_ament_install'
[0.829s] Level 1:colcon.colcon_core.package_identification:_identify(src/talker) by extensions ['colcon_pkg']
[0.829s] Level 1:colcon.colcon_core.package_identification:_identify(src/talker) by extension 'colcon_pkg'
[0.829s] Level 1:colcon.colcon_core.package_identification:_identify(src/talker) by extensions ['colcon_meta']
[0.829s] Level 1:colcon.colcon_core.package_identification:_identify(src/talker) by extension 'colcon_meta'
[0.829s] Level 1:colcon.colcon_core.package_identification:_identify(src/talker) by extensions ['ros']
[0.829s] Level 1:colcon.colcon_core.package_identification:_identify(src/talker) by extension 'ros'
[0.830s] DEBUG:colcon.colcon_core.package_identification:Package 'src/talker' with type 'ros.ament_python' and name 'talker'
[0.830s] Level 1:colcon.colcon_core.package_discovery:discover_packages(recursive) using defaults
[0.830s] Level 1:colcon.colcon_core.package_discovery:discover_packages(ignore) discover
[0.830s] Level 1:colcon.colcon_core.package_discovery:discover_packages(ignore) using defaults
[0.830s] Level 1:colcon.colcon_core.package_discovery:discover_packages(path) discover
[0.830s] Level 1:colcon.colcon_core.package_discovery:discover_packages(path) using defaults
[0.867s] Level 1:colcon.colcon_core.package_discovery:discover_packages(prefix_path) check parameters
[0.867s] Level 1:colcon.colcon_core.package_discovery:discover_packages(prefix_path) discover
[0.874s] DEBUG:colcon.colcon_installed_package_information.package_discovery:Found 9 installed packages in /root/ros2_ws/install
[0.876s] DEBUG:colcon.colcon_installed_package_information.package_discovery:Found 281 installed packages in /opt/ros/iron
[0.877s] Level 1:colcon.colcon_core.package_discovery:discover_packages(prefix_path) using defaults
[0.981s] Level 5:colcon.colcon_core.verb:set package 'listener' build argument 'cmake_args' from command line to 'None'
[0.981s] Level 5:colcon.colcon_core.verb:set package 'listener' build argument 'cmake_target' from command line to 'None'
[0.981s] Level 5:colcon.colcon_core.verb:set package 'listener' build argument 'cmake_target_skip_unavailable' from command line to 'False'
[0.981s] Level 5:colcon.colcon_core.verb:set package 'listener' build argument 'cmake_clean_cache' from command line to 'False'
[0.981s] Level 5:colcon.colcon_core.verb:set package 'listener' build argument 'cmake_clean_first' from command line to 'False'
[0.981s] Level 5:colcon.colcon_core.verb:set package 'listener' build argument 'cmake_force_configure' from command line to 'False'
[0.981s] Level 5:colcon.colcon_core.verb:set package 'listener' build argument 'ament_cmake_args' from command line to 'None'
[0.981s] Level 5:colcon.colcon_core.verb:set package 'listener' build argument 'catkin_cmake_args' from command line to 'None'
[0.981s] Level 5:colcon.colcon_core.verb:set package 'listener' build argument 'catkin_skip_building_tests' from command line to 'False'
[0.981s] DEBUG:colcon.colcon_core.verb:Building package 'listener' with the following arguments: {'ament_cmake_args': None, 'build_base': '/root/ros2_ws/build/listener', 'catkin_cmake_args': None, 'catkin_skip_building_tests': False, 'cmake_args': None, 'cmake_clean_cache': False, 'cmake_clean_first': False, 'cmake_force_configure': False, 'cmake_target': None, 'cmake_target_skip_unavailable': False, 'install_base': '/root/ros2_ws/install/listener', 'merge_install': False, 'path': '/root/ros2_ws/src/listener', 'symlink_install': False, 'test_result_base': None}
[0.982s] Level 5:colcon.colcon_core.verb:set package 'my_action_interface' build argument 'cmake_args' from command line to 'None'
[0.982s] Level 5:colcon.colcon_core.verb:set package 'my_action_interface' build argument 'cmake_target' from command line to 'None'
[0.982s] Level 5:colcon.colcon_core.verb:set package 'my_action_interface' build argument 'cmake_target_skip_unavailable' from command line to 'False'
[0.982s] Level 5:colcon.colcon_core.verb:set package 'my_action_interface' build argument 'cmake_clean_cache' from command line to 'False'
[0.982s] Level 5:colcon.colcon_core.verb:set package 'my_action_interface' build argument 'cmake_clean_first' from command line to 'False'
[0.982s] Level 5:colcon.colcon_core.verb:set package 'my_action_interface' build argument 'cmake_force_configure' from command line to 'False'
[0.982s] Level 5:colcon.colcon_core.verb:set package 'my_action_interface' build argument 'ament_cmake_args' from command line to 'None'
[0.982s] Level 5:colcon.colcon_core.verb:set package 'my_action_interface' build argument 'catkin_cmake_args' from command line to 'None'
[0.982s] Level 5:colcon.colcon_core.verb:set package 'my_action_interface' build argument 'catkin_skip_building_tests' from command line to 'False'
[0.982s] DEBUG:colcon.colcon_core.verb:Building package 'my_action_interface' with the following arguments: {'ament_cmake_args': None, 'build_base': '/root/ros2_ws/build/my_action_interface', 'catkin_cmake_args': None, 'catkin_skip_building_tests': False, 'cmake_args': None, 'cmake_clean_cache': False, 'cmake_clean_first': False, 'cmake_force_configure': False, 'cmake_target': None, 'cmake_target_skip_unavailable': False, 'install_base': '/root/ros2_ws/install/my_action_interface', 'merge_install': False, 'path': '/root/ros2_ws/src/my_action_interface', 'symlink_install': False, 'test_result_base': None}
[0.982s] Level 5:colcon.colcon_core.verb:set package 'my_calculate_action' build argument 'cmake_args' from command line to 'None'
[0.982s] Level 5:colcon.colcon_core.verb:set package 'my_calculate_action' build argument 'cmake_target' from command line to 'None'
[0.982s] Level 5:colcon.colcon_core.verb:set package 'my_calculate_action' build argument 'cmake_target_skip_unavailable' from command line to 'False'
[0.982s] Level 5:colcon.colcon_core.verb:set package 'my_calculate_action' build argument 'cmake_clean_cache' from command line to 'False'
[0.982s] Level 5:colcon.colcon_core.verb:set package 'my_calculate_action' build argument 'cmake_clean_first' from command line to 'False'
[0.982s] Level 5:colcon.colcon_core.verb:set package 'my_calculate_action' build argument 'cmake_force_configure' from command line to 'False'
[0.982s] Level 5:colcon.colcon_core.verb:set package 'my_calculate_action' build argument 'ament_cmake_args' from command line to 'None'
[0.983s] Level 5:colcon.colcon_core.verb:set package 'my_calculate_action' build argument 'catkin_cmake_args' from command line to 'None'
[0.983s] Level 5:colcon.colcon_core.verb:set package 'my_calculate_action' build argument 'catkin_skip_building_tests' from command line to 'False'
[0.983s] DEBUG:colcon.colcon_core.verb:Building package 'my_calculate_action' with the following arguments: {'ament_cmake_args': None, 'build_base': '/root/ros2_ws/build/my_calculate_action', 'catkin_cmake_args': None, 'catkin_skip_building_tests': False, 'cmake_args': None, 'cmake_clean_cache': False, 'cmake_clean_first': False, 'cmake_force_configure': False, 'cmake_target': None, 'cmake_target_skip_unavailable': False, 'install_base': '/root/ros2_ws/install/my_calculate_action', 'merge_install': False, 'path': '/root/ros2_ws/src/my_calculate_action', 'symlink_install': False, 'test_result_base': None}
[0.983s] Level 5:colcon.colcon_core.verb:set package 'my_custom_interface' build argument 'cmake_args' from command line to 'None'
[0.983s] Level 5:colcon.colcon_core.verb:set package 'my_custom_interface' build argument 'cmake_target' from command line to 'None'
[0.983s] Level 5:colcon.colcon_core.verb:set package 'my_custom_interface' build argument 'cmake_target_skip_unavailable' from command line to 'False'
[0.983s] Level 5:colcon.colcon_core.verb:set package 'my_custom_interface' build argument 'cmake_clean_cache' from command line to 'False'
[0.983s] Level 5:colcon.colcon_core.verb:set package 'my_custom_interface' build argument 'cmake_clean_first' from command line to 'False'
[0.983s] Level 5:colcon.colcon_core.verb:set package 'my_custom_interface' build argument 'cmake_force_configure' from command line to 'False'
[0.983s] Level 5:colcon.colcon_core.verb:set package 'my_custom_interface' build argument 'ament_cmake_args' from command line to 'None'
[0.983s] Level 5:colcon.colcon_core.verb:set package 'my_custom_interface' build argument 'catkin_cmake_args' from command line to 'None'
[0.983s] Level 5:colcon.colcon_core.verb:set package 'my_custom_interface' build argument 'catkin_skip_building_tests' from command line to 'False'
[0.983s] DEBUG:colcon.colcon_core.verb:Building package 'my_custom_interface' with the following arguments: {'ament_cmake_args': None, 'build_base': '/root/ros2_ws/build/my_custom_interface', 'catkin_cmake_args': None, 'catkin_skip_building_tests': False, 'cmake_args': None, 'cmake_clean_cache': False, 'cmake_clean_first': False, 'cmake_force_configure': False, 'cmake_target': None, 'cmake_target_skip_unavailable': False, 'install_base': '/root/ros2_ws/install/my_custom_interface', 'merge_install': False, 'path': '/root/ros2_ws/src/my_custom_interface', 'symlink_install': False, 'test_result_base': None}
[0.983s] Level 5:colcon.colcon_core.verb:set package 'my_service_interfaces' build argument 'cmake_args' from command line to 'None'
[0.983s] Level 5:colcon.colcon_core.verb:set package 'my_service_interfaces' build argument 'cmake_target' from command line to 'None'
[0.983s] Level 5:colcon.colcon_core.verb:set package 'my_service_interfaces' build argument 'cmake_target_skip_unavailable' from command line to 'False'
[0.983s] Level 5:colcon.colcon_core.verb:set package 'my_service_interfaces' build argument 'cmake_clean_cache' from command line to 'False'
[0.983s] Level 5:colcon.colcon_core.verb:set package 'my_service_interfaces' build argument 'cmake_clean_first' from command line to 'False'
[0.983s] Level 5:colcon.colcon_core.verb:set package 'my_service_interfaces' build argument 'cmake_force_configure' from command line to 'False'
[0.983s] Level 5:colcon.colcon_core.verb:set package 'my_service_interfaces' build argument 'ament_cmake_args' from command line to 'None'
[0.983s] Level 5:colcon.colcon_core.verb:set package 'my_service_interfaces' build argument 'catkin_cmake_args' from command line to 'None'
[0.983s] Level 5:colcon.colcon_core.verb:set package 'my_service_interfaces' build argument 'catkin_skip_building_tests' from command line to 'False'
[0.983s] DEBUG:colcon.colcon_core.verb:Building package 'my_service_interfaces' with the following arguments: {'ament_cmake_args': None, 'build_base': '/root/ros2_ws/build/my_service_interfaces', 'catkin_cmake_args': None, 'catkin_skip_building_tests': False, 'cmake_args': None, 'cmake_clean_cache': False, 'cmake_clean_first': False, 'cmake_force_configure': False, 'cmake_target': None, 'cmake_target_skip_unavailable': False, 'install_base': '/root/ros2_ws/install/my_service_interfaces', 'merge_install': False, 'path': '/root/ros2_ws/src/my_service_interfaces', 'symlink_install': False, 'test_result_base': None}
[0.984s] Level 5:colcon.colcon_core.verb:set package 'my_turtle_controller' build argument 'cmake_args' from command line to 'None'
[0.984s] Level 5:colcon.colcon_core.verb:set package 'my_turtle_controller' build argument 'cmake_target' from command line to 'None'
[0.984s] Level 5:colcon.colcon_core.verb:set package 'my_turtle_controller' build argument 'cmake_target_skip_unavailable' from command line to 'False'
[0.984s] Level 5:colcon.colcon_core.verb:set package 'my_turtle_controller' build argument 'cmake_clean_cache' from command line to 'False'
[0.984s] Level 5:colcon.colcon_core.verb:set package 'my_turtle_controller' build argument 'cmake_clean_first' from command line to 'False'
[0.984s] Level 5:colcon.colcon_core.verb:set package 'my_turtle_controller' build argument 'cmake_force_configure' from command line to 'False'
[0.984s] Level 5:colcon.colcon_core.verb:set package 'my_turtle_controller' build argument 'ament_cmake_args' from command line to 'None'
[0.984s] Level 5:colcon.colcon_core.verb:set package 'my_turtle_controller' build argument 'catkin_cmake_args' from command line to 'None'
[0.984s] Level 5:colcon.colcon_core.verb:set package 'my_turtle_controller' build argument 'catkin_skip_building_tests' from command line to 'False'
[0.984s] DEBUG:colcon.colcon_core.verb:Building package 'my_turtle_controller' with the following arguments: {'ament_cmake_args': None, 'build_base': '/root/ros2_ws/build/my_turtle_controller', 'catkin_cmake_args': None, 'catkin_skip_building_tests': False, 'cmake_args': None, 'cmake_clean_cache': False, 'cmake_clean_first': False, 'cmake_force_configure': False, 'cmake_target': None, 'cmake_target_skip_unavailable': False, 'install_base': '/root/ros2_ws/install/my_turtle_controller', 'merge_install': False, 'path': '/root/ros2_ws/src/my_turtle_controller', 'symlink_install': False, 'test_result_base': None}
[0.984s] Level 5:colcon.colcon_core.verb:set package 'talker' build argument 'cmake_args' from command line to 'None'
[0.984s] Level 5:colcon.colcon_core.verb:set package 'talker' build argument 'cmake_target' from command line to 'None'
[0.984s] Level 5:colcon.colcon_core.verb:set package 'talker' build argument 'cmake_target_skip_unavailable' from command line to 'False'
[0.984s] Level 5:colcon.colcon_core.verb:set package 'talker' build argument 'cmake_clean_cache' from command line to 'False'
[0.984s] Level 5:colcon.colcon_core.verb:set package 'talker' build argument 'cmake_clean_first' from command line to 'False'
[0.984s] Level 5:colcon.colcon_core.verb:set package 'talker' build argument 'cmake_force_configure' from command line to 'False'
[0.984s] Level 5:colcon.colcon_core.verb:set package 'talker' build argument 'ament_cmake_args' from command line to 'None'
[0.984s] Level 5:colcon.colcon_core.verb:set package 'talker' build argument 'catkin_cmake_args' from command line to 'None'
[0.984s] Level 5:colcon.colcon_core.verb:set package 'talker' build argument 'catkin_skip_building_tests' from command line to 'False'
[0.984s] DEBUG:colcon.colcon_core.verb:Building package 'talker' with the following arguments: {'ament_cmake_args': None, 'build_base': '/root/ros2_ws/build/talker', 'catkin_cmake_args': None, 'catkin_skip_building_tests': False, 'cmake_args': None, 'cmake_clean_cache': False, 'cmake_clean_first': False, 'cmake_force_configure': False, 'cmake_target': None, 'cmake_target_skip_unavailable': False, 'install_base': '/root/ros2_ws/install/talker', 'merge_install': False, 'path': '/root/ros2_ws/src/talker', 'symlink_install': False, 'test_result_base': None}
[0.985s] Level 5:colcon.colcon_core.verb:set package 'my_service_client' build argument 'cmake_args' from command line to 'None'
[0.985s] Level 5:colcon.colcon_core.verb:set package 'my_service_client' build argument 'cmake_target' from command line to 'None'
[0.985s] Level 5:colcon.colcon_core.verb:set package 'my_service_client' build argument 'cmake_target_skip_unavailable' from command line to 'False'
[0.985s] Level 5:colcon.colcon_core.verb:set package 'my_service_client' build argument 'cmake_clean_cache' from command line to 'False'
[0.985s] Level 5:colcon.colcon_core.verb:set package 'my_service_client' build argument 'cmake_clean_first' from command line to 'False'
[0.985s] Level 5:colcon.colcon_core.verb:set package 'my_service_client' build argument 'cmake_force_configure' from command line to 'False'
[0.985s] Level 5:colcon.colcon_core.verb:set package 'my_service_client' build argument 'ament_cmake_args' from command line to 'None'
[0.985s] Level 5:colcon.colcon_core.verb:set package 'my_service_client' build argument 'catkin_cmake_args' from command line to 'None'
[0.985s] Level 5:colcon.colcon_core.verb:set package 'my_service_client' build argument 'catkin_skip_building_tests' from command line to 'False'
[0.985s] DEBUG:colcon.colcon_core.verb:Building package 'my_service_client' with the following arguments: {'ament_cmake_args': None, 'build_base': '/root/ros2_ws/build/my_service_client', 'catkin_cmake_args': None, 'catkin_skip_building_tests': False, 'cmake_args': None, 'cmake_clean_cache': False, 'cmake_clean_first': False, 'cmake_force_configure': False, 'cmake_target': None, 'cmake_target_skip_unavailable': False, 'install_base': '/root/ros2_ws/install/my_service_client', 'merge_install': False, 'path': '/root/ros2_ws/src/my_service_client', 'symlink_install': False, 'test_result_base': None}
[0.985s] Level 5:colcon.colcon_core.verb:set package 'my_service_server' build argument 'cmake_args' from command line to 'None'
[0.985s] Level 5:colcon.colcon_core.verb:set package 'my_service_server' build argument 'cmake_target' from command line to 'None'
[0.985s] Level 5:colcon.colcon_core.verb:set package 'my_service_server' build argument 'cmake_target_skip_unavailable' from command line to 'False'
[0.985s] Level 5:colcon.colcon_core.verb:set package 'my_service_server' build argument 'cmake_clean_cache' from command line to 'False'
[0.985s] Level 5:colcon.colcon_core.verb:set package 'my_service_server' build argument 'cmake_clean_first' from command line to 'False'
[0.985s] Level 5:colcon.colcon_core.verb:set package 'my_service_server' build argument 'cmake_force_configure' from command line to 'False'
[0.985s] Level 5:colcon.colcon_core.verb:set package 'my_service_server' build argument 'ament_cmake_args' from command line to 'None'
[0.985s] Level 5:colcon.colcon_core.verb:set package 'my_service_server' build argument 'catkin_cmake_args' from command line to 'None'
[0.985s] Level 5:colcon.colcon_core.verb:set package 'my_service_server' build argument 'catkin_skip_building_tests' from command line to 'False'
[0.985s] DEBUG:colcon.colcon_core.verb:Building package 'my_service_server' with the following arguments: {'ament_cmake_args': None, 'build_base': '/root/ros2_ws/build/my_service_server', 'catkin_cmake_args': None, 'catkin_skip_building_tests': False, 'cmake_args': None, 'cmake_clean_cache': False, 'cmake_clean_first': False, 'cmake_force_configure': False, 'cmake_target': None, 'cmake_target_skip_unavailable': False, 'install_base': '/root/ros2_ws/install/my_service_server', 'merge_install': False, 'path': '/root/ros2_ws/src/my_service_server', 'symlink_install': False, 'test_result_base': None}
[0.985s] INFO:colcon.colcon_core.executor:Executing jobs using 'parallel' executor
[0.987s] DEBUG:colcon.colcon_parallel_executor.executor.parallel:run_until_complete
[0.987s] INFO:colcon.colcon_ros.task.ament_cmake.build:Building ROS package in '/root/ros2_ws/src/my_service_interfaces' with build type 'ament_cmake'
[0.987s] INFO:colcon.colcon_cmake.task.cmake.build:Building CMake package in '/root/ros2_ws/src/my_service_interfaces'
[0.995s] INFO:colcon.colcon_core.plugin_system:Skipping extension 'colcon_core.shell.bat': Not used on non-Windows systems
[0.995s] INFO:colcon.colcon_core.shell:Skip shell extension 'powershell' for command environment: Not usable outside of PowerShell
[0.995s] DEBUG:colcon.colcon_core.shell:Skip shell extension 'dsv' for command environment
[1.000s] INFO:colcon.colcon_ros.task.ament_python.build:Building ROS package in '/root/ros2_ws/src/listener' with build type 'ament_python'
[1.000s] Level 1:colcon.colcon_core.shell:create_environment_hook('listener', 'ament_prefix_path')
[1.001s] INFO:colcon.colcon_core.shell:Creating environment hook '/root/ros2_ws/install/listener/share/listener/hook/ament_prefix_path.ps1'
[1.003s] INFO:colcon.colcon_core.shell:Creating environment descriptor '/root/ros2_ws/install/listener/share/listener/hook/ament_prefix_path.dsv'
[1.004s] INFO:colcon.colcon_core.shell:Creating environment hook '/root/ros2_ws/install/listener/share/listener/hook/ament_prefix_path.sh'
[1.005s] INFO:colcon.colcon_core.shell:Skip shell extension 'powershell' for command environment: Not usable outside of PowerShell
[1.005s] DEBUG:colcon.colcon_core.shell:Skip shell extension 'dsv' for command environment
[1.009s] INFO:colcon.colcon_ros.task.ament_cmake.build:Building ROS package in '/root/ros2_ws/src/my_action_interface' with build type 'ament_cmake'
[1.009s] INFO:colcon.colcon_cmake.task.cmake.build:Building CMake package in '/root/ros2_ws/src/my_action_interface'
[1.009s] INFO:colcon.colcon_core.shell:Skip shell extension 'powershell' for command environment: Not usable outside of PowerShell
[1.009s] DEBUG:colcon.colcon_core.shell:Skip shell extension 'dsv' for command environment
[1.015s] INFO:colcon.colcon_ros.task.ament_python.build:Building ROS package in '/root/ros2_ws/src/my_calculate_action' with build type 'ament_python'
[1.015s] Level 1:colcon.colcon_core.shell:create_environment_hook('my_calculate_action', 'ament_prefix_path')
[1.015s] INFO:colcon.colcon_core.shell:Creating environment hook '/root/ros2_ws/install/my_calculate_action/share/my_calculate_action/hook/ament_prefix_path.ps1'
[1.016s] INFO:colcon.colcon_core.shell:Creating environment descriptor '/root/ros2_ws/install/my_calculate_action/share/my_calculate_action/hook/ament_prefix_path.dsv'
[1.017s] INFO:colcon.colcon_core.shell:Creating environment hook '/root/ros2_ws/install/my_calculate_action/share/my_calculate_action/hook/ament_prefix_path.sh'
[1.017s] INFO:colcon.colcon_core.shell:Skip shell extension 'powershell' for command environment: Not usable outside of PowerShell
[1.017s] DEBUG:colcon.colcon_core.shell:Skip shell extension 'dsv' for command environment
[1.022s] INFO:colcon.colcon_ros.task.ament_cmake.build:Building ROS package in '/root/ros2_ws/src/my_custom_interface' with build type 'ament_cmake'
[1.022s] INFO:colcon.colcon_cmake.task.cmake.build:Building CMake package in '/root/ros2_ws/src/my_custom_interface'
[1.022s] INFO:colcon.colcon_core.shell:Skip shell extension 'powershell' for command environment: Not usable outside of PowerShell
[1.022s] DEBUG:colcon.colcon_core.shell:Skip shell extension 'dsv' for command environment
[1.027s] INFO:colcon.colcon_ros.task.ament_python.build:Building ROS package in '/root/ros2_ws/src/my_turtle_controller' with build type 'ament_python'
[1.028s] Level 1:colcon.colcon_core.shell:create_environment_hook('my_turtle_controller', 'ament_prefix_path')
[1.028s] INFO:colcon.colcon_core.shell:Creating environment hook '/root/ros2_ws/install/my_turtle_controller/share/my_turtle_controller/hook/ament_prefix_path.ps1'
[1.029s] INFO:colcon.colcon_core.shell:Creating environment descriptor '/root/ros2_ws/install/my_turtle_controller/share/my_turtle_controller/hook/ament_prefix_path.dsv'
[1.030s] INFO:colcon.colcon_core.shell:Creating environment hook '/root/ros2_ws/install/my_turtle_controller/share/my_turtle_controller/hook/ament_prefix_path.sh'
[1.030s] INFO:colcon.colcon_core.shell:Skip shell extension 'powershell' for command environment: Not usable outside of PowerShell
[1.030s] DEBUG:colcon.colcon_core.shell:Skip shell extension 'dsv' for command environment
[1.034s] INFO:colcon.colcon_ros.task.ament_python.build:Building ROS package in '/root/ros2_ws/src/talker' with build type 'ament_python'
[1.034s] Level 1:colcon.colcon_core.shell:create_environment_hook('talker', 'ament_prefix_path')
[1.034s] INFO:colcon.colcon_core.shell:Creating environment hook '/root/ros2_ws/install/talker/share/talker/hook/ament_prefix_path.ps1'
[1.036s] INFO:colcon.colcon_core.shell:Creating environment descriptor '/root/ros2_ws/install/talker/share/talker/hook/ament_prefix_path.dsv'
[1.036s] INFO:colcon.colcon_core.shell:Creating environment hook '/root/ros2_ws/install/talker/share/talker/hook/ament_prefix_path.sh'
[1.036s] INFO:colcon.colcon_core.shell:Skip shell extension 'powershell' for command environment: Not usable outside of PowerShell
[1.037s] DEBUG:colcon.colcon_core.shell:Skip shell extension 'dsv' for command environment
[1.047s] DEBUG:colcon.colcon_core.event_handler.log_command:Invoking command in '/root/ros2_ws/build/my_service_interfaces': CMAKE_PREFIX_PATH=${CMAKE_PREFIX_PATH}:/root/ros2_ws/install/talker:/root/ros2_ws/install/my_turtle_controller:/root/ros2_ws/install/my_service_server:/root/ros2_ws/install/my_service_client:/root/ros2_ws/install/my_calculate_action:/root/ros2_ws/install/listener:/opt/ros/iron /usr/bin/cmake --build /root/ros2_ws/build/my_service_interfaces -- -j12 -l12
[1.296s] INFO:colcon.colcon_core.task.python.build:Building Python package in '/root/ros2_ws/src/listener'
[1.296s] INFO:colcon.colcon_core.shell:Skip shell extension 'powershell' for command environment: Not usable outside of PowerShell
[1.296s] DEBUG:colcon.colcon_core.shell:Skip shell extension 'dsv' for command environment
[1.306s] DEBUG:colcon.colcon_core.event_handler.log_command:Invoking command in '/root/ros2_ws/build/my_action_interface': CMAKE_PREFIX_PATH=${CMAKE_PREFIX_PATH}:/root/ros2_ws/install/talker:/root/ros2_ws/install/my_turtle_controller:/root/ros2_ws/install/my_service_server:/root/ros2_ws/install/my_service_client:/root/ros2_ws/install/my_calculate_action:/root/ros2_ws/install/listener:/opt/ros/iron /usr/bin/cmake --build /root/ros2_ws/build/my_action_interface -- -j12 -l12
[1.564s] INFO:colcon.colcon_core.task.python.build:Building Python package in '/root/ros2_ws/src/my_calculate_action'
[1.564s] INFO:colcon.colcon_core.shell:Skip shell extension 'powershell' for command environment: Not usable outside of PowerShell
[1.565s] DEBUG:colcon.colcon_core.shell:Skip shell extension 'dsv' for command environment
[1.573s] DEBUG:colcon.colcon_core.event_handler.log_command:Invoking command in '/root/ros2_ws/build/my_custom_interface': CMAKE_PREFIX_PATH=${CMAKE_PREFIX_PATH}:/root/ros2_ws/install/talker:/root/ros2_ws/install/my_turtle_controller:/root/ros2_ws/install/my_service_server:/root/ros2_ws/install/my_service_client:/root/ros2_ws/install/my_calculate_action:/root/ros2_ws/install/listener:/opt/ros/iron /usr/bin/cmake --build /root/ros2_ws/build/my_custom_interface -- -j12 -l12
[1.818s] INFO:colcon.colcon_core.task.python.build:Building Python package in '/root/ros2_ws/src/my_turtle_controller'
[1.819s] INFO:colcon.colcon_core.shell:Skip shell extension 'powershell' for command environment: Not usable outside of PowerShell
[1.819s] DEBUG:colcon.colcon_core.shell:Skip shell extension 'dsv' for command environment
[2.017s] INFO:colcon.colcon_core.task.python.build:Building Python package in '/root/ros2_ws/src/talker'
[2.017s] INFO:colcon.colcon_core.shell:Skip shell extension 'powershell' for command environment: Not usable outside of PowerShell
[2.017s] DEBUG:colcon.colcon_core.shell:Skip shell extension 'dsv' for command environment
[2.040s] DEBUG:colcon.colcon_core.event_handler.log_command:Invoked command in '/root/ros2_ws/build/my_action_interface' returned '0': CMAKE_PREFIX_PATH=${CMAKE_PREFIX_PATH}:/root/ros2_ws/install/talker:/root/ros2_ws/install/my_turtle_controller:/root/ros2_ws/install/my_service_server:/root/ros2_ws/install/my_service_client:/root/ros2_ws/install/my_calculate_action:/root/ros2_ws/install/listener:/opt/ros/iron /usr/bin/cmake --build /root/ros2_ws/build/my_action_interface -- -j12 -l12
[2.050s] DEBUG:colcon.colcon_core.event_handler.log_command:Invoking command in '/root/ros2_ws/build/my_action_interface': CMAKE_PREFIX_PATH=${CMAKE_PREFIX_PATH}:/root/ros2_ws/install/talker:/root/ros2_ws/install/my_turtle_controller:/root/ros2_ws/install/my_service_server:/root/ros2_ws/install/my_service_client:/root/ros2_ws/install/my_calculate_action:/root/ros2_ws/install/listener:/opt/ros/iron /usr/bin/cmake --install /root/ros2_ws/build/my_action_interface
[2.050s] DEBUG:colcon.colcon_core.event_handler.log_command:Invoked command in '/root/ros2_ws/build/my_service_interfaces' returned '0': CMAKE_PREFIX_PATH=${CMAKE_PREFIX_PATH}:/root/ros2_ws/install/talker:/root/ros2_ws/install/my_turtle_controller:/root/ros2_ws/install/my_service_server:/root/ros2_ws/install/my_service_client:/root/ros2_ws/install/my_calculate_action:/root/ros2_ws/install/listener:/opt/ros/iron /usr/bin/cmake --build /root/ros2_ws/build/my_service_interfaces -- -j12 -l12
[2.054s] DEBUG:colcon.colcon_core.event_handler.log_command:Invoking command in '/root/ros2_ws/build/my_service_interfaces': CMAKE_PREFIX_PATH=${CMAKE_PREFIX_PATH}:/root/ros2_ws/install/talker:/root/ros2_ws/install/my_turtle_controller:/root/ros2_ws/install/my_service_server:/root/ros2_ws/install/my_service_client:/root/ros2_ws/install/my_calculate_action:/root/ros2_ws/install/listener:/opt/ros/iron /usr/bin/cmake --install /root/ros2_ws/build/my_service_interfaces
[2.054s] DEBUG:colcon.colcon_core.event_handler.log_command:Invoked command in '/root/ros2_ws/build/my_custom_interface' returned '0': CMAKE_PREFIX_PATH=${CMAKE_PREFIX_PATH}:/root/ros2_ws/install/talker:/root/ros2_ws/install/my_turtle_controller:/root/ros2_ws/install/my_service_server:/root/ros2_ws/install/my_service_client:/root/ros2_ws/install/my_calculate_action:/root/ros2_ws/install/listener:/opt/ros/iron /usr/bin/cmake --build /root/ros2_ws/build/my_custom_interface -- -j12 -l12
[2.057s] DEBUG:colcon.colcon_core.event_handler.log_command:Invoking command in '/root/ros2_ws/build/my_custom_interface': CMAKE_PREFIX_PATH=${CMAKE_PREFIX_PATH}:/root/ros2_ws/install/talker:/root/ros2_ws/install/my_turtle_controller:/root/ros2_ws/install/my_service_server:/root/ros2_ws/install/my_service_client:/root/ros2_ws/install/my_calculate_action:/root/ros2_ws/install/listener:/opt/ros/iron /usr/bin/cmake --install /root/ros2_ws/build/my_custom_interface
[2.144s] Level 1:colcon.colcon_core.environment:create_environment_scripts_only(my_action_interface)
[2.147s] DEBUG:colcon.colcon_core.event_handler.log_command:Invoked command in '/root/ros2_ws/build/my_action_interface' returned '0': CMAKE_PREFIX_PATH=${CMAKE_PREFIX_PATH}:/root/ros2_ws/install/talker:/root/ros2_ws/install/my_turtle_controller:/root/ros2_ws/install/my_service_server:/root/ros2_ws/install/my_service_client:/root/ros2_ws/install/my_calculate_action:/root/ros2_ws/install/listener:/opt/ros/iron /usr/bin/cmake --install /root/ros2_ws/build/my_action_interface
[2.156s] Level 1:colcon.colcon_core.environment:checking '/root/ros2_ws/install/my_action_interface' for CMake module files
[2.157s] Level 1:colcon.colcon_core.environment:checking '/root/ros2_ws/install/my_action_interface' for CMake config files
[2.158s] Level 1:colcon.colcon_core.shell:create_environment_hook('my_action_interface', 'cmake_prefix_path')
[2.159s] INFO:colcon.colcon_core.shell:Creating environment hook '/root/ros2_ws/install/my_action_interface/share/my_action_interface/hook/cmake_prefix_path.ps1'
[2.159s] INFO:colcon.colcon_core.shell:Creating environment descriptor '/root/ros2_ws/install/my_action_interface/share/my_action_interface/hook/cmake_prefix_path.dsv'
[2.159s] INFO:colcon.colcon_core.shell:Creating environment hook '/root/ros2_ws/install/my_action_interface/share/my_action_interface/hook/cmake_prefix_path.sh'
[2.160s] Level 1:colcon.colcon_core.environment:checking '/root/ros2_ws/install/my_action_interface/lib'
[2.160s] Level 1:colcon.colcon_core.shell:create_environment_hook('my_action_interface', 'ld_library_path_lib')
[2.160s] INFO:colcon.colcon_core.shell:Creating environment hook '/root/ros2_ws/install/my_action_interface/share/my_action_interface/hook/ld_library_path_lib.ps1'
[2.161s] INFO:colcon.colcon_core.shell:Creating environment descriptor '/root/ros2_ws/install/my_action_interface/share/my_action_interface/hook/ld_library_path_lib.dsv'
[2.161s] INFO:colcon.colcon_core.shell:Creating environment hook '/root/ros2_ws/install/my_action_interface/share/my_action_interface/hook/ld_library_path_lib.sh'
[2.161s] Level 1:colcon.colcon_core.environment:checking '/root/ros2_ws/install/my_action_interface/bin'
[2.161s] Level 1:colcon.colcon_core.environment:checking '/root/ros2_ws/install/my_action_interface/lib/pkgconfig/my_action_interface.pc'
[2.162s] Level 1:colcon.colcon_core.environment:checking '/root/ros2_ws/install/my_action_interface/lib/python3.10/site-packages'
[2.162s] Level 1:colcon.colcon_core.shell:create_environment_hook('my_action_interface', 'pythonpath')
[2.162s] INFO:colcon.colcon_core.shell:Creating environment hook '/root/ros2_ws/install/my_action_interface/share/my_action_interface/hook/pythonpath.ps1'
[2.162s] INFO:colcon.colcon_core.shell:Creating environment descriptor '/root/ros2_ws/install/my_action_interface/share/my_action_interface/hook/pythonpath.dsv'
[2.162s] INFO:colcon.colcon_core.shell:Creating environment hook '/root/ros2_ws/install/my_action_interface/share/my_action_interface/hook/pythonpath.sh'
[2.163s] Level 1:colcon.colcon_core.environment:checking '/root/ros2_ws/install/my_action_interface/bin'
[2.163s] INFO:colcon.colcon_core.shell:Creating package script '/root/ros2_ws/install/my_action_interface/share/my_action_interface/package.ps1'
[2.164s] INFO:colcon.colcon_core.shell:Creating package descriptor '/root/ros2_ws/install/my_action_interface/share/my_action_interface/package.dsv'
[2.165s] INFO:colcon.colcon_core.shell:Creating package script '/root/ros2_ws/install/my_action_interface/share/my_action_interface/package.sh'
[2.166s] INFO:colcon.colcon_core.shell:Creating package script '/root/ros2_ws/install/my_action_interface/share/my_action_interface/package.bash'
[2.167s] INFO:colcon.colcon_core.shell:Creating package script '/root/ros2_ws/install/my_action_interface/share/my_action_interface/package.zsh'
[2.168s] Level 1:colcon.colcon_core.environment:create_file_with_runtime_dependencies(/root/ros2_ws/install/my_action_interface/share/colcon-core/packages/my_action_interface)
[2.168s] Level 1:colcon.colcon_core.environment:create_environment_scripts_only(my_action_interface)
[2.168s] Level 1:colcon.colcon_core.environment:checking '/root/ros2_ws/install/my_action_interface' for CMake module files
[2.169s] Level 1:colcon.colcon_core.environment:checking '/root/ros2_ws/install/my_action_interface' for CMake config files
[2.169s] Level 1:colcon.colcon_core.shell:create_environment_hook('my_action_interface', 'cmake_prefix_path')
[2.170s] INFO:colcon.colcon_core.shell:Creating environment hook '/root/ros2_ws/install/my_action_interface/share/my_action_interface/hook/cmake_prefix_path.ps1'
[2.170s] INFO:colcon.colcon_core.shell:Creating environment descriptor '/root/ros2_ws/install/my_action_interface/share/my_action_interface/hook/cmake_prefix_path.dsv'
[2.170s] INFO:colcon.colcon_core.shell:Creating environment hook '/root/ros2_ws/install/my_action_interface/share/my_action_interface/hook/cmake_prefix_path.sh'
[2.171s] Level 1:colcon.colcon_core.environment:checking '/root/ros2_ws/install/my_action_interface/lib'
[2.171s] Level 1:colcon.colcon_core.shell:create_environment_hook('my_action_interface', 'ld_library_path_lib')
[2.171s] INFO:colcon.colcon_core.shell:Creating environment hook '/root/ros2_ws/install/my_action_interface/share/my_action_interface/hook/ld_library_path_lib.ps1'
[2.172s] INFO:colcon.colcon_core.shell:Creating environment descriptor '/root/ros2_ws/install/my_action_interface/share/my_action_interface/hook/ld_library_path_lib.dsv'
[2.172s] INFO:colcon.colcon_core.shell:Creating environment hook '/root/ros2_ws/install/my_action_interface/share/my_action_interface/hook/ld_library_path_lib.sh'
[2.173s] Level 1:colcon.colcon_core.environment:checking '/root/ros2_ws/install/my_action_interface/bin'
[2.173s] Level 1:colcon.colcon_core.environment:checking '/root/ros2_ws/install/my_action_interface/lib/pkgconfig/my_action_interface.pc'
[2.173s] Level 1:colcon.colcon_core.environment:checking '/root/ros2_ws/install/my_action_interface/lib/python3.10/site-packages'
[2.173s] Level 1:colcon.colcon_core.shell:create_environment_hook('my_action_interface', 'pythonpath')
[2.173s] INFO:colcon.colcon_core.shell:Creating environment hook '/root/ros2_ws/install/my_action_interface/share/my_action_interface/hook/pythonpath.ps1'
[2.174s] INFO:colcon.colcon_core.shell:Creating environment descriptor '/root/ros2_ws/install/my_action_interface/share/my_action_interface/hook/pythonpath.dsv'
[2.174s] INFO:colcon.colcon_core.shell:Creating environment hook '/root/ros2_ws/install/my_action_interface/share/my_action_interface/hook/pythonpath.sh'
[2.175s] Level 1:colcon.colcon_core.environment:checking '/root/ros2_ws/install/my_action_interface/bin'
[2.175s] INFO:colcon.colcon_core.shell:Creating package script '/root/ros2_ws/install/my_action_interface/share/my_action_interface/package.ps1'
[2.176s] INFO:colcon.colcon_core.shell:Creating package descriptor '/root/ros2_ws/install/my_action_interface/share/my_action_interface/package.dsv'
[2.177s] INFO:colcon.colcon_core.shell:Creating package script '/root/ros2_ws/install/my_action_interface/share/my_action_interface/package.sh'
[2.177s] INFO:colcon.colcon_core.shell:Creating package script '/root/ros2_ws/install/my_action_interface/share/my_action_interface/package.bash'
[2.178s] INFO:colcon.colcon_core.shell:Creating package script '/root/ros2_ws/install/my_action_interface/share/my_action_interface/package.zsh'
[2.178s] Level 1:colcon.colcon_core.environment:create_file_with_runtime_dependencies(/root/ros2_ws/install/my_action_interface/share/colcon-core/packages/my_action_interface)
[2.178s] Level 1:colcon.colcon_core.environment:create_environment_scripts_only(my_service_interfaces)
[2.179s] Level 1:colcon.colcon_core.environment:checking '/root/ros2_ws/install/my_service_interfaces' for CMake module files
[2.180s] DEBUG:colcon.colcon_core.event_handler.log_command:Invoked command in '/root/ros2_ws/build/my_service_interfaces' returned '0': CMAKE_PREFIX_PATH=${CMAKE_PREFIX_PATH}:/root/ros2_ws/install/talker:/root/ros2_ws/install/my_turtle_controller:/root/ros2_ws/install/my_service_server:/root/ros2_ws/install/my_service_client:/root/ros2_ws/install/my_calculate_action:/root/ros2_ws/install/listener:/opt/ros/iron /usr/bin/cmake --install /root/ros2_ws/build/my_service_interfaces
[2.181s] Level 1:colcon.colcon_core.environment:checking '/root/ros2_ws/install/my_service_interfaces' for CMake config files
[2.183s] Level 1:colcon.colcon_core.shell:create_environment_hook('my_service_interfaces', 'cmake_prefix_path')
[2.183s] INFO:colcon.colcon_core.shell:Creating environment hook '/root/ros2_ws/install/my_service_interfaces/share/my_service_interfaces/hook/cmake_prefix_path.ps1'
[2.184s] INFO:colcon.colcon_core.shell:Creating environment descriptor '/root/ros2_ws/install/my_service_interfaces/share/my_service_interfaces/hook/cmake_prefix_path.dsv'
[2.184s] INFO:colcon.colcon_core.shell:Creating environment hook '/root/ros2_ws/install/my_service_interfaces/share/my_service_interfaces/hook/cmake_prefix_path.sh'
[2.184s] Level 1:colcon.colcon_core.environment:checking '/root/ros2_ws/install/my_service_interfaces/lib'
[2.184s] Level 1:colcon.colcon_core.shell:create_environment_hook('my_service_interfaces', 'ld_library_path_lib')
[2.185s] INFO:colcon.colcon_core.shell:Creating environment hook '/root/ros2_ws/install/my_service_interfaces/share/my_service_interfaces/hook/ld_library_path_lib.ps1'
[2.185s] INFO:colcon.colcon_core.shell:Creating environment descriptor '/root/ros2_ws/install/my_service_interfaces/share/my_service_interfaces/hook/ld_library_path_lib.dsv'
[2.185s] INFO:colcon.colcon_core.shell:Creating environment hook '/root/ros2_ws/install/my_service_interfaces/share/my_service_interfaces/hook/ld_library_path_lib.sh'
[2.186s] Level 1:colcon.colcon_core.environment:checking '/root/ros2_ws/install/my_service_interfaces/bin'
[2.186s] Level 1:colcon.colcon_core.environment:checking '/root/ros2_ws/install/my_service_interfaces/lib/pkgconfig/my_service_interfaces.pc'
[2.186s] Level 1:colcon.colcon_core.environment:checking '/root/ros2_ws/install/my_service_interfaces/lib/python3.10/site-packages'
[2.186s] Level 1:colcon.colcon_core.shell:create_environment_hook('my_service_interfaces', 'pythonpath')
[2.186s] INFO:colcon.colcon_core.shell:Creating environment hook '/root/ros2_ws/install/my_service_interfaces/share/my_service_interfaces/hook/pythonpath.ps1'
[2.187s] INFO:colcon.colcon_core.shell:Creating environment descriptor '/root/ros2_ws/install/my_service_interfaces/share/my_service_interfaces/hook/pythonpath.dsv'
[2.187s] INFO:colcon.colcon_core.shell:Creating environment hook '/root/ros2_ws/install/my_service_interfaces/share/my_service_interfaces/hook/pythonpath.sh'
[2.187s] Level 1:colcon.colcon_core.environment:checking '/root/ros2_ws/install/my_service_interfaces/bin'
[2.188s] INFO:colcon.colcon_core.shell:Creating package script '/root/ros2_ws/install/my_service_interfaces/share/my_service_interfaces/package.ps1'
[2.188s] INFO:colcon.colcon_core.shell:Creating package descriptor '/root/ros2_ws/install/my_service_interfaces/share/my_service_interfaces/package.dsv'
[2.188s] INFO:colcon.colcon_core.shell:Creating package script '/root/ros2_ws/install/my_service_interfaces/share/my_service_interfaces/package.sh'
[2.189s] INFO:colcon.colcon_core.shell:Creating package script '/root/ros2_ws/install/my_service_interfaces/share/my_service_interfaces/package.bash'
[2.189s] INFO:colcon.colcon_core.shell:Creating package script '/root/ros2_ws/install/my_service_interfaces/share/my_service_interfaces/package.zsh'
[2.189s] Level 1:colcon.colcon_core.environment:create_file_with_runtime_dependencies(/root/ros2_ws/install/my_service_interfaces/share/colcon-core/packages/my_service_interfaces)
[2.190s] Level 1:colcon.colcon_core.environment:create_environment_scripts_only(my_service_interfaces)
[2.190s] Level 1:colcon.colcon_core.environment:checking '/root/ros2_ws/install/my_service_interfaces' for CMake module files
[2.191s] Level 1:colcon.colcon_core.environment:checking '/root/ros2_ws/install/my_service_interfaces' for CMake config files
[2.191s] Level 1:colcon.colcon_core.shell:create_environment_hook('my_service_interfaces', 'cmake_prefix_path')
[2.192s] INFO:colcon.colcon_core.shell:Creating environment hook '/root/ros2_ws/install/my_service_interfaces/share/my_service_interfaces/hook/cmake_prefix_path.ps1'
[2.192s] INFO:colcon.colcon_core.shell:Creating environment descriptor '/root/ros2_ws/install/my_service_interfaces/share/my_service_interfaces/hook/cmake_prefix_path.dsv'
[2.192s] INFO:colcon.colcon_core.shell:Creating environment hook '/root/ros2_ws/install/my_service_interfaces/share/my_service_interfaces/hook/cmake_prefix_path.sh'
[2.193s] Level 1:colcon.colcon_core.environment:checking '/root/ros2_ws/install/my_service_interfaces/lib'
[2.193s] Level 1:colcon.colcon_core.shell:create_environment_hook('my_service_interfaces', 'ld_library_path_lib')
[2.193s] INFO:colcon.colcon_core.shell:Creating environment hook '/root/ros2_ws/install/my_service_interfaces/share/my_service_interfaces/hook/ld_library_path_lib.ps1'
[2.193s] INFO:colcon.colcon_core.shell:Creating environment descriptor '/root/ros2_ws/install/my_service_interfaces/share/my_service_interfaces/hook/ld_library_path_lib.dsv'
[2.193s] INFO:colcon.colcon_core.shell:Creating environment hook '/root/ros2_ws/install/my_service_interfaces/share/my_service_interfaces/hook/ld_library_path_lib.sh'
[2.194s] Level 1:colcon.colcon_core.environment:checking '/root/ros2_ws/install/my_service_interfaces/bin'
[2.194s] Level 1:colcon.colcon_core.environment:checking '/root/ros2_ws/install/my_service_interfaces/lib/pkgconfig/my_service_interfaces.pc'
[2.194s] Level 1:colcon.colcon_core.environment:checking '/root/ros2_ws/install/my_service_interfaces/lib/python3.10/site-packages'
[2.194s] Level 1:colcon.colcon_core.shell:create_environment_hook('my_service_interfaces', 'pythonpath')
[2.194s] INFO:colcon.colcon_core.shell:Creating environment hook '/root/ros2_ws/install/my_service_interfaces/share/my_service_interfaces/hook/pythonpath.ps1'
[2.194s] INFO:colcon.colcon_core.shell:Creating environment descriptor '/root/ros2_ws/install/my_service_interfaces/share/my_service_interfaces/hook/pythonpath.dsv'
[2.195s] INFO:colcon.colcon_core.shell:Creating environment hook '/root/ros2_ws/install/my_service_interfaces/share/my_service_interfaces/hook/pythonpath.sh'
[2.195s] Level 1:colcon.colcon_core.environment:checking '/root/ros2_ws/install/my_service_interfaces/bin'
[2.195s] INFO:colcon.colcon_core.shell:Creating package script '/root/ros2_ws/install/my_service_interfaces/share/my_service_interfaces/package.ps1'
[2.197s] INFO:colcon.colcon_core.shell:Creating package descriptor '/root/ros2_ws/install/my_service_interfaces/share/my_service_interfaces/package.dsv'
[2.197s] INFO:colcon.colcon_core.shell:Creating package script '/root/ros2_ws/install/my_service_interfaces/share/my_service_interfaces/package.sh'
[2.198s] INFO:colcon.colcon_core.shell:Creating package script '/root/ros2_ws/install/my_service_interfaces/share/my_service_interfaces/package.bash'
[2.198s] INFO:colcon.colcon_core.shell:Creating package script '/root/ros2_ws/install/my_service_interfaces/share/my_service_interfaces/package.zsh'
[2.198s] Level 1:colcon.colcon_core.environment:create_file_with_runtime_dependencies(/root/ros2_ws/install/my_service_interfaces/share/colcon-core/packages/my_service_interfaces)
[2.199s] INFO:colcon.colcon_ros.task.ament_python.build:Building ROS package in '/root/ros2_ws/src/my_service_client' with build type 'ament_python'
[2.199s] Level 1:colcon.colcon_core.shell:create_environment_hook('my_service_client', 'ament_prefix_path')
[2.200s] INFO:colcon.colcon_core.shell:Creating environment hook '/root/ros2_ws/install/my_service_client/share/my_service_client/hook/ament_prefix_path.ps1'
[2.200s] INFO:colcon.colcon_core.shell:Creating environment descriptor '/root/ros2_ws/install/my_service_client/share/my_service_client/hook/ament_prefix_path.dsv'
[2.201s] INFO:colcon.colcon_core.shell:Creating environment hook '/root/ros2_ws/install/my_service_client/share/my_service_client/hook/ament_prefix_path.sh'
[2.202s] INFO:colcon.colcon_core.shell:Skip shell extension 'powershell' for command environment: Not usable outside of PowerShell
[2.202s] DEBUG:colcon.colcon_core.shell:Skip shell extension 'dsv' for command environment
[2.206s] INFO:colcon.colcon_ros.task.ament_python.build:Building ROS package in '/root/ros2_ws/src/my_service_server' with build type 'ament_python'
[2.207s] Level 1:colcon.colcon_core.shell:create_environment_hook('my_service_server', 'ament_prefix_path')
[2.207s] INFO:colcon.colcon_core.shell:Creating environment hook '/root/ros2_ws/install/my_service_server/share/my_service_server/hook/ament_prefix_path.ps1'
[2.208s] INFO:colcon.colcon_core.shell:Creating environment descriptor '/root/ros2_ws/install/my_service_server/share/my_service_server/hook/ament_prefix_path.dsv'
[2.208s] INFO:colcon.colcon_core.shell:Creating environment hook '/root/ros2_ws/install/my_service_server/share/my_service_server/hook/ament_prefix_path.sh'
[2.209s] INFO:colcon.colcon_core.shell:Skip shell extension 'powershell' for command environment: Not usable outside of PowerShell
[2.209s] DEBUG:colcon.colcon_core.shell:Skip shell extension 'dsv' for command environment
[2.214s] Level 1:colcon.colcon_core.environment:create_environment_scripts_only(my_custom_interface)
[2.214s] Level 1:colcon.colcon_core.environment:checking '/root/ros2_ws/install/my_custom_interface' for CMake module files
[2.215s] DEBUG:colcon.colcon_core.event_handler.log_command:Invoked command in '/root/ros2_ws/build/my_custom_interface' returned '0': CMAKE_PREFIX_PATH=${CMAKE_PREFIX_PATH}:/root/ros2_ws/install/talker:/root/ros2_ws/install/my_turtle_controller:/root/ros2_ws/install/my_service_server:/root/ros2_ws/install/my_service_client:/root/ros2_ws/install/my_calculate_action:/root/ros2_ws/install/listener:/opt/ros/iron /usr/bin/cmake --install /root/ros2_ws/build/my_custom_interface
[2.215s] Level 1:colcon.colcon_core.environment:checking '/root/ros2_ws/install/my_custom_interface' for CMake config files
[2.217s] Level 1:colcon.colcon_core.shell:create_environment_hook('my_custom_interface', 'cmake_prefix_path')
[2.218s] INFO:colcon.colcon_core.shell:Creating environment hook '/root/ros2_ws/install/my_custom_interface/share/my_custom_interface/hook/cmake_prefix_path.ps1'
[2.218s] INFO:colcon.colcon_core.shell:Creating environment descriptor '/root/ros2_ws/install/my_custom_interface/share/my_custom_interface/hook/cmake_prefix_path.dsv'
[2.219s] INFO:colcon.colcon_core.shell:Creating environment hook '/root/ros2_ws/install/my_custom_interface/share/my_custom_interface/hook/cmake_prefix_path.sh'
[2.219s] Level 1:colcon.colcon_core.environment:checking '/root/ros2_ws/install/my_custom_interface/lib'
[2.219s] Level 1:colcon.colcon_core.shell:create_environment_hook('my_custom_interface', 'ld_library_path_lib')
[2.219s] INFO:colcon.colcon_core.shell:Creating environment hook '/root/ros2_ws/install/my_custom_interface/share/my_custom_interface/hook/ld_library_path_lib.ps1'
[2.220s] INFO:colcon.colcon_core.shell:Creating environment descriptor '/root/ros2_ws/install/my_custom_interface/share/my_custom_interface/hook/ld_library_path_lib.dsv'
[2.220s] INFO:colcon.colcon_core.shell:Creating environment hook '/root/ros2_ws/install/my_custom_interface/share/my_custom_interface/hook/ld_library_path_lib.sh'
[2.220s] Level 1:colcon.colcon_core.environment:checking '/root/ros2_ws/install/my_custom_interface/bin'
[2.220s] Level 1:colcon.colcon_core.environment:checking '/root/ros2_ws/install/my_custom_interface/lib/pkgconfig/my_custom_interface.pc'
[2.221s] Level 1:colcon.colcon_core.environment:checking '/root/ros2_ws/install/my_custom_interface/lib/python3.10/site-packages'
[2.221s] Level 1:colcon.colcon_core.shell:create_environment_hook('my_custom_interface', 'pythonpath')
[2.221s] INFO:colcon.colcon_core.shell:Creating environment hook '/root/ros2_ws/install/my_custom_interface/share/my_custom_interface/hook/pythonpath.ps1'
[2.221s] INFO:colcon.colcon_core.shell:Creating environment descriptor '/root/ros2_ws/install/my_custom_interface/share/my_custom_interface/hook/pythonpath.dsv'
[2.222s] INFO:colcon.colcon_core.shell:Creating environment hook '/root/ros2_ws/install/my_custom_interface/share/my_custom_interface/hook/pythonpath.sh'
[2.222s] Level 1:colcon.colcon_core.environment:checking '/root/ros2_ws/install/my_custom_interface/bin'
[2.222s] INFO:colcon.colcon_core.shell:Creating package script '/root/ros2_ws/install/my_custom_interface/share/my_custom_interface/package.ps1'
[2.223s] INFO:colcon.colcon_core.shell:Creating package descriptor '/root/ros2_ws/install/my_custom_interface/share/my_custom_interface/package.dsv'
[2.223s] INFO:colcon.colcon_core.shell:Creating package script '/root/ros2_ws/install/my_custom_interface/share/my_custom_interface/package.sh'
[2.224s] INFO:colcon.colcon_core.shell:Creating package script '/root/ros2_ws/install/my_custom_interface/share/my_custom_interface/package.bash'
[2.224s] INFO:colcon.colcon_core.shell:Creating package script '/root/ros2_ws/install/my_custom_interface/share/my_custom_interface/package.zsh'
[2.224s] Level 1:colcon.colcon_core.environment:create_file_with_runtime_dependencies(/root/ros2_ws/install/my_custom_interface/share/colcon-core/packages/my_custom_interface)
[2.225s] Level 1:colcon.colcon_core.environment:create_environment_scripts_only(my_custom_interface)
[2.225s] Level 1:colcon.colcon_core.environment:checking '/root/ros2_ws/install/my_custom_interface' for CMake module files
[2.226s] Level 1:colcon.colcon_core.environment:checking '/root/ros2_ws/install/my_custom_interface' for CMake config files
[2.227s] Level 1:colcon.colcon_core.shell:create_environment_hook('my_custom_interface', 'cmake_prefix_path')
[2.227s] INFO:colcon.colcon_core.shell:Creating environment hook '/root/ros2_ws/install/my_custom_interface/share/my_custom_interface/hook/cmake_prefix_path.ps1'
[2.227s] INFO:colcon.colcon_core.shell:Creating environment descriptor '/root/ros2_ws/install/my_custom_interface/share/my_custom_interface/hook/cmake_prefix_path.dsv'
[2.228s] INFO:colcon.colcon_core.shell:Creating environment hook '/root/ros2_ws/install/my_custom_interface/share/my_custom_interface/hook/cmake_prefix_path.sh'
[2.228s] Level 1:colcon.colcon_core.environment:checking '/root/ros2_ws/install/my_custom_interface/lib'
[2.229s] Level 1:colcon.colcon_core.shell:create_environment_hook('my_custom_interface', 'ld_library_path_lib')
[2.229s] INFO:colcon.colcon_core.shell:Creating environment hook '/root/ros2_ws/install/my_custom_interface/share/my_custom_interface/hook/ld_library_path_lib.ps1'
[2.229s] INFO:colcon.colcon_core.shell:Creating environment descriptor '/root/ros2_ws/install/my_custom_interface/share/my_custom_interface/hook/ld_library_path_lib.dsv'
[2.229s] INFO:colcon.colcon_core.shell:Creating environment hook '/root/ros2_ws/install/my_custom_interface/share/my_custom_interface/hook/ld_library_path_lib.sh'
[2.230s] Level 1:colcon.colcon_core.environment:checking '/root/ros2_ws/install/my_custom_interface/bin'
[2.230s] Level 1:colcon.colcon_core.environment:checking '/root/ros2_ws/install/my_custom_interface/lib/pkgconfig/my_custom_interface.pc'
[2.230s] Level 1:colcon.colcon_core.environment:checking '/root/ros2_ws/install/my_custom_interface/lib/python3.10/site-packages'
[2.230s] Level 1:colcon.colcon_core.shell:create_environment_hook('my_custom_interface', 'pythonpath')
[2.230s] INFO:colcon.colcon_core.shell:Creating environment hook '/root/ros2_ws/install/my_custom_interface/share/my_custom_interface/hook/pythonpath.ps1'
[2.231s] INFO:colcon.colcon_core.shell:Creating environment descriptor '/root/ros2_ws/install/my_custom_interface/share/my_custom_interface/hook/pythonpath.dsv'
[2.231s] INFO:colcon.colcon_core.shell:Creating environment hook '/root/ros2_ws/install/my_custom_interface/share/my_custom_interface/hook/pythonpath.sh'
[2.231s] Level 1:colcon.colcon_core.environment:checking '/root/ros2_ws/install/my_custom_interface/bin'
[2.232s] INFO:colcon.colcon_core.shell:Creating package script '/root/ros2_ws/install/my_custom_interface/share/my_custom_interface/package.ps1'
[2.244s] INFO:colcon.colcon_core.shell:Creating package descriptor '/root/ros2_ws/install/my_custom_interface/share/my_custom_interface/package.dsv'
[2.244s] INFO:colcon.colcon_core.shell:Creating package script '/root/ros2_ws/install/my_custom_interface/share/my_custom_interface/package.sh'
[2.245s] INFO:colcon.colcon_core.shell:Creating package script '/root/ros2_ws/install/my_custom_interface/share/my_custom_interface/package.bash'
[2.245s] INFO:colcon.colcon_core.shell:Creating package script '/root/ros2_ws/install/my_custom_interface/share/my_custom_interface/package.zsh'
[2.245s] Level 1:colcon.colcon_core.environment:create_file_with_runtime_dependencies(/root/ros2_ws/install/my_custom_interface/share/colcon-core/packages/my_custom_interface)
[2.519s] INFO:colcon.colcon_core.task.python.build:Building Python package in '/root/ros2_ws/src/my_service_client'
[2.519s] INFO:colcon.colcon_core.shell:Skip shell extension 'powershell' for command environment: Not usable outside of PowerShell
[2.519s] DEBUG:colcon.colcon_core.shell:Skip shell extension 'dsv' for command environment
[2.733s] INFO:colcon.colcon_core.task.python.build:Building Python package in '/root/ros2_ws/src/my_service_server'
[2.734s] INFO:colcon.colcon_core.shell:Skip shell extension 'powershell' for command environment: Not usable outside of PowerShell
[2.734s] DEBUG:colcon.colcon_core.shell:Skip shell extension 'dsv' for command environment
[2.774s] DEBUG:colcon.colcon_core.event_handler.log_command:Invoking command in '/root/ros2_ws/src/my_turtle_controller': PYTHONPATH=/root/ros2_ws/build/my_turtle_controller/prefix_override:/usr/lib/python3/dist-packages/colcon_core/task/python/colcon_distutils_commands:/root/ros2_ws/install/my_turtle_controller/lib/python3.10/site-packages:${PYTHONPATH} /usr/bin/python3 -W ignore:setup.py install is deprecated -W ignore:easy_install command is deprecated setup.py egg_info --egg-base ../../build/my_turtle_controller build --build-base /root/ros2_ws/build/my_turtle_controller/build install --record /root/ros2_ws/build/my_turtle_controller/install.log --single-version-externally-managed install_data
[2.778s] DEBUG:colcon.colcon_core.event_handler.log_command:Invoking command in '/root/ros2_ws/src/my_calculate_action': PYTHONPATH=/root/ros2_ws/build/my_calculate_action/prefix_override:/usr/lib/python3/dist-packages/colcon_core/task/python/colcon_distutils_commands:/root/ros2_ws/install/my_calculate_action/lib/python3.10/site-packages:${PYTHONPATH} /usr/bin/python3 -W ignore:setup.py install is deprecated -W ignore:easy_install command is deprecated setup.py egg_info --egg-base ../../build/my_calculate_action build --build-base /root/ros2_ws/build/my_calculate_action/build install --record /root/ros2_ws/build/my_calculate_action/install.log --single-version-externally-managed install_data
[2.785s] DEBUG:colcon.colcon_core.event_handler.log_command:Invoking command in '/root/ros2_ws/src/listener': PYTHONPATH=/root/ros2_ws/build/listener/prefix_override:/usr/lib/python3/dist-packages/colcon_core/task/python/colcon_distutils_commands:/root/ros2_ws/install/listener/lib/python3.10/site-packages:${PYTHONPATH} /usr/bin/python3 -W ignore:setup.py install is deprecated -W ignore:easy_install command is deprecated setup.py egg_info --egg-base ../../build/listener build --build-base /root/ros2_ws/build/listener/build install --record /root/ros2_ws/build/listener/install.log --single-version-externally-managed install_data
[2.785s] DEBUG:colcon.colcon_core.event_handler.log_command:Invoking command in '/root/ros2_ws/src/talker': PYTHONPATH=/root/ros2_ws/build/talker/prefix_override:/usr/lib/python3/dist-packages/colcon_core/task/python/colcon_distutils_commands:/root/ros2_ws/install/talker/lib/python3.10/site-packages:${PYTHONPATH} /usr/bin/python3 -W ignore:setup.py install is deprecated -W ignore:easy_install command is deprecated setup.py egg_info --egg-base ../../build/talker build --build-base /root/ros2_ws/build/talker/build install --record /root/ros2_ws/build/talker/install.log --single-version-externally-managed install_data
[3.280s] DEBUG:colcon.colcon_core.event_handler.log_command:Invoking command in '/root/ros2_ws/src/my_service_client': PYTHONPATH=/root/ros2_ws/build/my_service_client/prefix_override:/usr/lib/python3/dist-packages/colcon_core/task/python/colcon_distutils_commands:/root/ros2_ws/install/my_service_client/lib/python3.10/site-packages:/root/ros2_ws/install/my_service_interfaces/lib/python3.10/site-packages:/root/ros2_ws/install/talker/lib/python3.10/site-packages:/root/ros2_ws/install/my_turtle_controller/lib/python3.10/site-packages:/root/ros2_ws/install/my_service_server/lib/python3.10/site-packages:/root/ros2_ws/install/my_service_client/lib/python3.10/site-packages:/root/ros2_ws/install/my_custom_interface/lib/python3.10/site-packages:/root/ros2_ws/install/my_calculate_action/lib/python3.10/site-packages:/root/ros2_ws/install/my_action_interface/lib/python3.10/site-packages:/root/ros2_ws/install/listener/lib/python3.10/site-packages:/opt/ros/iron/lib/python3.10/site-packages /usr/bin/python3 -W ignore:setup.py install is deprecated -W ignore:easy_install command is deprecated setup.py egg_info --egg-base ../../build/my_service_client build --build-base /root/ros2_ws/build/my_service_client/build install --record /root/ros2_ws/build/my_service_client/install.log --single-version-externally-managed install_data
[3.321s] Level 1:colcon.colcon_core.environment:checking '/root/ros2_ws/install/my_calculate_action' for CMake module files
[3.322s] DEBUG:colcon.colcon_core.event_handler.log_command:Invoked command in '/root/ros2_ws/src/my_calculate_action' returned '0': PYTHONPATH=/root/ros2_ws/build/my_calculate_action/prefix_override:/usr/lib/python3/dist-packages/colcon_core/task/python/colcon_distutils_commands:/root/ros2_ws/install/my_calculate_action/lib/python3.10/site-packages:${PYTHONPATH} /usr/bin/python3 -W ignore:setup.py install is deprecated -W ignore:easy_install command is deprecated setup.py egg_info --egg-base ../../build/my_calculate_action build --build-base /root/ros2_ws/build/my_calculate_action/build install --record /root/ros2_ws/build/my_calculate_action/install.log --single-version-externally-managed install_data
[3.324s] Level 1:colcon.colcon_core.environment:checking '/root/ros2_ws/install/my_calculate_action' for CMake config files
[3.325s] Level 1:colcon.colcon_core.environment:checking '/root/ros2_ws/install/my_calculate_action/lib'
[3.325s] Level 1:colcon.colcon_core.environment:checking '/root/ros2_ws/install/my_calculate_action/bin'
[3.325s] Level 1:colcon.colcon_core.environment:checking '/root/ros2_ws/install/my_calculate_action/lib/pkgconfig/my_calculate_action.pc'
[3.325s] Level 1:colcon.colcon_core.environment:checking '/root/ros2_ws/install/my_calculate_action/lib/python3.10/site-packages'
[3.326s] Level 1:colcon.colcon_core.shell:create_environment_hook('my_calculate_action', 'pythonpath')
[3.326s] INFO:colcon.colcon_core.shell:Creating environment hook '/root/ros2_ws/install/my_calculate_action/share/my_calculate_action/hook/pythonpath.ps1'
[3.326s] INFO:colcon.colcon_core.shell:Creating environment descriptor '/root/ros2_ws/install/my_calculate_action/share/my_calculate_action/hook/pythonpath.dsv'
[3.327s] INFO:colcon.colcon_core.shell:Creating environment hook '/root/ros2_ws/install/my_calculate_action/share/my_calculate_action/hook/pythonpath.sh'
[3.327s] Level 1:colcon.colcon_core.environment:checking '/root/ros2_ws/install/my_calculate_action/bin'
[3.327s] Level 1:colcon.colcon_core.environment:create_environment_scripts_only(my_calculate_action)
[3.327s] INFO:colcon.colcon_core.shell:Creating package script '/root/ros2_ws/install/my_calculate_action/share/my_calculate_action/package.ps1'
[3.328s] INFO:colcon.colcon_core.shell:Creating package descriptor '/root/ros2_ws/install/my_calculate_action/share/my_calculate_action/package.dsv'
[3.328s] INFO:colcon.colcon_core.shell:Creating package script '/root/ros2_ws/install/my_calculate_action/share/my_calculate_action/package.sh'
[3.329s] INFO:colcon.colcon_core.shell:Creating package script '/root/ros2_ws/install/my_calculate_action/share/my_calculate_action/package.bash'
[3.330s] INFO:colcon.colcon_core.shell:Creating package script '/root/ros2_ws/install/my_calculate_action/share/my_calculate_action/package.zsh'
[3.330s] Level 1:colcon.colcon_core.environment:create_file_with_runtime_dependencies(/root/ros2_ws/install/my_calculate_action/share/colcon-core/packages/my_calculate_action)
[3.342s] Level 1:colcon.colcon_core.environment:checking '/root/ros2_ws/install/my_turtle_controller' for CMake module files
[3.342s] DEBUG:colcon.colcon_core.event_handler.log_command:Invoked command in '/root/ros2_ws/src/my_turtle_controller' returned '0': PYTHONPATH=/root/ros2_ws/build/my_turtle_controller/prefix_override:/usr/lib/python3/dist-packages/colcon_core/task/python/colcon_distutils_commands:/root/ros2_ws/install/my_turtle_controller/lib/python3.10/site-packages:${PYTHONPATH} /usr/bin/python3 -W ignore:setup.py install is deprecated -W ignore:easy_install command is deprecated setup.py egg_info --egg-base ../../build/my_turtle_controller build --build-base /root/ros2_ws/build/my_turtle_controller/build install --record /root/ros2_ws/build/my_turtle_controller/install.log --single-version-externally-managed install_data
[3.343s] Level 1:colcon.colcon_core.environment:checking '/root/ros2_ws/install/my_turtle_controller' for CMake config files
[3.344s] Level 1:colcon.colcon_core.environment:checking '/root/ros2_ws/install/my_turtle_controller/lib'
[3.344s] Level 1:colcon.colcon_core.environment:checking '/root/ros2_ws/install/my_turtle_controller/bin'
[3.344s] Level 1:colcon.colcon_core.environment:checking '/root/ros2_ws/install/my_turtle_controller/lib/pkgconfig/my_turtle_controller.pc'
[3.345s] Level 1:colcon.colcon_core.environment:checking '/root/ros2_ws/install/my_turtle_controller/lib/python3.10/site-packages'
[3.345s] Level 1:colcon.colcon_core.shell:create_environment_hook('my_turtle_controller', 'pythonpath')
[3.345s] INFO:colcon.colcon_core.shell:Creating environment hook '/root/ros2_ws/install/my_turtle_controller/share/my_turtle_controller/hook/pythonpath.ps1'
[3.345s] INFO:colcon.colcon_core.shell:Creating environment descriptor '/root/ros2_ws/install/my_turtle_controller/share/my_turtle_controller/hook/pythonpath.dsv'
[3.346s] INFO:colcon.colcon_core.shell:Creating environment hook '/root/ros2_ws/install/my_turtle_controller/share/my_turtle_controller/hook/pythonpath.sh'
[3.346s] Level 1:colcon.colcon_core.environment:checking '/root/ros2_ws/install/my_turtle_controller/bin'
[3.346s] Level 1:colcon.colcon_core.environment:create_environment_scripts_only(my_turtle_controller)
[3.347s] INFO:colcon.colcon_core.shell:Creating package script '/root/ros2_ws/install/my_turtle_controller/share/my_turtle_controller/package.ps1'
[3.347s] INFO:colcon.colcon_core.shell:Creating package descriptor '/root/ros2_ws/install/my_turtle_controller/share/my_turtle_controller/package.dsv'
[3.347s] INFO:colcon.colcon_core.shell:Creating package script '/root/ros2_ws/install/my_turtle_controller/share/my_turtle_controller/package.sh'
[3.348s] INFO:colcon.colcon_core.shell:Creating package script '/root/ros2_ws/install/my_turtle_controller/share/my_turtle_controller/package.bash'
[3.348s] INFO:colcon.colcon_core.shell:Creating package script '/root/ros2_ws/install/my_turtle_controller/share/my_turtle_controller/package.zsh'
[3.348s] Level 1:colcon.colcon_core.environment:create_file_with_runtime_dependencies(/root/ros2_ws/install/my_turtle_controller/share/colcon-core/packages/my_turtle_controller)
[3.355s] Level 1:colcon.colcon_core.environment:checking '/root/ros2_ws/install/listener' for CMake module files
[3.355s] DEBUG:colcon.colcon_core.event_handler.log_command:Invoked command in '/root/ros2_ws/src/listener' returned '0': PYTHONPATH=/root/ros2_ws/build/listener/prefix_override:/usr/lib/python3/dist-packages/colcon_core/task/python/colcon_distutils_commands:/root/ros2_ws/install/listener/lib/python3.10/site-packages:${PYTHONPATH} /usr/bin/python3 -W ignore:setup.py install is deprecated -W ignore:easy_install command is deprecated setup.py egg_info --egg-base ../../build/listener build --build-base /root/ros2_ws/build/listener/build install --record /root/ros2_ws/build/listener/install.log --single-version-externally-managed install_data
[3.356s] Level 1:colcon.colcon_core.environment:checking '/root/ros2_ws/install/listener' for CMake config files
[3.360s] Level 1:colcon.colcon_core.environment:checking '/root/ros2_ws/install/listener/lib'
[3.360s] Level 1:colcon.colcon_core.environment:checking '/root/ros2_ws/install/listener/bin'
[3.360s] Level 1:colcon.colcon_core.environment:checking '/root/ros2_ws/install/listener/lib/pkgconfig/listener.pc'
[3.360s] Level 1:colcon.colcon_core.environment:checking '/root/ros2_ws/install/listener/lib/python3.10/site-packages'
[3.360s] Level 1:colcon.colcon_core.shell:create_environment_hook('listener', 'pythonpath')
[3.361s] INFO:colcon.colcon_core.shell:Creating environment hook '/root/ros2_ws/install/listener/share/listener/hook/pythonpath.ps1'
[3.361s] INFO:colcon.colcon_core.shell:Creating environment descriptor '/root/ros2_ws/install/listener/share/listener/hook/pythonpath.dsv'
[3.361s] INFO:colcon.colcon_core.shell:Creating environment hook '/root/ros2_ws/install/listener/share/listener/hook/pythonpath.sh'
[3.362s] Level 1:colcon.colcon_core.environment:checking '/root/ros2_ws/install/listener/bin'
[3.362s] Level 1:colcon.colcon_core.environment:create_environment_scripts_only(listener)
[3.362s] INFO:colcon.colcon_core.shell:Creating package script '/root/ros2_ws/install/listener/share/listener/package.ps1'
[3.362s] INFO:colcon.colcon_core.shell:Creating package descriptor '/root/ros2_ws/install/listener/share/listener/package.dsv'
[3.363s] INFO:colcon.colcon_core.shell:Creating package script '/root/ros2_ws/install/listener/share/listener/package.sh'
[3.363s] INFO:colcon.colcon_core.shell:Creating package script '/root/ros2_ws/install/listener/share/listener/package.bash'
[3.363s] INFO:colcon.colcon_core.shell:Creating package script '/root/ros2_ws/install/listener/share/listener/package.zsh'
[3.364s] Level 1:colcon.colcon_core.environment:create_file_with_runtime_dependencies(/root/ros2_ws/install/listener/share/colcon-core/packages/listener)
[3.367s] Level 1:colcon.colcon_core.environment:checking '/root/ros2_ws/install/talker' for CMake module files
[3.368s] DEBUG:colcon.colcon_core.event_handler.log_command:Invoked command in '/root/ros2_ws/src/talker' returned '0': PYTHONPATH=/root/ros2_ws/build/talker/prefix_override:/usr/lib/python3/dist-packages/colcon_core/task/python/colcon_distutils_commands:/root/ros2_ws/install/talker/lib/python3.10/site-packages:${PYTHONPATH} /usr/bin/python3 -W ignore:setup.py install is deprecated -W ignore:easy_install command is deprecated setup.py egg_info --egg-base ../../build/talker build --build-base /root/ros2_ws/build/talker/build install --record /root/ros2_ws/build/talker/install.log --single-version-externally-managed install_data
[3.368s] Level 1:colcon.colcon_core.environment:checking '/root/ros2_ws/install/talker' for CMake config files
[3.369s] Level 1:colcon.colcon_core.environment:checking '/root/ros2_ws/install/talker/lib'
[3.369s] Level 1:colcon.colcon_core.environment:checking '/root/ros2_ws/install/talker/bin'
[3.369s] Level 1:colcon.colcon_core.environment:checking '/root/ros2_ws/install/talker/lib/pkgconfig/talker.pc'
[3.369s] Level 1:colcon.colcon_core.environment:checking '/root/ros2_ws/install/talker/lib/python3.10/site-packages'
[3.369s] Level 1:colcon.colcon_core.shell:create_environment_hook('talker', 'pythonpath')
[3.369s] INFO:colcon.colcon_core.shell:Creating environment hook '/root/ros2_ws/install/talker/share/talker/hook/pythonpath.ps1'
[3.370s] INFO:colcon.colcon_core.shell:Creating environment descriptor '/root/ros2_ws/install/talker/share/talker/hook/pythonpath.dsv'
[3.370s] INFO:colcon.colcon_core.shell:Creating environment hook '/root/ros2_ws/install/talker/share/talker/hook/pythonpath.sh'
[3.371s] Level 1:colcon.colcon_core.environment:checking '/root/ros2_ws/install/talker/bin'
[3.371s] Level 1:colcon.colcon_core.environment:create_environment_scripts_only(talker)
[3.371s] INFO:colcon.colcon_core.shell:Creating package script '/root/ros2_ws/install/talker/share/talker/package.ps1'
[3.371s] INFO:colcon.colcon_core.shell:Creating package descriptor '/root/ros2_ws/install/talker/share/talker/package.dsv'
[3.372s] INFO:colcon.colcon_core.shell:Creating package script '/root/ros2_ws/install/talker/share/talker/package.sh'
[3.372s] INFO:colcon.colcon_core.shell:Creating package script '/root/ros2_ws/install/talker/share/talker/package.bash'
[3.372s] INFO:colcon.colcon_core.shell:Creating package script '/root/ros2_ws/install/talker/share/talker/package.zsh'
[3.372s] Level 1:colcon.colcon_core.environment:create_file_with_runtime_dependencies(/root/ros2_ws/install/talker/share/colcon-core/packages/talker)
[3.418s] DEBUG:colcon.colcon_core.event_handler.log_command:Invoking command in '/root/ros2_ws/src/my_service_server': PYTHONPATH=/root/ros2_ws/build/my_service_server/prefix_override:/usr/lib/python3/dist-packages/colcon_core/task/python/colcon_distutils_commands:/root/ros2_ws/install/my_service_server/lib/python3.10/site-packages:/root/ros2_ws/install/my_service_interfaces/lib/python3.10/site-packages:/root/ros2_ws/install/talker/lib/python3.10/site-packages:/root/ros2_ws/install/my_turtle_controller/lib/python3.10/site-packages:/root/ros2_ws/install/my_service_server/lib/python3.10/site-packages:/root/ros2_ws/install/my_service_client/lib/python3.10/site-packages:/root/ros2_ws/install/my_custom_interface/lib/python3.10/site-packages:/root/ros2_ws/install/my_calculate_action/lib/python3.10/site-packages:/root/ros2_ws/install/my_action_interface/lib/python3.10/site-packages:/root/ros2_ws/install/listener/lib/python3.10/site-packages:/opt/ros/iron/lib/python3.10/site-packages /usr/bin/python3 -W ignore:setup.py install is deprecated -W ignore:easy_install command is deprecated setup.py egg_info --egg-base ../../build/my_service_server build --build-base /root/ros2_ws/build/my_service_server/build install --record /root/ros2_ws/build/my_service_server/install.log --single-version-externally-managed install_data
[3.755s] Level 1:colcon.colcon_core.environment:checking '/root/ros2_ws/install/my_service_client' for CMake module files
[3.755s] DEBUG:colcon.colcon_core.event_handler.log_command:Invoked command in '/root/ros2_ws/src/my_service_client' returned '0': PYTHONPATH=/root/ros2_ws/build/my_service_client/prefix_override:/usr/lib/python3/dist-packages/colcon_core/task/python/colcon_distutils_commands:/root/ros2_ws/install/my_service_client/lib/python3.10/site-packages:/root/ros2_ws/install/my_service_interfaces/lib/python3.10/site-packages:/root/ros2_ws/install/talker/lib/python3.10/site-packages:/root/ros2_ws/install/my_turtle_controller/lib/python3.10/site-packages:/root/ros2_ws/install/my_service_server/lib/python3.10/site-packages:/root/ros2_ws/install/my_service_client/lib/python3.10/site-packages:/root/ros2_ws/install/my_custom_interface/lib/python3.10/site-packages:/root/ros2_ws/install/my_calculate_action/lib/python3.10/site-packages:/root/ros2_ws/install/my_action_interface/lib/python3.10/site-packages:/root/ros2_ws/install/listener/lib/python3.10/site-packages:/opt/ros/iron/lib/python3.10/site-packages /usr/bin/python3 -W ignore:setup.py install is deprecated -W ignore:easy_install command is deprecated setup.py egg_info --egg-base ../../build/my_service_client build --build-base /root/ros2_ws/build/my_service_client/build install --record /root/ros2_ws/build/my_service_client/install.log --single-version-externally-managed install_data
[3.755s] Level 1:colcon.colcon_core.environment:checking '/root/ros2_ws/install/my_service_client' for CMake config files
[3.757s] Level 1:colcon.colcon_core.environment:checking '/root/ros2_ws/install/my_service_client/lib'
[3.757s] Level 1:colcon.colcon_core.environment:checking '/root/ros2_ws/install/my_service_client/bin'
[3.758s] Level 1:colcon.colcon_core.environment:checking '/root/ros2_ws/install/my_service_client/lib/pkgconfig/my_service_client.pc'
[3.758s] Level 1:colcon.colcon_core.environment:checking '/root/ros2_ws/install/my_service_client/lib/python3.10/site-packages'
[3.758s] Level 1:colcon.colcon_core.shell:create_environment_hook('my_service_client', 'pythonpath')
[3.758s] INFO:colcon.colcon_core.shell:Creating environment hook '/root/ros2_ws/install/my_service_client/share/my_service_client/hook/pythonpath.ps1'
[3.758s] INFO:colcon.colcon_core.shell:Creating environment descriptor '/root/ros2_ws/install/my_service_client/share/my_service_client/hook/pythonpath.dsv'
[3.759s] INFO:colcon.colcon_core.shell:Creating environment hook '/root/ros2_ws/install/my_service_client/share/my_service_client/hook/pythonpath.sh'
[3.759s] Level 1:colcon.colcon_core.environment:checking '/root/ros2_ws/install/my_service_client/bin'
[3.759s] Level 1:colcon.colcon_core.environment:create_environment_scripts_only(my_service_client)
[3.759s] INFO:colcon.colcon_core.shell:Creating package script '/root/ros2_ws/install/my_service_client/share/my_service_client/package.ps1'
[3.760s] INFO:colcon.colcon_core.shell:Creating package descriptor '/root/ros2_ws/install/my_service_client/share/my_service_client/package.dsv'
[3.760s] INFO:colcon.colcon_core.shell:Creating package script '/root/ros2_ws/install/my_service_client/share/my_service_client/package.sh'
[3.761s] INFO:colcon.colcon_core.shell:Creating package script '/root/ros2_ws/install/my_service_client/share/my_service_client/package.bash'
[3.761s] INFO:colcon.colcon_core.shell:Creating package script '/root/ros2_ws/install/my_service_client/share/my_service_client/package.zsh'
[3.761s] Level 1:colcon.colcon_core.environment:create_file_with_runtime_dependencies(/root/ros2_ws/install/my_service_client/share/colcon-core/packages/my_service_client)
[3.873s] Level 1:colcon.colcon_core.environment:checking '/root/ros2_ws/install/my_service_server' for CMake module files
[3.874s] DEBUG:colcon.colcon_core.event_handler.log_command:Invoked command in '/root/ros2_ws/src/my_service_server' returned '0': PYTHONPATH=/root/ros2_ws/build/my_service_server/prefix_override:/usr/lib/python3/dist-packages/colcon_core/task/python/colcon_distutils_commands:/root/ros2_ws/install/my_service_server/lib/python3.10/site-packages:/root/ros2_ws/install/my_service_interfaces/lib/python3.10/site-packages:/root/ros2_ws/install/talker/lib/python3.10/site-packages:/root/ros2_ws/install/my_turtle_controller/lib/python3.10/site-packages:/root/ros2_ws/install/my_service_server/lib/python3.10/site-packages:/root/ros2_ws/install/my_service_client/lib/python3.10/site-packages:/root/ros2_ws/install/my_custom_interface/lib/python3.10/site-packages:/root/ros2_ws/install/my_calculate_action/lib/python3.10/site-packages:/root/ros2_ws/install/my_action_interface/lib/python3.10/site-packages:/root/ros2_ws/install/listener/lib/python3.10/site-packages:/opt/ros/iron/lib/python3.10/site-packages /usr/bin/python3 -W ignore:setup.py install is deprecated -W ignore:easy_install command is deprecated setup.py egg_info --egg-base ../../build/my_service_server build --build-base /root/ros2_ws/build/my_service_server/build install --record /root/ros2_ws/build/my_service_server/install.log --single-version-externally-managed install_data
[3.874s] Level 1:colcon.colcon_core.environment:checking '/root/ros2_ws/install/my_service_server' for CMake config files
[3.876s] Level 1:colcon.colcon_core.environment:checking '/root/ros2_ws/install/my_service_server/lib'
[3.876s] Level 1:colcon.colcon_core.environment:checking '/root/ros2_ws/install/my_service_server/bin'
[3.876s] Level 1:colcon.colcon_core.environment:checking '/root/ros2_ws/install/my_service_server/lib/pkgconfig/my_service_server.pc'
[3.876s] Level 1:colcon.colcon_core.environment:checking '/root/ros2_ws/install/my_service_server/lib/python3.10/site-packages'
[3.876s] Level 1:colcon.colcon_core.shell:create_environment_hook('my_service_server', 'pythonpath')
[3.876s] INFO:colcon.colcon_core.shell:Creating environment hook '/root/ros2_ws/install/my_service_server/share/my_service_server/hook/pythonpath.ps1'
[3.877s] INFO:colcon.colcon_core.shell:Creating environment descriptor '/root/ros2_ws/install/my_service_server/share/my_service_server/hook/pythonpath.dsv'
[3.877s] INFO:colcon.colcon_core.shell:Creating environment hook '/root/ros2_ws/install/my_service_server/share/my_service_server/hook/pythonpath.sh'
[3.878s] Level 1:colcon.colcon_core.environment:checking '/root/ros2_ws/install/my_service_server/bin'
[3.878s] Level 1:colcon.colcon_core.environment:create_environment_scripts_only(my_service_server)
[3.878s] INFO:colcon.colcon_core.shell:Creating package script '/root/ros2_ws/install/my_service_server/share/my_service_server/package.ps1'
[3.878s] INFO:colcon.colcon_core.shell:Creating package descriptor '/root/ros2_ws/install/my_service_server/share/my_service_server/package.dsv'
[3.879s] INFO:colcon.colcon_core.shell:Creating package script '/root/ros2_ws/install/my_service_server/share/my_service_server/package.sh'
[3.879s] INFO:colcon.colcon_core.shell:Creating package script '/root/ros2_ws/install/my_service_server/share/my_service_server/package.bash'
[3.879s] INFO:colcon.colcon_core.shell:Creating package script '/root/ros2_ws/install/my_service_server/share/my_service_server/package.zsh'
[3.880s] Level 1:colcon.colcon_core.environment:create_file_with_runtime_dependencies(/root/ros2_ws/install/my_service_server/share/colcon-core/packages/my_service_server)
[3.880s] DEBUG:colcon.colcon_parallel_executor.executor.parallel:closing loop
[3.880s] DEBUG:colcon.colcon_parallel_executor.executor.parallel:loop closed
[3.880s] DEBUG:colcon.colcon_parallel_executor.executor.parallel:run_until_complete finished with '0'
[3.880s] DEBUG:colcon.colcon_core.event_reactor:joining thread
[3.958s] INFO:colcon.colcon_core.plugin_system:Skipping extension 'colcon_notification.desktop_notification.notify_send': Could not find 'notify-send'
[3.958s] INFO:colcon.colcon_core.plugin_system:Skipping extension 'colcon_notification.desktop_notification.terminal_notifier': Not used on non-Darwin systems
[3.958s] INFO:colcon.colcon_core.plugin_system:Skipping extension 'colcon_notification.desktop_notification.win32': Not used on non-Windows systems
[3.958s] INFO:colcon.colcon_notification.desktop_notification:Sending desktop notification using 'notify2'
[3.958s] DEBUG:colcon.colcon_notification.desktop_notification.notify2:Failed to initialize notify2: org.freedesktop.DBus.Error.FileNotFound: Failed to connect to socket /run/user/0/bus: No such file or directory
[3.958s] DEBUG:colcon.colcon_core.event_reactor:joined thread
[3.959s] INFO:colcon.colcon_core.shell:Creating prefix script '/root/ros2_ws/install/local_setup.ps1'
[3.960s] INFO:colcon.colcon_core.shell:Creating prefix util module '/root/ros2_ws/install/_local_setup_util_ps1.py'
[3.962s] INFO:colcon.colcon_core.shell:Creating prefix chain script '/root/ros2_ws/install/setup.ps1'
[3.963s] INFO:colcon.colcon_core.shell:Creating prefix script '/root/ros2_ws/install/local_setup.sh'
[3.964s] INFO:colcon.colcon_core.shell:Creating prefix util module '/root/ros2_ws/install/_local_setup_util_sh.py'
[3.964s] INFO:colcon.colcon_core.shell:Creating prefix chain script '/root/ros2_ws/install/setup.sh'
[3.966s] INFO:colcon.colcon_core.shell:Creating prefix script '/root/ros2_ws/install/local_setup.bash'
[3.966s] INFO:colcon.colcon_core.shell:Creating prefix chain script '/root/ros2_ws/install/setup.bash'
[3.968s] INFO:colcon.colcon_core.shell:Creating prefix script '/root/ros2_ws/install/local_setup.zsh'
[3.969s] INFO:colcon.colcon_core.shell:Creating prefix chain script '/root/ros2_ws/install/setup.zsh'
