[3.220s] Invoking command in '/root/ros2_ws/src/listener': PYTHONPATH=/root/ros2_ws/build/listener/prefix_override:/usr/lib/python3/dist-packages/colcon_core/task/python/colcon_distutils_commands:/root/ros2_ws/install/listener/lib/python3.10/site-packages:${PYTHONPATH} /usr/bin/python3 -W ignore:setup.py install is deprecated -W ignore:easy_install command is deprecated setup.py egg_info --egg-base ../../build/listener build --build-base /root/ros2_ws/build/listener/build install --record /root/ros2_ws/build/listener/install.log --single-version-externally-managed install_data
[3.560s] /root/.local/lib/python3.10/site-packages/setuptools/_distutils/dist.py:270: UserWarning: Unknown distribution option: 'tests_require'
[3.560s]   warnings.warn(msg)
[3.866s] running egg_info
[3.912s] writing ../../build/listener/listener.egg-info/PKG-INFO
[3.914s] writing dependency_links to ../../build/listener/listener.egg-info/dependency_links.txt
[3.915s] writing entry points to ../../build/listener/listener.egg-info/entry_points.txt
[3.916s] writing requirements to ../../build/listener/listener.egg-info/requires.txt
[3.917s] writing top-level names to ../../build/listener/listener.egg-info/top_level.txt
[4.035s] reading manifest file '../../build/listener/listener.egg-info/SOURCES.txt'
[4.039s] writing manifest file '../../build/listener/listener.egg-info/SOURCES.txt'
[4.040s] running build
[4.040s] running build_py
[4.041s] copying listener/__init__.py -> /root/ros2_ws/build/listener/build/lib/listener
[4.041s] copying listener/listener_node.py -> /root/ros2_ws/build/listener/build/lib/listener
[4.043s] running install
[4.059s] running install_lib
[4.118s] running install_data
[4.119s] copying resource/listener -> /root/ros2_ws/install/listener/share/ament_index/resource_index/packages
[4.120s] copying package.xml -> /root/ros2_ws/install/listener/share/listener
[4.120s] running install_egg_info
[4.175s] removing '/root/ros2_ws/install/listener/lib/python3.10/site-packages/listener-0.0.0-py3.10.egg-info' (and everything under it)
[4.176s] Copying ../../build/listener/listener.egg-info to /root/ros2_ws/install/listener/lib/python3.10/site-packages/listener-0.0.0-py3.10.egg-info
[4.180s] running install_scripts
[4.549s] Installing listener script to /root/ros2_ws/install/listener/lib/listener
[4.549s] writing list of installed files to '/root/ros2_ws/build/listener/install.log'
[4.625s] Invoked command in '/root/ros2_ws/src/listener' returned '0': PYTHONPATH=/root/ros2_ws/build/listener/prefix_override:/usr/lib/python3/dist-packages/colcon_core/task/python/colcon_distutils_commands:/root/ros2_ws/install/listener/lib/python3.10/site-packages:${PYTHONPATH} /usr/bin/python3 -W ignore:setup.py install is deprecated -W ignore:easy_install command is deprecated setup.py egg_info --egg-base ../../build/listener build --build-base /root/ros2_ws/build/listener/build install --record /root/ros2_ws/build/listener/install.log --single-version-externally-managed install_data
