[-32391.707s] DEBUG:colcon:Command line arguments: ['/usr/bin/colcon', 'build']
[-32391.707s] DEBUG:colcon:Parsed command line arguments: Namespace(log_base=None, log_level=None, verb_name='build', build_base='build', install_base='install', merge_install=False, symlink_install=False, test_result_base=None, continue_on_error=False, executor='parallel', parallel_workers=12, event_handlers=None, ignore_user_meta=False, metas=['./colcon.meta'], base_paths=['.'], packages_ignore=None, packages_ignore_regex=None, paths=None, packages_up_to=None, packages_up_to_regex=None, packages_above=None, packages_above_and_dependencies=None, packages_above_depth=None, packages_select_by_dep=None, packages_skip_by_dep=None, packages_skip_up_to=None, packages_select_build_failed=False, packages_skip_build_finished=False, packages_select_test_failures=False, packages_skip_test_passed=False, packages_select=None, packages_skip=None, packages_select_regex=None, packages_skip_regex=None, packages_start=None, packages_end=None, allow_overriding=[], cmake_args=None, cmake_target=None, cmake_target_skip_unavailable=False, cmake_clean_cache=False, cmake_clean_first=False, cmake_force_configure=False, ament_cmake_args=None, catkin_cmake_args=None, catkin_skip_building_tests=False, mixin_files=None, mixin=None, verb_parser=<colcon_mixin.mixin.mixin_argument.MixinArgumentDecorator object at 0x7fa6add62ec0>, verb_extension=<colcon_core.verb.build.BuildVerb object at 0x7fa6add285b0>, main=<bound method BuildVerb.main of <colcon_core.verb.build.BuildVerb object at 0x7fa6add285b0>>, mixin_verb=('build',))
[-32391.637s] Level 1:colcon.colcon_core.package_discovery:discover_packages(colcon_meta) check parameters
[-32391.637s] Level 1:colcon.colcon_core.package_discovery:discover_packages(recursive) check parameters
[-32391.637s] Level 1:colcon.colcon_core.package_discovery:discover_packages(ignore) check parameters
[-32391.637s] Level 1:colcon.colcon_core.package_discovery:discover_packages(path) check parameters
[-32391.637s] Level 1:colcon.colcon_core.package_discovery:discover_packages(colcon_meta) discover
[-32391.636s] Level 1:colcon.colcon_core.package_discovery:discover_packages(recursive) discover
[-32391.636s] INFO:colcon.colcon_core.package_discovery:Crawling recursively for packages in '/root/ros2_ws'
[-32391.636s] Level 1:colcon.colcon_core.package_identification:_identify(.) by extensions ['ignore', 'ignore_ament_install']
[-32391.636s] Level 1:colcon.colcon_core.package_identification:_identify(.) by extension 'ignore'
[-32391.636s] Level 1:colcon.colcon_core.package_identification:_identify(.) by extension 'ignore_ament_install'
[-32391.636s] Level 1:colcon.colcon_core.package_identification:_identify(.) by extensions ['colcon_pkg']
[-32391.636s] Level 1:colcon.colcon_core.package_identification:_identify(.) by extension 'colcon_pkg'
[-32391.636s] Level 1:colcon.colcon_core.package_identification:_identify(.) by extensions ['colcon_meta']
[-32391.636s] Level 1:colcon.colcon_core.package_identification:_identify(.) by extension 'colcon_meta'
[-32391.636s] Level 1:colcon.colcon_core.package_identification:_identify(.) by extensions ['ros']
[-32391.636s] Level 1:colcon.colcon_core.package_identification:_identify(.) by extension 'ros'
[-32391.616s] Level 1:colcon.colcon_core.package_identification:_identify(.) by extensions ['cmake', 'python']
[-32391.615s] Level 1:colcon.colcon_core.package_identification:_identify(.) by extension 'cmake'
[-32391.615s] Level 1:colcon.colcon_core.package_identification:_identify(.) by extension 'python'
[-32391.615s] Level 1:colcon.colcon_core.package_identification:_identify(.) by extensions ['python_setup_py']
[-32391.615s] Level 1:colcon.colcon_core.package_identification:_identify(.) by extension 'python_setup_py'
[-32391.615s] Level 1:colcon.colcon_core.package_identification:_identify(build) by extensions ['ignore', 'ignore_ament_install']
[-32391.615s] Level 1:colcon.colcon_core.package_identification:_identify(build) by extension 'ignore'
[-32391.615s] Level 1:colcon.colcon_core.package_identification:_identify(build) ignored
[-32391.615s] Level 1:colcon.colcon_core.package_identification:_identify(install) by extensions ['ignore', 'ignore_ament_install']
[-32391.615s] Level 1:colcon.colcon_core.package_identification:_identify(install) by extension 'ignore'
[-32391.615s] Level 1:colcon.colcon_core.package_identification:_identify(install) ignored
[-32391.615s] Level 1:colcon.colcon_core.package_identification:_identify(log) by extensions ['ignore', 'ignore_ament_install']
[-32391.615s] Level 1:colcon.colcon_core.package_identification:_identify(log) by extension 'ignore'
[-32391.614s] Level 1:colcon.colcon_core.package_identification:_identify(log) ignored
[-32391.614s] Level 1:colcon.colcon_core.package_identification:_identify(src) by extensions ['ignore', 'ignore_ament_install']
[-32391.614s] Level 1:colcon.colcon_core.package_identification:_identify(src) by extension 'ignore'
[-32391.614s] Level 1:colcon.colcon_core.package_identification:_identify(src) by extension 'ignore_ament_install'
[-32391.614s] Level 1:colcon.colcon_core.package_identification:_identify(src) by extensions ['colcon_pkg']
[-32391.614s] Level 1:colcon.colcon_core.package_identification:_identify(src) by extension 'colcon_pkg'
[-32391.614s] Level 1:colcon.colcon_core.package_identification:_identify(src) by extensions ['colcon_meta']
[-32391.614s] Level 1:colcon.colcon_core.package_identification:_identify(src) by extension 'colcon_meta'
[-32391.614s] Level 1:colcon.colcon_core.package_identification:_identify(src) by extensions ['ros']
[-32391.614s] Level 1:colcon.colcon_core.package_identification:_identify(src) by extension 'ros'
[-32391.614s] Level 1:colcon.colcon_core.package_identification:_identify(src) by extensions ['cmake', 'python']
[-32391.614s] Level 1:colcon.colcon_core.package_identification:_identify(src) by extension 'cmake'
[-32391.614s] Level 1:colcon.colcon_core.package_identification:_identify(src) by extension 'python'
[-32391.614s] Level 1:colcon.colcon_core.package_identification:_identify(src) by extensions ['python_setup_py']
[-32391.614s] Level 1:colcon.colcon_core.package_identification:_identify(src) by extension 'python_setup_py'
[-32391.613s] Level 1:colcon.colcon_core.package_identification:_identify(src/listener) by extensions ['ignore', 'ignore_ament_install']
[-32391.613s] Level 1:colcon.colcon_core.package_identification:_identify(src/listener) by extension 'ignore'
[-32391.613s] Level 1:colcon.colcon_core.package_identification:_identify(src/listener) by extension 'ignore_ament_install'
[-32391.613s] Level 1:colcon.colcon_core.package_identification:_identify(src/listener) by extensions ['colcon_pkg']
[-32391.613s] Level 1:colcon.colcon_core.package_identification:_identify(src/listener) by extension 'colcon_pkg'
[-32391.613s] Level 1:colcon.colcon_core.package_identification:_identify(src/listener) by extensions ['colcon_meta']
[-32391.613s] Level 1:colcon.colcon_core.package_identification:_identify(src/listener) by extension 'colcon_meta'
[-32391.613s] Level 1:colcon.colcon_core.package_identification:_identify(src/listener) by extensions ['ros']
[-32391.613s] Level 1:colcon.colcon_core.package_identification:_identify(src/listener) by extension 'ros'
[-32391.609s] DEBUG:colcon.colcon_core.package_identification:Package 'src/listener' with type 'ros.ament_python' and name 'listener'
[-32391.609s] Level 1:colcon.colcon_core.package_identification:_identify(src/my_turtle_controller) by extensions ['ignore', 'ignore_ament_install']
[-32391.609s] Level 1:colcon.colcon_core.package_identification:_identify(src/my_turtle_controller) by extension 'ignore'
[-32391.609s] Level 1:colcon.colcon_core.package_identification:_identify(src/my_turtle_controller) by extension 'ignore_ament_install'
[-32391.609s] Level 1:colcon.colcon_core.package_identification:_identify(src/my_turtle_controller) by extensions ['colcon_pkg']
[-32391.609s] Level 1:colcon.colcon_core.package_identification:_identify(src/my_turtle_controller) by extension 'colcon_pkg'
[-32391.609s] Level 1:colcon.colcon_core.package_identification:_identify(src/my_turtle_controller) by extensions ['colcon_meta']
[-32391.609s] Level 1:colcon.colcon_core.package_identification:_identify(src/my_turtle_controller) by extension 'colcon_meta'
[-32391.609s] Level 1:colcon.colcon_core.package_identification:_identify(src/my_turtle_controller) by extensions ['ros']
[-32391.609s] Level 1:colcon.colcon_core.package_identification:_identify(src/my_turtle_controller) by extension 'ros'
[-32391.608s] DEBUG:colcon.colcon_core.package_identification:Package 'src/my_turtle_controller' with type 'ros.ament_python' and name 'my_turtle_controller'
[-32391.607s] Level 1:colcon.colcon_core.package_identification:_identify(src/talker) by extensions ['ignore', 'ignore_ament_install']
[-32391.607s] Level 1:colcon.colcon_core.package_identification:_identify(src/talker) by extension 'ignore'
[-32391.607s] Level 1:colcon.colcon_core.package_identification:_identify(src/talker) by extension 'ignore_ament_install'
[-32391.607s] Level 1:colcon.colcon_core.package_identification:_identify(src/talker) by extensions ['colcon_pkg']
[-32391.607s] Level 1:colcon.colcon_core.package_identification:_identify(src/talker) by extension 'colcon_pkg'
[-32391.607s] Level 1:colcon.colcon_core.package_identification:_identify(src/talker) by extensions ['colcon_meta']
[-32391.607s] Level 1:colcon.colcon_core.package_identification:_identify(src/talker) by extension 'colcon_meta'
[-32391.607s] Level 1:colcon.colcon_core.package_identification:_identify(src/talker) by extensions ['ros']
[-32391.607s] Level 1:colcon.colcon_core.package_identification:_identify(src/talker) by extension 'ros'
[-32391.606s] DEBUG:colcon.colcon_core.package_identification:Package 'src/talker' with type 'ros.ament_python' and name 'talker'
[-32391.606s] Level 1:colcon.colcon_core.package_discovery:discover_packages(recursive) using defaults
[-32391.606s] Level 1:colcon.colcon_core.package_discovery:discover_packages(ignore) discover
[-32391.606s] Level 1:colcon.colcon_core.package_discovery:discover_packages(ignore) using defaults
[-32391.606s] Level 1:colcon.colcon_core.package_discovery:discover_packages(path) discover
[-32391.606s] Level 1:colcon.colcon_core.package_discovery:discover_packages(path) using defaults
[-32391.571s] Level 1:colcon.colcon_core.package_discovery:discover_packages(prefix_path) check parameters
[-32391.571s] Level 1:colcon.colcon_core.package_discovery:discover_packages(prefix_path) discover
[-32391.567s] DEBUG:colcon.colcon_installed_package_information.package_discovery:Found 3 installed packages in /root/ros2_ws/install
[-32391.566s] DEBUG:colcon.colcon_installed_package_information.package_discovery:Found 281 installed packages in /opt/ros/iron
[-32391.565s] Level 1:colcon.colcon_core.package_discovery:discover_packages(prefix_path) using defaults
[-32391.511s] Level 5:colcon.colcon_core.verb:set package 'listener' build argument 'cmake_args' from command line to 'None'
[-32391.511s] Level 5:colcon.colcon_core.verb:set package 'listener' build argument 'cmake_target' from command line to 'None'
[-32391.511s] Level 5:colcon.colcon_core.verb:set package 'listener' build argument 'cmake_target_skip_unavailable' from command line to 'False'
[-32391.511s] Level 5:colcon.colcon_core.verb:set package 'listener' build argument 'cmake_clean_cache' from command line to 'False'
[-32391.511s] Level 5:colcon.colcon_core.verb:set package 'listener' build argument 'cmake_clean_first' from command line to 'False'
[-32391.510s] Level 5:colcon.colcon_core.verb:set package 'listener' build argument 'cmake_force_configure' from command line to 'False'
[-32391.510s] Level 5:colcon.colcon_core.verb:set package 'listener' build argument 'ament_cmake_args' from command line to 'None'
[-32391.510s] Level 5:colcon.colcon_core.verb:set package 'listener' build argument 'catkin_cmake_args' from command line to 'None'
[-32391.510s] Level 5:colcon.colcon_core.verb:set package 'listener' build argument 'catkin_skip_building_tests' from command line to 'False'
[-32391.510s] DEBUG:colcon.colcon_core.verb:Building package 'listener' with the following arguments: {'ament_cmake_args': None, 'build_base': '/root/ros2_ws/build/listener', 'catkin_cmake_args': None, 'catkin_skip_building_tests': False, 'cmake_args': None, 'cmake_clean_cache': False, 'cmake_clean_first': False, 'cmake_force_configure': False, 'cmake_target': None, 'cmake_target_skip_unavailable': False, 'install_base': '/root/ros2_ws/install/listener', 'merge_install': False, 'path': '/root/ros2_ws/src/listener', 'symlink_install': False, 'test_result_base': None}
[-32391.510s] Level 5:colcon.colcon_core.verb:set package 'my_turtle_controller' build argument 'cmake_args' from command line to 'None'
[-32391.510s] Level 5:colcon.colcon_core.verb:set package 'my_turtle_controller' build argument 'cmake_target' from command line to 'None'
[-32391.510s] Level 5:colcon.colcon_core.verb:set package 'my_turtle_controller' build argument 'cmake_target_skip_unavailable' from command line to 'False'
[-32391.510s] Level 5:colcon.colcon_core.verb:set package 'my_turtle_controller' build argument 'cmake_clean_cache' from command line to 'False'
[-32391.510s] Level 5:colcon.colcon_core.verb:set package 'my_turtle_controller' build argument 'cmake_clean_first' from command line to 'False'
[-32391.510s] Level 5:colcon.colcon_core.verb:set package 'my_turtle_controller' build argument 'cmake_force_configure' from command line to 'False'
[-32391.510s] Level 5:colcon.colcon_core.verb:set package 'my_turtle_controller' build argument 'ament_cmake_args' from command line to 'None'
[-32391.510s] Level 5:colcon.colcon_core.verb:set package 'my_turtle_controller' build argument 'catkin_cmake_args' from command line to 'None'
[-32391.510s] Level 5:colcon.colcon_core.verb:set package 'my_turtle_controller' build argument 'catkin_skip_building_tests' from command line to 'False'
[-32391.510s] DEBUG:colcon.colcon_core.verb:Building package 'my_turtle_controller' with the following arguments: {'ament_cmake_args': None, 'build_base': '/root/ros2_ws/build/my_turtle_controller', 'catkin_cmake_args': None, 'catkin_skip_building_tests': False, 'cmake_args': None, 'cmake_clean_cache': False, 'cmake_clean_first': False, 'cmake_force_configure': False, 'cmake_target': None, 'cmake_target_skip_unavailable': False, 'install_base': '/root/ros2_ws/install/my_turtle_controller', 'merge_install': False, 'path': '/root/ros2_ws/src/my_turtle_controller', 'symlink_install': False, 'test_result_base': None}
[-32391.510s] Level 5:colcon.colcon_core.verb:set package 'talker' build argument 'cmake_args' from command line to 'None'
[-32391.510s] Level 5:colcon.colcon_core.verb:set package 'talker' build argument 'cmake_target' from command line to 'None'
[-32391.509s] Level 5:colcon.colcon_core.verb:set package 'talker' build argument 'cmake_target_skip_unavailable' from command line to 'False'
[-32391.509s] Level 5:colcon.colcon_core.verb:set package 'talker' build argument 'cmake_clean_cache' from command line to 'False'
[-32391.509s] Level 5:colcon.colcon_core.verb:set package 'talker' build argument 'cmake_clean_first' from command line to 'False'
[-32391.509s] Level 5:colcon.colcon_core.verb:set package 'talker' build argument 'cmake_force_configure' from command line to 'False'
[-32391.509s] Level 5:colcon.colcon_core.verb:set package 'talker' build argument 'ament_cmake_args' from command line to 'None'
[-32391.509s] Level 5:colcon.colcon_core.verb:set package 'talker' build argument 'catkin_cmake_args' from command line to 'None'
[-32391.509s] Level 5:colcon.colcon_core.verb:set package 'talker' build argument 'catkin_skip_building_tests' from command line to 'False'
[-32391.509s] DEBUG:colcon.colcon_core.verb:Building package 'talker' with the following arguments: {'ament_cmake_args': None, 'build_base': '/root/ros2_ws/build/talker', 'catkin_cmake_args': None, 'catkin_skip_building_tests': False, 'cmake_args': None, 'cmake_clean_cache': False, 'cmake_clean_first': False, 'cmake_force_configure': False, 'cmake_target': None, 'cmake_target_skip_unavailable': False, 'install_base': '/root/ros2_ws/install/talker', 'merge_install': False, 'path': '/root/ros2_ws/src/talker', 'symlink_install': False, 'test_result_base': None}
[-32391.509s] INFO:colcon.colcon_core.executor:Executing jobs using 'parallel' executor
[-32391.507s] DEBUG:colcon.colcon_parallel_executor.executor.parallel:run_until_complete
[-32391.506s] INFO:colcon.colcon_ros.task.ament_python.build:Building ROS package in '/root/ros2_ws/src/listener' with build type 'ament_python'
[-32391.506s] Level 1:colcon.colcon_core.shell:create_environment_hook('listener', 'ament_prefix_path')
[-32391.500s] INFO:colcon.colcon_core.plugin_system:Skipping extension 'colcon_core.shell.bat': Not used on non-Windows systems
[-32391.500s] INFO:colcon.colcon_core.shell:Creating environment hook '/root/ros2_ws/install/listener/share/listener/hook/ament_prefix_path.ps1'
[-32391.498s] INFO:colcon.colcon_core.shell:Creating environment descriptor '/root/ros2_ws/install/listener/share/listener/hook/ament_prefix_path.dsv'
[-32391.498s] INFO:colcon.colcon_core.shell:Creating environment hook '/root/ros2_ws/install/listener/share/listener/hook/ament_prefix_path.sh'
[-32391.497s] INFO:colcon.colcon_core.shell:Skip shell extension 'powershell' for command environment: Not usable outside of PowerShell
[-32391.497s] DEBUG:colcon.colcon_core.shell:Skip shell extension 'dsv' for command environment
[-32391.492s] INFO:colcon.colcon_ros.task.ament_python.build:Building ROS package in '/root/ros2_ws/src/my_turtle_controller' with build type 'ament_python'
[-32391.492s] Level 1:colcon.colcon_core.shell:create_environment_hook('my_turtle_controller', 'ament_prefix_path')
[-32391.492s] INFO:colcon.colcon_core.shell:Creating environment hook '/root/ros2_ws/install/my_turtle_controller/share/my_turtle_controller/hook/ament_prefix_path.ps1'
[-32391.491s] INFO:colcon.colcon_core.shell:Creating environment descriptor '/root/ros2_ws/install/my_turtle_controller/share/my_turtle_controller/hook/ament_prefix_path.dsv'
[-32391.490s] INFO:colcon.colcon_core.shell:Creating environment hook '/root/ros2_ws/install/my_turtle_controller/share/my_turtle_controller/hook/ament_prefix_path.sh'
[-32391.490s] INFO:colcon.colcon_core.shell:Skip shell extension 'powershell' for command environment: Not usable outside of PowerShell
[-32391.490s] DEBUG:colcon.colcon_core.shell:Skip shell extension 'dsv' for command environment
[-32391.487s] INFO:colcon.colcon_ros.task.ament_python.build:Building ROS package in '/root/ros2_ws/src/talker' with build type 'ament_python'
[-32391.487s] Level 1:colcon.colcon_core.shell:create_environment_hook('talker', 'ament_prefix_path')
[-32391.487s] INFO:colcon.colcon_core.shell:Creating environment hook '/root/ros2_ws/install/talker/share/talker/hook/ament_prefix_path.ps1'
[-32391.486s] INFO:colcon.colcon_core.shell:Creating environment descriptor '/root/ros2_ws/install/talker/share/talker/hook/ament_prefix_path.dsv'
[-32391.485s] INFO:colcon.colcon_core.shell:Creating environment hook '/root/ros2_ws/install/talker/share/talker/hook/ament_prefix_path.sh'
[-32391.485s] INFO:colcon.colcon_core.shell:Skip shell extension 'powershell' for command environment: Not usable outside of PowerShell
[-32391.485s] DEBUG:colcon.colcon_core.shell:Skip shell extension 'dsv' for command environment
[-32391.296s] INFO:colcon.colcon_core.task.python.build:Building Python package in '/root/ros2_ws/src/listener'
[-32391.296s] INFO:colcon.colcon_core.shell:Skip shell extension 'powershell' for command environment: Not usable outside of PowerShell
[-32391.295s] DEBUG:colcon.colcon_core.shell:Skip shell extension 'dsv' for command environment
[-32391.117s] INFO:colcon.colcon_core.task.python.build:Building Python package in '/root/ros2_ws/src/my_turtle_controller'
[-32391.116s] INFO:colcon.colcon_core.shell:Skip shell extension 'powershell' for command environment: Not usable outside of PowerShell
[-32391.116s] DEBUG:colcon.colcon_core.shell:Skip shell extension 'dsv' for command environment
[-32390.935s] INFO:colcon.colcon_core.task.python.build:Building Python package in '/root/ros2_ws/src/talker'
[-32390.935s] INFO:colcon.colcon_core.shell:Skip shell extension 'powershell' for command environment: Not usable outside of PowerShell
[-32390.935s] DEBUG:colcon.colcon_core.shell:Skip shell extension 'dsv' for command environment
[-32390.270s] DEBUG:colcon.colcon_core.event_handler.log_command:Invoking command in '/root/ros2_ws/src/talker': PYTHONPATH=/root/ros2_ws/build/talker/prefix_override:/usr/lib/python3/dist-packages/colcon_core/task/python/colcon_distutils_commands:/root/ros2_ws/install/talker/lib/python3.10/site-packages:${PYTHONPATH} /usr/bin/python3 -W ignore:setup.py install is deprecated -W ignore:easy_install command is deprecated setup.py egg_info --egg-base ../../build/talker build --build-base /root/ros2_ws/build/talker/build install --record /root/ros2_ws/build/talker/install.log --single-version-externally-managed install_data
[-32390.261s] DEBUG:colcon.colcon_core.event_handler.log_command:Invoking command in '/root/ros2_ws/src/my_turtle_controller': PYTHONPATH=/root/ros2_ws/build/my_turtle_controller/prefix_override:/usr/lib/python3/dist-packages/colcon_core/task/python/colcon_distutils_commands:/root/ros2_ws/install/my_turtle_controller/lib/python3.10/site-packages:${PYTHONPATH} /usr/bin/python3 -W ignore:setup.py install is deprecated -W ignore:easy_install command is deprecated setup.py egg_info --egg-base ../../build/my_turtle_controller build --build-base /root/ros2_ws/build/my_turtle_controller/build install --record /root/ros2_ws/build/my_turtle_controller/install.log --single-version-externally-managed install_data
[-32390.260s] DEBUG:colcon.colcon_core.event_handler.log_command:Invoking command in '/root/ros2_ws/src/listener': PYTHONPATH=/root/ros2_ws/build/listener/prefix_override:/usr/lib/python3/dist-packages/colcon_core/task/python/colcon_distutils_commands:/root/ros2_ws/install/listener/lib/python3.10/site-packages:${PYTHONPATH} /usr/bin/python3 -W ignore:setup.py install is deprecated -W ignore:easy_install command is deprecated setup.py egg_info --egg-base ../../build/listener build --build-base /root/ros2_ws/build/listener/build install --record /root/ros2_ws/build/listener/install.log --single-version-externally-managed install_data
[-32389.754s] DEBUG:colcon.colcon_core.event_handler.log_command:Invoked command in '/root/ros2_ws/src/talker' returned '0': PYTHONPATH=/root/ros2_ws/build/talker/prefix_override:/usr/lib/python3/dist-packages/colcon_core/task/python/colcon_distutils_commands:/root/ros2_ws/install/talker/lib/python3.10/site-packages:${PYTHONPATH} /usr/bin/python3 -W ignore:setup.py install is deprecated -W ignore:easy_install command is deprecated setup.py egg_info --egg-base ../../build/talker build --build-base /root/ros2_ws/build/talker/build install --record /root/ros2_ws/build/talker/install.log --single-version-externally-managed install_data
[-32389.747s] Level 1:colcon.colcon_core.environment:checking '/root/ros2_ws/install/talker' for CMake module files
[-32389.746s] Level 1:colcon.colcon_core.environment:checking '/root/ros2_ws/install/talker' for CMake config files
[-32389.745s] Level 1:colcon.colcon_core.environment:checking '/root/ros2_ws/install/talker/lib'
[-32389.745s] Level 1:colcon.colcon_core.environment:checking '/root/ros2_ws/install/talker/bin'
[-32389.744s] Level 1:colcon.colcon_core.environment:checking '/root/ros2_ws/install/talker/lib/pkgconfig/talker.pc'
[-32389.744s] Level 1:colcon.colcon_core.environment:checking '/root/ros2_ws/install/talker/lib/python3.10/site-packages'
[-32389.744s] Level 1:colcon.colcon_core.shell:create_environment_hook('talker', 'pythonpath')
[-32389.744s] INFO:colcon.colcon_core.shell:Creating environment hook '/root/ros2_ws/install/talker/share/talker/hook/pythonpath.ps1'
[-32389.743s] INFO:colcon.colcon_core.shell:Creating environment descriptor '/root/ros2_ws/install/talker/share/talker/hook/pythonpath.dsv'
[-32389.743s] INFO:colcon.colcon_core.shell:Creating environment hook '/root/ros2_ws/install/talker/share/talker/hook/pythonpath.sh'
[-32389.742s] Level 1:colcon.colcon_core.environment:checking '/root/ros2_ws/install/talker/bin'
[-32389.742s] Level 1:colcon.colcon_core.environment:create_environment_scripts_only(talker)
[-32389.742s] INFO:colcon.colcon_core.shell:Creating package script '/root/ros2_ws/install/talker/share/talker/package.ps1'
[-32389.740s] INFO:colcon.colcon_core.shell:Creating package descriptor '/root/ros2_ws/install/talker/share/talker/package.dsv'
[-32389.740s] INFO:colcon.colcon_core.shell:Creating package script '/root/ros2_ws/install/talker/share/talker/package.sh'
[-32389.738s] INFO:colcon.colcon_core.shell:Creating package script '/root/ros2_ws/install/talker/share/talker/package.bash'
[-32389.737s] INFO:colcon.colcon_core.shell:Creating package script '/root/ros2_ws/install/talker/share/talker/package.zsh'
[-32389.736s] Level 1:colcon.colcon_core.environment:create_file_with_runtime_dependencies(/root/ros2_ws/install/talker/share/colcon-core/packages/talker)
[-32389.734s] Level 1:colcon.colcon_core.environment:checking '/root/ros2_ws/install/my_turtle_controller' for CMake module files
[-32389.733s] DEBUG:colcon.colcon_core.event_handler.log_command:Invoked command in '/root/ros2_ws/src/my_turtle_controller' returned '0': PYTHONPATH=/root/ros2_ws/build/my_turtle_controller/prefix_override:/usr/lib/python3/dist-packages/colcon_core/task/python/colcon_distutils_commands:/root/ros2_ws/install/my_turtle_controller/lib/python3.10/site-packages:${PYTHONPATH} /usr/bin/python3 -W ignore:setup.py install is deprecated -W ignore:easy_install command is deprecated setup.py egg_info --egg-base ../../build/my_turtle_controller build --build-base /root/ros2_ws/build/my_turtle_controller/build install --record /root/ros2_ws/build/my_turtle_controller/install.log --single-version-externally-managed install_data
[-32389.732s] Level 1:colcon.colcon_core.environment:checking '/root/ros2_ws/install/my_turtle_controller' for CMake config files
[-32389.732s] Level 1:colcon.colcon_core.environment:checking '/root/ros2_ws/install/my_turtle_controller/lib'
[-32389.732s] Level 1:colcon.colcon_core.environment:checking '/root/ros2_ws/install/my_turtle_controller/bin'
[-32389.732s] Level 1:colcon.colcon_core.environment:checking '/root/ros2_ws/install/my_turtle_controller/lib/pkgconfig/my_turtle_controller.pc'
[-32389.731s] Level 1:colcon.colcon_core.environment:checking '/root/ros2_ws/install/my_turtle_controller/lib/python3.10/site-packages'
[-32389.731s] Level 1:colcon.colcon_core.shell:create_environment_hook('my_turtle_controller', 'pythonpath')
[-32389.731s] INFO:colcon.colcon_core.shell:Creating environment hook '/root/ros2_ws/install/my_turtle_controller/share/my_turtle_controller/hook/pythonpath.ps1'
[-32389.731s] INFO:colcon.colcon_core.shell:Creating environment descriptor '/root/ros2_ws/install/my_turtle_controller/share/my_turtle_controller/hook/pythonpath.dsv'
[-32389.730s] INFO:colcon.colcon_core.shell:Creating environment hook '/root/ros2_ws/install/my_turtle_controller/share/my_turtle_controller/hook/pythonpath.sh'
[-32389.730s] Level 1:colcon.colcon_core.environment:checking '/root/ros2_ws/install/my_turtle_controller/bin'
[-32389.730s] Level 1:colcon.colcon_core.environment:create_environment_scripts_only(my_turtle_controller)
[-32389.730s] INFO:colcon.colcon_core.shell:Creating package script '/root/ros2_ws/install/my_turtle_controller/share/my_turtle_controller/package.ps1'
[-32389.729s] INFO:colcon.colcon_core.shell:Creating package descriptor '/root/ros2_ws/install/my_turtle_controller/share/my_turtle_controller/package.dsv'
[-32389.729s] INFO:colcon.colcon_core.shell:Creating package script '/root/ros2_ws/install/my_turtle_controller/share/my_turtle_controller/package.sh'
[-32389.728s] INFO:colcon.colcon_core.shell:Creating package script '/root/ros2_ws/install/my_turtle_controller/share/my_turtle_controller/package.bash'
[-32389.728s] INFO:colcon.colcon_core.shell:Creating package script '/root/ros2_ws/install/my_turtle_controller/share/my_turtle_controller/package.zsh'
[-32389.728s] Level 1:colcon.colcon_core.environment:create_file_with_runtime_dependencies(/root/ros2_ws/install/my_turtle_controller/share/colcon-core/packages/my_turtle_controller)
[-32389.726s] Level 1:colcon.colcon_core.environment:checking '/root/ros2_ws/install/listener' for CMake module files
[-32389.725s] DEBUG:colcon.colcon_core.event_handler.log_command:Invoked command in '/root/ros2_ws/src/listener' returned '0': PYTHONPATH=/root/ros2_ws/build/listener/prefix_override:/usr/lib/python3/dist-packages/colcon_core/task/python/colcon_distutils_commands:/root/ros2_ws/install/listener/lib/python3.10/site-packages:${PYTHONPATH} /usr/bin/python3 -W ignore:setup.py install is deprecated -W ignore:easy_install command is deprecated setup.py egg_info --egg-base ../../build/listener build --build-base /root/ros2_ws/build/listener/build install --record /root/ros2_ws/build/listener/install.log --single-version-externally-managed install_data
[-32389.725s] Level 1:colcon.colcon_core.environment:checking '/root/ros2_ws/install/listener' for CMake config files
[-32389.724s] Level 1:colcon.colcon_core.environment:checking '/root/ros2_ws/install/listener/lib'
[-32389.724s] Level 1:colcon.colcon_core.environment:checking '/root/ros2_ws/install/listener/bin'
[-32389.724s] Level 1:colcon.colcon_core.environment:checking '/root/ros2_ws/install/listener/lib/pkgconfig/listener.pc'
[-32389.724s] Level 1:colcon.colcon_core.environment:checking '/root/ros2_ws/install/listener/lib/python3.10/site-packages'
[-32389.724s] Level 1:colcon.colcon_core.shell:create_environment_hook('listener', 'pythonpath')
[-32389.723s] INFO:colcon.colcon_core.shell:Creating environment hook '/root/ros2_ws/install/listener/share/listener/hook/pythonpath.ps1'
[-32389.723s] INFO:colcon.colcon_core.shell:Creating environment descriptor '/root/ros2_ws/install/listener/share/listener/hook/pythonpath.dsv'
[-32389.723s] INFO:colcon.colcon_core.shell:Creating environment hook '/root/ros2_ws/install/listener/share/listener/hook/pythonpath.sh'
[-32389.722s] Level 1:colcon.colcon_core.environment:checking '/root/ros2_ws/install/listener/bin'
[-32389.722s] Level 1:colcon.colcon_core.environment:create_environment_scripts_only(listener)
[-32389.722s] INFO:colcon.colcon_core.shell:Creating package script '/root/ros2_ws/install/listener/share/listener/package.ps1'
[-32389.721s] INFO:colcon.colcon_core.shell:Creating package descriptor '/root/ros2_ws/install/listener/share/listener/package.dsv'
[-32389.721s] INFO:colcon.colcon_core.shell:Creating package script '/root/ros2_ws/install/listener/share/listener/package.sh'
[-32389.721s] INFO:colcon.colcon_core.shell:Creating package script '/root/ros2_ws/install/listener/share/listener/package.bash'
[-32389.720s] INFO:colcon.colcon_core.shell:Creating package script '/root/ros2_ws/install/listener/share/listener/package.zsh'
[-32389.720s] Level 1:colcon.colcon_core.environment:create_file_with_runtime_dependencies(/root/ros2_ws/install/listener/share/colcon-core/packages/listener)
[-32389.720s] DEBUG:colcon.colcon_parallel_executor.executor.parallel:closing loop
[-32389.719s] DEBUG:colcon.colcon_parallel_executor.executor.parallel:loop closed
[-32389.719s] DEBUG:colcon.colcon_parallel_executor.executor.parallel:run_until_complete finished with '0'
[-32389.719s] DEBUG:colcon.colcon_core.event_reactor:joining thread
[-32389.660s] INFO:colcon.colcon_core.plugin_system:Skipping extension 'colcon_notification.desktop_notification.notify_send': Could not find 'notify-send'
[-32389.659s] INFO:colcon.colcon_core.plugin_system:Skipping extension 'colcon_notification.desktop_notification.terminal_notifier': Not used on non-Darwin systems
[-32389.659s] INFO:colcon.colcon_core.plugin_system:Skipping extension 'colcon_notification.desktop_notification.win32': Not used on non-Windows systems
[-32389.659s] INFO:colcon.colcon_notification.desktop_notification:Sending desktop notification using 'notify2'
[-32389.659s] DEBUG:colcon.colcon_notification.desktop_notification.notify2:Failed to initialize notify2: org.freedesktop.DBus.Error.FileNotFound: Failed to connect to socket /run/user/0/bus: No such file or directory
[-32389.659s] DEBUG:colcon.colcon_core.event_reactor:joined thread
[-32389.658s] INFO:colcon.colcon_core.shell:Creating prefix script '/root/ros2_ws/install/local_setup.ps1'
[-32389.657s] INFO:colcon.colcon_core.shell:Creating prefix util module '/root/ros2_ws/install/_local_setup_util_ps1.py'
[-32389.655s] INFO:colcon.colcon_core.shell:Creating prefix chain script '/root/ros2_ws/install/setup.ps1'
[-32389.654s] INFO:colcon.colcon_core.shell:Creating prefix script '/root/ros2_ws/install/local_setup.sh'
[-32389.653s] INFO:colcon.colcon_core.shell:Creating prefix util module '/root/ros2_ws/install/_local_setup_util_sh.py'
[-32389.653s] INFO:colcon.colcon_core.shell:Creating prefix chain script '/root/ros2_ws/install/setup.sh'
[-32389.651s] INFO:colcon.colcon_core.shell:Creating prefix script '/root/ros2_ws/install/local_setup.bash'
[-32389.651s] INFO:colcon.colcon_core.shell:Creating prefix chain script '/root/ros2_ws/install/setup.bash'
[-32389.650s] INFO:colcon.colcon_core.shell:Creating prefix script '/root/ros2_ws/install/local_setup.zsh'
[-32389.649s] INFO:colcon.colcon_core.shell:Creating prefix chain script '/root/ros2_ws/install/setup.zsh'
